<?xml version="1.0" encoding="UTF-8"?>
<!-- Generated by org.testng.reporters.JUnitXMLReporter -->
<testsuite ignored="2" hostname="TORANA-L106" failures="0" tests="1" name="Default test" time="0.587" errors="0" timestamp="2025-11-05T16:34:55 IST">
  <testcase classname="tests.TestGeneratorTest" name="selectTestGenrator" time="0.566"/>
  <testcase classname="tests.TestGeneratorTest" name="selectChecksum" time="0.0">
    <ignored/>
  </testcase> <!-- selectChecksum -->
  <testcase classname="tests.TestGeneratorTest" name="clickSearchField" time="0.0">
    <ignored/>
  </testcase> <!-- clickSearchField -->
</testsuite> <!-- Default test -->
