<?xml version="1.0" encoding="UTF-8"?>
<!-- Generated by org.testng.reporters.JUnitXMLReporter -->
<testsuite ignored="0" hostname="TORANA-L106" failures="1" tests="1" name="Login API Tests" time="4.028" errors="0" timestamp="2026-03-13T12:23:03 IST">
  <testcase classname="com.api.tests.LoginTestAPI" name="loginTest" time="3.919">
    <failure type="java.lang.IllegalArgumentException" message="baseURI cannot be null">
      <![CDATA[java.lang.IllegalArgumentException: baseURI cannot be null
at org.codehaus.groovy.runtime.callsite.ConstructorSite$ConstructorSiteNoUnwrap.callConstructor(ConstructorSite.java:86)
at org.codehaus.groovy.runtime.callsite.CallSiteArray.defaultCallConstructor(CallSiteArray.java:57)
at org.codehaus.groovy.runtime.callsite.AbstractCallSite.callConstructor(AbstractCallSite.java:263)
at org.codehaus.groovy.runtime.callsite.AbstractCallSite.callConstructor(AbstractCallSite.java:277)
at io.restassured.internal.common.assertion.AssertParameter.notNull(AssertParameter.groovy:26)
at io.restassured.internal.common.assertion.AssertParameter$notNull.callStatic(Unknown Source)
at org.codehaus.groovy.runtime.callsite.CallSiteArray.defaultCallStatic(CallSiteArray.java:53)
at org.codehaus.groovy.runtime.callsite.AbstractCallSite.callStatic(AbstractCallSite.java:217)
at org.codehaus.groovy.runtime.callsite.AbstractCallSite.callStatic(AbstractCallSite.java:240)
at io.restassured.internal.RequestSpecificationImpl.<init>(RequestSpecificationImpl.groovy:134)
at io.restassured.RestAssured.createTestSpecification(RestAssured.java:1453)
at io.restassured.RestAssured.given(RestAssured.java:654)
at com.api.utils.TokenManager.getToken(TokenManager.java:18)
at com.api.pages.LoginAPI.getAccessToken(LoginAPI.java:9)
at com.api.tests.LoginTestAPI.loginTest(LoginTestAPI.java:16)
at java.base/java.util.ArrayList.forEach(ArrayList.java:1596)
at java.base/java.util.concurrent.FutureTask.run(FutureTask.java:317)
at java.base/java.util.concurrent.ThreadPoolExecutor.runWorker(ThreadPoolExecutor.java:1144)
at java.base/java.util.concurrent.ThreadPoolExecutor$Worker.run(ThreadPoolExecutor.java:642)
at java.base/java.lang.Thread.run(Thread.java:1583)
... Removed 21 stack frames]]>
    </failure>
  </testcase> <!-- loginTest -->
</testsuite> <!-- Login API Tests -->
