<?xml version="1.0" encoding="UTF-8"?>
<!-- Generated by org.testng.reporters.JUnitXMLReporter -->
<testsuite ignored="1" hostname="TORANA-L106" failures="0" tests="8" name="Template Page Tests" time="204.545" errors="0" timestamp="2026-01-16T18:30:31 IST">
  <testcase classname="com.qa.tests.TemplatePageTest" name="updateTemplateUsingExistingTemplate" time="25.241"/>
  <testcase classname="com.qa.tests.TemplatePageTest" name="updateTemplateUsingExistingTemplate" time="24.469"/>
  <testcase classname="com.qa.tests.TemplatePageTest" name="updateTemplateUsingExistingTemplate" time="26.872"/>
  <testcase classname="com.qa.tests.TemplatePageTest" name="updateTemplateUsingExistingTemplate" time="27.87"/>
  <testcase classname="com.qa.tests.TemplatePageTest" name="updateTemplateUsingExistingTemplate" time="24.211"/>
  <testcase classname="com.qa.tests.TemplatePageTest" name="updateTemplateUsingExistingTemplate" time="24.916"/>
  <testcase classname="com.qa.tests.TemplatePageTest" name="updateTemplateUsingExistingTemplate" time="25.77"/>
  <testcase classname="com.qa.tests.TemplatePageTest" name="updateTemplateUsingExistingTemplate" time="24.64"/>
  <testcase classname="com.qa.tests.TemplatePageTest" name="createTemplateUsingDynamicTemplate" time="0.0">
    <ignored/>
  </testcase> <!-- createTemplateUsingDynamicTemplate -->
</testsuite> <!-- Template Page Tests -->
