<?xml version="1.0" encoding="UTF-8"?>
<!-- Generated by org.testng.reporters.JUnitXMLReporter -->
<testsuite ignored="3" hostname="TORANA-L106" failures="0" tests="5" name="Template Page Tests" time="45.167" errors="0" timestamp="2026-01-21T17:08:54 IST">
  <testcase classname="com.qa.tests.TemplatePageTest" name="deleteTemplateUsingExistingTemplateFromDetails" time="8.951"/>
  <testcase classname="com.qa.tests.TemplatePageTest" name="deleteTemplateUsingExistingTemplateFromDetails" time="9.039"/>
  <testcase classname="com.qa.tests.TemplatePageTest" name="deleteTemplateUsingExistingTemplateFromDetails" time="8.455"/>
  <testcase classname="com.qa.tests.TemplatePageTest" name="deleteTemplateUsingExistingTemplateFromDetails" time="9.36"/>
  <testcase classname="com.qa.tests.TemplatePageTest" name="deleteTemplateUsingExistingTemplateFromDetails" time="8.802"/>
  <testcase classname="com.qa.tests.TemplatePageTest" name="updateTemplateUsingExistingTemplate" time="0.0">
    <ignored/>
  </testcase> <!-- updateTemplateUsingExistingTemplate -->
  <testcase classname="com.qa.tests.TemplatePageTest" name="deleteTemplateUsingExistingTemplateFromList" time="0.0">
    <ignored/>
  </testcase> <!-- deleteTemplateUsingExistingTemplateFromList -->
  <testcase classname="com.qa.tests.TemplatePageTest" name="createTemplateUsingDynamicTemplate" time="0.0">
    <ignored/>
  </testcase> <!-- createTemplateUsingDynamicTemplate -->
</testsuite> <!-- Template Page Tests -->
