<?xml version="1.0" encoding="UTF-8"?>
<!-- Generated by org.testng.reporters.JUnitXMLReporter -->
<testsuite ignored="4" hostname="DESKTOP-V3HH0H2" failures="0" tests="4" name="Test" time="0.068" errors="0" timestamp="2025-11-19T09:48:32 IST">
  <testcase classname="com.qa.base.Base" name="@BeforeSuite startSuite" time="0.228">
    <failure type="java.lang.NullPointerException" message="Cannot invoke &amp;quot;java.util.Properties.putAll(java.util.Map)&amp;quot; because &amp;quot;com.qa.utils.PageUtil.prop&amp;quot; is null">
      <![CDATA[java.lang.NullPointerException: Cannot invoke "java.util.Properties.putAll(java.util.Map)" because "com.qa.utils.PageUtil.prop" is null
at com.qa.utils.PageUtil.locatotFind(PageUtil.java:54)
at com.qa.base.Base.startSuite(Base.java:26)
... Removed 19 stack frames]]>
    </failure>
  </testcase> <!-- @BeforeSuite startSuite -->
  <testcase classname="com.qa.tests.LoginTest" name="validateLoginPage" time="0.0">
    <skipped/>
  </testcase> <!-- validateLoginPage -->
  <testcase classname="com.qa.tests.LoginTest" name="testValidLogin" time="0.0">
    <skipped/>
  </testcase> <!-- testValidLogin -->
  <testcase classname="com.qa.tests.HomePageTest" name="homePageValidation" time="0.0">
    <skipped/>
  </testcase> <!-- homePageValidation -->
  <testcase classname="com.qa.tests.TestGeneratorTest" name="selectTestGenrator" time="0.001">
    <skipped/>
  </testcase> <!-- selectTestGenrator -->
  <testcase classname="com.qa.base.Base" name="@BeforeSuite startSuite" time="0.0">
    <ignored/>
  </testcase> <!-- @BeforeSuite startSuite -->
  <testcase classname="com.qa.base.Base" name="@AfterSuite endSuite" time="0.0">
    <ignored/>
  </testcase> <!-- @AfterSuite endSuite -->
  <testcase classname="com.qa.base.Base" name="@BeforeSuite startSuite" time="0.0">
    <ignored/>
  </testcase> <!-- @BeforeSuite startSuite -->
  <testcase classname="com.qa.base.Base" name="@AfterSuite endSuite" time="0.0">
    <ignored/>
  </testcase> <!-- @AfterSuite endSuite -->
</testsuite> <!-- Test -->
