<?xml version="1.0" encoding="UTF-8"?>
<!-- Generated by org.testng.reporters.JUnitXMLReporter -->
<testsuite ignored="2" hostname="TORANA-L106" failures="0" tests="4" name="Test" time="27.373" errors="0" timestamp="2025-11-13T17:08:03 IST">
  <testcase classname="tests.LoginTest" name="validateLoginPage" time="1.584"/>
  <testcase classname="tests.LoginTest" name="testValidLogin" time="1.437"/>
  <testcase classname="tests.HomePageTest" name="homePageValidation" time="0.008"/>
  <testcase classname="tests.TestGeneratorTest" name="selectTestGenrator" time="24.315"/>
  <testcase classname="base.Base" name="@BeforeSuite launchBrowser" time="0.0">
    <ignored/>
  </testcase> <!-- @BeforeSuite launchBrowser -->
  <testcase classname="base.Base" name="@BeforeSuite launchBrowser" time="0.0">
    <ignored/>
  </testcase> <!-- @BeforeSuite launchBrowser -->
</testsuite> <!-- Test -->
