<?xml version="1.0" encoding="UTF-8"?>
<!-- Generated by org.testng.reporters.JUnitXMLReporter -->
<testsuite ignored="4" hostname="TORANA-L106" failures="0" tests="4" name="Test" time="146.572" errors="0" timestamp="2025-11-18T16:54:09 IST">
  <testcase classname="com.qa.tests.LoginTest" name="validateLoginPage" time="1.268"/>
  <testcase classname="com.qa.tests.LoginTest" name="testValidLogin" time="0.562"/>
  <testcase classname="com.qa.tests.HomePageTest" name="homePageValidation" time="0.002"/>
  <testcase classname="com.qa.tests.TestGeneratorTest" name="selectTestGenrator" time="144.718"/>
  <testcase classname="com.qa.base.Base" name="@BeforeSuite launchBrowser" time="0.0">
    <ignored/>
  </testcase> <!-- @BeforeSuite launchBrowser -->
  <testcase classname="com.qa.base.Base" name="@BeforeSuite launchBrowser" time="0.0">
    <ignored/>
  </testcase> <!-- @BeforeSuite launchBrowser -->
  <testcase classname="com.qa.base.Base" name="@AfterSuite tearDown" time="0.0">
    <ignored/>
  </testcase> <!-- @AfterSuite tearDown -->
  <testcase classname="com.qa.base.Base" name="@AfterSuite tearDown" time="0.0">
    <ignored/>
  </testcase> <!-- @AfterSuite tearDown -->
</testsuite> <!-- Test -->
