<?xml version="1.0" encoding="UTF-8"?>
<!-- Generated by org.testng.reporters.JUnitXMLReporter -->
<testsuite ignored="4" hostname="TORANA-L106" failures="0" tests="4" name="Test" time="107.198" errors="0" timestamp="2025-11-19T16:15:01 IST">
  <testcase classname="com.qa.tests.LoginTest" name="validateLoginPage" time="3.275"/>
  <testcase classname="com.qa.tests.LoginTest" name="testValidLogin" time="2.778"/>
  <testcase classname="com.qa.tests.HomePageTest" name="homePageValidation" time="0.013"/>
  <testcase classname="com.qa.tests.TestGeneratorTest" name="selectTestGenrator" time="101.037"/>
  <testcase classname="com.qa.base.Base" name="@AfterSuite endSuite" time="0.0">
    <ignored/>
  </testcase> <!-- @AfterSuite endSuite -->
  <testcase classname="com.qa.base.Base" name="@AfterSuite endSuite" time="0.0">
    <ignored/>
  </testcase> <!-- @AfterSuite endSuite -->
  <testcase classname="com.qa.base.Base" name="@BeforeSuite startSuite" time="0.0">
    <ignored/>
  </testcase> <!-- @BeforeSuite startSuite -->
  <testcase classname="com.qa.base.Base" name="@BeforeSuite startSuite" time="0.0">
    <ignored/>
  </testcase> <!-- @BeforeSuite startSuite -->
</testsuite> <!-- Test -->
