<?xml version="1.0" encoding="UTF-8"?>
<!-- Generated by org.testng.reporters.JUnitXMLReporter -->
<testsuite ignored="4" hostname="TORANA-L106" failures="0" tests="5" name="Test" time="83.642" errors="0" timestamp="2025-11-11T16:35:42 IST">
  <testcase classname="tests.LoginTest" name="selectTestGeneratorModule" time="31.295"/>
  <testcase classname="tests.LoginTest" name="validateLoginPage" time="2.643"/>
  <testcase classname="tests.LoginTest" name="testValidLogin" time="1.812"/>
  <testcase classname="tests.HomePageTest" name="homePageValidation" time="0.01"/>
  <testcase classname="tests.TestGeneratorTest" name="selectTestGenrator" time="47.85"/>
  <testcase classname="base.Base" name="@BeforeSuite locatotFind" time="0.0">
    <ignored/>
  </testcase> <!-- @BeforeSuite locatotFind -->
  <testcase classname="base.Base" name="@BeforeSuite locatotFind" time="0.0">
    <ignored/>
  </testcase> <!-- @BeforeSuite locatotFind -->
  <testcase classname="base.Base" name="@BeforeSuite launchBrowser" time="0.0">
    <ignored/>
  </testcase> <!-- @BeforeSuite launchBrowser -->
  <testcase classname="base.Base" name="@BeforeSuite launchBrowser" time="0.0">
    <ignored/>
  </testcase> <!-- @BeforeSuite launchBrowser -->
</testsuite> <!-- Test -->
