<?xml version="1.0" encoding="UTF-8"?>
<!-- Generated by org.testng.reporters.JUnitXMLReporter -->
<testsuite ignored="4" hostname="TORANA-L106" failures="1" tests="7" name="Test" time="253.698" errors="0" timestamp="2025-11-26T19:26:37 IST">
  <testcase classname="com.qa.tests.LoginTest" name="validateLoginPage" time="1.925"/>
  <testcase classname="com.qa.tests.LoginTest" name="testValidLogin" time="1.523"/>
  <testcase classname="com.qa.tests.HomePageTest" name="homePageValidation" time="0.012">
    <failure type="java.lang.AssertionError" message="expected [true] but found [false]">
      <![CDATA[java.lang.AssertionError: expected [true] but found [false]
at com.qa.pages.HomePage.validateHomePage(HomePage.java:38)
at com.qa.tests.HomePageTest.homePageValidation(HomePageTest.java:16)
at java.base/java.util.ArrayList.forEach(ArrayList.java:1596)
... Removed 29 stack frames]]>
    </failure>
  </testcase> <!-- homePageValidation -->
  <testcase classname="com.qa.tests.TestGeneratorTest" name="createRuleTest" time="73.235"/>
  <testcase classname="com.qa.tests.TestGeneratorTest" name="createRuleTest" time="83.17"/>
  <testcase classname="com.qa.tests.TestGeneratorTest" name="createRuleTest" time="46.601"/>
  <testcase classname="com.qa.tests.TestGeneratorTest" name="createRuleTest" time="46.923"/>
  <testcase classname="com.qa.base.Base" name="@AfterSuite endSuite" time="0.0">
    <ignored/>
  </testcase> <!-- @AfterSuite endSuite -->
  <testcase classname="com.qa.base.Base" name="@AfterSuite endSuite" time="0.0">
    <ignored/>
  </testcase> <!-- @AfterSuite endSuite -->
  <testcase classname="com.qa.base.Base" name="@BeforeSuite startSuite" time="0.0">
    <ignored/>
  </testcase> <!-- @BeforeSuite startSuite -->
  <testcase classname="com.qa.base.Base" name="@BeforeSuite startSuite" time="0.0">
    <ignored/>
  </testcase> <!-- @BeforeSuite startSuite -->
</testsuite> <!-- Test -->
