<?xml version="1.0" encoding="UTF-8"?>
<!-- Generated by org.testng.reporters.JUnitXMLReporter -->
<testsuite ignored="2" hostname="DESKTOP-V3HH0H2" failures="0" tests="4" name="Test" time="130.803" errors="0" timestamp="2025-11-14T08:50:59 IST">
  <testcase classname="tests.LoginTest" name="validateLoginPage" time="3.084"/>
  <testcase classname="tests.LoginTest" name="testValidLogin" time="2.427"/>
  <testcase classname="tests.HomePageTest" name="homePageValidation" time="0.107"/>
  <testcase classname="tests.TestGeneratorTest" name="selectTestGenrator" time="125.054"/>
  <testcase classname="base.Base" name="@BeforeSuite launchBrowser" time="0.0">
    <ignored/>
  </testcase> <!-- @BeforeSuite launchBrowser -->
  <testcase classname="base.Base" name="@BeforeSuite launchBrowser" time="0.0">
    <ignored/>
  </testcase> <!-- @BeforeSuite launchBrowser -->
</testsuite> <!-- Test -->
