<?xml version="1.0" encoding="UTF-8"?>
<!-- Generated by org.testng.reporters.JUnitXMLReporter -->
<testsuite ignored="0" hostname="TORANA-L106" failures="4" tests="8" name="Test Generator Page Tests" time="311.683" errors="0" timestamp="2026-01-07T12:32:54 IST">
  <testcase classname="com.qa.tests.Test123" name="createRuleUsingDynamicTemplate" time="78.682">
    <failure type="com.qa.pages.TestGeneratorPage$FlowAbortException" message="Flow aborted: selectionSourceDataset">
      <![CDATA[com.qa.pages.TestGeneratorPage$FlowAbortException: Flow aborted: selectionSourceDataset
at com.qa.pages.Test1.abortCurrentFlow(Test1.java:128)
at com.qa.pages.Test1.selectionSourceDataset(Test1.java:503)
at com.qa.pages.Test1.createRuleUsingDefaultDynamicTemplate(Test1.java:164)
at com.qa.tests.Test123.createRuleUsingDynamicTemplate(Test123.java:36)
at java.base/java.util.ArrayList.forEach(ArrayList.java:1596)
Caused by: com.qa.pages.TestGeneratorPage$FlowAbortException: Flow aborted at 'Post-Click: Source Schema Dropdown dropdown' due to UI errors: Cannot fetch the schema for inactive connection | No crawl data found for this connector. | 
at com.qa.utils.PageUtil.guardAndAbortOnUiError(PageUtil.java:405)
at com.qa.utils.PageUtil.clickOnField(PageUtil.java:377)
at com.qa.pages.Test1.selectionSourceDataset(Test1.java:489)
... 28 more
... Removed 25 stack frames]]>
    </failure>
  </testcase> <!-- createRuleUsingDynamicTemplate -->
  <testcase classname="com.qa.tests.Test123" name="createRuleUsingDynamicTemplate" time="76.987">
    <failure type="com.qa.pages.TestGeneratorPage$FlowAbortException" message="Flow aborted: selectionSourceDataset">
      <![CDATA[com.qa.pages.TestGeneratorPage$FlowAbortException: Flow aborted: selectionSourceDataset
at com.qa.pages.Test1.abortCurrentFlow(Test1.java:128)
at com.qa.pages.Test1.selectionSourceDataset(Test1.java:503)
at com.qa.pages.Test1.createRuleUsingDefaultDynamicTemplate(Test1.java:164)
at com.qa.tests.Test123.createRuleUsingDynamicTemplate(Test123.java:36)
at java.base/java.util.ArrayList.forEach(ArrayList.java:1596)
Caused by: com.qa.pages.TestGeneratorPage$FlowAbortException: Flow aborted at 'Post-Click: Source Schema Dropdown dropdown' due to UI errors: Cannot fetch the schema for inactive connection | No crawl data found for this connector. | 
at com.qa.utils.PageUtil.guardAndAbortOnUiError(PageUtil.java:405)
at com.qa.utils.PageUtil.clickOnField(PageUtil.java:377)
at com.qa.pages.Test1.selectionSourceDataset(Test1.java:489)
... 28 more
... Removed 25 stack frames]]>
    </failure>
  </testcase> <!-- createRuleUsingDynamicTemplate -->
  <testcase classname="com.qa.tests.Test123" name="createRuleUsingDynamicTemplate" time="78.452">
    <failure type="com.qa.pages.TestGeneratorPage$FlowAbortException" message="Flow aborted: selectionSourceDataset">
      <![CDATA[com.qa.pages.TestGeneratorPage$FlowAbortException: Flow aborted: selectionSourceDataset
at com.qa.pages.Test1.abortCurrentFlow(Test1.java:128)
at com.qa.pages.Test1.selectionSourceDataset(Test1.java:503)
at com.qa.pages.Test1.createRuleUsingDefaultDynamicTemplate(Test1.java:164)
at com.qa.tests.Test123.createRuleUsingDynamicTemplate(Test123.java:36)
at java.base/java.util.ArrayList.forEach(ArrayList.java:1596)
Caused by: com.qa.pages.TestGeneratorPage$FlowAbortException: Flow aborted at 'Post-Click: Source Schema Dropdown dropdown' due to UI errors: Cannot fetch the schema for inactive connection | No crawl data found for this connector. | 
at com.qa.utils.PageUtil.guardAndAbortOnUiError(PageUtil.java:405)
at com.qa.utils.PageUtil.clickOnField(PageUtil.java:377)
at com.qa.pages.Test1.selectionSourceDataset(Test1.java:489)
... 28 more
... Removed 25 stack frames]]>
    </failure>
  </testcase> <!-- createRuleUsingDynamicTemplate -->
  <testcase classname="com.qa.tests.Test123" name="createRuleUsingDynamicTemplate" time="76.025">
    <failure type="com.qa.pages.TestGeneratorPage$FlowAbortException" message="Flow aborted: selectionSourceDataset">
      <![CDATA[com.qa.pages.TestGeneratorPage$FlowAbortException: Flow aborted: selectionSourceDataset
at com.qa.pages.Test1.abortCurrentFlow(Test1.java:128)
at com.qa.pages.Test1.selectionSourceDataset(Test1.java:503)
at com.qa.pages.Test1.createRuleUsingDefaultDynamicTemplate(Test1.java:164)
at com.qa.tests.Test123.createRuleUsingDynamicTemplate(Test123.java:36)
at java.base/java.util.ArrayList.forEach(ArrayList.java:1596)
Caused by: com.qa.pages.TestGeneratorPage$FlowAbortException: Flow aborted at 'Post-Click: Source Schema Dropdown dropdown' due to UI errors: Cannot fetch the schema for inactive connection | No crawl data found for this connector. | 
at com.qa.utils.PageUtil.guardAndAbortOnUiError(PageUtil.java:405)
at com.qa.utils.PageUtil.clickOnField(PageUtil.java:377)
at com.qa.pages.Test1.selectionSourceDataset(Test1.java:489)
... 28 more
... Removed 25 stack frames]]>
    </failure>
  </testcase> <!-- createRuleUsingDynamicTemplate -->
  <testcase classname="com.qa.tests.Test123" name="createRuleUsingDynamicTemplate" time="0.0"/>
  <testcase classname="com.qa.tests.Test123" name="createRuleUsingDynamicTemplate" time="0.001"/>
  <testcase classname="com.qa.tests.Test123" name="createRuleUsingDynamicTemplate" time="0.001"/>
  <testcase classname="com.qa.tests.Test123" name="createRuleUsingDynamicTemplate" time="0.002"/>
</testsuite> <!-- Test Generator Page Tests -->
