<?xml version="1.0" encoding="UTF-8"?>
<!-- Generated by org.testng.reporters.JUnitXMLReporter -->
<testsuite ignored="2" hostname="DESKTOP-V3HH0H2" failures="0" tests="4" name="Test" time="125.596" errors="0" timestamp="2025-11-17T00:00:50 IST">
  <testcase classname="com.qa.tests.LoginTest" name="validateLoginPage" time="2.504"/>
  <testcase classname="com.qa.tests.LoginTest" name="testValidLogin" time="2.143"/>
  <testcase classname="com.qa.tests.HomePageTest" name="homePageValidation" time="0.017"/>
  <testcase classname="com.qa.tests.TestGeneratorTest" name="selectTestGenrator" time="120.826"/>
  <testcase classname="com.qa.base.Base" name="@BeforeSuite launchBrowser" time="0.0">
    <ignored/>
  </testcase> <!-- @BeforeSuite launchBrowser -->
  <testcase classname="com.qa.base.Base" name="@BeforeSuite launchBrowser" time="0.0">
    <ignored/>
  </testcase> <!-- @BeforeSuite launchBrowser -->
</testsuite> <!-- Test -->
