<?xml version="1.0" encoding="UTF-8"?>
<!-- Generated by org.testng.reporters.JUnitXMLReporter -->
<testsuite ignored="2" hostname="TORANA-L106" failures="1" tests="9" name="Test" time="29.032" errors="0" timestamp="2025-11-06T18:26:09 IST">
  <testcase classname="tests.LoginTest" name="validateLoginPage" time="0.609"/>
  <testcase classname="tests.LoginTest" name="testValidLogin" time="5.547"/>
  <testcase classname="tests.HomePageTest" name="validateHomePage" time="1.358"/>
  <testcase classname="tests.TestGeneratorTest" name="selectTestGenrator" time="0.494"/>
  <testcase classname="tests.TestGeneratorTest" name="selectChecksum" time="5.072"/>
  <testcase classname="tests.TestGeneratorTest" name="clickSearchField" time="5.219"/>
  <testcase classname="tests.TestGeneratorTest" name="selectTemplate" time="5.114"/>
  <testcase classname="tests.TestGeneratorTest" name="clickOnWorkspace" time="5.013"/>
  <testcase classname="tests.TestGeneratorTest" name="clickOnFolderFiled" time="0.565">
    <failure type="org.openqa.selenium.ElementNotInteractableException" message="element not interactable: element has zero size
  (Session info: chrome=141.0.7390.123)
Build info: version: &amp;apos;4.36.0&amp;apos;, revision: &amp;apos;6d115cfd87&amp;apos;
System info: os.name: &amp;apos;Windows 11&amp;apos;, os.arch: &amp;apos;amd64&amp;apos;, os.version: &amp;apos;10.0&amp;apos;, java.version: &amp;apos;21.0.3&amp;apos;
Driver info: org.openqa.selenium.chrome.ChromeDriver
Command: [b2c33964733f34158922bcc514c9a80d, clickElement {id=f.E6B4160C670795D407503A2AC06EC078.d.B989DA1CF9B5698757CE570ECDF01074.e.102}]
Capabilities {acceptInsecureCerts: true, browserName: chrome, browserVersion: 141.0.7390.123, chrome: {chromedriverVersion: 141.0.7390.122 (b477534e7e1..., userDataDir: C:\Users\ASHWIN~1\AppData\L...}, fedcm:accounts: true, goog:chromeOptions: {debuggerAddress: localhost:64139}, networkConnectionEnabled: false, pageLoadStrategy: normal, platformName: windows, proxy: Proxy(), se:cdp: ws://localhost:64139/devtoo..., se:cdpVersion: 141.0.7390.123, setWindowRect: true, strictFileInteractability: false, timeouts: {implicit: 0, pageLoad: 300000, script: 30000}, unhandledPromptBehavior: dismiss and notify, webauthn:extension:credBlob: true, webauthn:extension:largeBlob: true, webauthn:extension:minPinLength: true, webauthn:extension:prf: true, webauthn:virtualAuthenticators: true}
Element: [[ChromeDriver: chrome on windows (b2c33964733f34158922bcc514c9a80d)] -&amp;gt; xpath: //div[@id=&amp;apos;e-content-element_1&amp;apos;]//div[contains(@class, &amp;apos;dropdown__trigger&amp;apos;)]/button[@aria-label=&amp;apos;Folder&amp;apos;]]
Session ID: b2c33964733f34158922bcc514c9a80d">
      <![CDATA[org.openqa.selenium.ElementNotInteractableException: element not interactable: element has zero size
  (Session info: chrome=141.0.7390.123)
Build info: version: '4.36.0', revision: '6d115cfd87'
System info: os.name: 'Windows 11', os.arch: 'amd64', os.version: '10.0', java.version: '21.0.3'
Driver info: org.openqa.selenium.chrome.ChromeDriver
Command: [b2c33964733f34158922bcc514c9a80d, clickElement {id=f.E6B4160C670795D407503A2AC06EC078.d.B989DA1CF9B5698757CE570ECDF01074.e.102}]
Capabilities {acceptInsecureCerts: true, browserName: chrome, browserVersion: 141.0.7390.123, chrome: {chromedriverVersion: 141.0.7390.122 (b477534e7e1..., userDataDir: C:\Users\ASHWIN~1\AppData\L...}, fedcm:accounts: true, goog:chromeOptions: {debuggerAddress: localhost:64139}, networkConnectionEnabled: false, pageLoadStrategy: normal, platformName: windows, proxy: Proxy(), se:cdp: ws://localhost:64139/devtoo..., se:cdpVersion: 141.0.7390.123, setWindowRect: true, strictFileInteractability: false, timeouts: {implicit: 0, pageLoad: 300000, script: 30000}, unhandledPromptBehavior: dismiss and notify, webauthn:extension:credBlob: true, webauthn:extension:largeBlob: true, webauthn:extension:minPinLength: true, webauthn:extension:prf: true, webauthn:virtualAuthenticators: true}
Element: [[ChromeDriver: chrome on windows (b2c33964733f34158922bcc514c9a80d)] -> xpath: //div[@id='e-content-element_1']//div[contains(@class, 'dropdown__trigger')]/button[@aria-label='Folder']]
Session ID: b2c33964733f34158922bcc514c9a80d
at org.openqa.selenium.remote.ErrorCodec.decode(ErrorCodec.java:167)
at org.openqa.selenium.remote.codec.w3c.W3CHttpResponseCodec.decode(W3CHttpResponseCodec.java:138)
at org.openqa.selenium.remote.codec.w3c.W3CHttpResponseCodec.decode(W3CHttpResponseCodec.java:50)
at org.openqa.selenium.remote.HttpCommandExecutor.execute(HttpCommandExecutor.java:215)
at org.openqa.selenium.remote.service.DriverCommandExecutor.invokeExecute(DriverCommandExecutor.java:216)
at org.openqa.selenium.remote.service.DriverCommandExecutor.execute(DriverCommandExecutor.java:174)
at org.openqa.selenium.remote.RemoteWebDriver.execute(RemoteWebDriver.java:557)
at org.openqa.selenium.remote.RemoteWebElement.execute(RemoteWebElement.java:223)
at org.openqa.selenium.remote.RemoteWebElement.click(RemoteWebElement.java:76)
at utils.PageUtil.clickOnElement(PageUtil.java:41)
at pages.TestGeneratorPage.clickOnFolderFiled(TestGeneratorPage.java:79)
at tests.TestGeneratorTest.clickOnFolderFiled(TestGeneratorTest.java:72)
at java.base/java.util.ArrayList.forEach(ArrayList.java:1596)
... Removed 28 stack frames]]>
    </failure>
  </testcase> <!-- clickOnFolderFiled -->
  <testcase classname="base.Base" name="@BeforeSuite launchBrowser" time="0.0">
    <ignored/>
  </testcase> <!-- @BeforeSuite launchBrowser -->
  <testcase classname="base.Base" name="@BeforeSuite launchBrowser" time="0.0">
    <ignored/>
  </testcase> <!-- @BeforeSuite launchBrowser -->
</testsuite> <!-- Test -->
