<?xml version="1.0" encoding="UTF-8"?>
<!-- Generated by org.testng.reporters.JUnitXMLReporter -->
<testsuite ignored="5" hostname="TORANA-L106" failures="2" tests="7" name="Test" time="1656.012" errors="0" timestamp="2025-12-03T13:33:59 IST">
  <testcase classname="com.qa.tests.LoginTest" name="validateLoginPage" time="0.547"/>
  <testcase classname="com.qa.tests.LoginTest" name="testValidLogin" time="0.57"/>
  <testcase classname="com.qa.tests.HomePageTest" name="homePageValidation" time="1.357">
    <failure type="java.lang.AssertionError" message="expected [true] but found [false]">
      <![CDATA[java.lang.AssertionError: expected [true] but found [false]
at com.qa.pages.HomePage.validateHomePage(HomePage.java:38)
at com.qa.tests.HomePageTest.homePageValidation(HomePageTest.java:16)
at java.base/java.util.ArrayList.forEach(ArrayList.java:1596)
... Removed 29 stack frames]]>
    </failure>
  </testcase> <!-- homePageValidation -->
  <testcase classname="com.qa.tests.TestGeneratorTest" name="createRuleTest1" time="923.695"/>
  <testcase classname="com.qa.tests.TestGeneratorTest" name="createRuleTest1" time="240.288"/>
  <testcase classname="com.qa.tests.TestGeneratorTest" name="createRuleTest1" time="465.941"/>
  <testcase classname="com.qa.tests.TestGeneratorTest" name="createRuleTest1" time="23.056">
    <failure type="java.lang.RuntimeException" message="File upload failed: ❌ File does not exist: D:\Eclipse\ICEDQ\TestGenerator/src/test/resources/ImportTemplate/Pushdwon.xlsx">
      <![CDATA[java.lang.RuntimeException: File upload failed: ❌ File does not exist: D:\Eclipse\ICEDQ\TestGenerator/src/test/resources/ImportTemplate/Pushdwon.xlsx
at com.qa.utils.PageUtil.uploadFile(PageUtil.java:260)
at com.qa.pages.TestGeneratorPage.uploadingFiles(TestGeneratorPage.java:520)
at com.qa.pages.TestGeneratorPage.createRuleUsingDefaultImportTemplate(TestGeneratorPage.java:242)
at com.qa.tests.TestGeneratorTest.createRuleTest1(TestGeneratorTest.java:72)
at java.base/java.util.ArrayList.forEach(ArrayList.java:1596)
... Removed 25 stack frames]]>
    </failure>
  </testcase> <!-- createRuleTest1 -->
  <testcase classname="com.qa.tests.TestGeneratorTest" name="createRuleTest" time="0.0">
    <ignored/>
  </testcase> <!-- createRuleTest -->
  <testcase classname="com.qa.base.Base" name="@AfterSuite endSuite" time="0.0">
    <ignored/>
  </testcase> <!-- @AfterSuite endSuite -->
  <testcase classname="com.qa.base.Base" name="@AfterSuite endSuite" time="0.0">
    <ignored/>
  </testcase> <!-- @AfterSuite endSuite -->
  <testcase classname="com.qa.base.Base" name="@BeforeSuite startSuite" time="0.0">
    <ignored/>
  </testcase> <!-- @BeforeSuite startSuite -->
  <testcase classname="com.qa.base.Base" name="@BeforeSuite startSuite" time="0.0">
    <ignored/>
  </testcase> <!-- @BeforeSuite startSuite -->
</testsuite> <!-- Test -->
