<?xml version="1.0" encoding="UTF-8"?>
<!-- Generated by org.testng.reporters.JUnitXMLReporter -->
<testsuite ignored="4" hostname="TORANA-L106" failures="1" tests="7" name="Test" time="256.593" errors="0" timestamp="2025-11-25T16:29:29 IST">
  <testcase classname="com.qa.tests.LoginTest" name="validateLoginPage" time="2.066"/>
  <testcase classname="com.qa.tests.LoginTest" name="testValidLogin" time="1.635"/>
  <testcase classname="com.qa.tests.HomePageTest" name="homePageValidation" time="0.014">
    <failure type="java.lang.AssertionError" message="expected [true] but found [false]">
      <![CDATA[java.lang.AssertionError: expected [true] but found [false]
at com.qa.pages.HomePage.validateHomePage(HomePage.java:38)
at com.qa.tests.HomePageTest.homePageValidation(HomePageTest.java:16)
at java.base/java.util.ArrayList.forEach(ArrayList.java:1596)
... Removed 29 stack frames]]>
    </failure>
  </testcase> <!-- homePageValidation -->
  <testcase classname="com.qa.tests.TestGeneratorTest" name="createRuleTest" time="61.654"/>
  <testcase classname="com.qa.tests.TestGeneratorTest" name="createRuleTest" time="83.883"/>
  <testcase classname="com.qa.tests.TestGeneratorTest" name="createRuleTest" time="58.385"/>
  <testcase classname="com.qa.tests.TestGeneratorTest" name="createRuleTest" time="48.634"/>
  <testcase classname="com.qa.base.Base" name="@AfterSuite endSuite" time="0.0">
    <ignored/>
  </testcase> <!-- @AfterSuite endSuite -->
  <testcase classname="com.qa.base.Base" name="@AfterSuite endSuite" time="0.0">
    <ignored/>
  </testcase> <!-- @AfterSuite endSuite -->
  <testcase classname="com.qa.base.Base" name="@BeforeSuite startSuite" time="0.0">
    <ignored/>
  </testcase> <!-- @BeforeSuite startSuite -->
  <testcase classname="com.qa.base.Base" name="@BeforeSuite startSuite" time="0.0">
    <ignored/>
  </testcase> <!-- @BeforeSuite startSuite -->
</testsuite> <!-- Test -->
