<?xml version="1.0" encoding="UTF-8"?>
<!-- Generated by org.testng.reporters.JUnitXMLReporter -->
<testsuite ignored="2" hostname="TORANA-L106" failures="0" tests="4" name="Test" time="312.594" errors="0" timestamp="2025-11-14T15:37:10 IST">
  <testcase classname="com.qa.tests.LoginTest" name="validateLoginPage" time="1.151"/>
  <testcase classname="com.qa.tests.LoginTest" name="testValidLogin" time="2.337"/>
  <testcase classname="com.qa.tests.HomePageTest" name="homePageValidation" time="0.004"/>
  <testcase classname="com.qa.tests.TestGeneratorTest" name="selectTestGenrator" time="309.072"/>
  <testcase classname="com.qa.base.Base" name="@BeforeSuite launchBrowser" time="0.0">
    <ignored/>
  </testcase> <!-- @BeforeSuite launchBrowser -->
  <testcase classname="com.qa.base.Base" name="@BeforeSuite launchBrowser" time="0.0">
    <ignored/>
  </testcase> <!-- @BeforeSuite launchBrowser -->
</testsuite> <!-- Test -->
