<?xml version="1.0" encoding="UTF-8"?>
<!-- Generated by org.testng.reporters.JUnitXMLReporter -->
<testsuite ignored="4" hostname="TORANA-L106" failures="0" tests="4" name="Test" time="67.888" errors="0" timestamp="2025-11-20T12:21:54 IST">
  <testcase classname="com.qa.tests.LoginTest" name="validateLoginPage" time="2.805"/>
  <testcase classname="com.qa.tests.LoginTest" name="testValidLogin" time="2.346"/>
  <testcase classname="com.qa.tests.HomePageTest" name="homePageValidation" time="0.002"/>
  <testcase classname="com.qa.tests.TestGeneratorTest" name="selectTestGenrator" time="62.684"/>
  <testcase classname="com.qa.base.Base" name="@AfterSuite endSuite" time="0.0">
    <ignored/>
  </testcase> <!-- @AfterSuite endSuite -->
  <testcase classname="com.qa.base.Base" name="@AfterSuite endSuite" time="0.0">
    <ignored/>
  </testcase> <!-- @AfterSuite endSuite -->
  <testcase classname="com.qa.base.Base" name="@BeforeSuite startSuite" time="0.0">
    <ignored/>
  </testcase> <!-- @BeforeSuite startSuite -->
  <testcase classname="com.qa.base.Base" name="@BeforeSuite startSuite" time="0.0">
    <ignored/>
  </testcase> <!-- @BeforeSuite startSuite -->
</testsuite> <!-- Test -->
