<?xml version="1.0" encoding="UTF-8"?>
<!-- Generated by org.testng.reporters.JUnitXMLReporter -->
<testsuite ignored="5" hostname="TORANA-L106" failures="1" tests="4" name="Test" time="2.132" errors="0" timestamp="2025-12-04T18:41:16 IST">
  <testcase classname="com.qa.tests.LoginTest" name="validateLoginPage" time="0.569"/>
  <testcase classname="com.qa.tests.LoginTest" name="Login" time="0.841"/>
  <testcase classname="com.qa.tests.HomePageTest" name="validateHomePage" time="0.012">
    <failure type="java.lang.AssertionError" message="expected [true] but found [false]">
      <![CDATA[java.lang.AssertionError: expected [true] but found [false]
at com.qa.pages.HomePage.validateHomePage(HomePage.java:35)
at com.qa.tests.HomePageTest.validateHomePage(HomePageTest.java:16)
at java.base/java.util.ArrayList.forEach(ArrayList.java:1596)
... Removed 29 stack frames]]>
    </failure>
  </testcase> <!-- validateHomePage -->
  <testcase classname="com.qa.tests.TestGeneratorTest" name="createRuleUsingDynamicTemplate" time="0.0">
    <skipped/>
  </testcase> <!-- createRuleUsingDynamicTemplate -->
  <testcase classname="com.qa.base.Base" name="@AfterSuite endSuite" time="0.0">
    <ignored/>
  </testcase> <!-- @AfterSuite endSuite -->
  <testcase classname="com.qa.base.Base" name="@AfterSuite endSuite" time="0.0">
    <ignored/>
  </testcase> <!-- @AfterSuite endSuite -->
  <testcase classname="com.qa.base.Base" name="@BeforeSuite startSuite" time="0.0">
    <ignored/>
  </testcase> <!-- @BeforeSuite startSuite -->
  <testcase classname="com.qa.base.Base" name="@BeforeSuite startSuite" time="0.0">
    <ignored/>
  </testcase> <!-- @BeforeSuite startSuite -->
  <testcase classname="com.qa.tests.TestGeneratorTest" name="createRuleUsingImportTemplate" time="0.0">
    <ignored/>
  </testcase> <!-- createRuleUsingImportTemplate -->
</testsuite> <!-- Test -->
