<?xml version="1.0" encoding="UTF-8"?>
<!-- Generated by org.testng.reporters.JUnitXMLReporter -->
<testsuite ignored="3" hostname="TORANA-L106" failures="0" tests="1" name="Test Generator Page Tests" time="89.099" errors="0" timestamp="2026-02-16T18:31:08 IST">
  <testcase classname="com.qa.tests.TestGeneratorTest" name="existingWorkflowUsingDefaultDynamicTemplate" time="88.444"/>
  <testcase classname="com.qa.tests.TestGeneratorTest" name="createWorkflowUsingDefaultDynamicTemplate" time="0.0">
    <ignored/>
  </testcase> <!-- createWorkflowUsingDefaultDynamicTemplate -->
  <testcase classname="com.qa.tests.TestGeneratorTest" name="createRuleUsingDynamicTemplate" time="0.0">
    <ignored/>
  </testcase> <!-- createRuleUsingDynamicTemplate -->
  <testcase classname="com.qa.tests.TestGeneratorTest" name="createRuleUsingImportTemplate" time="0.0">
    <ignored/>
  </testcase> <!-- createRuleUsingImportTemplate -->
</testsuite> <!-- Test Generator Page Tests -->
