<?xml version="1.0" encoding="UTF-8"?>
<!-- Generated by org.testng.reporters.JUnitXMLReporter -->
<testsuite ignored="0" hostname="TORANA-L106" failures="1" tests="1" name="User creation API Tests" time="0.014" errors="0" timestamp="2026-03-13T12:38:44 IST">
  <testcase classname="com.api.tests.UserTestAPI" name="createUserTest" time="0.009">
    <failure type="java.lang.IllegalArgumentException" message="baseURI cannot be null">
      <![CDATA[java.lang.IllegalArgumentException: baseURI cannot be null
at org.codehaus.groovy.runtime.callsite.ConstructorSite$ConstructorSiteNoUnwrap.callConstructor(ConstructorSite.java:86)
at org.codehaus.groovy.runtime.callsite.AbstractCallSite.callConstructor(AbstractCallSite.java:277)
at io.restassured.internal.common.assertion.AssertParameter.notNull(AssertParameter.groovy:26)
at io.restassured.internal.common.assertion.AssertParameter$notNull.callStatic(Unknown Source)
at io.restassured.internal.RequestSpecificationImpl.<init>(RequestSpecificationImpl.groovy:134)
at io.restassured.builder.RequestSpecBuilder.<init>(RequestSpecBuilder.java:79)
at com.api.client.APIClient.getRequest(APIClient.java:20)
at com.api.pages.UserAPI.createUser(UserAPI.java:22)
at com.api.tests.UserTestAPI.createUserTest(UserTestAPI.java:21)
at java.base/java.util.ArrayList.forEach(ArrayList.java:1596)
at java.base/java.util.concurrent.FutureTask.run(FutureTask.java:317)
at java.base/java.util.concurrent.ThreadPoolExecutor.runWorker(ThreadPoolExecutor.java:1144)
at java.base/java.util.concurrent.ThreadPoolExecutor$Worker.run(ThreadPoolExecutor.java:642)
at java.base/java.lang.Thread.run(Thread.java:1583)
... Removed 21 stack frames]]>
    </failure>
  </testcase> <!-- createUserTest -->
</testsuite> <!-- User creation API Tests -->
