<?xml version="1.0" encoding="UTF-8"?>
<testng-results ignored="7" total="11" passed="4" failed="0" skipped="0">
  <reporter-output>
  </reporter-output>
  <suite started-at="2026-02-16T18:29:35 IST" name="Suite" finished-at="2026-02-16T18:31:08 IST" duration-ms="92951">
    <groups>
    </groups>
    <test started-at="2026-02-16T18:29:35 IST" name="Login Tests" finished-at="2026-02-16T18:29:38 IST" duration-ms="2573">
      <class name="com.qa.tests.LoginTest">
        <test-method signature="validateLoginPage()[pri:0, instance:com.qa.tests.LoginTest@436813f3]" started-at="2026-02-16T18:29:35 IST" name="validateLoginPage" finished-at="2026-02-16T18:29:36 IST" duration-ms="1065" status="PASS">
          <reporter-output>
          </reporter-output>
        </test-method> <!-- validateLoginPage -->
        <test-method signature="Login()[pri:0, instance:com.qa.tests.LoginTest@436813f3]" started-at="2026-02-16T18:29:36 IST" name="Login" finished-at="2026-02-16T18:29:38 IST" duration-ms="1478" status="PASS">
          <reporter-output>
          </reporter-output>
        </test-method> <!-- Login -->
      </class> <!-- com.qa.tests.LoginTest -->
    </test> <!-- Login Tests -->
    <test started-at="2026-02-16T18:29:38 IST" name="Home Page Tests" finished-at="2026-02-16T18:29:39 IST" duration-ms="686">
      <class name="com.qa.tests.HomePageTest">
        <test-method signature="validateHomePage()[pri:0, instance:com.qa.tests.HomePageTest@14cd1699]" started-at="2026-02-16T18:29:38 IST" name="validateHomePage" finished-at="2026-02-16T18:29:39 IST" duration-ms="683" status="PASS">
          <reporter-output>
          </reporter-output>
        </test-method> <!-- validateHomePage -->
      </class> <!-- com.qa.tests.HomePageTest -->
    </test> <!-- Home Page Tests -->
    <test started-at="2026-02-16T18:29:39 IST" name="Test Generator Page Tests" finished-at="2026-02-16T18:31:08 IST" duration-ms="89099">
      <class name="com.qa.tests.TestGeneratorTest">
        <test-method signature="existingWorkflowUsingDefaultDynamicTemplate(java.lang.String,java.lang.String,java.lang.String,java.lang.String,java.lang.String,java.lang.String,java.lang.String,java.lang.String,java.lang.String,java.lang.String)[pri:0, instance:com.qa.tests.TestGeneratorTest@2b71e916]" started-at="2026-02-16T18:29:40 IST" name="existingWorkflowUsingDefaultDynamicTemplate" data-provider="ruleDataForExistingWorkflowCreation" finished-at="2026-02-16T18:31:08 IST" duration-ms="88444" status="PASS">
          <params>
            <param index="0">
              <value>
                <![CDATA[recon]]>
              </value>
            </param>
            <param index="1">
              <value>
                <![CDATA[Specify Column for Diff - Full Data Compare Dynamic SQL]]>
              </value>
            </param>
            <param index="2">
              <value>
                <![CDATA[Test_Generator-WIP]]>
              </value>
            </param>
            <param index="3">
              <value>
                <![CDATA[AD-Workflow]]>
              </value>
            </param>
            <param index="4">
              <value>
                <![CDATA[Database]]>
              </value>
            </param>
            <param index="5">
              <value>
                <![CDATA[Mysql-with-jdbc-SysConn]]>
              </value>
            </param>
            <param index="6">
              <value>
                <![CDATA[Mysql-with-jdbc-UserConn]]>
              </value>
            </param>
            <param index="7">
              <value>
                <![CDATA[icedq]]>
              </value>
            </param>
            <param index="8">
              <value>
                <![CDATA[staff]]>
              </value>
            </param>
            <param index="9">
              <value>
                <![CDATA[Workflow - All rules type]]>
              </value>
            </param>
          </params>
          <reporter-output>
          </reporter-output>
        </test-method> <!-- existingWorkflowUsingDefaultDynamicTemplate -->
      </class> <!-- com.qa.tests.TestGeneratorTest -->
    </test> <!-- Test Generator Page Tests -->
    <test started-at="2026-02-16T18:31:08 IST" name="Template Page Tests" finished-at="2026-02-16T18:31:08 IST" duration-ms="1">
      <class name="com.qa.tests.TemplatePageTest">
        <test-method is-config="true" signature="startSuite()[pri:0, instance:com.qa.tests.TemplatePageTest@292b08d6]" started-at="2026-02-16T18:29:31 IST" name="startSuite" finished-at="2026-02-16T18:29:35 IST" duration-ms="4183" status="PASS">
          <reporter-output>
          </reporter-output>
        </test-method> <!-- startSuite -->
        <test-method is-config="true" signature="endSuite()[pri:0, instance:com.qa.tests.TemplatePageTest@292b08d6]" started-at="2026-02-16T18:31:08 IST" name="endSuite" finished-at="2026-02-16T18:31:16 IST" duration-ms="7537" status="PASS">
          <reporter-output>
          </reporter-output>
        </test-method> <!-- endSuite -->
      </class> <!-- com.qa.tests.TemplatePageTest -->
    </test> <!-- Template Page Tests -->
  </suite> <!-- Suite -->
</testng-results>
