<?xml version="1.0" encoding="UTF-8"?>
<testng-results ignored="5" total="12" passed="5" failed="2" skipped="0">
  <reporter-output>
  </reporter-output>
  <suite started-at="2025-12-03T13:06:22 IST" name="Suite" finished-at="2025-12-03T13:33:58 IST" duration-ms="1656012">
    <groups>
    </groups>
    <test started-at="2025-12-03T13:06:22 IST" name="Test" finished-at="2025-12-03T13:33:58 IST" duration-ms="1656012">
      <class name="com.qa.tests.HomePageTest">
        <test-method signature="homePageValidation()[pri:0, instance:com.qa.tests.HomePageTest@235ecd9f]" started-at="2025-12-03T13:06:23 IST" name="homePageValidation" finished-at="2025-12-03T13:06:25 IST" duration-ms="1357" status="FAIL">
          <exception class="java.lang.AssertionError">
            <message>
              <![CDATA[expected [true] but found [false]]]>
            </message>
            <full-stacktrace>
              <![CDATA[java.lang.AssertionError: expected [true] but found [false]
at org.testng.Assert.fail(Assert.java:99)
at org.testng.Assert.failNotEquals(Assert.java:1037)
at org.testng.Assert.assertTrue(Assert.java:45)
at org.testng.Assert.assertTrue(Assert.java:55)
at com.qa.pages.HomePage.validateHomePage(HomePage.java:38)
at com.qa.tests.HomePageTest.homePageValidation(HomePageTest.java:16)
at java.base/jdk.internal.reflect.DirectMethodHandleAccessor.invoke(DirectMethodHandleAccessor.java:103)
at java.base/java.lang.reflect.Method.invoke(Method.java:580)
at org.testng.internal.MethodInvocationHelper.invokeMethod(MethodInvocationHelper.java:133)
at org.testng.internal.TestInvoker.invokeMethod(TestInvoker.java:598)
at org.testng.internal.TestInvoker.invokeTestMethod(TestInvoker.java:173)
at org.testng.internal.MethodRunner.runInSequence(MethodRunner.java:46)
at org.testng.internal.TestInvoker$MethodInvocationAgent.invoke(TestInvoker.java:824)
at org.testng.internal.TestInvoker.invokeTestMethods(TestInvoker.java:146)
at org.testng.internal.TestMethodWorker.invokeTestMethods(TestMethodWorker.java:146)
at org.testng.internal.TestMethodWorker.run(TestMethodWorker.java:128)
at java.base/java.util.ArrayList.forEach(ArrayList.java:1596)
at org.testng.TestRunner.privateRun(TestRunner.java:794)
at org.testng.TestRunner.run(TestRunner.java:596)
at org.testng.SuiteRunner.runTest(SuiteRunner.java:377)
at org.testng.SuiteRunner.runSequentially(SuiteRunner.java:371)
at org.testng.SuiteRunner.privateRun(SuiteRunner.java:332)
at org.testng.SuiteRunner.run(SuiteRunner.java:276)
at org.testng.SuiteRunnerWorker.runSuite(SuiteRunnerWorker.java:53)
at org.testng.SuiteRunnerWorker.run(SuiteRunnerWorker.java:96)
at org.testng.TestNG.runSuitesSequentially(TestNG.java:1212)
at org.testng.TestNG.runSuitesLocally(TestNG.java:1134)
at org.testng.TestNG.runSuites(TestNG.java:1063)
at org.testng.TestNG.run(TestNG.java:1031)
at org.testng.remote.AbstractRemoteTestNG.run(AbstractRemoteTestNG.java:115)
at org.testng.remote.RemoteTestNG.initAndRun(RemoteTestNG.java:293)
at org.testng.remote.RemoteTestNG.main(RemoteTestNG.java:91)
]]>
            </full-stacktrace>
          </exception> <!-- java.lang.AssertionError -->
          <reporter-output>
          </reporter-output>
        </test-method> <!-- homePageValidation -->
      </class> <!-- com.qa.tests.HomePageTest -->
      <class name="com.qa.tests.TestGeneratorTest">
        <test-method signature="createRuleTest1(java.lang.String,java.lang.String,java.lang.String,java.lang.String,java.lang.String)[pri:0, instance:com.qa.tests.TestGeneratorTest@1ca3b418]" started-at="2025-12-03T13:06:25 IST" name="createRuleTest1" data-provider="ruleDataForImportTemplate" finished-at="2025-12-03T13:21:49 IST" duration-ms="923695" status="PASS">
          <params>
            <param index="0">
              <value>
                <![CDATA[checksum]]>
              </value>
            </param>
            <param index="1">
              <value>
                <![CDATA[Compare Record Counts - Import SQL]]>
              </value>
            </param>
            <param index="2">
              <value>
                <![CDATA[Test_Generator-WIP]]>
              </value>
            </param>
            <param index="3">
              <value>
                <![CDATA[MJ_DND]]>
              </value>
            </param>
            <param index="4">
              <value>
                <![CDATA[postgreSQL]]>
              </value>
            </param>
          </params>
          <reporter-output>
          </reporter-output>
        </test-method> <!-- createRuleTest1 -->
        <test-method signature="createRuleTest1(java.lang.String,java.lang.String,java.lang.String,java.lang.String,java.lang.String)[pri:0, instance:com.qa.tests.TestGeneratorTest@1ca3b418]" started-at="2025-12-03T13:21:49 IST" name="createRuleTest1" data-provider="ruleDataForImportTemplate" finished-at="2025-12-03T13:25:49 IST" duration-ms="240288" status="PASS">
          <params>
            <param index="0">
              <value>
                <![CDATA[recon]]>
              </value>
            </param>
            <param index="1">
              <value>
                <![CDATA[Diff and Expression based on Column Position - Import SQL]]>
              </value>
            </param>
            <param index="2">
              <value>
                <![CDATA[Test_Generator-WIP]]>
              </value>
            </param>
            <param index="3">
              <value>
                <![CDATA[MJ_DND]]>
              </value>
            </param>
            <param index="4">
              <value>
                <![CDATA[postgreSQL]]>
              </value>
            </param>
          </params>
          <reporter-output>
          </reporter-output>
        </test-method> <!-- createRuleTest1 -->
        <test-method signature="createRuleTest1(java.lang.String,java.lang.String,java.lang.String,java.lang.String,java.lang.String)[pri:0, instance:com.qa.tests.TestGeneratorTest@1ca3b418]" started-at="2025-12-03T13:25:49 IST" name="createRuleTest1" data-provider="ruleDataForImportTemplate" finished-at="2025-12-03T13:33:35 IST" duration-ms="465941" status="PASS">
          <params>
            <param index="0">
              <value>
                <![CDATA[validation]]>
              </value>
            </param>
            <param index="1">
              <value>
                <![CDATA[Data Validation - Import SQL]]>
              </value>
            </param>
            <param index="2">
              <value>
                <![CDATA[Test_Generator-WIP]]>
              </value>
            </param>
            <param index="3">
              <value>
                <![CDATA[MJ_DND]]>
              </value>
            </param>
            <param index="4">
              <value>
                <![CDATA[postgreSQL]]>
              </value>
            </param>
          </params>
          <reporter-output>
          </reporter-output>
        </test-method> <!-- createRuleTest1 -->
        <test-method signature="createRuleTest1(java.lang.String,java.lang.String,java.lang.String,java.lang.String,java.lang.String)[pri:0, instance:com.qa.tests.TestGeneratorTest@1ca3b418]" started-at="2025-12-03T13:33:35 IST" name="createRuleTest1" data-provider="ruleDataForImportTemplate" finished-at="2025-12-03T13:33:58 IST" duration-ms="23056" status="FAIL">
          <params>
            <param index="0">
              <value>
                <![CDATA[pushdown]]>
              </value>
            </param>
            <param index="1">
              <value>
                <![CDATA[Data Pushdown Validation - Import SQL]]>
              </value>
            </param>
            <param index="2">
              <value>
                <![CDATA[Test_Generator-WIP]]>
              </value>
            </param>
            <param index="3">
              <value>
                <![CDATA[MJ_DND]]>
              </value>
            </param>
            <param index="4">
              <value>
                <![CDATA[postgreSQL]]>
              </value>
            </param>
          </params>
          <exception class="java.lang.RuntimeException">
            <message>
              <![CDATA[File upload failed: ❌ File does not exist: D:\Eclipse\ICEDQ\TestGenerator/src/test/resources/ImportTemplate/Pushdwon.xlsx]]>
            </message>
            <full-stacktrace>
              <![CDATA[java.lang.RuntimeException: File upload failed: ❌ File does not exist: D:\Eclipse\ICEDQ\TestGenerator/src/test/resources/ImportTemplate/Pushdwon.xlsx
at com.qa.utils.PageUtil.uploadFile(PageUtil.java:260)
at com.qa.pages.TestGeneratorPage.uploadingFiles(TestGeneratorPage.java:520)
at com.qa.pages.TestGeneratorPage.createRuleUsingDefaultImportTemplate(TestGeneratorPage.java:242)
at com.qa.tests.TestGeneratorTest.createRuleTest1(TestGeneratorTest.java:72)
at java.base/jdk.internal.reflect.DirectMethodHandleAccessor.invoke(DirectMethodHandleAccessor.java:103)
at java.base/java.lang.reflect.Method.invoke(Method.java:580)
at org.testng.internal.MethodInvocationHelper.invokeMethod(MethodInvocationHelper.java:133)
at org.testng.internal.TestInvoker.invokeMethod(TestInvoker.java:598)
at org.testng.internal.TestInvoker.invokeTestMethod(TestInvoker.java:173)
at org.testng.internal.MethodRunner.runInSequence(MethodRunner.java:46)
at org.testng.internal.TestInvoker$MethodInvocationAgent.invoke(TestInvoker.java:824)
at org.testng.internal.TestInvoker.invokeTestMethods(TestInvoker.java:146)
at org.testng.internal.TestMethodWorker.invokeTestMethods(TestMethodWorker.java:146)
at org.testng.internal.TestMethodWorker.run(TestMethodWorker.java:128)
at java.base/java.util.ArrayList.forEach(ArrayList.java:1596)
at org.testng.TestRunner.privateRun(TestRunner.java:794)
at org.testng.TestRunner.run(TestRunner.java:596)
at org.testng.SuiteRunner.runTest(SuiteRunner.java:377)
at org.testng.SuiteRunner.runSequentially(SuiteRunner.java:371)
at org.testng.SuiteRunner.privateRun(SuiteRunner.java:332)
at org.testng.SuiteRunner.run(SuiteRunner.java:276)
at org.testng.SuiteRunnerWorker.runSuite(SuiteRunnerWorker.java:53)
at org.testng.SuiteRunnerWorker.run(SuiteRunnerWorker.java:96)
at org.testng.TestNG.runSuitesSequentially(TestNG.java:1212)
at org.testng.TestNG.runSuitesLocally(TestNG.java:1134)
at org.testng.TestNG.runSuites(TestNG.java:1063)
at org.testng.TestNG.run(TestNG.java:1031)
at org.testng.remote.AbstractRemoteTestNG.run(AbstractRemoteTestNG.java:115)
at org.testng.remote.RemoteTestNG.initAndRun(RemoteTestNG.java:293)
at org.testng.remote.RemoteTestNG.main(RemoteTestNG.java:91)
]]>
            </full-stacktrace>
          </exception> <!-- java.lang.RuntimeException -->
          <reporter-output>
          </reporter-output>
        </test-method> <!-- createRuleTest1 -->
      </class> <!-- com.qa.tests.TestGeneratorTest -->
      <class name="com.qa.tests.LoginTest">
        <test-method is-config="true" signature="startSuite()[pri:0, instance:com.qa.tests.LoginTest@3e8c3cb]" started-at="2025-12-03T13:06:18 IST" name="startSuite" finished-at="2025-12-03T13:06:22 IST" duration-ms="4245" status="PASS">
          <reporter-output>
          </reporter-output>
        </test-method> <!-- startSuite -->
        <test-method signature="validateLoginPage()[pri:0, instance:com.qa.tests.LoginTest@3e8c3cb]" started-at="2025-12-03T13:06:22 IST" name="validateLoginPage" finished-at="2025-12-03T13:06:23 IST" duration-ms="547" status="PASS">
          <reporter-output>
          </reporter-output>
        </test-method> <!-- validateLoginPage -->
        <test-method signature="testValidLogin()[pri:0, instance:com.qa.tests.LoginTest@3e8c3cb]" started-at="2025-12-03T13:06:23 IST" name="testValidLogin" finished-at="2025-12-03T13:06:23 IST" depends-on-methods="com.qa.tests.LoginTest.validateLoginPage" duration-ms="570" status="PASS">
          <reporter-output>
          </reporter-output>
        </test-method> <!-- testValidLogin -->
        <test-method is-config="true" signature="endSuite()[pri:0, instance:com.qa.tests.LoginTest@3e8c3cb]" started-at="2025-12-03T13:33:59 IST" name="endSuite" finished-at="2025-12-03T13:33:59 IST" duration-ms="329" status="PASS">
          <reporter-output>
          </reporter-output>
        </test-method> <!-- endSuite -->
      </class> <!-- com.qa.tests.LoginTest -->
    </test> <!-- Test -->
  </suite> <!-- Suite -->
</testng-results>
