<?xml version="1.0" encoding="UTF-8"?>
<testng-results ignored="6" total="14" passed="8" failed="0" skipped="0">
  <reporter-output>
  </reporter-output>
  <suite started-at="2026-01-21T17:08:05 IST" name="Suite" finished-at="2026-01-21T17:08:54 IST" duration-ms="49000">
    <groups>
    </groups>
    <test started-at="2026-01-21T17:08:05 IST" name="Login Tests" finished-at="2026-01-21T17:08:08 IST" duration-ms="2939">
      <class name="com.qa.tests.LoginTest">
        <test-method signature="validateLoginPage()[pri:0, instance:com.qa.tests.LoginTest@436813f3]" started-at="2026-01-21T17:08:05 IST" name="validateLoginPage" finished-at="2026-01-21T17:08:06 IST" duration-ms="938" status="PASS">
          <reporter-output>
          </reporter-output>
        </test-method> <!-- validateLoginPage -->
        <test-method signature="Login()[pri:0, instance:com.qa.tests.LoginTest@436813f3]" started-at="2026-01-21T17:08:06 IST" name="Login" finished-at="2026-01-21T17:08:08 IST" duration-ms="1977" status="PASS">
          <reporter-output>
          </reporter-output>
        </test-method> <!-- Login -->
      </class> <!-- com.qa.tests.LoginTest -->
    </test> <!-- Login Tests -->
    <test started-at="2026-01-21T17:08:09 IST" name="Home Page Tests" finished-at="2026-01-21T17:08:09 IST" duration-ms="547">
      <class name="com.qa.tests.HomePageTest">
        <test-method signature="validateHomePage()[pri:0, instance:com.qa.tests.HomePageTest@14cd1699]" started-at="2026-01-21T17:08:09 IST" name="validateHomePage" finished-at="2026-01-21T17:08:09 IST" duration-ms="545" status="PASS">
          <reporter-output>
          </reporter-output>
        </test-method> <!-- validateHomePage -->
      </class> <!-- com.qa.tests.HomePageTest -->
    </test> <!-- Home Page Tests -->
    <test started-at="2026-01-21T17:08:09 IST" name="Test Generator Page Tests" finished-at="2026-01-21T17:08:09 IST" duration-ms="0">
    </test> <!-- Test Generator Page Tests -->
    <test started-at="2026-01-21T17:08:09 IST" name="Template Page Tests" finished-at="2026-01-21T17:08:54 IST" duration-ms="45167">
      <class name="com.qa.tests.TemplatePageTest">
        <test-method is-config="true" signature="startSuite()[pri:0, instance:com.qa.tests.TemplatePageTest@c730b35]" started-at="2026-01-21T17:08:01 IST" name="startSuite" finished-at="2026-01-21T17:08:05 IST" duration-ms="4138" status="PASS">
          <reporter-output>
          </reporter-output>
        </test-method> <!-- startSuite -->
        <test-method signature="deleteTemplateUsingExistingTemplateFromDetails(java.lang.String,java.lang.String,java.lang.String)[pri:0, instance:com.qa.tests.TemplatePageTest@c730b35]" started-at="2026-01-21T17:08:10 IST" name="deleteTemplateUsingExistingTemplateFromDetails" data-provider="deleteTemplateDetailsPage" finished-at="2026-01-21T17:08:19 IST" duration-ms="8951" status="PASS">
          <params>
            <param index="0">
              <value>
                <![CDATA[Dynamic]]>
              </value>
            </param>
            <param index="1">
              <value>
                <![CDATA[Checksum]]>
              </value>
            </param>
            <param index="2">
              <value>
                <![CDATA[My Checksum template - using dynamic template To delete]]>
              </value>
            </param>
          </params>
          <reporter-output>
          </reporter-output>
        </test-method> <!-- deleteTemplateUsingExistingTemplateFromDetails -->
        <test-method signature="deleteTemplateUsingExistingTemplateFromDetails(java.lang.String,java.lang.String,java.lang.String)[pri:0, instance:com.qa.tests.TemplatePageTest@c730b35]" started-at="2026-01-21T17:08:19 IST" name="deleteTemplateUsingExistingTemplateFromDetails" data-provider="deleteTemplateDetailsPage" finished-at="2026-01-21T17:08:28 IST" duration-ms="9039" status="PASS">
          <params>
            <param index="0">
              <value>
                <![CDATA[Dynamic]]>
              </value>
            </param>
            <param index="1">
              <value>
                <![CDATA[Recon]]>
              </value>
            </param>
            <param index="2">
              <value>
                <![CDATA[My Recon template - using dynamic template  To delete]]>
              </value>
            </param>
          </params>
          <reporter-output>
          </reporter-output>
        </test-method> <!-- deleteTemplateUsingExistingTemplateFromDetails -->
        <test-method signature="deleteTemplateUsingExistingTemplateFromDetails(java.lang.String,java.lang.String,java.lang.String)[pri:0, instance:com.qa.tests.TemplatePageTest@c730b35]" started-at="2026-01-21T17:08:28 IST" name="deleteTemplateUsingExistingTemplateFromDetails" data-provider="deleteTemplateDetailsPage" finished-at="2026-01-21T17:08:36 IST" duration-ms="8455" status="PASS">
          <params>
            <param index="0">
              <value>
                <![CDATA[Dynamic]]>
              </value>
            </param>
            <param index="1">
              <value>
                <![CDATA[Validation]]>
              </value>
            </param>
            <param index="2">
              <value>
                <![CDATA[My Validation template - using dynamic template  To delete]]>
              </value>
            </param>
          </params>
          <reporter-output>
          </reporter-output>
        </test-method> <!-- deleteTemplateUsingExistingTemplateFromDetails -->
        <test-method signature="deleteTemplateUsingExistingTemplateFromDetails(java.lang.String,java.lang.String,java.lang.String)[pri:0, instance:com.qa.tests.TemplatePageTest@c730b35]" started-at="2026-01-21T17:08:36 IST" name="deleteTemplateUsingExistingTemplateFromDetails" data-provider="deleteTemplateDetailsPage" finished-at="2026-01-21T17:08:46 IST" duration-ms="9360" status="PASS">
          <params>
            <param index="0">
              <value>
                <![CDATA[Import]]>
              </value>
            </param>
            <param index="1">
              <value>
                <![CDATA[Validation]]>
              </value>
            </param>
            <param index="2">
              <value>
                <![CDATA[My Validation template - using import template  To delete]]>
              </value>
            </param>
          </params>
          <reporter-output>
          </reporter-output>
        </test-method> <!-- deleteTemplateUsingExistingTemplateFromDetails -->
        <test-method signature="deleteTemplateUsingExistingTemplateFromDetails(java.lang.String,java.lang.String,java.lang.String)[pri:0, instance:com.qa.tests.TemplatePageTest@c730b35]" started-at="2026-01-21T17:08:46 IST" name="deleteTemplateUsingExistingTemplateFromDetails" data-provider="deleteTemplateDetailsPage" finished-at="2026-01-21T17:08:54 IST" duration-ms="8802" status="PASS">
          <params>
            <param index="0">
              <value>
                <![CDATA[Import]]>
              </value>
            </param>
            <param index="1">
              <value>
                <![CDATA[Pushdown]]>
              </value>
            </param>
            <param index="2">
              <value>
                <![CDATA[My Pushdown template - using import template  To delete]]>
              </value>
            </param>
          </params>
          <reporter-output>
          </reporter-output>
        </test-method> <!-- deleteTemplateUsingExistingTemplateFromDetails -->
        <test-method is-config="true" signature="endSuite()[pri:0, instance:com.qa.tests.TemplatePageTest@c730b35]" started-at="2026-01-21T17:08:54 IST" name="endSuite" finished-at="2026-01-21T17:09:05 IST" duration-ms="10445" status="PASS">
          <reporter-output>
          </reporter-output>
        </test-method> <!-- endSuite -->
      </class> <!-- com.qa.tests.TemplatePageTest -->
    </test> <!-- Template Page Tests -->
  </suite> <!-- Suite -->
</testng-results>
