<?xml version="1.0" encoding="UTF-8"?>
<testng-results ignored="0" total="4" passed="4" failed="0" skipped="0">
  <reporter-output>
  </reporter-output>
  <suite started-at="2025-11-16T23:58:44 IST" name="Suite" finished-at="2025-11-17T00:00:50 IST" duration-ms="125596">
    <groups>
    </groups>
    <test started-at="2025-11-16T23:58:44 IST" name="Test" finished-at="2025-11-17T00:00:50 IST" duration-ms="125596">
      <class name="com.qa.tests.HomePageTest">
        <test-method signature="homePageValidation()[pri:0, instance:com.qa.tests.HomePageTest@173b9122]" started-at="2025-11-16T23:58:49 IST" name="homePageValidation" finished-at="2025-11-16T23:58:49 IST" duration-ms="17" status="PASS">
          <reporter-output>
          </reporter-output>
        </test-method> <!-- homePageValidation -->
      </class> <!-- com.qa.tests.HomePageTest -->
      <class name="com.qa.tests.TestGeneratorTest">
        <test-method signature="selectTestGenrator()[pri:0, instance:com.qa.tests.TestGeneratorTest@7c18432b]" started-at="2025-11-16T23:58:49 IST" name="selectTestGenrator" finished-at="2025-11-17T00:00:50 IST" duration-ms="120826" status="PASS">
          <reporter-output>
          </reporter-output>
        </test-method> <!-- selectTestGenrator -->
      </class> <!-- com.qa.tests.TestGeneratorTest -->
      <class name="com.qa.tests.LoginTest">
        <test-method is-config="true" signature="launchBrowser()[pri:0, instance:com.qa.tests.LoginTest@aec50a1]" started-at="2025-11-16T23:58:33 IST" name="launchBrowser" finished-at="2025-11-16T23:58:44 IST" duration-ms="10803" status="PASS">
          <reporter-output>
          </reporter-output>
        </test-method> <!-- launchBrowser -->
        <test-method signature="validateLoginPage()[pri:0, instance:com.qa.tests.LoginTest@aec50a1]" started-at="2025-11-16T23:58:44 IST" name="validateLoginPage" finished-at="2025-11-16T23:58:47 IST" duration-ms="2504" status="PASS">
          <reporter-output>
          </reporter-output>
        </test-method> <!-- validateLoginPage -->
        <test-method signature="testValidLogin()[pri:0, instance:com.qa.tests.LoginTest@aec50a1]" started-at="2025-11-16T23:58:47 IST" name="testValidLogin" finished-at="2025-11-16T23:58:49 IST" depends-on-methods="com.qa.tests.LoginTest.validateLoginPage" duration-ms="2143" status="PASS">
          <reporter-output>
          </reporter-output>
        </test-method> <!-- testValidLogin -->
      </class> <!-- com.qa.tests.LoginTest -->
    </test> <!-- Test -->
  </suite> <!-- Suite -->
</testng-results>
