<?xml version="1.0" encoding="UTF-8"?>
<testng-results ignored="0" total="23" passed="22" failed="1" skipped="0">
  <reporter-output>
  </reporter-output>
  <suite started-at="2025-12-22T16:58:03 IST" name="Suite" finished-at="2025-12-22T17:39:53 IST" duration-ms="2509632">
    <groups>
    </groups>
    <test started-at="2025-12-22T16:58:03 IST" name="Login Tests" finished-at="2025-12-22T16:58:07 IST" duration-ms="3506">
      <class name="com.qa.tests.LoginTest">
        <test-method signature="validateLoginPage()[pri:0, instance:com.qa.tests.LoginTest@16d04d3d]" started-at="2025-12-22T16:58:03 IST" name="validateLoginPage" finished-at="2025-12-22T16:58:05 IST" duration-ms="2078" status="PASS">
          <reporter-output>
          </reporter-output>
        </test-method> <!-- validateLoginPage -->
        <test-method signature="Login()[pri:0, instance:com.qa.tests.LoginTest@16d04d3d]" started-at="2025-12-22T16:58:05 IST" name="Login" finished-at="2025-12-22T16:58:07 IST" duration-ms="1383" status="PASS">
          <reporter-output>
          </reporter-output>
        </test-method> <!-- Login -->
      </class> <!-- com.qa.tests.LoginTest -->
    </test> <!-- Login Tests -->
    <test started-at="2025-12-22T16:58:07 IST" name="Home Page Tests" finished-at="2025-12-22T16:58:18 IST" duration-ms="10962">
      <class name="com.qa.tests.HomePageTest">
        <test-method signature="validateHomePage()[pri:0, instance:com.qa.tests.HomePageTest@55182842]" started-at="2025-12-22T16:58:07 IST" name="validateHomePage" finished-at="2025-12-22T16:58:18 IST" duration-ms="10686" status="FAIL">
          <exception class="org.openqa.selenium.TimeoutException">
            <message>
              <![CDATA[Expected condition failed: waiting for visibility of element located by By.xpath: //a[@title='Helpdesk'] (tried for 10 second(s) with 500 milliseconds interval)
Build info: version: '4.38.0', revision: '6b412e825c*'
System info: os.name: 'Windows 11', os.arch: 'amd64', os.version: '10.0', java.version: '21.0.3'
Driver info: org.openqa.selenium.chrome.ChromeDriver
Capabilities {acceptInsecureCerts: true, browserName: chrome, browserVersion: 143.0.7499.169, chrome: {chromedriverVersion: 143.0.7499.169 (164b20aab62..., userDataDir: C:\Users\ASHWIN~1\AppData\L...}, fedcm:accounts: true, goog:chromeOptions: {debuggerAddress: localhost:56636}, goog:processID: 53780, networkConnectionEnabled: false, pageLoadStrategy: normal, platformName: windows, proxy: Proxy(), se:cdp: ws://localhost:56636/devtoo..., se:cdpVersion: 143.0.7499.169, setWindowRect: true, strictFileInteractability: false, timeouts: {implicit: 0, pageLoad: 300000, script: 30000}, unhandledPromptBehavior: dismiss and notify, webauthn:extension:credBlob: true, webauthn:extension:largeBlob: true, webauthn:extension:minPinLength: true, webauthn:extension:prf: true, webauthn:virtualAuthenticators: true}
Session ID: fc78463207a11e402b14c11e3ae7ea4e]]>
            </message>
            <full-stacktrace>
              <![CDATA[org.openqa.selenium.TimeoutException: Expected condition failed: waiting for visibility of element located by By.xpath: //a[@title='Helpdesk'] (tried for 10 second(s) with 500 milliseconds interval)
Build info: version: '4.38.0', revision: '6b412e825c*'
System info: os.name: 'Windows 11', os.arch: 'amd64', os.version: '10.0', java.version: '21.0.3'
Driver info: org.openqa.selenium.chrome.ChromeDriver
Capabilities {acceptInsecureCerts: true, browserName: chrome, browserVersion: 143.0.7499.169, chrome: {chromedriverVersion: 143.0.7499.169 (164b20aab62..., userDataDir: C:\Users\ASHWIN~1\AppData\L...}, fedcm:accounts: true, goog:chromeOptions: {debuggerAddress: localhost:56636}, goog:processID: 53780, networkConnectionEnabled: false, pageLoadStrategy: normal, platformName: windows, proxy: Proxy(), se:cdp: ws://localhost:56636/devtoo..., se:cdpVersion: 143.0.7499.169, setWindowRect: true, strictFileInteractability: false, timeouts: {implicit: 0, pageLoad: 300000, script: 30000}, unhandledPromptBehavior: dismiss and notify, webauthn:extension:credBlob: true, webauthn:extension:largeBlob: true, webauthn:extension:minPinLength: true, webauthn:extension:prf: true, webauthn:virtualAuthenticators: true}
Session ID: fc78463207a11e402b14c11e3ae7ea4e
at org.openqa.selenium.support.ui.WebDriverWait.timeoutException(WebDriverWait.java:84)
at org.openqa.selenium.support.ui.FluentWait.until(FluentWait.java:228)
at com.qa.pages.HomePage.verifyHyperlinkIcons(HomePage.java:181)
at com.qa.pages.HomePage.homepageValidation(HomePage.java:42)
at com.qa.tests.HomePageTest.validateHomePage(HomePageTest.java:16)
at java.base/jdk.internal.reflect.DirectMethodHandleAccessor.invoke(DirectMethodHandleAccessor.java:103)
at java.base/java.lang.reflect.Method.invoke(Method.java:580)
at org.testng.internal.MethodInvocationHelper.invokeMethod(MethodInvocationHelper.java:133)
at org.testng.internal.TestInvoker.invokeMethod(TestInvoker.java:598)
at org.testng.internal.TestInvoker.invokeTestMethod(TestInvoker.java:173)
at org.testng.internal.MethodRunner.runInSequence(MethodRunner.java:46)
at org.testng.internal.TestInvoker$MethodInvocationAgent.invoke(TestInvoker.java:824)
at org.testng.internal.TestInvoker.invokeTestMethods(TestInvoker.java:146)
at org.testng.internal.TestMethodWorker.invokeTestMethods(TestMethodWorker.java:146)
at org.testng.internal.TestMethodWorker.run(TestMethodWorker.java:128)
at java.base/java.util.ArrayList.forEach(ArrayList.java:1596)
at org.testng.TestRunner.privateRun(TestRunner.java:794)
at org.testng.TestRunner.run(TestRunner.java:596)
at org.testng.SuiteRunner.runTest(SuiteRunner.java:377)
at org.testng.SuiteRunner.runSequentially(SuiteRunner.java:371)
at org.testng.SuiteRunner.privateRun(SuiteRunner.java:332)
at org.testng.SuiteRunner.run(SuiteRunner.java:276)
at org.testng.SuiteRunnerWorker.runSuite(SuiteRunnerWorker.java:53)
at org.testng.SuiteRunnerWorker.run(SuiteRunnerWorker.java:96)
at org.testng.TestNG.runSuitesSequentially(TestNG.java:1212)
at org.testng.TestNG.runSuitesLocally(TestNG.java:1134)
at org.testng.TestNG.runSuites(TestNG.java:1063)
at org.testng.TestNG.run(TestNG.java:1031)
at org.testng.remote.AbstractRemoteTestNG.run(AbstractRemoteTestNG.java:115)
at org.testng.remote.RemoteTestNG.initAndRun(RemoteTestNG.java:293)
at org.testng.remote.RemoteTestNG.main(RemoteTestNG.java:91)
]]>
            </full-stacktrace>
          </exception> <!-- org.openqa.selenium.TimeoutException -->
          <reporter-output>
          </reporter-output>
        </test-method> <!-- validateHomePage -->
      </class> <!-- com.qa.tests.HomePageTest -->
    </test> <!-- Home Page Tests -->
    <test started-at="2025-12-22T16:58:18 IST" name="Test Generator Page Tests" finished-at="2025-12-22T17:39:53 IST" duration-ms="2494715">
      <class name="com.qa.tests.TestGeneratorTest">
        <test-method is-config="true" signature="startSuite()[pri:0, instance:com.qa.tests.TestGeneratorTest@765d7657]" started-at="2025-12-22T16:58:00 IST" name="startSuite" finished-at="2025-12-22T16:58:03 IST" duration-ms="3255" status="PASS">
          <reporter-output>
          </reporter-output>
        </test-method> <!-- startSuite -->
        <test-method signature="createRuleUsingDynamicTemplate(java.lang.String,java.lang.String,java.lang.String,java.lang.String,java.lang.String,java.lang.String,java.lang.String,java.lang.String)[pri:0, instance:com.qa.tests.TestGeneratorTest@765d7657]" started-at="2025-12-22T16:58:19 IST" name="createRuleUsingDynamicTemplate" data-provider="ruleDataForDynamicTemplate" finished-at="2025-12-22T16:58:19 IST" duration-ms="8" status="PASS">
          <params>
            <param index="0">
              <value>
                <![CDATA[checksum]]>
              </value>
            </param>
            <param index="1">
              <value>
                <![CDATA[Compare Record Counts - Dynamic SQL]]>
              </value>
            </param>
            <param index="2">
              <value>
                <![CDATA[Test_Generator-WIP]]>
              </value>
            </param>
            <param index="3">
              <value>
                <![CDATA[TestGenerator]]>
              </value>
            </param>
            <param index="4">
              <value>
                <![CDATA[Database]]>
              </value>
            </param>
            <param index="5">
              <value>
                <![CDATA[postgreSQL]]>
              </value>
            </param>
            <param index="6">
              <value>
                <![CDATA[public]]>
              </value>
            </param>
            <param index="7">
              <value>
                <![CDATA[staff]]>
              </value>
            </param>
          </params>
          <reporter-output>
          </reporter-output>
        </test-method> <!-- createRuleUsingDynamicTemplate -->
        <test-method signature="createRuleUsingDynamicTemplate(java.lang.String,java.lang.String,java.lang.String,java.lang.String,java.lang.String,java.lang.String,java.lang.String,java.lang.String)[pri:0, instance:com.qa.tests.TestGeneratorTest@765d7657]" started-at="2025-12-22T16:58:19 IST" name="createRuleUsingDynamicTemplate" data-provider="ruleDataForDynamicTemplate" finished-at="2025-12-22T16:58:19 IST" duration-ms="2" status="PASS">
          <params>
            <param index="0">
              <value>
                <![CDATA[recon]]>
              </value>
            </param>
            <param index="1">
              <value>
                <![CDATA[Specify Column for Diff - Full Data Compare Dynamic SQL]]>
              </value>
            </param>
            <param index="2">
              <value>
                <![CDATA[Test_Generator-WIP]]>
              </value>
            </param>
            <param index="3">
              <value>
                <![CDATA[TestGenerator]]>
              </value>
            </param>
            <param index="4">
              <value>
                <![CDATA[Database]]>
              </value>
            </param>
            <param index="5">
              <value>
                <![CDATA[postgreSQL]]>
              </value>
            </param>
            <param index="6">
              <value>
                <![CDATA[public]]>
              </value>
            </param>
            <param index="7">
              <value>
                <![CDATA[staff]]>
              </value>
            </param>
          </params>
          <reporter-output>
          </reporter-output>
        </test-method> <!-- createRuleUsingDynamicTemplate -->
        <test-method signature="createRuleUsingDynamicTemplate(java.lang.String,java.lang.String,java.lang.String,java.lang.String,java.lang.String,java.lang.String,java.lang.String,java.lang.String)[pri:0, instance:com.qa.tests.TestGeneratorTest@765d7657]" started-at="2025-12-22T16:58:19 IST" name="createRuleUsingDynamicTemplate" data-provider="ruleDataForDynamicTemplate" finished-at="2025-12-22T16:58:19 IST" duration-ms="1" status="PASS">
          <params>
            <param index="0">
              <value>
                <![CDATA[validation]]>
              </value>
            </param>
            <param index="1">
              <value>
                <![CDATA[Data Validation - Dynamic SQL]]>
              </value>
            </param>
            <param index="2">
              <value>
                <![CDATA[Test_Generator-WIP]]>
              </value>
            </param>
            <param index="3">
              <value>
                <![CDATA[TestGenerator]]>
              </value>
            </param>
            <param index="4">
              <value>
                <![CDATA[Database]]>
              </value>
            </param>
            <param index="5">
              <value>
                <![CDATA[postgreSQL]]>
              </value>
            </param>
            <param index="6">
              <value>
                <![CDATA[public]]>
              </value>
            </param>
            <param index="7">
              <value>
                <![CDATA[staff]]>
              </value>
            </param>
          </params>
          <reporter-output>
          </reporter-output>
        </test-method> <!-- createRuleUsingDynamicTemplate -->
        <test-method signature="createRuleUsingDynamicTemplate(java.lang.String,java.lang.String,java.lang.String,java.lang.String,java.lang.String,java.lang.String,java.lang.String,java.lang.String)[pri:0, instance:com.qa.tests.TestGeneratorTest@765d7657]" started-at="2025-12-22T16:58:19 IST" name="createRuleUsingDynamicTemplate" data-provider="ruleDataForDynamicTemplate" finished-at="2025-12-22T16:58:19 IST" duration-ms="1" status="PASS">
          <params>
            <param index="0">
              <value>
                <![CDATA[pushdown]]>
              </value>
            </param>
            <param index="1">
              <value>
                <![CDATA[Data Pushdown Validation - Dynamic SQL]]>
              </value>
            </param>
            <param index="2">
              <value>
                <![CDATA[Test_Generator-WIP]]>
              </value>
            </param>
            <param index="3">
              <value>
                <![CDATA[TestGenerator]]>
              </value>
            </param>
            <param index="4">
              <value>
                <![CDATA[Database]]>
              </value>
            </param>
            <param index="5">
              <value>
                <![CDATA[postgreSQL]]>
              </value>
            </param>
            <param index="6">
              <value>
                <![CDATA[public]]>
              </value>
            </param>
            <param index="7">
              <value>
                <![CDATA[staff]]>
              </value>
            </param>
          </params>
          <reporter-output>
          </reporter-output>
        </test-method> <!-- createRuleUsingDynamicTemplate -->
        <test-method signature="createRuleUsingDynamicTemplate(java.lang.String,java.lang.String,java.lang.String,java.lang.String,java.lang.String,java.lang.String,java.lang.String,java.lang.String)[pri:0, instance:com.qa.tests.TestGeneratorTest@765d7657]" started-at="2025-12-22T16:58:19 IST" name="createRuleUsingDynamicTemplate" data-provider="ruleDataForDynamicTemplate" finished-at="2025-12-22T17:04:07 IST" duration-ms="348374" status="PASS">
          <params>
            <param index="0">
              <value>
                <![CDATA[checksum]]>
              </value>
            </param>
            <param index="1">
              <value>
                <![CDATA[Compare Record Counts - Dynamic SQL]]>
              </value>
            </param>
            <param index="2">
              <value>
                <![CDATA[Test_Generator-WIP]]>
              </value>
            </param>
            <param index="3">
              <value>
                <![CDATA[TestGenerator]]>
              </value>
            </param>
            <param index="4">
              <value>
                <![CDATA[Cloud Data Warehouse]]>
              </value>
            </param>
            <param index="5">
              <value>
                <![CDATA[Redshift-with-jdbc-UserConn]]>
              </value>
            </param>
            <param index="6">
              <value>
                <![CDATA[regression_database]]>
              </value>
            </param>
            <param index="7">
              <value>
                <![CDATA[staff]]>
              </value>
            </param>
          </params>
          <reporter-output>
          </reporter-output>
        </test-method> <!-- createRuleUsingDynamicTemplate -->
        <test-method signature="createRuleUsingDynamicTemplate(java.lang.String,java.lang.String,java.lang.String,java.lang.String,java.lang.String,java.lang.String,java.lang.String,java.lang.String)[pri:0, instance:com.qa.tests.TestGeneratorTest@765d7657]" started-at="2025-12-22T17:04:07 IST" name="createRuleUsingDynamicTemplate" data-provider="ruleDataForDynamicTemplate" finished-at="2025-12-22T17:07:13 IST" duration-ms="186037" status="PASS">
          <params>
            <param index="0">
              <value>
                <![CDATA[recon]]>
              </value>
            </param>
            <param index="1">
              <value>
                <![CDATA[Specify Column for Diff - Full Data Compare Dynamic SQL]]>
              </value>
            </param>
            <param index="2">
              <value>
                <![CDATA[Test_Generator-WIP]]>
              </value>
            </param>
            <param index="3">
              <value>
                <![CDATA[TestGenerator]]>
              </value>
            </param>
            <param index="4">
              <value>
                <![CDATA[Cloud Data Warehouse]]>
              </value>
            </param>
            <param index="5">
              <value>
                <![CDATA[Redshift-with-jdbc-UserConn]]>
              </value>
            </param>
            <param index="6">
              <value>
                <![CDATA[regression_database]]>
              </value>
            </param>
            <param index="7">
              <value>
                <![CDATA[staff]]>
              </value>
            </param>
          </params>
          <reporter-output>
          </reporter-output>
        </test-method> <!-- createRuleUsingDynamicTemplate -->
        <test-method signature="createRuleUsingDynamicTemplate(java.lang.String,java.lang.String,java.lang.String,java.lang.String,java.lang.String,java.lang.String,java.lang.String,java.lang.String)[pri:0, instance:com.qa.tests.TestGeneratorTest@765d7657]" started-at="2025-12-22T17:07:13 IST" name="createRuleUsingDynamicTemplate" data-provider="ruleDataForDynamicTemplate" finished-at="2025-12-22T17:09:23 IST" duration-ms="129856" status="PASS">
          <params>
            <param index="0">
              <value>
                <![CDATA[validation]]>
              </value>
            </param>
            <param index="1">
              <value>
                <![CDATA[Data Validation - Dynamic SQL]]>
              </value>
            </param>
            <param index="2">
              <value>
                <![CDATA[Test_Generator-WIP]]>
              </value>
            </param>
            <param index="3">
              <value>
                <![CDATA[TestGenerator]]>
              </value>
            </param>
            <param index="4">
              <value>
                <![CDATA[Cloud Data Warehouse]]>
              </value>
            </param>
            <param index="5">
              <value>
                <![CDATA[Redshift-with-jdbc-UserConn]]>
              </value>
            </param>
            <param index="6">
              <value>
                <![CDATA[regression_database]]>
              </value>
            </param>
            <param index="7">
              <value>
                <![CDATA[staff]]>
              </value>
            </param>
          </params>
          <reporter-output>
          </reporter-output>
        </test-method> <!-- createRuleUsingDynamicTemplate -->
        <test-method signature="createRuleUsingDynamicTemplate(java.lang.String,java.lang.String,java.lang.String,java.lang.String,java.lang.String,java.lang.String,java.lang.String,java.lang.String)[pri:0, instance:com.qa.tests.TestGeneratorTest@765d7657]" started-at="2025-12-22T17:09:23 IST" name="createRuleUsingDynamicTemplate" data-provider="ruleDataForDynamicTemplate" finished-at="2025-12-22T17:11:29 IST" duration-ms="125989" status="PASS">
          <params>
            <param index="0">
              <value>
                <![CDATA[pushdown]]>
              </value>
            </param>
            <param index="1">
              <value>
                <![CDATA[Data Pushdown Validation - Dynamic SQL]]>
              </value>
            </param>
            <param index="2">
              <value>
                <![CDATA[Test_Generator-WIP]]>
              </value>
            </param>
            <param index="3">
              <value>
                <![CDATA[TestGenerator]]>
              </value>
            </param>
            <param index="4">
              <value>
                <![CDATA[Cloud Data Warehouse]]>
              </value>
            </param>
            <param index="5">
              <value>
                <![CDATA[Redshift-with-jdbc-UserConn]]>
              </value>
            </param>
            <param index="6">
              <value>
                <![CDATA[regression_database]]>
              </value>
            </param>
            <param index="7">
              <value>
                <![CDATA[staff]]>
              </value>
            </param>
          </params>
          <reporter-output>
          </reporter-output>
        </test-method> <!-- createRuleUsingDynamicTemplate -->
        <test-method signature="createRuleUsingImportTemplate(java.lang.String,java.lang.String,java.lang.String,java.lang.String,java.lang.String,java.lang.String)[pri:0, instance:com.qa.tests.TestGeneratorTest@765d7657]" started-at="2025-12-22T17:11:29 IST" name="createRuleUsingImportTemplate" data-provider="ruleDataForImportTemplate" finished-at="2025-12-22T17:13:32 IST" duration-ms="123327" status="PASS">
          <params>
            <param index="0">
              <value>
                <![CDATA[checksum]]>
              </value>
            </param>
            <param index="1">
              <value>
                <![CDATA[Compare Record Counts - Import SQL]]>
              </value>
            </param>
            <param index="2">
              <value>
                <![CDATA[Test_Generator-WIP]]>
              </value>
            </param>
            <param index="3">
              <value>
                <![CDATA[TestGenerator]]>
              </value>
            </param>
            <param index="4">
              <value>
                <![CDATA[Database]]>
              </value>
            </param>
            <param index="5">
              <value>
                <![CDATA[postgreSQL]]>
              </value>
            </param>
          </params>
          <reporter-output>
          </reporter-output>
        </test-method> <!-- createRuleUsingImportTemplate -->
        <test-method signature="createRuleUsingImportTemplate(java.lang.String,java.lang.String,java.lang.String,java.lang.String,java.lang.String,java.lang.String)[pri:0, instance:com.qa.tests.TestGeneratorTest@765d7657]" started-at="2025-12-22T17:13:32 IST" name="createRuleUsingImportTemplate" data-provider="ruleDataForImportTemplate" finished-at="2025-12-22T17:15:15 IST" duration-ms="102295" status="PASS">
          <params>
            <param index="0">
              <value>
                <![CDATA[recon]]>
              </value>
            </param>
            <param index="1">
              <value>
                <![CDATA[Diff and Expression based on Column Position - Import SQL]]>
              </value>
            </param>
            <param index="2">
              <value>
                <![CDATA[Test_Generator-WIP]]>
              </value>
            </param>
            <param index="3">
              <value>
                <![CDATA[TestGenerator]]>
              </value>
            </param>
            <param index="4">
              <value>
                <![CDATA[Database]]>
              </value>
            </param>
            <param index="5">
              <value>
                <![CDATA[postgreSQL]]>
              </value>
            </param>
          </params>
          <reporter-output>
          </reporter-output>
        </test-method> <!-- createRuleUsingImportTemplate -->
        <test-method signature="createRuleUsingImportTemplate(java.lang.String,java.lang.String,java.lang.String,java.lang.String,java.lang.String,java.lang.String)[pri:0, instance:com.qa.tests.TestGeneratorTest@765d7657]" started-at="2025-12-22T17:15:15 IST" name="createRuleUsingImportTemplate" data-provider="ruleDataForImportTemplate" finished-at="2025-12-22T17:17:01 IST" duration-ms="106376" status="PASS">
          <params>
            <param index="0">
              <value>
                <![CDATA[validation]]>
              </value>
            </param>
            <param index="1">
              <value>
                <![CDATA[Data Validation - Import SQL]]>
              </value>
            </param>
            <param index="2">
              <value>
                <![CDATA[Test_Generator-WIP]]>
              </value>
            </param>
            <param index="3">
              <value>
                <![CDATA[TestGenerator]]>
              </value>
            </param>
            <param index="4">
              <value>
                <![CDATA[Database]]>
              </value>
            </param>
            <param index="5">
              <value>
                <![CDATA[postgreSQL]]>
              </value>
            </param>
          </params>
          <reporter-output>
          </reporter-output>
        </test-method> <!-- createRuleUsingImportTemplate -->
        <test-method signature="createRuleUsingImportTemplate(java.lang.String,java.lang.String,java.lang.String,java.lang.String,java.lang.String,java.lang.String)[pri:0, instance:com.qa.tests.TestGeneratorTest@765d7657]" started-at="2025-12-22T17:17:01 IST" name="createRuleUsingImportTemplate" data-provider="ruleDataForImportTemplate" finished-at="2025-12-22T17:18:34 IST" duration-ms="93083" status="PASS">
          <params>
            <param index="0">
              <value>
                <![CDATA[pushdown]]>
              </value>
            </param>
            <param index="1">
              <value>
                <![CDATA[Data Pushdown Validation - Import SQL]]>
              </value>
            </param>
            <param index="2">
              <value>
                <![CDATA[Test_Generator-WIP]]>
              </value>
            </param>
            <param index="3">
              <value>
                <![CDATA[TestGenerator]]>
              </value>
            </param>
            <param index="4">
              <value>
                <![CDATA[Database]]>
              </value>
            </param>
            <param index="5">
              <value>
                <![CDATA[postgreSQL]]>
              </value>
            </param>
          </params>
          <reporter-output>
          </reporter-output>
        </test-method> <!-- createRuleUsingImportTemplate -->
        <test-method signature="createRuleUsingImportTemplate(java.lang.String,java.lang.String,java.lang.String,java.lang.String,java.lang.String,java.lang.String)[pri:0, instance:com.qa.tests.TestGeneratorTest@765d7657]" started-at="2025-12-22T17:18:34 IST" name="createRuleUsingImportTemplate" data-provider="ruleDataForImportTemplate" finished-at="2025-12-22T17:20:15 IST" duration-ms="100280" status="PASS">
          <params>
            <param index="0">
              <value>
                <![CDATA[checksum]]>
              </value>
            </param>
            <param index="1">
              <value>
                <![CDATA[Compare Record Counts - Import SQL]]>
              </value>
            </param>
            <param index="2">
              <value>
                <![CDATA[Test_Generator-WIP]]>
              </value>
            </param>
            <param index="3">
              <value>
                <![CDATA[TestGenerator]]>
              </value>
            </param>
            <param index="4">
              <value>
                <![CDATA[Cloud Data Warehouse]]>
              </value>
            </param>
            <param index="5">
              <value>
                <![CDATA[Redshift-with-jdbc-UserConn]]>
              </value>
            </param>
          </params>
          <reporter-output>
          </reporter-output>
        </test-method> <!-- createRuleUsingImportTemplate -->
        <test-method signature="createRuleUsingImportTemplate(java.lang.String,java.lang.String,java.lang.String,java.lang.String,java.lang.String,java.lang.String)[pri:0, instance:com.qa.tests.TestGeneratorTest@765d7657]" started-at="2025-12-22T17:20:15 IST" name="createRuleUsingImportTemplate" data-provider="ruleDataForImportTemplate" finished-at="2025-12-22T17:23:01 IST" duration-ms="166532" status="PASS">
          <params>
            <param index="0">
              <value>
                <![CDATA[recon]]>
              </value>
            </param>
            <param index="1">
              <value>
                <![CDATA[Diff and Expression based on Column Position - Import SQL]]>
              </value>
            </param>
            <param index="2">
              <value>
                <![CDATA[Test_Generator-WIP]]>
              </value>
            </param>
            <param index="3">
              <value>
                <![CDATA[TestGenerator]]>
              </value>
            </param>
            <param index="4">
              <value>
                <![CDATA[Cloud Data Warehouse]]>
              </value>
            </param>
            <param index="5">
              <value>
                <![CDATA[Redshift-with-jdbc-UserConn]]>
              </value>
            </param>
          </params>
          <reporter-output>
          </reporter-output>
        </test-method> <!-- createRuleUsingImportTemplate -->
        <test-method signature="createRuleUsingImportTemplate(java.lang.String,java.lang.String,java.lang.String,java.lang.String,java.lang.String,java.lang.String)[pri:0, instance:com.qa.tests.TestGeneratorTest@765d7657]" started-at="2025-12-22T17:23:01 IST" name="createRuleUsingImportTemplate" data-provider="ruleDataForImportTemplate" finished-at="2025-12-22T17:25:11 IST" duration-ms="129683" status="PASS">
          <params>
            <param index="0">
              <value>
                <![CDATA[validation]]>
              </value>
            </param>
            <param index="1">
              <value>
                <![CDATA[Data Validation - Import SQL]]>
              </value>
            </param>
            <param index="2">
              <value>
                <![CDATA[Test_Generator-WIP]]>
              </value>
            </param>
            <param index="3">
              <value>
                <![CDATA[TestGenerator]]>
              </value>
            </param>
            <param index="4">
              <value>
                <![CDATA[Cloud Data Warehouse]]>
              </value>
            </param>
            <param index="5">
              <value>
                <![CDATA[Redshift-with-jdbc-UserConn]]>
              </value>
            </param>
          </params>
          <reporter-output>
          </reporter-output>
        </test-method> <!-- createRuleUsingImportTemplate -->
        <test-method signature="createRuleUsingImportTemplate(java.lang.String,java.lang.String,java.lang.String,java.lang.String,java.lang.String,java.lang.String)[pri:0, instance:com.qa.tests.TestGeneratorTest@765d7657]" started-at="2025-12-22T17:25:11 IST" name="createRuleUsingImportTemplate" data-provider="ruleDataForImportTemplate" finished-at="2025-12-22T17:27:21 IST" duration-ms="130095" status="PASS">
          <params>
            <param index="0">
              <value>
                <![CDATA[pushdown]]>
              </value>
            </param>
            <param index="1">
              <value>
                <![CDATA[Data Pushdown Validation - Import SQL]]>
              </value>
            </param>
            <param index="2">
              <value>
                <![CDATA[Test_Generator-WIP]]>
              </value>
            </param>
            <param index="3">
              <value>
                <![CDATA[TestGenerator]]>
              </value>
            </param>
            <param index="4">
              <value>
                <![CDATA[Cloud Data Warehouse]]>
              </value>
            </param>
            <param index="5">
              <value>
                <![CDATA[Redshift-with-jdbc-UserConn]]>
              </value>
            </param>
          </params>
          <reporter-output>
          </reporter-output>
        </test-method> <!-- createRuleUsingImportTemplate -->
        <test-method signature="createRuleUsingImportTemplate(java.lang.String,java.lang.String,java.lang.String,java.lang.String,java.lang.String,java.lang.String)[pri:0, instance:com.qa.tests.TestGeneratorTest@765d7657]" started-at="2025-12-22T17:27:21 IST" name="createRuleUsingImportTemplate" data-provider="ruleDataForImportTemplate" finished-at="2025-12-22T17:30:23 IST" duration-ms="182037" status="PASS">
          <params>
            <param index="0">
              <value>
                <![CDATA[checksum]]>
              </value>
            </param>
            <param index="1">
              <value>
                <![CDATA[Compare Record Counts - Import SQL]]>
              </value>
            </param>
            <param index="2">
              <value>
                <![CDATA[Test_Generator-WIP]]>
              </value>
            </param>
            <param index="3">
              <value>
                <![CDATA[TestGenerator]]>
              </value>
            </param>
            <param index="4">
              <value>
                <![CDATA[File]]>
              </value>
            </param>
            <param index="5">
              <value>
                <![CDATA[FlatFileSQL-S3-AWS-IAM-Sysonn]]>
              </value>
            </param>
          </params>
          <reporter-output>
          </reporter-output>
        </test-method> <!-- createRuleUsingImportTemplate -->
        <test-method signature="createRuleUsingImportTemplate(java.lang.String,java.lang.String,java.lang.String,java.lang.String,java.lang.String,java.lang.String)[pri:0, instance:com.qa.tests.TestGeneratorTest@765d7657]" started-at="2025-12-22T17:30:23 IST" name="createRuleUsingImportTemplate" data-provider="ruleDataForImportTemplate" finished-at="2025-12-22T17:34:12 IST" duration-ms="228883" status="PASS">
          <params>
            <param index="0">
              <value>
                <![CDATA[recon]]>
              </value>
            </param>
            <param index="1">
              <value>
                <![CDATA[Diff and Expression based on Column Position - Import SQL]]>
              </value>
            </param>
            <param index="2">
              <value>
                <![CDATA[Test_Generator-WIP]]>
              </value>
            </param>
            <param index="3">
              <value>
                <![CDATA[TestGenerator]]>
              </value>
            </param>
            <param index="4">
              <value>
                <![CDATA[File]]>
              </value>
            </param>
            <param index="5">
              <value>
                <![CDATA[FlatFileSQL-S3-AWS-IAM-Sysonn]]>
              </value>
            </param>
          </params>
          <reporter-output>
          </reporter-output>
        </test-method> <!-- createRuleUsingImportTemplate -->
        <test-method signature="createRuleUsingImportTemplate(java.lang.String,java.lang.String,java.lang.String,java.lang.String,java.lang.String,java.lang.String)[pri:0, instance:com.qa.tests.TestGeneratorTest@765d7657]" started-at="2025-12-22T17:34:12 IST" name="createRuleUsingImportTemplate" data-provider="ruleDataForImportTemplate" finished-at="2025-12-22T17:37:17 IST" duration-ms="185492" status="PASS">
          <params>
            <param index="0">
              <value>
                <![CDATA[validation]]>
              </value>
            </param>
            <param index="1">
              <value>
                <![CDATA[Data Validation - Import SQL]]>
              </value>
            </param>
            <param index="2">
              <value>
                <![CDATA[Test_Generator-WIP]]>
              </value>
            </param>
            <param index="3">
              <value>
                <![CDATA[TestGenerator]]>
              </value>
            </param>
            <param index="4">
              <value>
                <![CDATA[File]]>
              </value>
            </param>
            <param index="5">
              <value>
                <![CDATA[FlatFileSQL-S3-AWS-IAM-Sysonn]]>
              </value>
            </param>
          </params>
          <reporter-output>
          </reporter-output>
        </test-method> <!-- createRuleUsingImportTemplate -->
        <test-method signature="createRuleUsingImportTemplate(java.lang.String,java.lang.String,java.lang.String,java.lang.String,java.lang.String,java.lang.String)[pri:0, instance:com.qa.tests.TestGeneratorTest@765d7657]" started-at="2025-12-22T17:37:17 IST" name="createRuleUsingImportTemplate" data-provider="ruleDataForImportTemplate" finished-at="2025-12-22T17:39:53 IST" duration-ms="155561" status="PASS">
          <params>
            <param index="0">
              <value>
                <![CDATA[pushdown]]>
              </value>
            </param>
            <param index="1">
              <value>
                <![CDATA[Data Pushdown Validation - Import SQL]]>
              </value>
            </param>
            <param index="2">
              <value>
                <![CDATA[Test_Generator-WIP]]>
              </value>
            </param>
            <param index="3">
              <value>
                <![CDATA[TestGenerator]]>
              </value>
            </param>
            <param index="4">
              <value>
                <![CDATA[File]]>
              </value>
            </param>
            <param index="5">
              <value>
                <![CDATA[FlatFileSQL-S3-AWS-IAM-Sysonn]]>
              </value>
            </param>
          </params>
          <reporter-output>
          </reporter-output>
        </test-method> <!-- createRuleUsingImportTemplate -->
        <test-method is-config="true" signature="endSuite()[pri:0, instance:com.qa.tests.TestGeneratorTest@765d7657]" started-at="2025-12-22T17:39:53 IST" name="endSuite" finished-at="2025-12-22T17:39:54 IST" duration-ms="548" status="PASS">
          <reporter-output>
          </reporter-output>
        </test-method> <!-- endSuite -->
      </class> <!-- com.qa.tests.TestGeneratorTest -->
    </test> <!-- Test Generator Page Tests -->
  </suite> <!-- Suite -->
</testng-results>
