<?xml version="1.0" encoding="UTF-8"?>
<testng-results ignored="4" total="8" passed="4" failed="0" skipped="0">
  <reporter-output>
  </reporter-output>
  <suite started-at="2025-11-19T16:13:13 IST" name="Suite" finished-at="2025-11-19T16:15:00 IST" duration-ms="107198">
    <groups>
    </groups>
    <test started-at="2025-11-19T16:13:13 IST" name="Test" finished-at="2025-11-19T16:15:00 IST" duration-ms="107198">
      <class name="com.qa.tests.HomePageTest">
        <test-method signature="homePageValidation()[pri:0, instance:com.qa.tests.HomePageTest@3a93b025]" started-at="2025-11-19T16:13:19 IST" name="homePageValidation" finished-at="2025-11-19T16:13:19 IST" duration-ms="13" status="PASS">
          <reporter-output>
          </reporter-output>
        </test-method> <!-- homePageValidation -->
      </class> <!-- com.qa.tests.HomePageTest -->
      <class name="com.qa.tests.TestGeneratorTest">
        <test-method signature="selectTestGenrator()[pri:0, instance:com.qa.tests.TestGeneratorTest@7fe7c640]" started-at="2025-11-19T16:13:19 IST" name="selectTestGenrator" finished-at="2025-11-19T16:15:00 IST" duration-ms="101037" status="PASS">
          <reporter-output>
          </reporter-output>
        </test-method> <!-- selectTestGenrator -->
      </class> <!-- com.qa.tests.TestGeneratorTest -->
      <class name="com.qa.tests.LoginTest">
        <test-method is-config="true" signature="startSuite()[pri:0, instance:com.qa.tests.LoginTest@16293aa2]" started-at="2025-11-19T16:13:02 IST" name="startSuite" finished-at="2025-11-19T16:13:13 IST" duration-ms="11518" status="PASS">
          <reporter-output>
          </reporter-output>
        </test-method> <!-- startSuite -->
        <test-method signature="validateLoginPage()[pri:0, instance:com.qa.tests.LoginTest@16293aa2]" started-at="2025-11-19T16:13:13 IST" name="validateLoginPage" finished-at="2025-11-19T16:13:16 IST" duration-ms="3275" status="PASS">
          <reporter-output>
          </reporter-output>
        </test-method> <!-- validateLoginPage -->
        <test-method signature="testValidLogin()[pri:0, instance:com.qa.tests.LoginTest@16293aa2]" started-at="2025-11-19T16:13:16 IST" name="testValidLogin" finished-at="2025-11-19T16:13:19 IST" depends-on-methods="com.qa.tests.LoginTest.validateLoginPage" duration-ms="2778" status="PASS">
          <reporter-output>
          </reporter-output>
        </test-method> <!-- testValidLogin -->
        <test-method is-config="true" signature="endSuite()[pri:0, instance:com.qa.tests.LoginTest@16293aa2]" started-at="2025-11-19T16:15:01 IST" name="endSuite" finished-at="2025-11-19T16:15:01 IST" duration-ms="452" status="PASS">
          <reporter-output>
          </reporter-output>
        </test-method> <!-- endSuite -->
      </class> <!-- com.qa.tests.LoginTest -->
    </test> <!-- Test -->
  </suite> <!-- Suite -->
</testng-results>
