<?xml version="1.0" encoding="UTF-8"?>
<testng-results ignored="1" total="12" passed="7" failed="4" skipped="0">
  <reporter-output>
  </reporter-output>
  <suite started-at="2025-12-23T19:31:53 IST" name="Suite" finished-at="2025-12-23T19:37:25 IST" duration-ms="332105">
    <groups>
    </groups>
    <test started-at="2025-12-23T19:31:53 IST" name="Login Tests" finished-at="2025-12-23T19:31:56 IST" duration-ms="3129">
      <class name="com.qa.tests.LoginTest">
        <test-method signature="validateLoginPage()[pri:0, instance:com.qa.tests.LoginTest@436813f3]" started-at="2025-12-23T19:31:53 IST" name="validateLoginPage" finished-at="2025-12-23T19:31:54 IST" duration-ms="1391" status="PASS">
          <reporter-output>
          </reporter-output>
        </test-method> <!-- validateLoginPage -->
        <test-method signature="Login()[pri:0, instance:com.qa.tests.LoginTest@436813f3]" started-at="2025-12-23T19:31:54 IST" name="Login" finished-at="2025-12-23T19:31:56 IST" duration-ms="1691" status="PASS">
          <reporter-output>
          </reporter-output>
        </test-method> <!-- Login -->
      </class> <!-- com.qa.tests.LoginTest -->
    </test> <!-- Login Tests -->
    <test started-at="2025-12-23T19:31:56 IST" name="Home Page Tests" finished-at="2025-12-23T19:31:58 IST" duration-ms="1427">
      <class name="com.qa.tests.HomePageTest">
        <test-method signature="validateHomePage()[pri:0, instance:com.qa.tests.HomePageTest@14cd1699]" started-at="2025-12-23T19:31:56 IST" name="validateHomePage" finished-at="2025-12-23T19:31:58 IST" duration-ms="1417" status="PASS">
          <reporter-output>
          </reporter-output>
        </test-method> <!-- validateHomePage -->
      </class> <!-- com.qa.tests.HomePageTest -->
    </test> <!-- Home Page Tests -->
    <test started-at="2025-12-23T19:31:58 IST" name="Test Generator Page Tests" finished-at="2025-12-23T19:37:25 IST" duration-ms="326868">
      <class name="com.qa.tests.TestGeneratorTest">
        <test-method is-config="true" signature="startSuite()[pri:0, instance:com.qa.tests.TestGeneratorTest@6771beb3]" started-at="2025-12-23T19:31:47 IST" name="startSuite" finished-at="2025-12-23T19:31:53 IST" duration-ms="5037" status="PASS">
          <reporter-output>
          </reporter-output>
        </test-method> <!-- startSuite -->
        <test-method signature="createRuleUsingDynamicTemplate(java.lang.String,java.lang.String,java.lang.String,java.lang.String,java.lang.String,java.lang.String,java.lang.String,java.lang.String)[pri:0, instance:com.qa.tests.TestGeneratorTest@6771beb3]" started-at="2025-12-23T19:31:59 IST" name="createRuleUsingDynamicTemplate" data-provider="ruleDataForDynamicTemplate" finished-at="2025-12-23T19:33:01 IST" duration-ms="62518" status="FAIL">
          <params>
            <param index="0">
              <value>
                <![CDATA[checksum]]>
              </value>
            </param>
            <param index="1">
              <value>
                <![CDATA[Compare Record Counts - Dynamic SQL]]>
              </value>
            </param>
            <param index="2">
              <value>
                <![CDATA[Test_Generator-WIP]]>
              </value>
            </param>
            <param index="3">
              <value>
                <![CDATA[TestGenerator]]>
              </value>
            </param>
            <param index="4">
              <value>
                <![CDATA[Database]]>
              </value>
            </param>
            <param index="5">
              <value>
                <![CDATA[postgreSQL]]>
              </value>
            </param>
            <param index="6">
              <value>
                <![CDATA[public]]>
              </value>
            </param>
            <param index="7">
              <value>
                <![CDATA[staff]]>
              </value>
            </param>
          </params>
          <exception class="com.qa.pages.TestGeneratorPage$FlowAbortException">
            <message>
              <![CDATA[Flow aborted: Select Source Dataset: Database/postgreSQL/public]]>
            </message>
            <full-stacktrace>
              <![CDATA[com.qa.pages.TestGeneratorPage$FlowAbortException: Flow aborted: Select Source Dataset: Database/postgreSQL/public
at com.qa.pages.TestGeneratorPage.executeStep(TestGeneratorPage.java:125)
at com.qa.pages.TestGeneratorPage.createRuleUsingDefaultDynamicTemplate(TestGeneratorPage.java:170)
at com.qa.tests.TestGeneratorTest.createRuleUsingDynamicTemplate(TestGeneratorTest.java:37)
at java.base/jdk.internal.reflect.DirectMethodHandleAccessor.invoke(DirectMethodHandleAccessor.java:103)
at java.base/java.lang.reflect.Method.invoke(Method.java:580)
at org.testng.internal.MethodInvocationHelper.invokeMethod(MethodInvocationHelper.java:133)
at org.testng.internal.TestInvoker.invokeMethod(TestInvoker.java:598)
at org.testng.internal.TestInvoker.invokeTestMethod(TestInvoker.java:173)
at org.testng.internal.MethodRunner.runInSequence(MethodRunner.java:46)
at org.testng.internal.TestInvoker$MethodInvocationAgent.invoke(TestInvoker.java:824)
at org.testng.internal.TestInvoker.invokeTestMethods(TestInvoker.java:146)
at org.testng.internal.TestMethodWorker.invokeTestMethods(TestMethodWorker.java:146)
at org.testng.internal.TestMethodWorker.run(TestMethodWorker.java:128)
at java.base/java.util.ArrayList.forEach(ArrayList.java:1596)
at org.testng.TestRunner.privateRun(TestRunner.java:794)
at org.testng.TestRunner.run(TestRunner.java:596)
at org.testng.SuiteRunner.runTest(SuiteRunner.java:377)
at org.testng.SuiteRunner.runSequentially(SuiteRunner.java:371)
at org.testng.SuiteRunner.privateRun(SuiteRunner.java:332)
at org.testng.SuiteRunner.run(SuiteRunner.java:276)
at org.testng.SuiteRunnerWorker.runSuite(SuiteRunnerWorker.java:53)
at org.testng.SuiteRunnerWorker.run(SuiteRunnerWorker.java:96)
at org.testng.TestNG.runSuitesSequentially(TestNG.java:1212)
at org.testng.TestNG.runSuitesLocally(TestNG.java:1134)
at org.testng.TestNG.runSuites(TestNG.java:1063)
at org.testng.TestNG.run(TestNG.java:1031)
at org.testng.remote.AbstractRemoteTestNG.run(AbstractRemoteTestNG.java:115)
at org.testng.remote.RemoteTestNG.initAndRun(RemoteTestNG.java:293)
at org.testng.remote.RemoteTestNG.main(RemoteTestNG.java:91)
Caused by: java.lang.RuntimeException: Cannot fetch the schema for inactive connection | No crawl data found for this connector. | 
at com.qa.pages.TestGeneratorPage.executeStep(TestGeneratorPage.java:109)
... 28 more
]]>
            </full-stacktrace>
          </exception> <!-- com.qa.pages.TestGeneratorPage$FlowAbortException -->
          <reporter-output>
          </reporter-output>
        </test-method> <!-- createRuleUsingDynamicTemplate -->
        <test-method signature="createRuleUsingDynamicTemplate(java.lang.String,java.lang.String,java.lang.String,java.lang.String,java.lang.String,java.lang.String,java.lang.String,java.lang.String)[pri:0, instance:com.qa.tests.TestGeneratorTest@6771beb3]" started-at="2025-12-23T19:33:02 IST" name="createRuleUsingDynamicTemplate" data-provider="ruleDataForDynamicTemplate" finished-at="2025-12-23T19:33:59 IST" duration-ms="57655" status="FAIL">
          <params>
            <param index="0">
              <value>
                <![CDATA[recon]]>
              </value>
            </param>
            <param index="1">
              <value>
                <![CDATA[Specify Column for Diff - Full Data Compare Dynamic SQL]]>
              </value>
            </param>
            <param index="2">
              <value>
                <![CDATA[Test_Generator-WIP]]>
              </value>
            </param>
            <param index="3">
              <value>
                <![CDATA[TestGenerator]]>
              </value>
            </param>
            <param index="4">
              <value>
                <![CDATA[Database]]>
              </value>
            </param>
            <param index="5">
              <value>
                <![CDATA[postgreSQL]]>
              </value>
            </param>
            <param index="6">
              <value>
                <![CDATA[public]]>
              </value>
            </param>
            <param index="7">
              <value>
                <![CDATA[staff]]>
              </value>
            </param>
          </params>
          <exception class="com.qa.pages.TestGeneratorPage$FlowAbortException">
            <message>
              <![CDATA[Flow aborted: Select Source Dataset: Database/postgreSQL/public]]>
            </message>
            <full-stacktrace>
              <![CDATA[com.qa.pages.TestGeneratorPage$FlowAbortException: Flow aborted: Select Source Dataset: Database/postgreSQL/public
at com.qa.pages.TestGeneratorPage.executeStep(TestGeneratorPage.java:125)
at com.qa.pages.TestGeneratorPage.createRuleUsingDefaultDynamicTemplate(TestGeneratorPage.java:170)
at com.qa.tests.TestGeneratorTest.createRuleUsingDynamicTemplate(TestGeneratorTest.java:37)
at java.base/jdk.internal.reflect.DirectMethodHandleAccessor.invoke(DirectMethodHandleAccessor.java:103)
at java.base/java.lang.reflect.Method.invoke(Method.java:580)
at org.testng.internal.MethodInvocationHelper.invokeMethod(MethodInvocationHelper.java:133)
at org.testng.internal.TestInvoker.invokeMethod(TestInvoker.java:598)
at org.testng.internal.TestInvoker.invokeTestMethod(TestInvoker.java:173)
at org.testng.internal.MethodRunner.runInSequence(MethodRunner.java:46)
at org.testng.internal.TestInvoker$MethodInvocationAgent.invoke(TestInvoker.java:824)
at org.testng.internal.TestInvoker.invokeTestMethods(TestInvoker.java:146)
at org.testng.internal.TestMethodWorker.invokeTestMethods(TestMethodWorker.java:146)
at org.testng.internal.TestMethodWorker.run(TestMethodWorker.java:128)
at java.base/java.util.ArrayList.forEach(ArrayList.java:1596)
at org.testng.TestRunner.privateRun(TestRunner.java:794)
at org.testng.TestRunner.run(TestRunner.java:596)
at org.testng.SuiteRunner.runTest(SuiteRunner.java:377)
at org.testng.SuiteRunner.runSequentially(SuiteRunner.java:371)
at org.testng.SuiteRunner.privateRun(SuiteRunner.java:332)
at org.testng.SuiteRunner.run(SuiteRunner.java:276)
at org.testng.SuiteRunnerWorker.runSuite(SuiteRunnerWorker.java:53)
at org.testng.SuiteRunnerWorker.run(SuiteRunnerWorker.java:96)
at org.testng.TestNG.runSuitesSequentially(TestNG.java:1212)
at org.testng.TestNG.runSuitesLocally(TestNG.java:1134)
at org.testng.TestNG.runSuites(TestNG.java:1063)
at org.testng.TestNG.run(TestNG.java:1031)
at org.testng.remote.AbstractRemoteTestNG.run(AbstractRemoteTestNG.java:115)
at org.testng.remote.RemoteTestNG.initAndRun(RemoteTestNG.java:293)
at org.testng.remote.RemoteTestNG.main(RemoteTestNG.java:91)
Caused by: java.lang.RuntimeException: Cannot fetch the schema for inactive connection | No crawl data found for this connector. | 
at com.qa.pages.TestGeneratorPage.executeStep(TestGeneratorPage.java:109)
... 28 more
]]>
            </full-stacktrace>
          </exception> <!-- com.qa.pages.TestGeneratorPage$FlowAbortException -->
          <reporter-output>
          </reporter-output>
        </test-method> <!-- createRuleUsingDynamicTemplate -->
        <test-method signature="createRuleUsingDynamicTemplate(java.lang.String,java.lang.String,java.lang.String,java.lang.String,java.lang.String,java.lang.String,java.lang.String,java.lang.String)[pri:0, instance:com.qa.tests.TestGeneratorTest@6771beb3]" started-at="2025-12-23T19:33:59 IST" name="createRuleUsingDynamicTemplate" data-provider="ruleDataForDynamicTemplate" finished-at="2025-12-23T19:35:42 IST" duration-ms="102172" status="FAIL">
          <params>
            <param index="0">
              <value>
                <![CDATA[validation]]>
              </value>
            </param>
            <param index="1">
              <value>
                <![CDATA[Data Validation - Dynamic SQL]]>
              </value>
            </param>
            <param index="2">
              <value>
                <![CDATA[Test_Generator-WIP]]>
              </value>
            </param>
            <param index="3">
              <value>
                <![CDATA[TestGenerator]]>
              </value>
            </param>
            <param index="4">
              <value>
                <![CDATA[Database]]>
              </value>
            </param>
            <param index="5">
              <value>
                <![CDATA[postgreSQL]]>
              </value>
            </param>
            <param index="6">
              <value>
                <![CDATA[public]]>
              </value>
            </param>
            <param index="7">
              <value>
                <![CDATA[staff]]>
              </value>
            </param>
          </params>
          <exception class="com.qa.pages.TestGeneratorPage$FlowAbortException">
            <message>
              <![CDATA[Flow aborted: Select Workspace: Test_Generator-WIP]]>
            </message>
            <full-stacktrace>
              <![CDATA[com.qa.pages.TestGeneratorPage$FlowAbortException: Flow aborted: Select Workspace: Test_Generator-WIP
at com.qa.pages.TestGeneratorPage.executeStep(TestGeneratorPage.java:125)
at com.qa.pages.TestGeneratorPage.createRuleUsingDefaultDynamicTemplate(TestGeneratorPage.java:159)
at com.qa.tests.TestGeneratorTest.createRuleUsingDynamicTemplate(TestGeneratorTest.java:37)
at java.base/jdk.internal.reflect.DirectMethodHandleAccessor.invoke(DirectMethodHandleAccessor.java:103)
at java.base/java.lang.reflect.Method.invoke(Method.java:580)
at org.testng.internal.MethodInvocationHelper.invokeMethod(MethodInvocationHelper.java:133)
at org.testng.internal.TestInvoker.invokeMethod(TestInvoker.java:598)
at org.testng.internal.TestInvoker.invokeTestMethod(TestInvoker.java:173)
at org.testng.internal.MethodRunner.runInSequence(MethodRunner.java:46)
at org.testng.internal.TestInvoker$MethodInvocationAgent.invoke(TestInvoker.java:824)
at org.testng.internal.TestInvoker.invokeTestMethods(TestInvoker.java:146)
at org.testng.internal.TestMethodWorker.invokeTestMethods(TestMethodWorker.java:146)
at org.testng.internal.TestMethodWorker.run(TestMethodWorker.java:128)
at java.base/java.util.ArrayList.forEach(ArrayList.java:1596)
at org.testng.TestRunner.privateRun(TestRunner.java:794)
at org.testng.TestRunner.run(TestRunner.java:596)
at org.testng.SuiteRunner.runTest(SuiteRunner.java:377)
at org.testng.SuiteRunner.runSequentially(SuiteRunner.java:371)
at org.testng.SuiteRunner.privateRun(SuiteRunner.java:332)
at org.testng.SuiteRunner.run(SuiteRunner.java:276)
at org.testng.SuiteRunnerWorker.runSuite(SuiteRunnerWorker.java:53)
at org.testng.SuiteRunnerWorker.run(SuiteRunnerWorker.java:96)
at org.testng.TestNG.runSuitesSequentially(TestNG.java:1212)
at org.testng.TestNG.runSuitesLocally(TestNG.java:1134)
at org.testng.TestNG.runSuites(TestNG.java:1063)
at org.testng.TestNG.run(TestNG.java:1031)
at org.testng.remote.AbstractRemoteTestNG.run(AbstractRemoteTestNG.java:115)
at org.testng.remote.RemoteTestNG.initAndRun(RemoteTestNG.java:293)
at org.testng.remote.RemoteTestNG.main(RemoteTestNG.java:91)
Caused by: java.lang.RuntimeException: Element not visible
at com.qa.utils.PageUtil.clickOnElement(PageUtil.java:130)
at com.qa.pages.TestGeneratorPage.clickOnWorkspaceField(TestGeneratorPage.java:435)
at com.qa.pages.TestGeneratorPage.lambda$3(TestGeneratorPage.java:159)
at com.qa.pages.TestGeneratorPage.executeStep(TestGeneratorPage.java:104)
... 28 more
]]>
            </full-stacktrace>
          </exception> <!-- com.qa.pages.TestGeneratorPage$FlowAbortException -->
          <reporter-output>
          </reporter-output>
        </test-method> <!-- createRuleUsingDynamicTemplate -->
        <test-method signature="createRuleUsingDynamicTemplate(java.lang.String,java.lang.String,java.lang.String,java.lang.String,java.lang.String,java.lang.String,java.lang.String,java.lang.String)[pri:0, instance:com.qa.tests.TestGeneratorTest@6771beb3]" started-at="2025-12-23T19:35:42 IST" name="createRuleUsingDynamicTemplate" data-provider="ruleDataForDynamicTemplate" finished-at="2025-12-23T19:37:24 IST" duration-ms="102289" status="FAIL">
          <params>
            <param index="0">
              <value>
                <![CDATA[pushdown]]>
              </value>
            </param>
            <param index="1">
              <value>
                <![CDATA[Data Pushdown Validation - Dynamic SQL]]>
              </value>
            </param>
            <param index="2">
              <value>
                <![CDATA[Test_Generator-WIP]]>
              </value>
            </param>
            <param index="3">
              <value>
                <![CDATA[TestGenerator]]>
              </value>
            </param>
            <param index="4">
              <value>
                <![CDATA[Database]]>
              </value>
            </param>
            <param index="5">
              <value>
                <![CDATA[postgreSQL]]>
              </value>
            </param>
            <param index="6">
              <value>
                <![CDATA[public]]>
              </value>
            </param>
            <param index="7">
              <value>
                <![CDATA[staff]]>
              </value>
            </param>
          </params>
          <exception class="com.qa.pages.TestGeneratorPage$FlowAbortException">
            <message>
              <![CDATA[Flow aborted: Select Workspace: Test_Generator-WIP]]>
            </message>
            <full-stacktrace>
              <![CDATA[com.qa.pages.TestGeneratorPage$FlowAbortException: Flow aborted: Select Workspace: Test_Generator-WIP
at com.qa.pages.TestGeneratorPage.executeStep(TestGeneratorPage.java:125)
at com.qa.pages.TestGeneratorPage.createRuleUsingDefaultDynamicTemplate(TestGeneratorPage.java:159)
at com.qa.tests.TestGeneratorTest.createRuleUsingDynamicTemplate(TestGeneratorTest.java:37)
at java.base/jdk.internal.reflect.DirectMethodHandleAccessor.invoke(DirectMethodHandleAccessor.java:103)
at java.base/java.lang.reflect.Method.invoke(Method.java:580)
at org.testng.internal.MethodInvocationHelper.invokeMethod(MethodInvocationHelper.java:133)
at org.testng.internal.TestInvoker.invokeMethod(TestInvoker.java:598)
at org.testng.internal.TestInvoker.invokeTestMethod(TestInvoker.java:173)
at org.testng.internal.MethodRunner.runInSequence(MethodRunner.java:46)
at org.testng.internal.TestInvoker$MethodInvocationAgent.invoke(TestInvoker.java:824)
at org.testng.internal.TestInvoker.invokeTestMethods(TestInvoker.java:146)
at org.testng.internal.TestMethodWorker.invokeTestMethods(TestMethodWorker.java:146)
at org.testng.internal.TestMethodWorker.run(TestMethodWorker.java:128)
at java.base/java.util.ArrayList.forEach(ArrayList.java:1596)
at org.testng.TestRunner.privateRun(TestRunner.java:794)
at org.testng.TestRunner.run(TestRunner.java:596)
at org.testng.SuiteRunner.runTest(SuiteRunner.java:377)
at org.testng.SuiteRunner.runSequentially(SuiteRunner.java:371)
at org.testng.SuiteRunner.privateRun(SuiteRunner.java:332)
at org.testng.SuiteRunner.run(SuiteRunner.java:276)
at org.testng.SuiteRunnerWorker.runSuite(SuiteRunnerWorker.java:53)
at org.testng.SuiteRunnerWorker.run(SuiteRunnerWorker.java:96)
at org.testng.TestNG.runSuitesSequentially(TestNG.java:1212)
at org.testng.TestNG.runSuitesLocally(TestNG.java:1134)
at org.testng.TestNG.runSuites(TestNG.java:1063)
at org.testng.TestNG.run(TestNG.java:1031)
at org.testng.remote.AbstractRemoteTestNG.run(AbstractRemoteTestNG.java:115)
at org.testng.remote.RemoteTestNG.initAndRun(RemoteTestNG.java:293)
at org.testng.remote.RemoteTestNG.main(RemoteTestNG.java:91)
Caused by: java.lang.RuntimeException: Element not visible
at com.qa.utils.PageUtil.clickOnElement(PageUtil.java:130)
at com.qa.pages.TestGeneratorPage.clickOnWorkspaceField(TestGeneratorPage.java:435)
at com.qa.pages.TestGeneratorPage.lambda$3(TestGeneratorPage.java:159)
at com.qa.pages.TestGeneratorPage.executeStep(TestGeneratorPage.java:104)
... 28 more
]]>
            </full-stacktrace>
          </exception> <!-- com.qa.pages.TestGeneratorPage$FlowAbortException -->
          <reporter-output>
          </reporter-output>
        </test-method> <!-- createRuleUsingDynamicTemplate -->
        <test-method signature="createRuleUsingDynamicTemplate(java.lang.String,java.lang.String,java.lang.String,java.lang.String,java.lang.String,java.lang.String,java.lang.String,java.lang.String)[pri:0, instance:com.qa.tests.TestGeneratorTest@6771beb3]" started-at="2025-12-23T19:37:25 IST" name="createRuleUsingDynamicTemplate" data-provider="ruleDataForDynamicTemplate" finished-at="2025-12-23T19:37:25 IST" duration-ms="1" status="PASS">
          <params>
            <param index="0">
              <value>
                <![CDATA[checksum]]>
              </value>
            </param>
            <param index="1">
              <value>
                <![CDATA[Compare Record Counts - Dynamic SQL]]>
              </value>
            </param>
            <param index="2">
              <value>
                <![CDATA[Test_Generator-WIP]]>
              </value>
            </param>
            <param index="3">
              <value>
                <![CDATA[TestGenerator]]>
              </value>
            </param>
            <param index="4">
              <value>
                <![CDATA[Cloud Data Warehouse]]>
              </value>
            </param>
            <param index="5">
              <value>
                <![CDATA[Redshift-with-jdbc-UserConn]]>
              </value>
            </param>
            <param index="6">
              <value>
                <![CDATA[regression_database]]>
              </value>
            </param>
            <param index="7">
              <value>
                <![CDATA[staff]]>
              </value>
            </param>
          </params>
          <reporter-output>
          </reporter-output>
        </test-method> <!-- createRuleUsingDynamicTemplate -->
        <test-method signature="createRuleUsingDynamicTemplate(java.lang.String,java.lang.String,java.lang.String,java.lang.String,java.lang.String,java.lang.String,java.lang.String,java.lang.String)[pri:0, instance:com.qa.tests.TestGeneratorTest@6771beb3]" started-at="2025-12-23T19:37:25 IST" name="createRuleUsingDynamicTemplate" data-provider="ruleDataForDynamicTemplate" finished-at="2025-12-23T19:37:25 IST" duration-ms="2" status="PASS">
          <params>
            <param index="0">
              <value>
                <![CDATA[recon]]>
              </value>
            </param>
            <param index="1">
              <value>
                <![CDATA[Specify Column for Diff - Full Data Compare Dynamic SQL]]>
              </value>
            </param>
            <param index="2">
              <value>
                <![CDATA[Test_Generator-WIP]]>
              </value>
            </param>
            <param index="3">
              <value>
                <![CDATA[TestGenerator]]>
              </value>
            </param>
            <param index="4">
              <value>
                <![CDATA[Cloud Data Warehouse]]>
              </value>
            </param>
            <param index="5">
              <value>
                <![CDATA[Redshift-with-jdbc-UserConn]]>
              </value>
            </param>
            <param index="6">
              <value>
                <![CDATA[regression_database]]>
              </value>
            </param>
            <param index="7">
              <value>
                <![CDATA[staff]]>
              </value>
            </param>
          </params>
          <reporter-output>
          </reporter-output>
        </test-method> <!-- createRuleUsingDynamicTemplate -->
        <test-method signature="createRuleUsingDynamicTemplate(java.lang.String,java.lang.String,java.lang.String,java.lang.String,java.lang.String,java.lang.String,java.lang.String,java.lang.String)[pri:0, instance:com.qa.tests.TestGeneratorTest@6771beb3]" started-at="2025-12-23T19:37:25 IST" name="createRuleUsingDynamicTemplate" data-provider="ruleDataForDynamicTemplate" finished-at="2025-12-23T19:37:25 IST" duration-ms="1" status="PASS">
          <params>
            <param index="0">
              <value>
                <![CDATA[validation]]>
              </value>
            </param>
            <param index="1">
              <value>
                <![CDATA[Data Validation - Dynamic SQL]]>
              </value>
            </param>
            <param index="2">
              <value>
                <![CDATA[Test_Generator-WIP]]>
              </value>
            </param>
            <param index="3">
              <value>
                <![CDATA[TestGenerator]]>
              </value>
            </param>
            <param index="4">
              <value>
                <![CDATA[Cloud Data Warehouse]]>
              </value>
            </param>
            <param index="5">
              <value>
                <![CDATA[Redshift-with-jdbc-UserConn]]>
              </value>
            </param>
            <param index="6">
              <value>
                <![CDATA[regression_database]]>
              </value>
            </param>
            <param index="7">
              <value>
                <![CDATA[staff]]>
              </value>
            </param>
          </params>
          <reporter-output>
          </reporter-output>
        </test-method> <!-- createRuleUsingDynamicTemplate -->
        <test-method signature="createRuleUsingDynamicTemplate(java.lang.String,java.lang.String,java.lang.String,java.lang.String,java.lang.String,java.lang.String,java.lang.String,java.lang.String)[pri:0, instance:com.qa.tests.TestGeneratorTest@6771beb3]" started-at="2025-12-23T19:37:25 IST" name="createRuleUsingDynamicTemplate" data-provider="ruleDataForDynamicTemplate" finished-at="2025-12-23T19:37:25 IST" duration-ms="1" status="PASS">
          <params>
            <param index="0">
              <value>
                <![CDATA[pushdown]]>
              </value>
            </param>
            <param index="1">
              <value>
                <![CDATA[Data Pushdown Validation - Dynamic SQL]]>
              </value>
            </param>
            <param index="2">
              <value>
                <![CDATA[Test_Generator-WIP]]>
              </value>
            </param>
            <param index="3">
              <value>
                <![CDATA[TestGenerator]]>
              </value>
            </param>
            <param index="4">
              <value>
                <![CDATA[Cloud Data Warehouse]]>
              </value>
            </param>
            <param index="5">
              <value>
                <![CDATA[Redshift-with-jdbc-UserConn]]>
              </value>
            </param>
            <param index="6">
              <value>
                <![CDATA[regression_database]]>
              </value>
            </param>
            <param index="7">
              <value>
                <![CDATA[staff]]>
              </value>
            </param>
          </params>
          <reporter-output>
          </reporter-output>
        </test-method> <!-- createRuleUsingDynamicTemplate -->
        <test-method is-config="true" signature="endSuite()[pri:0, instance:com.qa.tests.TestGeneratorTest@6771beb3]" started-at="2025-12-23T19:37:25 IST" name="endSuite" finished-at="2025-12-23T19:37:35 IST" duration-ms="10286" status="PASS">
          <reporter-output>
          </reporter-output>
        </test-method> <!-- endSuite -->
      </class> <!-- com.qa.tests.TestGeneratorTest -->
    </test> <!-- Test Generator Page Tests -->
  </suite> <!-- Suite -->
</testng-results>
