<?xml version="1.0" encoding="UTF-8"?>
<testng-results ignored="4" total="40" passed="36" failed="0" skipped="0">
  <reporter-output>
  </reporter-output>
  <suite started-at="2026-01-30T19:43:52 IST" name="Suite" finished-at="2026-01-30T19:54:39 IST" duration-ms="647235">
    <groups>
    </groups>
    <test started-at="2026-01-30T19:43:52 IST" name="Login Tests" finished-at="2026-01-30T19:43:58 IST" duration-ms="5984">
      <class name="com.qa.tests.LoginTest">
        <test-method signature="validateLoginPage()[pri:0, instance:com.qa.tests.LoginTest@436813f3]" started-at="2026-01-30T19:43:52 IST" name="validateLoginPage" finished-at="2026-01-30T19:43:53 IST" duration-ms="682" status="PASS">
          <reporter-output>
          </reporter-output>
        </test-method> <!-- validateLoginPage -->
        <test-method signature="Login()[pri:0, instance:com.qa.tests.LoginTest@436813f3]" started-at="2026-01-30T19:43:53 IST" name="Login" finished-at="2026-01-30T19:43:58 IST" duration-ms="5256" status="PASS">
          <reporter-output>
          </reporter-output>
        </test-method> <!-- Login -->
      </class> <!-- com.qa.tests.LoginTest -->
    </test> <!-- Login Tests -->
    <test started-at="2026-01-30T19:43:58 IST" name="Home Page Tests" finished-at="2026-01-30T19:43:58 IST" duration-ms="4">
    </test> <!-- Home Page Tests -->
    <test started-at="2026-01-30T19:43:58 IST" name="Test Generator Page Tests" finished-at="2026-01-30T19:43:58 IST" duration-ms="1">
    </test> <!-- Test Generator Page Tests -->
    <test started-at="2026-01-30T19:43:58 IST" name="Template Page Tests" finished-at="2026-01-30T19:54:39 IST" duration-ms="640891">
      <class name="com.qa.tests.TemplatePageTest">
        <test-method is-config="true" signature="startSuite()[pri:0, instance:com.qa.tests.TemplatePageTest@c730b35]" started-at="2026-01-30T19:43:47 IST" name="startSuite" finished-at="2026-01-30T19:43:52 IST" duration-ms="4977" status="PASS">
          <reporter-output>
          </reporter-output>
        </test-method> <!-- startSuite -->
        <test-method signature="createTemplateUsingDynamicTemplate(java.lang.String,java.lang.String,java.lang.String,java.lang.String,java.lang.String)[pri:0, instance:com.qa.tests.TemplatePageTest@c730b35]" started-at="2026-01-30T19:43:59 IST" name="createTemplateUsingDynamicTemplate" data-provider="createTemplate" finished-at="2026-01-30T19:44:37 IST" duration-ms="37391" status="PASS">
          <params>
            <param index="0">
              <value>
                <![CDATA[Dynamic]]>
              </value>
            </param>
            <param index="1">
              <value>
                <![CDATA[Checksum]]>
              </value>
            </param>
            <param index="2">
              <value>
                <![CDATA[Compare Record Counts - Dynamic SQL]]>
              </value>
            </param>
            <param index="3">
              <value>
                <![CDATA[My Checksum template - using dynamic template]]>
              </value>
            </param>
            <param index="4">
              <value>
                <![CDATA[My dynamic template]]>
              </value>
            </param>
          </params>
          <reporter-output>
          </reporter-output>
        </test-method> <!-- createTemplateUsingDynamicTemplate -->
        <test-method signature="createTemplateUsingDynamicTemplate(java.lang.String,java.lang.String,java.lang.String,java.lang.String,java.lang.String)[pri:0, instance:com.qa.tests.TemplatePageTest@c730b35]" started-at="2026-01-30T19:44:37 IST" name="createTemplateUsingDynamicTemplate" data-provider="createTemplate" finished-at="2026-01-30T19:45:07 IST" duration-ms="30499" status="PASS">
          <params>
            <param index="0">
              <value>
                <![CDATA[Dynamic]]>
              </value>
            </param>
            <param index="1">
              <value>
                <![CDATA[Recon]]>
              </value>
            </param>
            <param index="2">
              <value>
                <![CDATA[Specify Column for Diff - Full Data Compare Dynamic SQL]]>
              </value>
            </param>
            <param index="3">
              <value>
                <![CDATA[My Recon template - using dynamic template]]>
              </value>
            </param>
            <param index="4">
              <value>
                <![CDATA[My dynamic template]]>
              </value>
            </param>
          </params>
          <reporter-output>
          </reporter-output>
        </test-method> <!-- createTemplateUsingDynamicTemplate -->
        <test-method signature="createTemplateUsingDynamicTemplate(java.lang.String,java.lang.String,java.lang.String,java.lang.String,java.lang.String)[pri:0, instance:com.qa.tests.TemplatePageTest@c730b35]" started-at="2026-01-30T19:45:07 IST" name="createTemplateUsingDynamicTemplate" data-provider="createTemplate" finished-at="2026-01-30T19:45:36 IST" duration-ms="29474" status="PASS">
          <params>
            <param index="0">
              <value>
                <![CDATA[Dynamic]]>
              </value>
            </param>
            <param index="1">
              <value>
                <![CDATA[Validation]]>
              </value>
            </param>
            <param index="2">
              <value>
                <![CDATA[Data Validation - Dynamic SQL]]>
              </value>
            </param>
            <param index="3">
              <value>
                <![CDATA[My Validation template - using dynamic template]]>
              </value>
            </param>
            <param index="4">
              <value>
                <![CDATA[My dynamic template]]>
              </value>
            </param>
          </params>
          <reporter-output>
          </reporter-output>
        </test-method> <!-- createTemplateUsingDynamicTemplate -->
        <test-method signature="createTemplateUsingDynamicTemplate(java.lang.String,java.lang.String,java.lang.String,java.lang.String,java.lang.String)[pri:0, instance:com.qa.tests.TemplatePageTest@c730b35]" started-at="2026-01-30T19:45:36 IST" name="createTemplateUsingDynamicTemplate" data-provider="createTemplate" finished-at="2026-01-30T19:46:08 IST" duration-ms="31322" status="PASS">
          <params>
            <param index="0">
              <value>
                <![CDATA[Dynamic]]>
              </value>
            </param>
            <param index="1">
              <value>
                <![CDATA[Pushdown]]>
              </value>
            </param>
            <param index="2">
              <value>
                <![CDATA[Data Pushdown Validation - Dynamic SQL]]>
              </value>
            </param>
            <param index="3">
              <value>
                <![CDATA[My Pushdown template - using dynamic template]]>
              </value>
            </param>
            <param index="4">
              <value>
                <![CDATA[My dynamic template]]>
              </value>
            </param>
          </params>
          <reporter-output>
          </reporter-output>
        </test-method> <!-- createTemplateUsingDynamicTemplate -->
        <test-method signature="createTemplateUsingDynamicTemplate(java.lang.String,java.lang.String,java.lang.String,java.lang.String,java.lang.String)[pri:0, instance:com.qa.tests.TemplatePageTest@c730b35]" started-at="2026-01-30T19:46:08 IST" name="createTemplateUsingDynamicTemplate" data-provider="createTemplate" finished-at="2026-01-30T19:46:38 IST" duration-ms="29982" status="PASS">
          <params>
            <param index="0">
              <value>
                <![CDATA[Import]]>
              </value>
            </param>
            <param index="1">
              <value>
                <![CDATA[Checksum]]>
              </value>
            </param>
            <param index="2">
              <value>
                <![CDATA[Compare Record Counts - Import SQL]]>
              </value>
            </param>
            <param index="3">
              <value>
                <![CDATA[My Checksum template - using import template]]>
              </value>
            </param>
            <param index="4">
              <value>
                <![CDATA[My import template]]>
              </value>
            </param>
          </params>
          <reporter-output>
          </reporter-output>
        </test-method> <!-- createTemplateUsingDynamicTemplate -->
        <test-method signature="createTemplateUsingDynamicTemplate(java.lang.String,java.lang.String,java.lang.String,java.lang.String,java.lang.String)[pri:0, instance:com.qa.tests.TemplatePageTest@c730b35]" started-at="2026-01-30T19:46:38 IST" name="createTemplateUsingDynamicTemplate" data-provider="createTemplate" finished-at="2026-01-30T19:47:10 IST" duration-ms="31922" status="PASS">
          <params>
            <param index="0">
              <value>
                <![CDATA[Import]]>
              </value>
            </param>
            <param index="1">
              <value>
                <![CDATA[Recon]]>
              </value>
            </param>
            <param index="2">
              <value>
                <![CDATA[Diff and Expression based on Column Position - Import SQL]]>
              </value>
            </param>
            <param index="3">
              <value>
                <![CDATA[My Recon template - using import template]]>
              </value>
            </param>
            <param index="4">
              <value>
                <![CDATA[My import template]]>
              </value>
            </param>
          </params>
          <reporter-output>
          </reporter-output>
        </test-method> <!-- createTemplateUsingDynamicTemplate -->
        <test-method signature="createTemplateUsingDynamicTemplate(java.lang.String,java.lang.String,java.lang.String,java.lang.String,java.lang.String)[pri:0, instance:com.qa.tests.TemplatePageTest@c730b35]" started-at="2026-01-30T19:47:10 IST" name="createTemplateUsingDynamicTemplate" data-provider="createTemplate" finished-at="2026-01-30T19:47:38 IST" duration-ms="27960" status="PASS">
          <params>
            <param index="0">
              <value>
                <![CDATA[Import]]>
              </value>
            </param>
            <param index="1">
              <value>
                <![CDATA[Validation]]>
              </value>
            </param>
            <param index="2">
              <value>
                <![CDATA[Data Validation - Import SQL]]>
              </value>
            </param>
            <param index="3">
              <value>
                <![CDATA[My Validation template - using import template]]>
              </value>
            </param>
            <param index="4">
              <value>
                <![CDATA[My import template]]>
              </value>
            </param>
          </params>
          <reporter-output>
          </reporter-output>
        </test-method> <!-- createTemplateUsingDynamicTemplate -->
        <test-method signature="createTemplateUsingDynamicTemplate(java.lang.String,java.lang.String,java.lang.String,java.lang.String,java.lang.String)[pri:0, instance:com.qa.tests.TemplatePageTest@c730b35]" started-at="2026-01-30T19:47:38 IST" name="createTemplateUsingDynamicTemplate" data-provider="createTemplate" finished-at="2026-01-30T19:48:05 IST" duration-ms="27534" status="PASS">
          <params>
            <param index="0">
              <value>
                <![CDATA[Import]]>
              </value>
            </param>
            <param index="1">
              <value>
                <![CDATA[Pushdown]]>
              </value>
            </param>
            <param index="2">
              <value>
                <![CDATA[Data Pushdown Validation - Import SQL]]>
              </value>
            </param>
            <param index="3">
              <value>
                <![CDATA[My Pushdown template - using import template]]>
              </value>
            </param>
            <param index="4">
              <value>
                <![CDATA[My import template]]>
              </value>
            </param>
          </params>
          <reporter-output>
          </reporter-output>
        </test-method> <!-- createTemplateUsingDynamicTemplate -->
        <test-method signature="createTemplateUsingDynamicTemplate(java.lang.String,java.lang.String,java.lang.String,java.lang.String,java.lang.String)[pri:0, instance:com.qa.tests.TemplatePageTest@c730b35]" started-at="2026-01-30T19:48:05 IST" name="createTemplateUsingDynamicTemplate" data-provider="createTemplate" finished-at="2026-01-30T19:48:35 IST" duration-ms="30115" status="PASS">
          <params>
            <param index="0">
              <value>
                <![CDATA[Dynamic]]>
              </value>
            </param>
            <param index="1">
              <value>
                <![CDATA[Checksum]]>
              </value>
            </param>
            <param index="2">
              <value>
                <![CDATA[Compare Record Counts - Dynamic SQL]]>
              </value>
            </param>
            <param index="3">
              <value>
                <![CDATA[My Checksum template - To delete]]>
              </value>
            </param>
            <param index="4">
              <value>
                <![CDATA[My dynamic template  To delete]]>
              </value>
            </param>
          </params>
          <reporter-output>
          </reporter-output>
        </test-method> <!-- createTemplateUsingDynamicTemplate -->
        <test-method signature="createTemplateUsingDynamicTemplate(java.lang.String,java.lang.String,java.lang.String,java.lang.String,java.lang.String)[pri:0, instance:com.qa.tests.TemplatePageTest@c730b35]" started-at="2026-01-30T19:48:35 IST" name="createTemplateUsingDynamicTemplate" data-provider="createTemplate" finished-at="2026-01-30T19:49:06 IST" duration-ms="30818" status="PASS">
          <params>
            <param index="0">
              <value>
                <![CDATA[Dynamic]]>
              </value>
            </param>
            <param index="1">
              <value>
                <![CDATA[Recon]]>
              </value>
            </param>
            <param index="2">
              <value>
                <![CDATA[Specify Column for Diff - Full Data Compare Dynamic SQL]]>
              </value>
            </param>
            <param index="3">
              <value>
                <![CDATA[My Recon template - To delete]]>
              </value>
            </param>
            <param index="4">
              <value>
                <![CDATA[My dynamic template  To delete]]>
              </value>
            </param>
          </params>
          <reporter-output>
          </reporter-output>
        </test-method> <!-- createTemplateUsingDynamicTemplate -->
        <test-method signature="createTemplateUsingDynamicTemplate(java.lang.String,java.lang.String,java.lang.String,java.lang.String,java.lang.String)[pri:0, instance:com.qa.tests.TemplatePageTest@c730b35]" started-at="2026-01-30T19:49:06 IST" name="createTemplateUsingDynamicTemplate" data-provider="createTemplate" finished-at="2026-01-30T19:49:36 IST" duration-ms="29548" status="PASS">
          <params>
            <param index="0">
              <value>
                <![CDATA[Dynamic]]>
              </value>
            </param>
            <param index="1">
              <value>
                <![CDATA[Validation]]>
              </value>
            </param>
            <param index="2">
              <value>
                <![CDATA[Data Validation - Dynamic SQL]]>
              </value>
            </param>
            <param index="3">
              <value>
                <![CDATA[My Validation template - To delete]]>
              </value>
            </param>
            <param index="4">
              <value>
                <![CDATA[My dynamic template  To delete]]>
              </value>
            </param>
          </params>
          <reporter-output>
          </reporter-output>
        </test-method> <!-- createTemplateUsingDynamicTemplate -->
        <test-method signature="createTemplateUsingDynamicTemplate(java.lang.String,java.lang.String,java.lang.String,java.lang.String,java.lang.String)[pri:0, instance:com.qa.tests.TemplatePageTest@c730b35]" started-at="2026-01-30T19:49:36 IST" name="createTemplateUsingDynamicTemplate" data-provider="createTemplate" finished-at="2026-01-30T19:50:05 IST" duration-ms="29579" status="PASS">
          <params>
            <param index="0">
              <value>
                <![CDATA[Import]]>
              </value>
            </param>
            <param index="1">
              <value>
                <![CDATA[Validation]]>
              </value>
            </param>
            <param index="2">
              <value>
                <![CDATA[Data Validation - Import SQL]]>
              </value>
            </param>
            <param index="3">
              <value>
                <![CDATA[My Validation 01 template - To delete]]>
              </value>
            </param>
            <param index="4">
              <value>
                <![CDATA[My import template  To delete]]>
              </value>
            </param>
          </params>
          <reporter-output>
          </reporter-output>
        </test-method> <!-- createTemplateUsingDynamicTemplate -->
        <test-method signature="createTemplateUsingDynamicTemplate(java.lang.String,java.lang.String,java.lang.String,java.lang.String,java.lang.String)[pri:0, instance:com.qa.tests.TemplatePageTest@c730b35]" started-at="2026-01-30T19:50:05 IST" name="createTemplateUsingDynamicTemplate" data-provider="createTemplate" finished-at="2026-01-30T19:50:33 IST" duration-ms="27807" status="PASS">
          <params>
            <param index="0">
              <value>
                <![CDATA[Import]]>
              </value>
            </param>
            <param index="1">
              <value>
                <![CDATA[Pushdown]]>
              </value>
            </param>
            <param index="2">
              <value>
                <![CDATA[Data Pushdown Validation - Import SQL]]>
              </value>
            </param>
            <param index="3">
              <value>
                <![CDATA[My Pushdown template - To delete]]>
              </value>
            </param>
            <param index="4">
              <value>
                <![CDATA[My import template  To delete]]>
              </value>
            </param>
          </params>
          <reporter-output>
          </reporter-output>
        </test-method> <!-- createTemplateUsingDynamicTemplate -->
        <test-method signature="updateTemplateUsingExistingTemplate(java.lang.String,java.lang.String,java.lang.String,java.lang.String,java.lang.String)[pri:0, instance:com.qa.tests.TemplatePageTest@c730b35]" started-at="2026-01-30T19:50:33 IST" name="updateTemplateUsingExistingTemplate" data-provider="updateTemplate" finished-at="2026-01-30T19:50:49 IST" duration-ms="15923" status="PASS">
          <params>
            <param index="0">
              <value>
                <![CDATA[Dynamic]]>
              </value>
            </param>
            <param index="1">
              <value>
                <![CDATA[Checksum]]>
              </value>
            </param>
            <param index="2">
              <value>
                <![CDATA[My Checksum template - using dynamic template]]>
              </value>
            </param>
            <param index="3">
              <value>
                <![CDATA[My Checksum template - using dynamic template_Updated]]>
              </value>
            </param>
            <param index="4">
              <value>
                <![CDATA[My dynamic template_Updated]]>
              </value>
            </param>
          </params>
          <reporter-output>
          </reporter-output>
        </test-method> <!-- updateTemplateUsingExistingTemplate -->
        <test-method signature="updateTemplateUsingExistingTemplate(java.lang.String,java.lang.String,java.lang.String,java.lang.String,java.lang.String)[pri:0, instance:com.qa.tests.TemplatePageTest@c730b35]" started-at="2026-01-30T19:50:49 IST" name="updateTemplateUsingExistingTemplate" data-provider="updateTemplate" finished-at="2026-01-30T19:51:05 IST" duration-ms="16032" status="PASS">
          <params>
            <param index="0">
              <value>
                <![CDATA[Dynamic]]>
              </value>
            </param>
            <param index="1">
              <value>
                <![CDATA[Recon]]>
              </value>
            </param>
            <param index="2">
              <value>
                <![CDATA[My Recon template - using dynamic template]]>
              </value>
            </param>
            <param index="3">
              <value>
                <![CDATA[My Recon template - using dynamic template_Updated]]>
              </value>
            </param>
            <param index="4">
              <value>
                <![CDATA[My dynamic template_Updated]]>
              </value>
            </param>
          </params>
          <reporter-output>
          </reporter-output>
        </test-method> <!-- updateTemplateUsingExistingTemplate -->
        <test-method signature="updateTemplateUsingExistingTemplate(java.lang.String,java.lang.String,java.lang.String,java.lang.String,java.lang.String)[pri:0, instance:com.qa.tests.TemplatePageTest@c730b35]" started-at="2026-01-30T19:51:05 IST" name="updateTemplateUsingExistingTemplate" data-provider="updateTemplate" finished-at="2026-01-30T19:51:21 IST" duration-ms="15928" status="PASS">
          <params>
            <param index="0">
              <value>
                <![CDATA[Dynamic]]>
              </value>
            </param>
            <param index="1">
              <value>
                <![CDATA[Validation]]>
              </value>
            </param>
            <param index="2">
              <value>
                <![CDATA[My Validation template - using dynamic template]]>
              </value>
            </param>
            <param index="3">
              <value>
                <![CDATA[My Validation template - using dynamic template_Updated]]>
              </value>
            </param>
            <param index="4">
              <value>
                <![CDATA[My dynamic template_Updated]]>
              </value>
            </param>
          </params>
          <reporter-output>
          </reporter-output>
        </test-method> <!-- updateTemplateUsingExistingTemplate -->
        <test-method signature="updateTemplateUsingExistingTemplate(java.lang.String,java.lang.String,java.lang.String,java.lang.String,java.lang.String)[pri:0, instance:com.qa.tests.TemplatePageTest@c730b35]" started-at="2026-01-30T19:51:21 IST" name="updateTemplateUsingExistingTemplate" data-provider="updateTemplate" finished-at="2026-01-30T19:51:38 IST" duration-ms="16777" status="PASS">
          <params>
            <param index="0">
              <value>
                <![CDATA[Dynamic]]>
              </value>
            </param>
            <param index="1">
              <value>
                <![CDATA[Pushdown]]>
              </value>
            </param>
            <param index="2">
              <value>
                <![CDATA[My Pushdown template - using dynamic template]]>
              </value>
            </param>
            <param index="3">
              <value>
                <![CDATA[My Pushdown template - using dynamic template_Updated]]>
              </value>
            </param>
            <param index="4">
              <value>
                <![CDATA[My dynamic template_Updated]]>
              </value>
            </param>
          </params>
          <reporter-output>
          </reporter-output>
        </test-method> <!-- updateTemplateUsingExistingTemplate -->
        <test-method signature="updateTemplateUsingExistingTemplate(java.lang.String,java.lang.String,java.lang.String,java.lang.String,java.lang.String)[pri:0, instance:com.qa.tests.TemplatePageTest@c730b35]" started-at="2026-01-30T19:51:38 IST" name="updateTemplateUsingExistingTemplate" data-provider="updateTemplate" finished-at="2026-01-30T19:51:54 IST" duration-ms="15824" status="PASS">
          <params>
            <param index="0">
              <value>
                <![CDATA[Import]]>
              </value>
            </param>
            <param index="1">
              <value>
                <![CDATA[Checksum]]>
              </value>
            </param>
            <param index="2">
              <value>
                <![CDATA[My Checksum template - using import template]]>
              </value>
            </param>
            <param index="3">
              <value>
                <![CDATA[My Checksum template - using import template_Updated]]>
              </value>
            </param>
            <param index="4">
              <value>
                <![CDATA[My import template_Updated]]>
              </value>
            </param>
          </params>
          <reporter-output>
          </reporter-output>
        </test-method> <!-- updateTemplateUsingExistingTemplate -->
        <test-method signature="updateTemplateUsingExistingTemplate(java.lang.String,java.lang.String,java.lang.String,java.lang.String,java.lang.String)[pri:0, instance:com.qa.tests.TemplatePageTest@c730b35]" started-at="2026-01-30T19:51:54 IST" name="updateTemplateUsingExistingTemplate" data-provider="updateTemplate" finished-at="2026-01-30T19:52:09 IST" duration-ms="15396" status="PASS">
          <params>
            <param index="0">
              <value>
                <![CDATA[Import]]>
              </value>
            </param>
            <param index="1">
              <value>
                <![CDATA[Recon]]>
              </value>
            </param>
            <param index="2">
              <value>
                <![CDATA[My Recon template - using import template]]>
              </value>
            </param>
            <param index="3">
              <value>
                <![CDATA[My Recon template - using import template_Updated]]>
              </value>
            </param>
            <param index="4">
              <value>
                <![CDATA[My import template_Updated]]>
              </value>
            </param>
          </params>
          <reporter-output>
          </reporter-output>
        </test-method> <!-- updateTemplateUsingExistingTemplate -->
        <test-method signature="updateTemplateUsingExistingTemplate(java.lang.String,java.lang.String,java.lang.String,java.lang.String,java.lang.String)[pri:0, instance:com.qa.tests.TemplatePageTest@c730b35]" started-at="2026-01-30T19:52:09 IST" name="updateTemplateUsingExistingTemplate" data-provider="updateTemplate" finished-at="2026-01-30T19:52:25 IST" duration-ms="15684" status="PASS">
          <params>
            <param index="0">
              <value>
                <![CDATA[Import]]>
              </value>
            </param>
            <param index="1">
              <value>
                <![CDATA[Validation]]>
              </value>
            </param>
            <param index="2">
              <value>
                <![CDATA[My Validation template - using import template]]>
              </value>
            </param>
            <param index="3">
              <value>
                <![CDATA[My Validation template - using import template_Updated]]>
              </value>
            </param>
            <param index="4">
              <value>
                <![CDATA[My import template_Updated]]>
              </value>
            </param>
          </params>
          <reporter-output>
          </reporter-output>
        </test-method> <!-- updateTemplateUsingExistingTemplate -->
        <test-method signature="updateTemplateUsingExistingTemplate(java.lang.String,java.lang.String,java.lang.String,java.lang.String,java.lang.String)[pri:0, instance:com.qa.tests.TemplatePageTest@c730b35]" started-at="2026-01-30T19:52:25 IST" name="updateTemplateUsingExistingTemplate" data-provider="updateTemplate" finished-at="2026-01-30T19:52:40 IST" duration-ms="15301" status="PASS">
          <params>
            <param index="0">
              <value>
                <![CDATA[Import]]>
              </value>
            </param>
            <param index="1">
              <value>
                <![CDATA[Pushdown]]>
              </value>
            </param>
            <param index="2">
              <value>
                <![CDATA[My Pushdown template - using import template]]>
              </value>
            </param>
            <param index="3">
              <value>
                <![CDATA[My Pushdown template - using import template_Updated]]>
              </value>
            </param>
            <param index="4">
              <value>
                <![CDATA[My import template_Updated]]>
              </value>
            </param>
          </params>
          <reporter-output>
          </reporter-output>
        </test-method> <!-- updateTemplateUsingExistingTemplate -->
        <test-method signature="deleteTemplateUsingExistingTemplateFromList(java.lang.String,java.lang.String,java.lang.String)[pri:0, instance:com.qa.tests.TemplatePageTest@c730b35]" started-at="2026-01-30T19:52:40 IST" name="deleteTemplateUsingExistingTemplateFromList" data-provider="deleteTemplateListingPage" finished-at="2026-01-30T19:52:49 IST" duration-ms="8624" status="PASS">
          <params>
            <param index="0">
              <value>
                <![CDATA[Dynamic]]>
              </value>
            </param>
            <param index="1">
              <value>
                <![CDATA[Checksum]]>
              </value>
            </param>
            <param index="2">
              <value>
                <![CDATA[My Checksum template - using dynamic template_Updated]]>
              </value>
            </param>
          </params>
          <reporter-output>
          </reporter-output>
        </test-method> <!-- deleteTemplateUsingExistingTemplateFromList -->
        <test-method signature="deleteTemplateUsingExistingTemplateFromList(java.lang.String,java.lang.String,java.lang.String)[pri:0, instance:com.qa.tests.TemplatePageTest@c730b35]" started-at="2026-01-30T19:52:49 IST" name="deleteTemplateUsingExistingTemplateFromList" data-provider="deleteTemplateListingPage" finished-at="2026-01-30T19:52:57 IST" duration-ms="8515" status="PASS">
          <params>
            <param index="0">
              <value>
                <![CDATA[Dynamic]]>
              </value>
            </param>
            <param index="1">
              <value>
                <![CDATA[Recon]]>
              </value>
            </param>
            <param index="2">
              <value>
                <![CDATA[My Recon template - using dynamic template_Updated]]>
              </value>
            </param>
          </params>
          <reporter-output>
          </reporter-output>
        </test-method> <!-- deleteTemplateUsingExistingTemplateFromList -->
        <test-method signature="deleteTemplateUsingExistingTemplateFromList(java.lang.String,java.lang.String,java.lang.String)[pri:0, instance:com.qa.tests.TemplatePageTest@c730b35]" started-at="2026-01-30T19:52:57 IST" name="deleteTemplateUsingExistingTemplateFromList" data-provider="deleteTemplateListingPage" finished-at="2026-01-30T19:53:06 IST" duration-ms="8893" status="PASS">
          <params>
            <param index="0">
              <value>
                <![CDATA[Dynamic]]>
              </value>
            </param>
            <param index="1">
              <value>
                <![CDATA[Validation]]>
              </value>
            </param>
            <param index="2">
              <value>
                <![CDATA[My Validation template - using dynamic template_Updated]]>
              </value>
            </param>
          </params>
          <reporter-output>
          </reporter-output>
        </test-method> <!-- deleteTemplateUsingExistingTemplateFromList -->
        <test-method signature="deleteTemplateUsingExistingTemplateFromList(java.lang.String,java.lang.String,java.lang.String)[pri:0, instance:com.qa.tests.TemplatePageTest@c730b35]" started-at="2026-01-30T19:53:06 IST" name="deleteTemplateUsingExistingTemplateFromList" data-provider="deleteTemplateListingPage" finished-at="2026-01-30T19:53:15 IST" duration-ms="8822" status="PASS">
          <params>
            <param index="0">
              <value>
                <![CDATA[Dynamic]]>
              </value>
            </param>
            <param index="1">
              <value>
                <![CDATA[Pushdown]]>
              </value>
            </param>
            <param index="2">
              <value>
                <![CDATA[My Pushdown template - using dynamic template_Updated]]>
              </value>
            </param>
          </params>
          <reporter-output>
          </reporter-output>
        </test-method> <!-- deleteTemplateUsingExistingTemplateFromList -->
        <test-method signature="deleteTemplateUsingExistingTemplateFromList(java.lang.String,java.lang.String,java.lang.String)[pri:0, instance:com.qa.tests.TemplatePageTest@c730b35]" started-at="2026-01-30T19:53:15 IST" name="deleteTemplateUsingExistingTemplateFromList" data-provider="deleteTemplateListingPage" finished-at="2026-01-30T19:53:25 IST" duration-ms="10474" status="PASS">
          <params>
            <param index="0">
              <value>
                <![CDATA[Import]]>
              </value>
            </param>
            <param index="1">
              <value>
                <![CDATA[Checksum]]>
              </value>
            </param>
            <param index="2">
              <value>
                <![CDATA[My Checksum template - using import template_Updated]]>
              </value>
            </param>
          </params>
          <reporter-output>
          </reporter-output>
        </test-method> <!-- deleteTemplateUsingExistingTemplateFromList -->
        <test-method signature="deleteTemplateUsingExistingTemplateFromList(java.lang.String,java.lang.String,java.lang.String)[pri:0, instance:com.qa.tests.TemplatePageTest@c730b35]" started-at="2026-01-30T19:53:25 IST" name="deleteTemplateUsingExistingTemplateFromList" data-provider="deleteTemplateListingPage" finished-at="2026-01-30T19:53:35 IST" duration-ms="9444" status="PASS">
          <params>
            <param index="0">
              <value>
                <![CDATA[Import]]>
              </value>
            </param>
            <param index="1">
              <value>
                <![CDATA[Recon]]>
              </value>
            </param>
            <param index="2">
              <value>
                <![CDATA[My Recon template - using import template_Updated]]>
              </value>
            </param>
          </params>
          <reporter-output>
          </reporter-output>
        </test-method> <!-- deleteTemplateUsingExistingTemplateFromList -->
        <test-method signature="deleteTemplateUsingExistingTemplateFromList(java.lang.String,java.lang.String,java.lang.String)[pri:0, instance:com.qa.tests.TemplatePageTest@c730b35]" started-at="2026-01-30T19:53:35 IST" name="deleteTemplateUsingExistingTemplateFromList" data-provider="deleteTemplateListingPage" finished-at="2026-01-30T19:53:44 IST" duration-ms="8969" status="PASS">
          <params>
            <param index="0">
              <value>
                <![CDATA[Import]]>
              </value>
            </param>
            <param index="1">
              <value>
                <![CDATA[Validation]]>
              </value>
            </param>
            <param index="2">
              <value>
                <![CDATA[My Validation template - using import template_Updated]]>
              </value>
            </param>
          </params>
          <reporter-output>
          </reporter-output>
        </test-method> <!-- deleteTemplateUsingExistingTemplateFromList -->
        <test-method signature="deleteTemplateUsingExistingTemplateFromList(java.lang.String,java.lang.String,java.lang.String)[pri:0, instance:com.qa.tests.TemplatePageTest@c730b35]" started-at="2026-01-30T19:53:44 IST" name="deleteTemplateUsingExistingTemplateFromList" data-provider="deleteTemplateListingPage" finished-at="2026-01-30T19:53:53 IST" duration-ms="8855" status="PASS">
          <params>
            <param index="0">
              <value>
                <![CDATA[Import]]>
              </value>
            </param>
            <param index="1">
              <value>
                <![CDATA[Pushdown]]>
              </value>
            </param>
            <param index="2">
              <value>
                <![CDATA[My Pushdown template - using import template_Updated]]>
              </value>
            </param>
          </params>
          <reporter-output>
          </reporter-output>
        </test-method> <!-- deleteTemplateUsingExistingTemplateFromList -->
        <test-method signature="deleteTemplateUsingExistingTemplateFromDetails(java.lang.String,java.lang.String,java.lang.String)[pri:0, instance:com.qa.tests.TemplatePageTest@c730b35]" started-at="2026-01-30T19:53:53 IST" name="deleteTemplateUsingExistingTemplateFromDetails" data-provider="deleteTemplateDetailsPage" finished-at="2026-01-30T19:54:02 IST" duration-ms="9085" status="PASS">
          <params>
            <param index="0">
              <value>
                <![CDATA[Dynamic]]>
              </value>
            </param>
            <param index="1">
              <value>
                <![CDATA[Checksum]]>
              </value>
            </param>
            <param index="2">
              <value>
                <![CDATA[My Checksum template - To delete]]>
              </value>
            </param>
          </params>
          <reporter-output>
          </reporter-output>
        </test-method> <!-- deleteTemplateUsingExistingTemplateFromDetails -->
        <test-method signature="deleteTemplateUsingExistingTemplateFromDetails(java.lang.String,java.lang.String,java.lang.String)[pri:0, instance:com.qa.tests.TemplatePageTest@c730b35]" started-at="2026-01-30T19:54:02 IST" name="deleteTemplateUsingExistingTemplateFromDetails" data-provider="deleteTemplateDetailsPage" finished-at="2026-01-30T19:54:11 IST" duration-ms="9332" status="PASS">
          <params>
            <param index="0">
              <value>
                <![CDATA[Dynamic]]>
              </value>
            </param>
            <param index="1">
              <value>
                <![CDATA[Recon]]>
              </value>
            </param>
            <param index="2">
              <value>
                <![CDATA[My Recon template - To delete]]>
              </value>
            </param>
          </params>
          <reporter-output>
          </reporter-output>
        </test-method> <!-- deleteTemplateUsingExistingTemplateFromDetails -->
        <test-method signature="deleteTemplateUsingExistingTemplateFromDetails(java.lang.String,java.lang.String,java.lang.String)[pri:0, instance:com.qa.tests.TemplatePageTest@c730b35]" started-at="2026-01-30T19:54:11 IST" name="deleteTemplateUsingExistingTemplateFromDetails" data-provider="deleteTemplateDetailsPage" finished-at="2026-01-30T19:54:21 IST" duration-ms="9626" status="PASS">
          <params>
            <param index="0">
              <value>
                <![CDATA[Dynamic]]>
              </value>
            </param>
            <param index="1">
              <value>
                <![CDATA[Validation]]>
              </value>
            </param>
            <param index="2">
              <value>
                <![CDATA[My Validation template - To delete]]>
              </value>
            </param>
          </params>
          <reporter-output>
          </reporter-output>
        </test-method> <!-- deleteTemplateUsingExistingTemplateFromDetails -->
        <test-method signature="deleteTemplateUsingExistingTemplateFromDetails(java.lang.String,java.lang.String,java.lang.String)[pri:0, instance:com.qa.tests.TemplatePageTest@c730b35]" started-at="2026-01-30T19:54:21 IST" name="deleteTemplateUsingExistingTemplateFromDetails" data-provider="deleteTemplateDetailsPage" finished-at="2026-01-30T19:54:30 IST" duration-ms="9030" status="PASS">
          <params>
            <param index="0">
              <value>
                <![CDATA[Import]]>
              </value>
            </param>
            <param index="1">
              <value>
                <![CDATA[Validation]]>
              </value>
            </param>
            <param index="2">
              <value>
                <![CDATA[My Validation 01 template - To delete]]>
              </value>
            </param>
          </params>
          <reporter-output>
          </reporter-output>
        </test-method> <!-- deleteTemplateUsingExistingTemplateFromDetails -->
        <test-method signature="deleteTemplateUsingExistingTemplateFromDetails(java.lang.String,java.lang.String,java.lang.String)[pri:0, instance:com.qa.tests.TemplatePageTest@c730b35]" started-at="2026-01-30T19:54:30 IST" name="deleteTemplateUsingExistingTemplateFromDetails" data-provider="deleteTemplateDetailsPage" finished-at="2026-01-30T19:54:39 IST" duration-ms="9507" status="PASS">
          <params>
            <param index="0">
              <value>
                <![CDATA[Import]]>
              </value>
            </param>
            <param index="1">
              <value>
                <![CDATA[Pushdown]]>
              </value>
            </param>
            <param index="2">
              <value>
                <![CDATA[My Pushdown template - To delete]]>
              </value>
            </param>
          </params>
          <reporter-output>
          </reporter-output>
        </test-method> <!-- deleteTemplateUsingExistingTemplateFromDetails -->
        <test-method is-config="true" signature="endSuite()[pri:0, instance:com.qa.tests.TemplatePageTest@c730b35]" started-at="2026-01-30T19:54:39 IST" name="endSuite" finished-at="2026-01-30T19:54:50 IST" duration-ms="10752" status="PASS">
          <reporter-output>
          </reporter-output>
        </test-method> <!-- endSuite -->
      </class> <!-- com.qa.tests.TemplatePageTest -->
    </test> <!-- Template Page Tests -->
  </suite> <!-- Suite -->
</testng-results>
