<?xml version="1.0" encoding="UTF-8"?>
<testng-results ignored="0" total="11" passed="10" failed="1" skipped="0">
  <reporter-output>
  </reporter-output>
  <suite started-at="2026-01-05T19:35:06 IST" name="Suite" finished-at="2026-01-05T19:39:22 IST" duration-ms="255926">
    <groups>
    </groups>
    <test started-at="2026-01-05T19:35:06 IST" name="Login Tests" finished-at="2026-01-05T19:35:09 IST" duration-ms="2701">
      <class name="com.qa.tests.LoginTest">
        <test-method signature="validateLoginPage()[pri:0, instance:com.qa.tests.LoginTest@436813f3]" started-at="2026-01-05T19:35:06 IST" name="validateLoginPage" finished-at="2026-01-05T19:35:07 IST" duration-ms="568" status="PASS">
          <reporter-output>
          </reporter-output>
        </test-method> <!-- validateLoginPage -->
        <test-method signature="Login()[pri:0, instance:com.qa.tests.LoginTest@436813f3]" started-at="2026-01-05T19:35:07 IST" name="Login" finished-at="2026-01-05T19:35:09 IST" duration-ms="2101" status="PASS">
          <reporter-output>
          </reporter-output>
        </test-method> <!-- Login -->
      </class> <!-- com.qa.tests.LoginTest -->
    </test> <!-- Login Tests -->
    <test started-at="2026-01-05T19:35:09 IST" name="Home Page Tests" finished-at="2026-01-05T19:35:10 IST" duration-ms="469">
      <class name="com.qa.tests.HomePageTest">
        <test-method signature="validateHomePage()[pri:0, instance:com.qa.tests.HomePageTest@14cd1699]" started-at="2026-01-05T19:35:09 IST" name="validateHomePage" finished-at="2026-01-05T19:35:10 IST" duration-ms="467" status="PASS">
          <reporter-output>
          </reporter-output>
        </test-method> <!-- validateHomePage -->
      </class> <!-- com.qa.tests.HomePageTest -->
    </test> <!-- Home Page Tests -->
    <test started-at="2026-01-05T19:35:10 IST" name="Test Generator Page Tests" finished-at="2026-01-05T19:39:22 IST" duration-ms="252441">
      <class name="com.qa.tests.Test123">
        <test-method is-config="true" signature="startSuite()[pri:0, instance:com.qa.tests.Test123@30c15d8b]" started-at="2026-01-05T19:35:03 IST" name="startSuite" finished-at="2026-01-05T19:35:06 IST" duration-ms="3385" status="PASS">
          <reporter-output>
          </reporter-output>
        </test-method> <!-- startSuite -->
        <test-method signature="createRuleUsingDynamicTemplate(java.lang.String,java.lang.String,java.lang.String,java.lang.String,java.lang.String,java.lang.String,java.lang.String,java.lang.String,java.lang.String,java.lang.String)[pri:0, instance:com.qa.tests.Test123@30c15d8b]" started-at="2026-01-05T19:35:10 IST" name="createRuleUsingDynamicTemplate" data-provider="ruleDataForDynamicTemplate" finished-at="2026-01-05T19:36:11 IST" duration-ms="60960" status="PASS">
          <params>
            <param index="0">
              <value>
                <![CDATA[checksum]]>
              </value>
            </param>
            <param index="1">
              <value>
                <![CDATA[Compare Record Counts - Dynamic SQL]]>
              </value>
            </param>
            <param index="2">
              <value>
                <![CDATA[Test_Generator-WIP]]>
              </value>
            </param>
            <param index="3">
              <value>
                <![CDATA[AD-Test]]>
              </value>
            </param>
            <param index="4">
              <value>
                <![CDATA[Database]]>
              </value>
            </param>
            <param index="5">
              <value>
                <![CDATA[Postgresql-without-jdbc-SysConn]]>
              </value>
            </param>
            <param index="6">
              <value>
                <![CDATA[Postgresql-without-jdbc-UserConn]]>
              </value>
            </param>
            <param index="7">
              <value>
                <![CDATA[public]]>
              </value>
            </param>
            <param index="8">
              <value>
                <![CDATA[staff]]>
              </value>
            </param>
            <param index="9">
              <value>
                <![CDATA[NRR-41671]]>
              </value>
            </param>
          </params>
          <reporter-output>
          </reporter-output>
        </test-method> <!-- createRuleUsingDynamicTemplate -->
        <test-method signature="createRuleUsingDynamicTemplate(java.lang.String,java.lang.String,java.lang.String,java.lang.String,java.lang.String,java.lang.String,java.lang.String,java.lang.String,java.lang.String,java.lang.String)[pri:0, instance:com.qa.tests.Test123@30c15d8b]" started-at="2026-01-05T19:36:11 IST" name="createRuleUsingDynamicTemplate" data-provider="ruleDataForDynamicTemplate" finished-at="2026-01-05T19:37:20 IST" duration-ms="68318" status="PASS">
          <params>
            <param index="0">
              <value>
                <![CDATA[recon]]>
              </value>
            </param>
            <param index="1">
              <value>
                <![CDATA[Specify Column for Diff - Full Data Compare Dynamic SQL]]>
              </value>
            </param>
            <param index="2">
              <value>
                <![CDATA[Test_Generator-WIP]]>
              </value>
            </param>
            <param index="3">
              <value>
                <![CDATA[AD-Test]]>
              </value>
            </param>
            <param index="4">
              <value>
                <![CDATA[Database]]>
              </value>
            </param>
            <param index="5">
              <value>
                <![CDATA[Postgresql-without-jdbc-SysConn]]>
              </value>
            </param>
            <param index="6">
              <value>
                <![CDATA[Postgresql-without-jdbc-UserConn]]>
              </value>
            </param>
            <param index="7">
              <value>
                <![CDATA[public]]>
              </value>
            </param>
            <param index="8">
              <value>
                <![CDATA[staff]]>
              </value>
            </param>
            <param index="9">
              <value>
                <![CDATA[NRR-41672]]>
              </value>
            </param>
          </params>
          <reporter-output>
          </reporter-output>
        </test-method> <!-- createRuleUsingDynamicTemplate -->
        <test-method signature="createRuleUsingDynamicTemplate(java.lang.String,java.lang.String,java.lang.String,java.lang.String,java.lang.String,java.lang.String,java.lang.String,java.lang.String,java.lang.String,java.lang.String)[pri:0, instance:com.qa.tests.Test123@30c15d8b]" started-at="2026-01-05T19:37:20 IST" name="createRuleUsingDynamicTemplate" data-provider="ruleDataForDynamicTemplate" finished-at="2026-01-05T19:38:15 IST" duration-ms="55405" status="PASS">
          <params>
            <param index="0">
              <value>
                <![CDATA[validation]]>
              </value>
            </param>
            <param index="1">
              <value>
                <![CDATA[Data Validation - Dynamic SQL]]>
              </value>
            </param>
            <param index="2">
              <value>
                <![CDATA[Test_Generator-WIP]]>
              </value>
            </param>
            <param index="3">
              <value>
                <![CDATA[AD-Test]]>
              </value>
            </param>
            <param index="4">
              <value>
                <![CDATA[Database]]>
              </value>
            </param>
            <param index="5">
              <value>
                <![CDATA[Postgresql-without-jdbc-SysConn]]>
              </value>
            </param>
            <param index="6">
              <value>
                <![CDATA[Postgresql-without-jdbc-SysConn]]>
              </value>
            </param>
            <param index="7">
              <value>
                <![CDATA[public]]>
              </value>
            </param>
            <param index="8">
              <value>
                <![CDATA[staff]]>
              </value>
            </param>
            <param index="9">
              <value>
                <![CDATA[NRR-41673]]>
              </value>
            </param>
          </params>
          <reporter-output>
          </reporter-output>
        </test-method> <!-- createRuleUsingDynamicTemplate -->
        <test-method signature="createRuleUsingDynamicTemplate(java.lang.String,java.lang.String,java.lang.String,java.lang.String,java.lang.String,java.lang.String,java.lang.String,java.lang.String,java.lang.String,java.lang.String)[pri:0, instance:com.qa.tests.Test123@30c15d8b]" started-at="2026-01-05T19:38:15 IST" name="createRuleUsingDynamicTemplate" data-provider="ruleDataForDynamicTemplate" finished-at="2026-01-05T19:39:22 IST" duration-ms="66902" status="FAIL">
          <params>
            <param index="0">
              <value>
                <![CDATA[pushdown]]>
              </value>
            </param>
            <param index="1">
              <value>
                <![CDATA[Data Pushdown Validation - Dynamic SQL]]>
              </value>
            </param>
            <param index="2">
              <value>
                <![CDATA[Test_Generator-WIP]]>
              </value>
            </param>
            <param index="3">
              <value>
                <![CDATA[AD-Test]]>
              </value>
            </param>
            <param index="4">
              <value>
                <![CDATA[Database]]>
              </value>
            </param>
            <param index="5">
              <value>
                <![CDATA[Postgresql-without-jdbc-SysConn]]>
              </value>
            </param>
            <param index="6">
              <value>
                <![CDATA[Postgresql-without-jdbc-SysConn]]>
              </value>
            </param>
            <param index="7">
              <value>
                <![CDATA[public]]>
              </value>
            </param>
            <param index="8">
              <value>
                <![CDATA[staff]]>
              </value>
            </param>
            <param index="9">
              <value>
                <![CDATA[NRR-41674]]>
              </value>
            </param>
          </params>
          <exception class="java.lang.AssertionError">
            <message>
              <![CDATA[Rule name mismatch. Expected: PUSHDOWN_brg.staff but found: PUSHDOWN_brg staff]]>
            </message>
            <full-stacktrace>
              <![CDATA[java.lang.AssertionError: Rule name mismatch. Expected: PUSHDOWN_brg.staff but found: PUSHDOWN_brg staff
at com.qa.pages.Test1.clickOnPublishedRule(Test1.java:699)
at com.qa.pages.Test1.createRuleUsingDefaultDynamicTemplate(Test1.java:154)
at com.qa.tests.Test123.createRuleUsingDynamicTemplate(Test123.java:36)
at java.base/jdk.internal.reflect.DirectMethodHandleAccessor.invoke(DirectMethodHandleAccessor.java:103)
at java.base/java.lang.reflect.Method.invoke(Method.java:580)
at org.testng.internal.MethodInvocationHelper.invokeMethod(MethodInvocationHelper.java:133)
at org.testng.internal.TestInvoker.invokeMethod(TestInvoker.java:598)
at org.testng.internal.TestInvoker.invokeTestMethod(TestInvoker.java:173)
at org.testng.internal.MethodRunner.runInSequence(MethodRunner.java:46)
at org.testng.internal.TestInvoker$MethodInvocationAgent.invoke(TestInvoker.java:824)
at org.testng.internal.TestInvoker.invokeTestMethods(TestInvoker.java:146)
at org.testng.internal.TestMethodWorker.invokeTestMethods(TestMethodWorker.java:146)
at org.testng.internal.TestMethodWorker.run(TestMethodWorker.java:128)
at java.base/java.util.ArrayList.forEach(ArrayList.java:1596)
at org.testng.TestRunner.privateRun(TestRunner.java:794)
at org.testng.TestRunner.run(TestRunner.java:596)
at org.testng.SuiteRunner.runTest(SuiteRunner.java:377)
at org.testng.SuiteRunner.runSequentially(SuiteRunner.java:371)
at org.testng.SuiteRunner.privateRun(SuiteRunner.java:332)
at org.testng.SuiteRunner.run(SuiteRunner.java:276)
at org.testng.SuiteRunnerWorker.runSuite(SuiteRunnerWorker.java:53)
at org.testng.SuiteRunnerWorker.run(SuiteRunnerWorker.java:96)
at org.testng.TestNG.runSuitesSequentially(TestNG.java:1212)
at org.testng.TestNG.runSuitesLocally(TestNG.java:1134)
at org.testng.TestNG.runSuites(TestNG.java:1063)
at org.testng.TestNG.run(TestNG.java:1031)
at org.testng.remote.AbstractRemoteTestNG.run(AbstractRemoteTestNG.java:115)
at org.testng.remote.RemoteTestNG.initAndRun(RemoteTestNG.java:293)
at org.testng.remote.RemoteTestNG.main(RemoteTestNG.java:91)
]]>
            </full-stacktrace>
          </exception> <!-- java.lang.AssertionError -->
          <reporter-output>
          </reporter-output>
        </test-method> <!-- createRuleUsingDynamicTemplate -->
        <test-method signature="createRuleUsingDynamicTemplate(java.lang.String,java.lang.String,java.lang.String,java.lang.String,java.lang.String,java.lang.String,java.lang.String,java.lang.String,java.lang.String,java.lang.String)[pri:0, instance:com.qa.tests.Test123@30c15d8b]" started-at="2026-01-05T19:39:22 IST" name="createRuleUsingDynamicTemplate" data-provider="ruleDataForDynamicTemplate" finished-at="2026-01-05T19:39:22 IST" duration-ms="1" status="PASS">
          <params>
            <param index="0">
              <value>
                <![CDATA[checksum]]>
              </value>
            </param>
            <param index="1">
              <value>
                <![CDATA[Compare Record Counts - Dynamic SQL]]>
              </value>
            </param>
            <param index="2">
              <value>
                <![CDATA[Test_Generator-WIP]]>
              </value>
            </param>
            <param index="3">
              <value>
                <![CDATA[AD-Test]]>
              </value>
            </param>
            <param index="4">
              <value>
                <![CDATA[Cloud Data Warehouse]]>
              </value>
            </param>
            <param index="5">
              <value>
                <![CDATA[Redshift-without-jdbc-SysConn]]>
              </value>
            </param>
            <param index="6">
              <value>
                <![CDATA[Redshift-without-jdbc-UserConn]]>
              </value>
            </param>
            <param index="7">
              <value>
                <![CDATA[regression_database]]>
              </value>
            </param>
            <param index="8">
              <value>
                <![CDATA[staff]]>
              </value>
            </param>
            <param index="9">
              <value>
                <![CDATA[NRR-41675]]>
              </value>
            </param>
          </params>
          <reporter-output>
          </reporter-output>
        </test-method> <!-- createRuleUsingDynamicTemplate -->
        <test-method signature="createRuleUsingDynamicTemplate(java.lang.String,java.lang.String,java.lang.String,java.lang.String,java.lang.String,java.lang.String,java.lang.String,java.lang.String,java.lang.String,java.lang.String)[pri:0, instance:com.qa.tests.Test123@30c15d8b]" started-at="2026-01-05T19:39:22 IST" name="createRuleUsingDynamicTemplate" data-provider="ruleDataForDynamicTemplate" finished-at="2026-01-05T19:39:22 IST" duration-ms="0" status="PASS">
          <params>
            <param index="0">
              <value>
                <![CDATA[recon]]>
              </value>
            </param>
            <param index="1">
              <value>
                <![CDATA[Specify Column for Diff - Full Data Compare Dynamic SQL]]>
              </value>
            </param>
            <param index="2">
              <value>
                <![CDATA[Test_Generator-WIP]]>
              </value>
            </param>
            <param index="3">
              <value>
                <![CDATA[AD-Test]]>
              </value>
            </param>
            <param index="4">
              <value>
                <![CDATA[Cloud Data Warehouse]]>
              </value>
            </param>
            <param index="5">
              <value>
                <![CDATA[Redshift-without-jdbc-SysConn]]>
              </value>
            </param>
            <param index="6">
              <value>
                <![CDATA[Redshift-without-jdbc-UserConn]]>
              </value>
            </param>
            <param index="7">
              <value>
                <![CDATA[regression_database]]>
              </value>
            </param>
            <param index="8">
              <value>
                <![CDATA[staff]]>
              </value>
            </param>
            <param index="9">
              <value>
                <![CDATA[NRR-41676]]>
              </value>
            </param>
          </params>
          <reporter-output>
          </reporter-output>
        </test-method> <!-- createRuleUsingDynamicTemplate -->
        <test-method signature="createRuleUsingDynamicTemplate(java.lang.String,java.lang.String,java.lang.String,java.lang.String,java.lang.String,java.lang.String,java.lang.String,java.lang.String,java.lang.String,java.lang.String)[pri:0, instance:com.qa.tests.Test123@30c15d8b]" started-at="2026-01-05T19:39:22 IST" name="createRuleUsingDynamicTemplate" data-provider="ruleDataForDynamicTemplate" finished-at="2026-01-05T19:39:22 IST" duration-ms="1" status="PASS">
          <params>
            <param index="0">
              <value>
                <![CDATA[validation]]>
              </value>
            </param>
            <param index="1">
              <value>
                <![CDATA[Data Validation - Dynamic SQL]]>
              </value>
            </param>
            <param index="2">
              <value>
                <![CDATA[Test_Generator-WIP]]>
              </value>
            </param>
            <param index="3">
              <value>
                <![CDATA[AD-Test]]>
              </value>
            </param>
            <param index="4">
              <value>
                <![CDATA[Cloud Data Warehouse]]>
              </value>
            </param>
            <param index="5">
              <value>
                <![CDATA[Redshift-without-jdbc-SysConn]]>
              </value>
            </param>
            <param index="6">
              <value>
                <![CDATA[Redshift-without-jdbc-SysConn]]>
              </value>
            </param>
            <param index="7">
              <value>
                <![CDATA[regression_database]]>
              </value>
            </param>
            <param index="8">
              <value>
                <![CDATA[staff]]>
              </value>
            </param>
            <param index="9">
              <value>
                <![CDATA[NRR-41677]]>
              </value>
            </param>
          </params>
          <reporter-output>
          </reporter-output>
        </test-method> <!-- createRuleUsingDynamicTemplate -->
        <test-method signature="createRuleUsingDynamicTemplate(java.lang.String,java.lang.String,java.lang.String,java.lang.String,java.lang.String,java.lang.String,java.lang.String,java.lang.String,java.lang.String,java.lang.String)[pri:0, instance:com.qa.tests.Test123@30c15d8b]" started-at="2026-01-05T19:39:22 IST" name="createRuleUsingDynamicTemplate" data-provider="ruleDataForDynamicTemplate" finished-at="2026-01-05T19:39:22 IST" duration-ms="1" status="PASS">
          <params>
            <param index="0">
              <value>
                <![CDATA[pushdown]]>
              </value>
            </param>
            <param index="1">
              <value>
                <![CDATA[Data Pushdown Validation - Dynamic SQL]]>
              </value>
            </param>
            <param index="2">
              <value>
                <![CDATA[Test_Generator-WIP]]>
              </value>
            </param>
            <param index="3">
              <value>
                <![CDATA[AD-Test]]>
              </value>
            </param>
            <param index="4">
              <value>
                <![CDATA[Cloud Data Warehouse]]>
              </value>
            </param>
            <param index="5">
              <value>
                <![CDATA[Redshift-without-jdbc-SysConn]]>
              </value>
            </param>
            <param index="6">
              <value>
                <![CDATA[Redshift-without-jdbc-SysConn]]>
              </value>
            </param>
            <param index="7">
              <value>
                <![CDATA[regression_database]]>
              </value>
            </param>
            <param index="8">
              <value>
                <![CDATA[staff]]>
              </value>
            </param>
            <param index="9">
              <value>
                <![CDATA[NRR-41678]]>
              </value>
            </param>
          </params>
          <reporter-output>
          </reporter-output>
        </test-method> <!-- createRuleUsingDynamicTemplate -->
        <test-method is-config="true" signature="endSuite()[pri:0, instance:com.qa.tests.Test123@30c15d8b]" started-at="2026-01-05T19:39:22 IST" name="endSuite" finished-at="2026-01-05T19:39:31 IST" duration-ms="8674" status="PASS">
          <reporter-output>
          </reporter-output>
        </test-method> <!-- endSuite -->
      </class> <!-- com.qa.tests.Test123 -->
    </test> <!-- Test Generator Page Tests -->
  </suite> <!-- Suite -->
</testng-results>
