<?xml version="1.0" encoding="UTF-8"?>
<testng-results ignored="4" total="8" passed="4" failed="0" skipped="0">
  <reporter-output>
  </reporter-output>
  <suite started-at="2025-11-20T12:20:46 IST" name="Suite" finished-at="2025-11-20T12:21:54 IST" duration-ms="67888">
    <groups>
    </groups>
    <test started-at="2025-11-20T12:20:46 IST" name="Test" finished-at="2025-11-20T12:21:54 IST" duration-ms="67888">
      <class name="com.qa.tests.HomePageTest">
        <test-method signature="homePageValidation()[pri:0, instance:com.qa.tests.HomePageTest@3a93b025]" started-at="2025-11-20T12:20:51 IST" name="homePageValidation" finished-at="2025-11-20T12:20:51 IST" duration-ms="2" status="PASS">
          <reporter-output>
          </reporter-output>
        </test-method> <!-- homePageValidation -->
      </class> <!-- com.qa.tests.HomePageTest -->
      <class name="com.qa.tests.TestGeneratorTest">
        <test-method signature="selectTestGenrator()[pri:0, instance:com.qa.tests.TestGeneratorTest@7fe7c640]" started-at="2025-11-20T12:20:51 IST" name="selectTestGenrator" finished-at="2025-11-20T12:21:54 IST" duration-ms="62684" status="PASS">
          <reporter-output>
          </reporter-output>
        </test-method> <!-- selectTestGenrator -->
      </class> <!-- com.qa.tests.TestGeneratorTest -->
      <class name="com.qa.tests.LoginTest">
        <test-method is-config="true" signature="startSuite()[pri:0, instance:com.qa.tests.LoginTest@16293aa2]" started-at="2025-11-20T12:20:37 IST" name="startSuite" finished-at="2025-11-20T12:20:46 IST" duration-ms="9265" status="PASS">
          <reporter-output>
          </reporter-output>
        </test-method> <!-- startSuite -->
        <test-method signature="validateLoginPage()[pri:0, instance:com.qa.tests.LoginTest@16293aa2]" started-at="2025-11-20T12:20:46 IST" name="validateLoginPage" finished-at="2025-11-20T12:20:49 IST" duration-ms="2805" status="PASS">
          <reporter-output>
          </reporter-output>
        </test-method> <!-- validateLoginPage -->
        <test-method signature="testValidLogin()[pri:0, instance:com.qa.tests.LoginTest@16293aa2]" started-at="2025-11-20T12:20:49 IST" name="testValidLogin" finished-at="2025-11-20T12:20:51 IST" depends-on-methods="com.qa.tests.LoginTest.validateLoginPage" duration-ms="2346" status="PASS">
          <reporter-output>
          </reporter-output>
        </test-method> <!-- testValidLogin -->
        <test-method is-config="true" signature="endSuite()[pri:0, instance:com.qa.tests.LoginTest@16293aa2]" started-at="2025-11-20T12:21:54 IST" name="endSuite" finished-at="2025-11-20T12:21:54 IST" duration-ms="379" status="PASS">
          <reporter-output>
          </reporter-output>
        </test-method> <!-- endSuite -->
      </class> <!-- com.qa.tests.LoginTest -->
    </test> <!-- Test -->
  </suite> <!-- Suite -->
</testng-results>
