<?xml version="1.0" encoding="UTF-8"?>
<testng-results ignored="2" total="6" passed="4" failed="0" skipped="0">
  <reporter-output>
  </reporter-output>
  <suite started-at="2025-11-13T17:07:36 IST" name="Suite" finished-at="2025-11-13T17:08:03 IST" duration-ms="27373">
    <groups>
    </groups>
    <test started-at="2025-11-13T17:07:36 IST" name="Test" finished-at="2025-11-13T17:08:03 IST" duration-ms="27373">
      <class name="tests.LoginTest">
        <test-method is-config="true" signature="launchBrowser()[pri:0, instance:tests.LoginTest@85e6769]" started-at="2025-11-13T17:07:31 IST" name="launchBrowser" finished-at="2025-11-13T17:07:36 IST" duration-ms="4472" status="PASS">
          <reporter-output>
          </reporter-output>
        </test-method> <!-- launchBrowser -->
        <test-method signature="validateLoginPage()[pri:0, instance:tests.LoginTest@85e6769]" started-at="2025-11-13T17:07:36 IST" name="validateLoginPage" finished-at="2025-11-13T17:07:37 IST" duration-ms="1584" status="PASS">
          <reporter-output>
          </reporter-output>
        </test-method> <!-- validateLoginPage -->
        <test-method signature="testValidLogin()[pri:0, instance:tests.LoginTest@85e6769]" started-at="2025-11-13T17:07:37 IST" name="testValidLogin" finished-at="2025-11-13T17:07:39 IST" depends-on-methods="tests.LoginTest.validateLoginPage" duration-ms="1437" status="PASS">
          <reporter-output>
          </reporter-output>
        </test-method> <!-- testValidLogin -->
      </class> <!-- tests.LoginTest -->
      <class name="tests.HomePageTest">
        <test-method signature="homePageValidation()[pri:0, instance:tests.HomePageTest@4e70a728]" started-at="2025-11-13T17:07:39 IST" name="homePageValidation" finished-at="2025-11-13T17:07:39 IST" duration-ms="8" status="PASS">
          <reporter-output>
          </reporter-output>
        </test-method> <!-- homePageValidation -->
      </class> <!-- tests.HomePageTest -->
      <class name="tests.TestGeneratorTest">
        <test-method is-config="true" signature="setUp()[pri:0, instance:tests.TestGeneratorTest@b7838a9]" started-at="2025-11-13T17:07:39 IST" name="setUp" finished-at="2025-11-13T17:07:39 IST" duration-ms="2" status="PASS">
          <reporter-output>
          </reporter-output>
        </test-method> <!-- setUp -->
        <test-method signature="selectTestGenrator()[pri:0, instance:tests.TestGeneratorTest@b7838a9]" started-at="2025-11-13T17:07:39 IST" name="selectTestGenrator" finished-at="2025-11-13T17:08:03 IST" duration-ms="24315" status="PASS">
          <reporter-output>
          </reporter-output>
        </test-method> <!-- selectTestGenrator -->
      </class> <!-- tests.TestGeneratorTest -->
    </test> <!-- Test -->
  </suite> <!-- Suite -->
</testng-results>
