<?xml version="1.0" encoding="UTF-8"?>
<testng-results ignored="2" total="6" passed="4" failed="0" skipped="0">
  <reporter-output>
  </reporter-output>
  <suite started-at="2025-11-17T18:10:09 IST" name="Suite" finished-at="2025-11-17T18:11:45 IST" duration-ms="95351">
    <groups>
    </groups>
    <test started-at="2025-11-17T18:10:09 IST" name="Test" finished-at="2025-11-17T18:11:45 IST" duration-ms="95351">
      <class name="com.qa.tests.HomePageTest">
        <test-method signature="homePageValidation()[pri:0, instance:com.qa.tests.HomePageTest@19553973]" started-at="2025-11-17T18:10:12 IST" name="homePageValidation" finished-at="2025-11-17T18:10:12 IST" duration-ms="3" status="PASS">
          <reporter-output>
          </reporter-output>
        </test-method> <!-- homePageValidation -->
      </class> <!-- com.qa.tests.HomePageTest -->
      <class name="com.qa.tests.TestGeneratorTest">
        <test-method signature="selectTestGenrator()[pri:0, instance:com.qa.tests.TestGeneratorTest@7fe7c640]" started-at="2025-11-17T18:10:12 IST" name="selectTestGenrator" finished-at="2025-11-17T18:11:45 IST" duration-ms="92426" status="PASS">
          <reporter-output>
          </reporter-output>
        </test-method> <!-- selectTestGenrator -->
      </class> <!-- com.qa.tests.TestGeneratorTest -->
      <class name="com.qa.tests.LoginTest">
        <test-method is-config="true" signature="launchBrowser()[pri:0, instance:com.qa.tests.LoginTest@435fb7b5]" started-at="2025-11-17T18:10:04 IST" name="launchBrowser" finished-at="2025-11-17T18:10:09 IST" duration-ms="4941" status="PASS">
          <reporter-output>
          </reporter-output>
        </test-method> <!-- launchBrowser -->
        <test-method signature="validateLoginPage()[pri:0, instance:com.qa.tests.LoginTest@435fb7b5]" started-at="2025-11-17T18:10:09 IST" name="validateLoginPage" finished-at="2025-11-17T18:10:12 IST" duration-ms="2166" status="PASS">
          <reporter-output>
          </reporter-output>
        </test-method> <!-- validateLoginPage -->
        <test-method signature="testValidLogin()[pri:0, instance:com.qa.tests.LoginTest@435fb7b5]" started-at="2025-11-17T18:10:12 IST" name="testValidLogin" finished-at="2025-11-17T18:10:12 IST" depends-on-methods="com.qa.tests.LoginTest.validateLoginPage" duration-ms="610" status="PASS">
          <reporter-output>
          </reporter-output>
        </test-method> <!-- testValidLogin -->
      </class> <!-- com.qa.tests.LoginTest -->
    </test> <!-- Test -->
  </suite> <!-- Suite -->
</testng-results>
