<?xml version="1.0" encoding="UTF-8"?>
<testng-results ignored="4" total="8" passed="4" failed="0" skipped="0">
  <reporter-output>
  </reporter-output>
  <suite started-at="2025-11-18T16:51:42 IST" name="Suite" finished-at="2025-11-18T16:54:09 IST" duration-ms="146572">
    <groups>
    </groups>
    <test started-at="2025-11-18T16:51:42 IST" name="Test" finished-at="2025-11-18T16:54:09 IST" duration-ms="146572">
      <class name="com.qa.tests.HomePageTest">
        <test-method signature="homePageValidation()[pri:0, instance:com.qa.tests.HomePageTest@32c8e539]" started-at="2025-11-18T16:51:44 IST" name="homePageValidation" finished-at="2025-11-18T16:51:44 IST" duration-ms="2" status="PASS">
          <reporter-output>
          </reporter-output>
        </test-method> <!-- homePageValidation -->
      </class> <!-- com.qa.tests.HomePageTest -->
      <class name="com.qa.tests.TestGeneratorTest">
        <test-method signature="selectTestGenrator()[pri:0, instance:com.qa.tests.TestGeneratorTest@73dce0e6]" started-at="2025-11-18T16:51:44 IST" name="selectTestGenrator" finished-at="2025-11-18T16:54:09 IST" duration-ms="144718" status="PASS">
          <reporter-output>
          </reporter-output>
        </test-method> <!-- selectTestGenrator -->
      </class> <!-- com.qa.tests.TestGeneratorTest -->
      <class name="com.qa.tests.LoginTest">
        <test-method is-config="true" signature="launchBrowser()[pri:0, instance:com.qa.tests.LoginTest@1c3146bc]" started-at="2025-11-18T16:51:37 IST" name="launchBrowser" finished-at="2025-11-18T16:51:42 IST" duration-ms="5699" status="PASS">
          <reporter-output>
          </reporter-output>
        </test-method> <!-- launchBrowser -->
        <test-method signature="validateLoginPage()[pri:0, instance:com.qa.tests.LoginTest@1c3146bc]" started-at="2025-11-18T16:51:42 IST" name="validateLoginPage" finished-at="2025-11-18T16:51:44 IST" duration-ms="1268" status="PASS">
          <reporter-output>
          </reporter-output>
        </test-method> <!-- validateLoginPage -->
        <test-method signature="testValidLogin()[pri:0, instance:com.qa.tests.LoginTest@1c3146bc]" started-at="2025-11-18T16:51:44 IST" name="testValidLogin" finished-at="2025-11-18T16:51:44 IST" depends-on-methods="com.qa.tests.LoginTest.validateLoginPage" duration-ms="562" status="PASS">
          <reporter-output>
          </reporter-output>
        </test-method> <!-- testValidLogin -->
        <test-method is-config="true" signature="tearDown()[pri:0, instance:com.qa.tests.LoginTest@1c3146bc]" started-at="2025-11-18T16:54:09 IST" name="tearDown" finished-at="2025-11-18T16:54:09 IST" duration-ms="211" status="PASS">
          <reporter-output>
          </reporter-output>
        </test-method> <!-- tearDown -->
      </class> <!-- com.qa.tests.LoginTest -->
    </test> <!-- Test -->
  </suite> <!-- Suite -->
</testng-results>
