<?xml version="1.0" encoding="UTF-8"?>
<testng-results ignored="8" total="11" passed="3" failed="0" skipped="0">
  <reporter-output>
  </reporter-output>
  <suite started-at="2026-02-25T13:03:18 IST" name="Suite" finished-at="2026-02-25T13:03:22 IST" duration-ms="3051">
    <groups>
    </groups>
    <test started-at="2026-02-25T13:03:18 IST" name="Login Tests" finished-at="2026-02-25T13:03:20 IST" duration-ms="1941">
      <class name="com.qa.tests.LoginTest">
        <test-method signature="validateLoginPage()[pri:0, instance:com.qa.tests.LoginTest@131774fe]" started-at="2026-02-25T13:03:18 IST" name="validateLoginPage" finished-at="2026-02-25T13:03:19 IST" duration-ms="619" status="PASS">
          <reporter-output>
          </reporter-output>
        </test-method> <!-- validateLoginPage -->
        <test-method signature="Login()[pri:0, instance:com.qa.tests.LoginTest@131774fe]" started-at="2026-02-25T13:03:19 IST" name="Login" finished-at="2026-02-25T13:03:20 IST" duration-ms="1295" status="PASS">
          <reporter-output>
          </reporter-output>
        </test-method> <!-- Login -->
      </class> <!-- com.qa.tests.LoginTest -->
    </test> <!-- Login Tests -->
    <test started-at="2026-02-25T13:03:21 IST" name="Home Page Tests" finished-at="2026-02-25T13:03:21 IST" duration-ms="720">
      <class name="com.qa.tests.HomePageTest">
        <test-method signature="validateHomePage()[pri:0, instance:com.qa.tests.HomePageTest@7b98f307]" started-at="2026-02-25T13:03:21 IST" name="validateHomePage" finished-at="2026-02-25T13:03:21 IST" duration-ms="718" status="PASS">
          <reporter-output>
          </reporter-output>
        </test-method> <!-- validateHomePage -->
      </class> <!-- com.qa.tests.HomePageTest -->
    </test> <!-- Home Page Tests -->
    <test started-at="2026-02-25T13:03:21 IST" name="Test Generator Page Tests" finished-at="2026-02-25T13:03:21 IST" duration-ms="2">
    </test> <!-- Test Generator Page Tests -->
    <test started-at="2026-02-25T13:03:22 IST" name="Template Page Tests" finished-at="2026-02-25T13:03:22 IST" duration-ms="0">
      <class name="com.qa.tests.TemplatePageTest">
        <test-method is-config="true" signature="startSuite()[pri:0, instance:com.qa.tests.TemplatePageTest@34e9fd99]" started-at="2026-02-25T13:03:14 IST" name="startSuite" finished-at="2026-02-25T13:03:18 IST" duration-ms="4725" status="PASS">
          <reporter-output>
          </reporter-output>
        </test-method> <!-- startSuite -->
        <test-method is-config="true" signature="endSuite()[pri:0, instance:com.qa.tests.TemplatePageTest@34e9fd99]" started-at="2026-02-25T13:03:22 IST" name="endSuite" finished-at="2026-02-25T13:03:31 IST" duration-ms="9487" status="PASS">
          <reporter-output>
          </reporter-output>
        </test-method> <!-- endSuite -->
      </class> <!-- com.qa.tests.TemplatePageTest -->
    </test> <!-- Template Page Tests -->
  </suite> <!-- Suite -->
</testng-results>
