<?xml version="1.0" encoding="UTF-8"?>
<testng-results ignored="4" total="41" passed="36" failed="1" skipped="0">
  <reporter-output>
  </reporter-output>
  <suite started-at="2026-04-30T15:22:44 IST" name="Suite" finished-at="2026-04-30T15:58:34 IST" duration-ms="2149421">
    <groups>
    </groups>
    <test started-at="2026-04-30T15:22:44 IST" name="Login Tests" finished-at="2026-04-30T15:22:46 IST" duration-ms="1379">
      <class name="com.qa.tests.LoginTest">
        <test-method signature="validateLoginPage()[pri:0, instance:com.qa.tests.LoginTest@1a482e36]" started-at="2026-04-30T15:22:44 IST" name="validateLoginPage" finished-at="2026-04-30T15:22:44 IST" duration-ms="27" status="FAIL">
          <exception class="org.openqa.selenium.InvalidArgumentException">
            <message>
              <![CDATA[invalid argument
  (Session info: chrome=147.0.7727.102)
Build info: version: '4.38.0', revision: '6b412e825c*'
System info: os.name: 'Windows 11', os.arch: 'amd64', os.version: '10.0', java.version: '21.0.3'
Driver info: org.openqa.selenium.chrome.ChromeDriver
Command: [ba97281568d9f14afca1bd0024d3218a, get {url=baseUrl}]
Capabilities {acceptInsecureCerts: true, browserName: chrome, browserVersion: 147.0.7727.102, chrome: {chromedriverVersion: 147.0.7727.117 (474cc805edd..., userDataDir: C:\Users\ASHWIN~1\AppData\L...}, fedcm:accounts: true, goog:chromeOptions: {debuggerAddress: localhost:59702}, goog:processID: 214852, networkConnectionEnabled: false, pageLoadStrategy: normal, platformName: windows, proxy: Proxy(), se:cdp: ws://localhost:59702/devtoo..., se:cdpVersion: 147.0.7727.102, setWindowRect: true, strictFileInteractability: false, timeouts: {implicit: 0, pageLoad: 300000, script: 30000}, unhandledPromptBehavior: dismiss and notify, webauthn:extension:credBlob: true, webauthn:extension:largeBlob: true, webauthn:extension:minPinLength: true, webauthn:extension:prf: true, webauthn:virtualAuthenticators: true}
Session ID: ba97281568d9f14afca1bd0024d3218a]]>
            </message>
            <full-stacktrace>
              <![CDATA[org.openqa.selenium.InvalidArgumentException: invalid argument
  (Session info: chrome=147.0.7727.102)
Build info: version: '4.38.0', revision: '6b412e825c*'
System info: os.name: 'Windows 11', os.arch: 'amd64', os.version: '10.0', java.version: '21.0.3'
Driver info: org.openqa.selenium.chrome.ChromeDriver
Command: [ba97281568d9f14afca1bd0024d3218a, get {url=baseUrl}]
Capabilities {acceptInsecureCerts: true, browserName: chrome, browserVersion: 147.0.7727.102, chrome: {chromedriverVersion: 147.0.7727.117 (474cc805edd..., userDataDir: C:\Users\ASHWIN~1\AppData\L...}, fedcm:accounts: true, goog:chromeOptions: {debuggerAddress: localhost:59702}, goog:processID: 214852, networkConnectionEnabled: false, pageLoadStrategy: normal, platformName: windows, proxy: Proxy(), se:cdp: ws://localhost:59702/devtoo..., se:cdpVersion: 147.0.7727.102, setWindowRect: true, strictFileInteractability: false, timeouts: {implicit: 0, pageLoad: 300000, script: 30000}, unhandledPromptBehavior: dismiss and notify, webauthn:extension:credBlob: true, webauthn:extension:largeBlob: true, webauthn:extension:minPinLength: true, webauthn:extension:prf: true, webauthn:virtualAuthenticators: true}
Session ID: ba97281568d9f14afca1bd0024d3218a
at java.base/jdk.internal.reflect.DirectConstructorHandleAccessor.newInstance(DirectConstructorHandleAccessor.java:62)
at java.base/java.lang.reflect.Constructor.newInstanceWithCaller(Constructor.java:502)
at java.base/java.lang.reflect.Constructor.newInstance(Constructor.java:486)
at org.openqa.selenium.remote.ErrorCodec.decode(ErrorCodec.java:167)
at org.openqa.selenium.remote.codec.w3c.W3CHttpResponseCodec.decode(W3CHttpResponseCodec.java:138)
at org.openqa.selenium.remote.codec.w3c.W3CHttpResponseCodec.decode(W3CHttpResponseCodec.java:50)
at org.openqa.selenium.remote.HttpCommandExecutor.execute(HttpCommandExecutor.java:215)
at org.openqa.selenium.remote.service.DriverCommandExecutor.invokeExecute(DriverCommandExecutor.java:216)
at org.openqa.selenium.remote.service.DriverCommandExecutor.execute(DriverCommandExecutor.java:174)
at org.openqa.selenium.remote.RemoteWebDriver.execute(RemoteWebDriver.java:557)
at org.openqa.selenium.remote.RemoteWebDriver.get(RemoteWebDriver.java:325)
at com.qa.pages.LoginPage.loginPageValidation(LoginPage.java:43)
at com.qa.tests.LoginTest.validateLoginPage(LoginTest.java:18)
at java.base/jdk.internal.reflect.DirectMethodHandleAccessor.invoke(DirectMethodHandleAccessor.java:103)
at java.base/java.lang.reflect.Method.invoke(Method.java:580)
at org.testng.internal.MethodInvocationHelper.invokeMethod(MethodInvocationHelper.java:133)
at org.testng.internal.TestInvoker.invokeMethod(TestInvoker.java:598)
at org.testng.internal.TestInvoker.invokeTestMethod(TestInvoker.java:173)
at org.testng.internal.MethodRunner.runInSequence(MethodRunner.java:46)
at org.testng.internal.TestInvoker$MethodInvocationAgent.invoke(TestInvoker.java:824)
at org.testng.internal.TestInvoker.invokeTestMethods(TestInvoker.java:146)
at org.testng.internal.TestMethodWorker.invokeTestMethods(TestMethodWorker.java:146)
at org.testng.internal.TestMethodWorker.run(TestMethodWorker.java:128)
at java.base/java.util.ArrayList.forEach(ArrayList.java:1596)
at org.testng.TestRunner.privateRun(TestRunner.java:794)
at org.testng.TestRunner.run(TestRunner.java:596)
at org.testng.SuiteRunner.runTest(SuiteRunner.java:377)
at org.testng.SuiteRunner.access$000(SuiteRunner.java:28)
at org.testng.SuiteRunner$SuiteWorker.run(SuiteRunner.java:418)
at org.testng.internal.thread.ThreadUtil.lambda$execute$0(ThreadUtil.java:64)
at java.base/java.util.concurrent.FutureTask.run(FutureTask.java:317)
at java.base/java.util.concurrent.ThreadPoolExecutor.runWorker(ThreadPoolExecutor.java:1144)
at java.base/java.util.concurrent.ThreadPoolExecutor$Worker.run(ThreadPoolExecutor.java:642)
at java.base/java.lang.Thread.run(Thread.java:1583)
]]>
            </full-stacktrace>
          </exception> <!-- org.openqa.selenium.InvalidArgumentException -->
          <reporter-output>
          </reporter-output>
        </test-method> <!-- validateLoginPage -->
        <test-method signature="Login()[pri:0, instance:com.qa.tests.LoginTest@1a482e36]" started-at="2026-04-30T15:22:45 IST" name="Login" finished-at="2026-04-30T15:22:46 IST" duration-ms="1033" status="PASS">
          <reporter-output>
          </reporter-output>
        </test-method> <!-- Login -->
      </class> <!-- com.qa.tests.LoginTest -->
    </test> <!-- Login Tests -->
    <test started-at="2026-04-30T15:22:46 IST" name="Home Page Tests" finished-at="2026-04-30T15:22:46 IST" duration-ms="541">
      <class name="com.qa.tests.HomePageTest">
        <test-method signature="validateHomePage()[pri:0, instance:com.qa.tests.HomePageTest@6771beb3]" started-at="2026-04-30T15:22:46 IST" name="validateHomePage" finished-at="2026-04-30T15:22:46 IST" duration-ms="538" status="PASS">
          <reporter-output>
          </reporter-output>
        </test-method> <!-- validateHomePage -->
      </class> <!-- com.qa.tests.HomePageTest -->
    </test> <!-- Home Page Tests -->
    <test started-at="2026-04-30T15:22:46 IST" name="Test Generator Page Tests" finished-at="2026-04-30T15:22:46 IST" duration-ms="1">
    </test> <!-- Test Generator Page Tests -->
    <test started-at="2026-04-30T15:22:46 IST" name="Template Page Tests" finished-at="2026-04-30T15:58:34 IST" duration-ms="2147148">
      <class name="com.qa.tests.Test123">
        <test-method is-config="true" signature="startSuite()[pri:0, instance:com.qa.tests.Test123@44c03695]" started-at="2026-04-30T15:22:39 IST" name="startSuite" finished-at="2026-04-30T15:22:44 IST" duration-ms="5363" status="PASS">
          <reporter-output>
          </reporter-output>
        </test-method> <!-- startSuite -->
        <test-method signature="createTemplate(java.lang.String,java.lang.String,java.lang.String,java.lang.String,java.lang.String)[pri:0, instance:com.qa.tests.Test123@44c03695]" started-at="2026-04-30T15:22:47 IST" name="createTemplate" data-provider="createTemplateData" finished-at="2026-04-30T15:24:29 IST" duration-ms="101737" status="PASS">
          <params>
            <param index="0">
              <value>
                <![CDATA[Dynamic]]>
              </value>
            </param>
            <param index="1">
              <value>
                <![CDATA[Checksum]]>
              </value>
            </param>
            <param index="2">
              <value>
                <![CDATA[Compare Record Counts - Dynamic SQL]]>
              </value>
            </param>
            <param index="3">
              <value>
                <![CDATA[My Checksum template - using dynamic template]]>
              </value>
            </param>
            <param index="4">
              <value>
                <![CDATA[My dynamic template]]>
              </value>
            </param>
          </params>
          <reporter-output>
          </reporter-output>
        </test-method> <!-- createTemplate -->
        <test-method signature="createTemplate(java.lang.String,java.lang.String,java.lang.String,java.lang.String,java.lang.String)[pri:0, instance:com.qa.tests.Test123@44c03695]" started-at="2026-04-30T15:24:29 IST" name="createTemplate" data-provider="createTemplateData" finished-at="2026-04-30T15:26:09 IST" duration-ms="100586" status="PASS">
          <params>
            <param index="0">
              <value>
                <![CDATA[Dynamic]]>
              </value>
            </param>
            <param index="1">
              <value>
                <![CDATA[Recon]]>
              </value>
            </param>
            <param index="2">
              <value>
                <![CDATA[Specify Column for Diff - Full Data Compare Dynamic SQL]]>
              </value>
            </param>
            <param index="3">
              <value>
                <![CDATA[My Recon template - using dynamic template]]>
              </value>
            </param>
            <param index="4">
              <value>
                <![CDATA[My dynamic template]]>
              </value>
            </param>
          </params>
          <reporter-output>
          </reporter-output>
        </test-method> <!-- createTemplate -->
        <test-method signature="createTemplate(java.lang.String,java.lang.String,java.lang.String,java.lang.String,java.lang.String)[pri:0, instance:com.qa.tests.Test123@44c03695]" started-at="2026-04-30T15:26:09 IST" name="createTemplate" data-provider="createTemplateData" finished-at="2026-04-30T15:27:49 IST" duration-ms="99756" status="PASS">
          <params>
            <param index="0">
              <value>
                <![CDATA[Dynamic]]>
              </value>
            </param>
            <param index="1">
              <value>
                <![CDATA[Validation]]>
              </value>
            </param>
            <param index="2">
              <value>
                <![CDATA[Data Validation - Dynamic SQL]]>
              </value>
            </param>
            <param index="3">
              <value>
                <![CDATA[My Validation template - using dynamic template]]>
              </value>
            </param>
            <param index="4">
              <value>
                <![CDATA[My dynamic template]]>
              </value>
            </param>
          </params>
          <reporter-output>
          </reporter-output>
        </test-method> <!-- createTemplate -->
        <test-method signature="createTemplate(java.lang.String,java.lang.String,java.lang.String,java.lang.String,java.lang.String)[pri:0, instance:com.qa.tests.Test123@44c03695]" started-at="2026-04-30T15:27:49 IST" name="createTemplate" data-provider="createTemplateData" finished-at="2026-04-30T15:29:30 IST" duration-ms="100389" status="PASS">
          <params>
            <param index="0">
              <value>
                <![CDATA[Dynamic]]>
              </value>
            </param>
            <param index="1">
              <value>
                <![CDATA[Pushdown]]>
              </value>
            </param>
            <param index="2">
              <value>
                <![CDATA[Data Pushdown Validation - Dynamic SQL]]>
              </value>
            </param>
            <param index="3">
              <value>
                <![CDATA[My Pushdown template - using dynamic template]]>
              </value>
            </param>
            <param index="4">
              <value>
                <![CDATA[My dynamic template]]>
              </value>
            </param>
          </params>
          <reporter-output>
          </reporter-output>
        </test-method> <!-- createTemplate -->
        <test-method signature="createTemplate(java.lang.String,java.lang.String,java.lang.String,java.lang.String,java.lang.String)[pri:0, instance:com.qa.tests.Test123@44c03695]" started-at="2026-04-30T15:29:30 IST" name="createTemplate" data-provider="createTemplateData" finished-at="2026-04-30T15:31:09 IST" duration-ms="99662" status="PASS">
          <params>
            <param index="0">
              <value>
                <![CDATA[Import]]>
              </value>
            </param>
            <param index="1">
              <value>
                <![CDATA[Checksum]]>
              </value>
            </param>
            <param index="2">
              <value>
                <![CDATA[Compare Record Counts - Import SQL]]>
              </value>
            </param>
            <param index="3">
              <value>
                <![CDATA[My Checksum template - using import template]]>
              </value>
            </param>
            <param index="4">
              <value>
                <![CDATA[My import template]]>
              </value>
            </param>
          </params>
          <reporter-output>
          </reporter-output>
        </test-method> <!-- createTemplate -->
        <test-method signature="createTemplate(java.lang.String,java.lang.String,java.lang.String,java.lang.String,java.lang.String)[pri:0, instance:com.qa.tests.Test123@44c03695]" started-at="2026-04-30T15:31:09 IST" name="createTemplate" data-provider="createTemplateData" finished-at="2026-04-30T15:32:50 IST" duration-ms="100868" status="PASS">
          <params>
            <param index="0">
              <value>
                <![CDATA[Import]]>
              </value>
            </param>
            <param index="1">
              <value>
                <![CDATA[Recon]]>
              </value>
            </param>
            <param index="2">
              <value>
                <![CDATA[Diff and Expression based on Column Position - Import SQL]]>
              </value>
            </param>
            <param index="3">
              <value>
                <![CDATA[My Recon template - using import template]]>
              </value>
            </param>
            <param index="4">
              <value>
                <![CDATA[My import template]]>
              </value>
            </param>
          </params>
          <reporter-output>
          </reporter-output>
        </test-method> <!-- createTemplate -->
        <test-method signature="createTemplate(java.lang.String,java.lang.String,java.lang.String,java.lang.String,java.lang.String)[pri:0, instance:com.qa.tests.Test123@44c03695]" started-at="2026-04-30T15:32:50 IST" name="createTemplate" data-provider="createTemplateData" finished-at="2026-04-30T15:34:30 IST" duration-ms="100252" status="PASS">
          <params>
            <param index="0">
              <value>
                <![CDATA[Import]]>
              </value>
            </param>
            <param index="1">
              <value>
                <![CDATA[Validation]]>
              </value>
            </param>
            <param index="2">
              <value>
                <![CDATA[Data Validation - Import SQL]]>
              </value>
            </param>
            <param index="3">
              <value>
                <![CDATA[My Validation template - using import template]]>
              </value>
            </param>
            <param index="4">
              <value>
                <![CDATA[My import template]]>
              </value>
            </param>
          </params>
          <reporter-output>
          </reporter-output>
        </test-method> <!-- createTemplate -->
        <test-method signature="createTemplate(java.lang.String,java.lang.String,java.lang.String,java.lang.String,java.lang.String)[pri:0, instance:com.qa.tests.Test123@44c03695]" started-at="2026-04-30T15:34:30 IST" name="createTemplate" data-provider="createTemplateData" finished-at="2026-04-30T15:36:10 IST" duration-ms="100022" status="PASS">
          <params>
            <param index="0">
              <value>
                <![CDATA[Import]]>
              </value>
            </param>
            <param index="1">
              <value>
                <![CDATA[Pushdown]]>
              </value>
            </param>
            <param index="2">
              <value>
                <![CDATA[Data Pushdown Validation - Import SQL]]>
              </value>
            </param>
            <param index="3">
              <value>
                <![CDATA[My Pushdown template - using import template]]>
              </value>
            </param>
            <param index="4">
              <value>
                <![CDATA[My import template]]>
              </value>
            </param>
          </params>
          <reporter-output>
          </reporter-output>
        </test-method> <!-- createTemplate -->
        <test-method signature="createTemplate(java.lang.String,java.lang.String,java.lang.String,java.lang.String,java.lang.String)[pri:0, instance:com.qa.tests.Test123@44c03695]" started-at="2026-04-30T15:36:10 IST" name="createTemplate" data-provider="createTemplateData" finished-at="2026-04-30T15:37:50 IST" duration-ms="99897" status="PASS">
          <params>
            <param index="0">
              <value>
                <![CDATA[Dynamic]]>
              </value>
            </param>
            <param index="1">
              <value>
                <![CDATA[Checksum]]>
              </value>
            </param>
            <param index="2">
              <value>
                <![CDATA[Compare Record Counts - Dynamic SQL]]>
              </value>
            </param>
            <param index="3">
              <value>
                <![CDATA[My Checksum template - To delete]]>
              </value>
            </param>
            <param index="4">
              <value>
                <![CDATA[My dynamic template  To delete]]>
              </value>
            </param>
          </params>
          <reporter-output>
          </reporter-output>
        </test-method> <!-- createTemplate -->
        <test-method signature="createTemplate(java.lang.String,java.lang.String,java.lang.String,java.lang.String,java.lang.String)[pri:0, instance:com.qa.tests.Test123@44c03695]" started-at="2026-04-30T15:37:50 IST" name="createTemplate" data-provider="createTemplateData" finished-at="2026-04-30T15:39:31 IST" duration-ms="100208" status="PASS">
          <params>
            <param index="0">
              <value>
                <![CDATA[Dynamic]]>
              </value>
            </param>
            <param index="1">
              <value>
                <![CDATA[Recon]]>
              </value>
            </param>
            <param index="2">
              <value>
                <![CDATA[Specify Column for Diff - Full Data Compare Dynamic SQL]]>
              </value>
            </param>
            <param index="3">
              <value>
                <![CDATA[My Recon template - To delete]]>
              </value>
            </param>
            <param index="4">
              <value>
                <![CDATA[My dynamic template  To delete]]>
              </value>
            </param>
          </params>
          <reporter-output>
          </reporter-output>
        </test-method> <!-- createTemplate -->
        <test-method signature="createTemplate(java.lang.String,java.lang.String,java.lang.String,java.lang.String,java.lang.String)[pri:0, instance:com.qa.tests.Test123@44c03695]" started-at="2026-04-30T15:39:31 IST" name="createTemplate" data-provider="createTemplateData" finished-at="2026-04-30T15:41:11 IST" duration-ms="100083" status="PASS">
          <params>
            <param index="0">
              <value>
                <![CDATA[Dynamic]]>
              </value>
            </param>
            <param index="1">
              <value>
                <![CDATA[Validation]]>
              </value>
            </param>
            <param index="2">
              <value>
                <![CDATA[Data Validation - Dynamic SQL]]>
              </value>
            </param>
            <param index="3">
              <value>
                <![CDATA[My Validation template - To delete]]>
              </value>
            </param>
            <param index="4">
              <value>
                <![CDATA[My dynamic template  To delete]]>
              </value>
            </param>
          </params>
          <reporter-output>
          </reporter-output>
        </test-method> <!-- createTemplate -->
        <test-method signature="createTemplate(java.lang.String,java.lang.String,java.lang.String,java.lang.String,java.lang.String)[pri:0, instance:com.qa.tests.Test123@44c03695]" started-at="2026-04-30T15:41:11 IST" name="createTemplate" data-provider="createTemplateData" finished-at="2026-04-30T15:42:50 IST" duration-ms="99589" status="PASS">
          <params>
            <param index="0">
              <value>
                <![CDATA[Import]]>
              </value>
            </param>
            <param index="1">
              <value>
                <![CDATA[Validation]]>
              </value>
            </param>
            <param index="2">
              <value>
                <![CDATA[Data Validation - Import SQL]]>
              </value>
            </param>
            <param index="3">
              <value>
                <![CDATA[My Validation 01 template - To delete]]>
              </value>
            </param>
            <param index="4">
              <value>
                <![CDATA[My import template  To delete]]>
              </value>
            </param>
          </params>
          <reporter-output>
          </reporter-output>
        </test-method> <!-- createTemplate -->
        <test-method signature="createTemplate(java.lang.String,java.lang.String,java.lang.String,java.lang.String,java.lang.String)[pri:0, instance:com.qa.tests.Test123@44c03695]" started-at="2026-04-30T15:42:50 IST" name="createTemplate" data-provider="createTemplateData" finished-at="2026-04-30T15:44:30 IST" duration-ms="99780" status="PASS">
          <params>
            <param index="0">
              <value>
                <![CDATA[Import]]>
              </value>
            </param>
            <param index="1">
              <value>
                <![CDATA[Pushdown]]>
              </value>
            </param>
            <param index="2">
              <value>
                <![CDATA[Data Pushdown Validation - Import SQL]]>
              </value>
            </param>
            <param index="3">
              <value>
                <![CDATA[My Pushdown template - To delete]]>
              </value>
            </param>
            <param index="4">
              <value>
                <![CDATA[My import template  To delete]]>
              </value>
            </param>
          </params>
          <reporter-output>
          </reporter-output>
        </test-method> <!-- createTemplate -->
        <test-method signature="updateTemplate(java.lang.String,java.lang.String,java.lang.String,java.lang.String,java.lang.String)[pri:0, instance:com.qa.tests.Test123@44c03695]" started-at="2026-04-30T15:44:30 IST" name="updateTemplate" data-provider="updateTemplateData" finished-at="2026-04-30T15:45:30 IST" duration-ms="59968" status="PASS">
          <params>
            <param index="0">
              <value>
                <![CDATA[Dynamic]]>
              </value>
            </param>
            <param index="1">
              <value>
                <![CDATA[Checksum]]>
              </value>
            </param>
            <param index="2">
              <value>
                <![CDATA[My Checksum template - using dynamic template]]>
              </value>
            </param>
            <param index="3">
              <value>
                <![CDATA[My Checksum template - using dynamic template_Updated]]>
              </value>
            </param>
            <param index="4">
              <value>
                <![CDATA[My dynamic template_Updated]]>
              </value>
            </param>
          </params>
          <reporter-output>
          </reporter-output>
        </test-method> <!-- updateTemplate -->
        <test-method signature="updateTemplate(java.lang.String,java.lang.String,java.lang.String,java.lang.String,java.lang.String)[pri:0, instance:com.qa.tests.Test123@44c03695]" started-at="2026-04-30T15:45:30 IST" name="updateTemplate" data-provider="updateTemplateData" finished-at="2026-04-30T15:46:30 IST" duration-ms="60476" status="PASS">
          <params>
            <param index="0">
              <value>
                <![CDATA[Dynamic]]>
              </value>
            </param>
            <param index="1">
              <value>
                <![CDATA[Recon]]>
              </value>
            </param>
            <param index="2">
              <value>
                <![CDATA[My Recon template - using dynamic template]]>
              </value>
            </param>
            <param index="3">
              <value>
                <![CDATA[My Recon template - using dynamic template_Updated]]>
              </value>
            </param>
            <param index="4">
              <value>
                <![CDATA[My dynamic template_Updated]]>
              </value>
            </param>
          </params>
          <reporter-output>
          </reporter-output>
        </test-method> <!-- updateTemplate -->
        <test-method signature="updateTemplate(java.lang.String,java.lang.String,java.lang.String,java.lang.String,java.lang.String)[pri:0, instance:com.qa.tests.Test123@44c03695]" started-at="2026-04-30T15:46:30 IST" name="updateTemplate" data-provider="updateTemplateData" finished-at="2026-04-30T15:47:32 IST" duration-ms="61875" status="PASS">
          <params>
            <param index="0">
              <value>
                <![CDATA[Dynamic]]>
              </value>
            </param>
            <param index="1">
              <value>
                <![CDATA[Validation]]>
              </value>
            </param>
            <param index="2">
              <value>
                <![CDATA[My Validation template - using dynamic template]]>
              </value>
            </param>
            <param index="3">
              <value>
                <![CDATA[My Validation template - using dynamic template_Updated]]>
              </value>
            </param>
            <param index="4">
              <value>
                <![CDATA[My dynamic template_Updated]]>
              </value>
            </param>
          </params>
          <reporter-output>
          </reporter-output>
        </test-method> <!-- updateTemplate -->
        <test-method signature="updateTemplate(java.lang.String,java.lang.String,java.lang.String,java.lang.String,java.lang.String)[pri:0, instance:com.qa.tests.Test123@44c03695]" started-at="2026-04-30T15:47:32 IST" name="updateTemplate" data-provider="updateTemplateData" finished-at="2026-04-30T15:48:34 IST" duration-ms="61537" status="PASS">
          <params>
            <param index="0">
              <value>
                <![CDATA[Dynamic]]>
              </value>
            </param>
            <param index="1">
              <value>
                <![CDATA[Pushdown]]>
              </value>
            </param>
            <param index="2">
              <value>
                <![CDATA[My Pushdown template - using dynamic template]]>
              </value>
            </param>
            <param index="3">
              <value>
                <![CDATA[My Pushdown template - using dynamic template_Updated]]>
              </value>
            </param>
            <param index="4">
              <value>
                <![CDATA[My dynamic template_Updated]]>
              </value>
            </param>
          </params>
          <reporter-output>
          </reporter-output>
        </test-method> <!-- updateTemplate -->
        <test-method signature="updateTemplate(java.lang.String,java.lang.String,java.lang.String,java.lang.String,java.lang.String)[pri:0, instance:com.qa.tests.Test123@44c03695]" started-at="2026-04-30T15:48:34 IST" name="updateTemplate" data-provider="updateTemplateData" finished-at="2026-04-30T15:49:34 IST" duration-ms="60469" status="PASS">
          <params>
            <param index="0">
              <value>
                <![CDATA[Import]]>
              </value>
            </param>
            <param index="1">
              <value>
                <![CDATA[Checksum]]>
              </value>
            </param>
            <param index="2">
              <value>
                <![CDATA[My Checksum template - using import template]]>
              </value>
            </param>
            <param index="3">
              <value>
                <![CDATA[My Checksum template - using import template_Updated]]>
              </value>
            </param>
            <param index="4">
              <value>
                <![CDATA[My import template_Updated]]>
              </value>
            </param>
          </params>
          <reporter-output>
          </reporter-output>
        </test-method> <!-- updateTemplate -->
        <test-method signature="updateTemplate(java.lang.String,java.lang.String,java.lang.String,java.lang.String,java.lang.String)[pri:0, instance:com.qa.tests.Test123@44c03695]" started-at="2026-04-30T15:49:34 IST" name="updateTemplate" data-provider="updateTemplateData" finished-at="2026-04-30T15:50:36 IST" duration-ms="61374" status="PASS">
          <params>
            <param index="0">
              <value>
                <![CDATA[Import]]>
              </value>
            </param>
            <param index="1">
              <value>
                <![CDATA[Recon]]>
              </value>
            </param>
            <param index="2">
              <value>
                <![CDATA[My Recon template - using import template]]>
              </value>
            </param>
            <param index="3">
              <value>
                <![CDATA[My Recon template - using import template_Updated]]>
              </value>
            </param>
            <param index="4">
              <value>
                <![CDATA[My import template_Updated]]>
              </value>
            </param>
          </params>
          <reporter-output>
          </reporter-output>
        </test-method> <!-- updateTemplate -->
        <test-method signature="updateTemplate(java.lang.String,java.lang.String,java.lang.String,java.lang.String,java.lang.String)[pri:0, instance:com.qa.tests.Test123@44c03695]" started-at="2026-04-30T15:50:36 IST" name="updateTemplate" data-provider="updateTemplateData" finished-at="2026-04-30T15:51:36 IST" duration-ms="59901" status="PASS">
          <params>
            <param index="0">
              <value>
                <![CDATA[Import]]>
              </value>
            </param>
            <param index="1">
              <value>
                <![CDATA[Validation]]>
              </value>
            </param>
            <param index="2">
              <value>
                <![CDATA[My Validation template - using import template]]>
              </value>
            </param>
            <param index="3">
              <value>
                <![CDATA[My Validation template - using import template_Updated]]>
              </value>
            </param>
            <param index="4">
              <value>
                <![CDATA[My import template_Updated]]>
              </value>
            </param>
          </params>
          <reporter-output>
          </reporter-output>
        </test-method> <!-- updateTemplate -->
        <test-method signature="updateTemplate(java.lang.String,java.lang.String,java.lang.String,java.lang.String,java.lang.String)[pri:0, instance:com.qa.tests.Test123@44c03695]" started-at="2026-04-30T15:51:36 IST" name="updateTemplate" data-provider="updateTemplateData" finished-at="2026-04-30T15:52:37 IST" duration-ms="61282" status="PASS">
          <params>
            <param index="0">
              <value>
                <![CDATA[Import]]>
              </value>
            </param>
            <param index="1">
              <value>
                <![CDATA[Pushdown]]>
              </value>
            </param>
            <param index="2">
              <value>
                <![CDATA[My Pushdown template - using import template]]>
              </value>
            </param>
            <param index="3">
              <value>
                <![CDATA[My Pushdown template - using import template_Updated]]>
              </value>
            </param>
            <param index="4">
              <value>
                <![CDATA[My import template_Updated]]>
              </value>
            </param>
          </params>
          <reporter-output>
          </reporter-output>
        </test-method> <!-- updateTemplate -->
        <test-method signature="deleteTemplateFromDetailsPage(java.lang.String,java.lang.String,java.lang.String)[pri:0, instance:com.qa.tests.Test123@44c03695]" started-at="2026-04-30T15:52:37 IST" name="deleteTemplateFromDetailsPage" data-provider="deleteTemplateDetailsData" finished-at="2026-04-30T15:53:09 IST" duration-ms="31740" status="PASS">
          <params>
            <param index="0">
              <value>
                <![CDATA[Dynamic]]>
              </value>
            </param>
            <param index="1">
              <value>
                <![CDATA[Checksum]]>
              </value>
            </param>
            <param index="2">
              <value>
                <![CDATA[My Checksum template - To delete]]>
              </value>
            </param>
          </params>
          <reporter-output>
          </reporter-output>
        </test-method> <!-- deleteTemplateFromDetailsPage -->
        <test-method signature="deleteTemplateFromDetailsPage(java.lang.String,java.lang.String,java.lang.String)[pri:0, instance:com.qa.tests.Test123@44c03695]" started-at="2026-04-30T15:53:09 IST" name="deleteTemplateFromDetailsPage" data-provider="deleteTemplateDetailsData" finished-at="2026-04-30T15:53:40 IST" duration-ms="31320" status="PASS">
          <params>
            <param index="0">
              <value>
                <![CDATA[Dynamic]]>
              </value>
            </param>
            <param index="1">
              <value>
                <![CDATA[Recon]]>
              </value>
            </param>
            <param index="2">
              <value>
                <![CDATA[My Recon template - To delete]]>
              </value>
            </param>
          </params>
          <reporter-output>
          </reporter-output>
        </test-method> <!-- deleteTemplateFromDetailsPage -->
        <test-method signature="deleteTemplateFromDetailsPage(java.lang.String,java.lang.String,java.lang.String)[pri:0, instance:com.qa.tests.Test123@44c03695]" started-at="2026-04-30T15:53:40 IST" name="deleteTemplateFromDetailsPage" data-provider="deleteTemplateDetailsData" finished-at="2026-04-30T15:54:11 IST" duration-ms="31043" status="PASS">
          <params>
            <param index="0">
              <value>
                <![CDATA[Dynamic]]>
              </value>
            </param>
            <param index="1">
              <value>
                <![CDATA[Validation]]>
              </value>
            </param>
            <param index="2">
              <value>
                <![CDATA[My Validation template - To delete]]>
              </value>
            </param>
          </params>
          <reporter-output>
          </reporter-output>
        </test-method> <!-- deleteTemplateFromDetailsPage -->
        <test-method signature="deleteTemplateFromDetailsPage(java.lang.String,java.lang.String,java.lang.String)[pri:0, instance:com.qa.tests.Test123@44c03695]" started-at="2026-04-30T15:54:11 IST" name="deleteTemplateFromDetailsPage" data-provider="deleteTemplateDetailsData" finished-at="2026-04-30T15:54:42 IST" duration-ms="30825" status="PASS">
          <params>
            <param index="0">
              <value>
                <![CDATA[Import]]>
              </value>
            </param>
            <param index="1">
              <value>
                <![CDATA[Validation]]>
              </value>
            </param>
            <param index="2">
              <value>
                <![CDATA[My Validation 01 template - To delete]]>
              </value>
            </param>
          </params>
          <reporter-output>
          </reporter-output>
        </test-method> <!-- deleteTemplateFromDetailsPage -->
        <test-method signature="deleteTemplateFromDetailsPage(java.lang.String,java.lang.String,java.lang.String)[pri:0, instance:com.qa.tests.Test123@44c03695]" started-at="2026-04-30T15:54:42 IST" name="deleteTemplateFromDetailsPage" data-provider="deleteTemplateDetailsData" finished-at="2026-04-30T15:55:13 IST" duration-ms="30854" status="PASS">
          <params>
            <param index="0">
              <value>
                <![CDATA[Import]]>
              </value>
            </param>
            <param index="1">
              <value>
                <![CDATA[Pushdown]]>
              </value>
            </param>
            <param index="2">
              <value>
                <![CDATA[My Pushdown template - To delete]]>
              </value>
            </param>
          </params>
          <reporter-output>
          </reporter-output>
        </test-method> <!-- deleteTemplateFromDetailsPage -->
        <test-method signature="deleteTemplateFromListingPage(java.lang.String,java.lang.String,java.lang.String)[pri:0, instance:com.qa.tests.Test123@44c03695]" started-at="2026-04-30T15:55:13 IST" name="deleteTemplateFromListingPage" data-provider="deleteTemplateListData" finished-at="2026-04-30T15:55:38 IST" duration-ms="24916" status="PASS">
          <params>
            <param index="0">
              <value>
                <![CDATA[Dynamic]]>
              </value>
            </param>
            <param index="1">
              <value>
                <![CDATA[Checksum]]>
              </value>
            </param>
            <param index="2">
              <value>
                <![CDATA[My Checksum template - using dynamic template_Updated]]>
              </value>
            </param>
          </params>
          <reporter-output>
          </reporter-output>
        </test-method> <!-- deleteTemplateFromListingPage -->
        <test-method signature="deleteTemplateFromListingPage(java.lang.String,java.lang.String,java.lang.String)[pri:0, instance:com.qa.tests.Test123@44c03695]" started-at="2026-04-30T15:55:38 IST" name="deleteTemplateFromListingPage" data-provider="deleteTemplateListData" finished-at="2026-04-30T15:56:03 IST" duration-ms="24999" status="PASS">
          <params>
            <param index="0">
              <value>
                <![CDATA[Dynamic]]>
              </value>
            </param>
            <param index="1">
              <value>
                <![CDATA[Recon]]>
              </value>
            </param>
            <param index="2">
              <value>
                <![CDATA[My Recon template - using dynamic template_Updated]]>
              </value>
            </param>
          </params>
          <reporter-output>
          </reporter-output>
        </test-method> <!-- deleteTemplateFromListingPage -->
        <test-method signature="deleteTemplateFromListingPage(java.lang.String,java.lang.String,java.lang.String)[pri:0, instance:com.qa.tests.Test123@44c03695]" started-at="2026-04-30T15:56:03 IST" name="deleteTemplateFromListingPage" data-provider="deleteTemplateListData" finished-at="2026-04-30T15:56:28 IST" duration-ms="25281" status="PASS">
          <params>
            <param index="0">
              <value>
                <![CDATA[Dynamic]]>
              </value>
            </param>
            <param index="1">
              <value>
                <![CDATA[Validation]]>
              </value>
            </param>
            <param index="2">
              <value>
                <![CDATA[My Validation template - using dynamic template_Updated]]>
              </value>
            </param>
          </params>
          <reporter-output>
          </reporter-output>
        </test-method> <!-- deleteTemplateFromListingPage -->
        <test-method signature="deleteTemplateFromListingPage(java.lang.String,java.lang.String,java.lang.String)[pri:0, instance:com.qa.tests.Test123@44c03695]" started-at="2026-04-30T15:56:28 IST" name="deleteTemplateFromListingPage" data-provider="deleteTemplateListData" finished-at="2026-04-30T15:56:53 IST" duration-ms="25088" status="PASS">
          <params>
            <param index="0">
              <value>
                <![CDATA[Dynamic]]>
              </value>
            </param>
            <param index="1">
              <value>
                <![CDATA[Pushdown]]>
              </value>
            </param>
            <param index="2">
              <value>
                <![CDATA[My Pushdown template - using dynamic template_Updated]]>
              </value>
            </param>
          </params>
          <reporter-output>
          </reporter-output>
        </test-method> <!-- deleteTemplateFromListingPage -->
        <test-method signature="deleteTemplateFromListingPage(java.lang.String,java.lang.String,java.lang.String)[pri:0, instance:com.qa.tests.Test123@44c03695]" started-at="2026-04-30T15:56:53 IST" name="deleteTemplateFromListingPage" data-provider="deleteTemplateListData" finished-at="2026-04-30T15:57:18 IST" duration-ms="25026" status="PASS">
          <params>
            <param index="0">
              <value>
                <![CDATA[Import]]>
              </value>
            </param>
            <param index="1">
              <value>
                <![CDATA[Checksum]]>
              </value>
            </param>
            <param index="2">
              <value>
                <![CDATA[My Checksum template - using import template_Updated]]>
              </value>
            </param>
          </params>
          <reporter-output>
          </reporter-output>
        </test-method> <!-- deleteTemplateFromListingPage -->
        <test-method signature="deleteTemplateFromListingPage(java.lang.String,java.lang.String,java.lang.String)[pri:0, instance:com.qa.tests.Test123@44c03695]" started-at="2026-04-30T15:57:18 IST" name="deleteTemplateFromListingPage" data-provider="deleteTemplateListData" finished-at="2026-04-30T15:57:44 IST" duration-ms="25439" status="PASS">
          <params>
            <param index="0">
              <value>
                <![CDATA[Import]]>
              </value>
            </param>
            <param index="1">
              <value>
                <![CDATA[Recon]]>
              </value>
            </param>
            <param index="2">
              <value>
                <![CDATA[My Recon template - using import template_Updated]]>
              </value>
            </param>
          </params>
          <reporter-output>
          </reporter-output>
        </test-method> <!-- deleteTemplateFromListingPage -->
        <test-method signature="deleteTemplateFromListingPage(java.lang.String,java.lang.String,java.lang.String)[pri:0, instance:com.qa.tests.Test123@44c03695]" started-at="2026-04-30T15:57:44 IST" name="deleteTemplateFromListingPage" data-provider="deleteTemplateListData" finished-at="2026-04-30T15:58:09 IST" duration-ms="25159" status="PASS">
          <params>
            <param index="0">
              <value>
                <![CDATA[Import]]>
              </value>
            </param>
            <param index="1">
              <value>
                <![CDATA[Validation]]>
              </value>
            </param>
            <param index="2">
              <value>
                <![CDATA[My Validation template - using import template_Updated]]>
              </value>
            </param>
          </params>
          <reporter-output>
          </reporter-output>
        </test-method> <!-- deleteTemplateFromListingPage -->
        <test-method signature="deleteTemplateFromListingPage(java.lang.String,java.lang.String,java.lang.String)[pri:0, instance:com.qa.tests.Test123@44c03695]" started-at="2026-04-30T15:58:09 IST" name="deleteTemplateFromListingPage" data-provider="deleteTemplateListData" finished-at="2026-04-30T15:58:34 IST" duration-ms="24915" status="PASS">
          <params>
            <param index="0">
              <value>
                <![CDATA[Import]]>
              </value>
            </param>
            <param index="1">
              <value>
                <![CDATA[Pushdown]]>
              </value>
            </param>
            <param index="2">
              <value>
                <![CDATA[My Pushdown template - using import template_Updated]]>
              </value>
            </param>
          </params>
          <reporter-output>
          </reporter-output>
        </test-method> <!-- deleteTemplateFromListingPage -->
        <test-method is-config="true" signature="endSuite()[pri:0, instance:com.qa.tests.Test123@44c03695]" started-at="2026-04-30T15:58:34 IST" name="endSuite" finished-at="2026-04-30T15:58:44 IST" duration-ms="10626" status="PASS">
          <reporter-output>
          </reporter-output>
        </test-method> <!-- endSuite -->
      </class> <!-- com.qa.tests.Test123 -->
    </test> <!-- Template Page Tests -->
  </suite> <!-- Suite -->
</testng-results>
