<?xml version="1.0" encoding="UTF-8"?>
<testng-results ignored="4" total="9" passed="5" failed="0" skipped="0">
  <reporter-output>
  </reporter-output>
  <suite started-at="2025-11-11T16:34:19 IST" name="Suite" finished-at="2025-11-11T16:35:42 IST" duration-ms="83642">
    <groups>
    </groups>
    <test started-at="2025-11-11T16:34:19 IST" name="Test" finished-at="2025-11-11T16:35:42 IST" duration-ms="83642">
      <class name="tests.LoginTest">
        <test-method is-config="true" signature="launchBrowser()[pri:0, instance:tests.LoginTest@435fb7b5]" started-at="2025-11-11T16:34:14 IST" name="launchBrowser" finished-at="2025-11-11T16:34:19 IST" duration-ms="4777" status="PASS">
          <reporter-output>
          </reporter-output>
        </test-method> <!-- launchBrowser -->
        <test-method is-config="true" signature="locatotFind()[pri:0, instance:tests.LoginTest@435fb7b5]" started-at="2025-11-11T16:34:19 IST" name="locatotFind" finished-at="2025-11-11T16:34:19 IST" duration-ms="6" status="PASS">
          <reporter-output>
          </reporter-output>
        </test-method> <!-- locatotFind -->
        <test-method signature="selectTestGeneratorModule()[pri:0, instance:tests.LoginTest@435fb7b5]" started-at="2025-11-11T16:34:19 IST" name="selectTestGeneratorModule" finished-at="2025-11-11T16:34:50 IST" duration-ms="31295" status="PASS">
          <reporter-output>
          </reporter-output>
        </test-method> <!-- selectTestGeneratorModule -->
        <test-method signature="validateLoginPage()[pri:0, instance:tests.LoginTest@435fb7b5]" started-at="2025-11-11T16:34:50 IST" name="validateLoginPage" finished-at="2025-11-11T16:34:53 IST" duration-ms="2643" status="PASS">
          <reporter-output>
          </reporter-output>
        </test-method> <!-- validateLoginPage -->
        <test-method signature="testValidLogin()[pri:0, instance:tests.LoginTest@435fb7b5]" started-at="2025-11-11T16:34:53 IST" name="testValidLogin" finished-at="2025-11-11T16:34:54 IST" depends-on-methods="tests.LoginTest.validateLoginPage" duration-ms="1812" status="PASS">
          <reporter-output>
          </reporter-output>
        </test-method> <!-- testValidLogin -->
      </class> <!-- tests.LoginTest -->
      <class name="tests.HomePageTest">
        <test-method signature="homePageValidation()[pri:0, instance:tests.HomePageTest@19553973]" started-at="2025-11-11T16:34:54 IST" name="homePageValidation" finished-at="2025-11-11T16:34:54 IST" duration-ms="10" status="PASS">
          <reporter-output>
          </reporter-output>
        </test-method> <!-- homePageValidation -->
      </class> <!-- tests.HomePageTest -->
      <class name="tests.TestGeneratorTest">
        <test-method signature="selectTestGenrator()[pri:0, instance:tests.TestGeneratorTest@7bb6ab3a]" started-at="2025-11-11T16:34:54 IST" name="selectTestGenrator" finished-at="2025-11-11T16:35:42 IST" duration-ms="47850" status="PASS">
          <reporter-output>
          </reporter-output>
        </test-method> <!-- selectTestGenrator -->
      </class> <!-- tests.TestGeneratorTest -->
    </test> <!-- Test -->
  </suite> <!-- Suite -->
</testng-results>
