<?xml version="1.0" encoding="UTF-8"?>
<testng-results ignored="0" total="58" passed="53" failed="5" skipped="0">
  <reporter-output>
  </reporter-output>
  <suite started-at="2026-01-29T18:24:39 IST" name="Suite" finished-at="2026-01-29T19:45:17 IST" duration-ms="4837970">
    <groups>
    </groups>
    <test started-at="2026-01-29T18:24:39 IST" name="Login Tests" finished-at="2026-01-29T18:24:45 IST" duration-ms="6155">
      <class name="com.qa.tests.LoginTest">
        <test-method signature="validateLoginPage()[pri:0, instance:com.qa.tests.LoginTest@436813f3]" started-at="2026-01-29T18:24:39 IST" name="validateLoginPage" finished-at="2026-01-29T18:24:40 IST" duration-ms="643" status="PASS">
          <reporter-output>
          </reporter-output>
        </test-method> <!-- validateLoginPage -->
        <test-method signature="Login()[pri:0, instance:com.qa.tests.LoginTest@436813f3]" started-at="2026-01-29T18:24:40 IST" name="Login" finished-at="2026-01-29T18:24:45 IST" duration-ms="5482" status="PASS">
          <reporter-output>
          </reporter-output>
        </test-method> <!-- Login -->
      </class> <!-- com.qa.tests.LoginTest -->
    </test> <!-- Login Tests -->
    <test started-at="2026-01-29T18:24:46 IST" name="Home Page Tests" finished-at="2026-01-29T18:24:46 IST" duration-ms="488">
      <class name="com.qa.tests.HomePageTest">
        <test-method signature="validateHomePage()[pri:0, instance:com.qa.tests.HomePageTest@14cd1699]" started-at="2026-01-29T18:24:46 IST" name="validateHomePage" finished-at="2026-01-29T18:24:46 IST" duration-ms="486" status="PASS">
          <reporter-output>
          </reporter-output>
        </test-method> <!-- validateHomePage -->
      </class> <!-- com.qa.tests.HomePageTest -->
    </test> <!-- Home Page Tests -->
    <test started-at="2026-01-29T18:24:46 IST" name="Test Generator Page Tests" finished-at="2026-01-29T19:29:20 IST" duration-ms="3873723">
      <class name="com.qa.tests.TestGeneratorTest">
        <test-method signature="createRuleUsingDynamicTemplate(java.lang.String,java.lang.String,java.lang.String,java.lang.String,java.lang.String,java.lang.String,java.lang.String,java.lang.String,java.lang.String,java.lang.String)[pri:0, instance:com.qa.tests.TestGeneratorTest@6b2ea799]" started-at="2026-01-29T18:24:47 IST" name="createRuleUsingDynamicTemplate" data-provider="ruleDataForDynamicTemplate" finished-at="2026-01-29T18:28:23 IST" duration-ms="216047" status="PASS">
          <params>
            <param index="0">
              <value>
                <![CDATA[checksum]]>
              </value>
            </param>
            <param index="1">
              <value>
                <![CDATA[Compare Record Counts - Dynamic SQL]]>
              </value>
            </param>
            <param index="2">
              <value>
                <![CDATA[Test_Generator-WIP]]>
              </value>
            </param>
            <param index="3">
              <value>
                <![CDATA[7-4-0]]>
              </value>
            </param>
            <param index="4">
              <value>
                <![CDATA[Database]]>
              </value>
            </param>
            <param index="5">
              <value>
                <![CDATA[Mysql-with-jdbc-SysConn]]>
              </value>
            </param>
            <param index="6">
              <value>
                <![CDATA[Mysql-with-jdbc-UserConn]]>
              </value>
            </param>
            <param index="7">
              <value>
                <![CDATA[icedq]]>
              </value>
            </param>
            <param index="8">
              <value>
                <![CDATA[staff]]>
              </value>
            </param>
            <param index="9">
              <value>
                <![CDATA[NRR-41671]]>
              </value>
            </param>
          </params>
          <reporter-output>
          </reporter-output>
        </test-method> <!-- createRuleUsingDynamicTemplate -->
        <test-method signature="createRuleUsingDynamicTemplate(java.lang.String,java.lang.String,java.lang.String,java.lang.String,java.lang.String,java.lang.String,java.lang.String,java.lang.String,java.lang.String,java.lang.String)[pri:0, instance:com.qa.tests.TestGeneratorTest@6b2ea799]" started-at="2026-01-29T18:28:23 IST" name="createRuleUsingDynamicTemplate" data-provider="ruleDataForDynamicTemplate" finished-at="2026-01-29T18:30:47 IST" duration-ms="144607" status="PASS">
          <params>
            <param index="0">
              <value>
                <![CDATA[recon]]>
              </value>
            </param>
            <param index="1">
              <value>
                <![CDATA[Specify Column for Diff - Full Data Compare Dynamic SQL]]>
              </value>
            </param>
            <param index="2">
              <value>
                <![CDATA[Test_Generator-WIP]]>
              </value>
            </param>
            <param index="3">
              <value>
                <![CDATA[7-4-0]]>
              </value>
            </param>
            <param index="4">
              <value>
                <![CDATA[Database]]>
              </value>
            </param>
            <param index="5">
              <value>
                <![CDATA[Mysql-with-jdbc-SysConn]]>
              </value>
            </param>
            <param index="6">
              <value>
                <![CDATA[Mysql-with-jdbc-UserConn]]>
              </value>
            </param>
            <param index="7">
              <value>
                <![CDATA[icedq]]>
              </value>
            </param>
            <param index="8">
              <value>
                <![CDATA[staff]]>
              </value>
            </param>
            <param index="9">
              <value>
                <![CDATA[NRR-41672]]>
              </value>
            </param>
          </params>
          <reporter-output>
          </reporter-output>
        </test-method> <!-- createRuleUsingDynamicTemplate -->
        <test-method signature="createRuleUsingDynamicTemplate(java.lang.String,java.lang.String,java.lang.String,java.lang.String,java.lang.String,java.lang.String,java.lang.String,java.lang.String,java.lang.String,java.lang.String)[pri:0, instance:com.qa.tests.TestGeneratorTest@6b2ea799]" started-at="2026-01-29T18:30:47 IST" name="createRuleUsingDynamicTemplate" data-provider="ruleDataForDynamicTemplate" finished-at="2026-01-29T18:33:08 IST" duration-ms="140132" status="PASS">
          <params>
            <param index="0">
              <value>
                <![CDATA[validation]]>
              </value>
            </param>
            <param index="1">
              <value>
                <![CDATA[Data Validation - Dynamic SQL]]>
              </value>
            </param>
            <param index="2">
              <value>
                <![CDATA[Test_Generator-WIP]]>
              </value>
            </param>
            <param index="3">
              <value>
                <![CDATA[7-4-0]]>
              </value>
            </param>
            <param index="4">
              <value>
                <![CDATA[Database]]>
              </value>
            </param>
            <param index="5">
              <value>
                <![CDATA[Mysql-with-jdbc-SysConn]]>
              </value>
            </param>
            <param index="6">
              <value>
                <![CDATA[Mysql-with-jdbc-SysConn]]>
              </value>
            </param>
            <param index="7">
              <value>
                <![CDATA[icedq]]>
              </value>
            </param>
            <param index="8">
              <value>
                <![CDATA[staff]]>
              </value>
            </param>
            <param index="9">
              <value>
                <![CDATA[NRR-41673]]>
              </value>
            </param>
          </params>
          <reporter-output>
          </reporter-output>
        </test-method> <!-- createRuleUsingDynamicTemplate -->
        <test-method signature="createRuleUsingDynamicTemplate(java.lang.String,java.lang.String,java.lang.String,java.lang.String,java.lang.String,java.lang.String,java.lang.String,java.lang.String,java.lang.String,java.lang.String)[pri:0, instance:com.qa.tests.TestGeneratorTest@6b2ea799]" started-at="2026-01-29T18:33:08 IST" name="createRuleUsingDynamicTemplate" data-provider="ruleDataForDynamicTemplate" finished-at="2026-01-29T18:36:09 IST" duration-ms="181720" status="PASS">
          <params>
            <param index="0">
              <value>
                <![CDATA[pushdown]]>
              </value>
            </param>
            <param index="1">
              <value>
                <![CDATA[Data Pushdown Validation - Dynamic SQL]]>
              </value>
            </param>
            <param index="2">
              <value>
                <![CDATA[Test_Generator-WIP]]>
              </value>
            </param>
            <param index="3">
              <value>
                <![CDATA[7-4-0]]>
              </value>
            </param>
            <param index="4">
              <value>
                <![CDATA[Database]]>
              </value>
            </param>
            <param index="5">
              <value>
                <![CDATA[Mysql-with-jdbc-SysConn]]>
              </value>
            </param>
            <param index="6">
              <value>
                <![CDATA[Mysql-with-jdbc-SysConn]]>
              </value>
            </param>
            <param index="7">
              <value>
                <![CDATA[icedq]]>
              </value>
            </param>
            <param index="8">
              <value>
                <![CDATA[staff]]>
              </value>
            </param>
            <param index="9">
              <value>
                <![CDATA[NRR-41674]]>
              </value>
            </param>
          </params>
          <reporter-output>
          </reporter-output>
        </test-method> <!-- createRuleUsingDynamicTemplate -->
        <test-method signature="createRuleUsingDynamicTemplate(java.lang.String,java.lang.String,java.lang.String,java.lang.String,java.lang.String,java.lang.String,java.lang.String,java.lang.String,java.lang.String,java.lang.String)[pri:0, instance:com.qa.tests.TestGeneratorTest@6b2ea799]" started-at="2026-01-29T18:36:09 IST" name="createRuleUsingDynamicTemplate" data-provider="ruleDataForDynamicTemplate" finished-at="2026-01-29T18:40:07 IST" duration-ms="237776" status="PASS">
          <params>
            <param index="0">
              <value>
                <![CDATA[checksum]]>
              </value>
            </param>
            <param index="1">
              <value>
                <![CDATA[Compare Record Counts - Dynamic SQL]]>
              </value>
            </param>
            <param index="2">
              <value>
                <![CDATA[Test_Generator-WIP]]>
              </value>
            </param>
            <param index="3">
              <value>
                <![CDATA[7-4-0]]>
              </value>
            </param>
            <param index="4">
              <value>
                <![CDATA[Cloud Data Warehouse]]>
              </value>
            </param>
            <param index="5">
              <value>
                <![CDATA[Redshift-without-jdbc-SysConn]]>
              </value>
            </param>
            <param index="6">
              <value>
                <![CDATA[Redshift-without-jdbc-UserConn]]>
              </value>
            </param>
            <param index="7">
              <value>
                <![CDATA[regression_database]]>
              </value>
            </param>
            <param index="8">
              <value>
                <![CDATA[staff]]>
              </value>
            </param>
            <param index="9">
              <value>
                <![CDATA[NRR-41675]]>
              </value>
            </param>
          </params>
          <reporter-output>
          </reporter-output>
        </test-method> <!-- createRuleUsingDynamicTemplate -->
        <test-method signature="createRuleUsingDynamicTemplate(java.lang.String,java.lang.String,java.lang.String,java.lang.String,java.lang.String,java.lang.String,java.lang.String,java.lang.String,java.lang.String,java.lang.String)[pri:0, instance:com.qa.tests.TestGeneratorTest@6b2ea799]" started-at="2026-01-29T18:40:07 IST" name="createRuleUsingDynamicTemplate" data-provider="ruleDataForDynamicTemplate" finished-at="2026-01-29T18:45:12 IST" duration-ms="304609" status="PASS">
          <params>
            <param index="0">
              <value>
                <![CDATA[recon]]>
              </value>
            </param>
            <param index="1">
              <value>
                <![CDATA[Specify Column for Diff - Full Data Compare Dynamic SQL]]>
              </value>
            </param>
            <param index="2">
              <value>
                <![CDATA[Test_Generator-WIP]]>
              </value>
            </param>
            <param index="3">
              <value>
                <![CDATA[7-4-0]]>
              </value>
            </param>
            <param index="4">
              <value>
                <![CDATA[Cloud Data Warehouse]]>
              </value>
            </param>
            <param index="5">
              <value>
                <![CDATA[Redshift-without-jdbc-SysConn]]>
              </value>
            </param>
            <param index="6">
              <value>
                <![CDATA[Redshift-without-jdbc-UserConn]]>
              </value>
            </param>
            <param index="7">
              <value>
                <![CDATA[regression_database]]>
              </value>
            </param>
            <param index="8">
              <value>
                <![CDATA[staff]]>
              </value>
            </param>
            <param index="9">
              <value>
                <![CDATA[NRR-41676]]>
              </value>
            </param>
          </params>
          <reporter-output>
          </reporter-output>
        </test-method> <!-- createRuleUsingDynamicTemplate -->
        <test-method signature="createRuleUsingDynamicTemplate(java.lang.String,java.lang.String,java.lang.String,java.lang.String,java.lang.String,java.lang.String,java.lang.String,java.lang.String,java.lang.String,java.lang.String)[pri:0, instance:com.qa.tests.TestGeneratorTest@6b2ea799]" started-at="2026-01-29T18:45:12 IST" name="createRuleUsingDynamicTemplate" data-provider="ruleDataForDynamicTemplate" finished-at="2026-01-29T18:49:02 IST" duration-ms="230858" status="PASS">
          <params>
            <param index="0">
              <value>
                <![CDATA[validation]]>
              </value>
            </param>
            <param index="1">
              <value>
                <![CDATA[Data Validation - Dynamic SQL]]>
              </value>
            </param>
            <param index="2">
              <value>
                <![CDATA[Test_Generator-WIP]]>
              </value>
            </param>
            <param index="3">
              <value>
                <![CDATA[7-4-0]]>
              </value>
            </param>
            <param index="4">
              <value>
                <![CDATA[Cloud Data Warehouse]]>
              </value>
            </param>
            <param index="5">
              <value>
                <![CDATA[Redshift-without-jdbc-SysConn]]>
              </value>
            </param>
            <param index="6">
              <value>
                <![CDATA[Redshift-without-jdbc-SysConn]]>
              </value>
            </param>
            <param index="7">
              <value>
                <![CDATA[regression_database]]>
              </value>
            </param>
            <param index="8">
              <value>
                <![CDATA[staff]]>
              </value>
            </param>
            <param index="9">
              <value>
                <![CDATA[NRR-41677]]>
              </value>
            </param>
          </params>
          <reporter-output>
          </reporter-output>
        </test-method> <!-- createRuleUsingDynamicTemplate -->
        <test-method signature="createRuleUsingDynamicTemplate(java.lang.String,java.lang.String,java.lang.String,java.lang.String,java.lang.String,java.lang.String,java.lang.String,java.lang.String,java.lang.String,java.lang.String)[pri:0, instance:com.qa.tests.TestGeneratorTest@6b2ea799]" started-at="2026-01-29T18:49:02 IST" name="createRuleUsingDynamicTemplate" data-provider="ruleDataForDynamicTemplate" finished-at="2026-01-29T18:54:23 IST" duration-ms="320689" status="FAIL">
          <params>
            <param index="0">
              <value>
                <![CDATA[pushdown]]>
              </value>
            </param>
            <param index="1">
              <value>
                <![CDATA[Data Pushdown Validation - Dynamic SQL]]>
              </value>
            </param>
            <param index="2">
              <value>
                <![CDATA[Test_Generator-WIP]]>
              </value>
            </param>
            <param index="3">
              <value>
                <![CDATA[7-4-0]]>
              </value>
            </param>
            <param index="4">
              <value>
                <![CDATA[Cloud Data Warehouse]]>
              </value>
            </param>
            <param index="5">
              <value>
                <![CDATA[Redshift-without-jdbc-SysConn]]>
              </value>
            </param>
            <param index="6">
              <value>
                <![CDATA[Redshift-without-jdbc-SysConn]]>
              </value>
            </param>
            <param index="7">
              <value>
                <![CDATA[regression_database]]>
              </value>
            </param>
            <param index="8">
              <value>
                <![CDATA[staff]]>
              </value>
            </param>
            <param index="9">
              <value>
                <![CDATA[NRR-41678]]>
              </value>
            </param>
          </params>
          <exception class="com.qa.pages.TestGeneratorPage$FlowAbortException">
            <message>
              <![CDATA[Flow aborted: Click On Published Rule]]>
            </message>
            <full-stacktrace>
              <![CDATA[com.qa.pages.TestGeneratorPage$FlowAbortException: Flow aborted: Click On Published Rule
at com.qa.pages.TestGeneratorPage.executeStep(TestGeneratorPage.java:124)
at com.qa.pages.TestGeneratorPage.createRuleUsingDefaultDynamicTemplate(TestGeneratorPage.java:199)
at com.qa.tests.TestGeneratorTest.createRuleUsingDynamicTemplate(TestGeneratorTest.java:42)
at java.base/jdk.internal.reflect.DirectMethodHandleAccessor.invoke(DirectMethodHandleAccessor.java:103)
at java.base/java.lang.reflect.Method.invoke(Method.java:580)
at org.testng.internal.MethodInvocationHelper.invokeMethod(MethodInvocationHelper.java:133)
at org.testng.internal.TestInvoker.invokeMethod(TestInvoker.java:598)
at org.testng.internal.TestInvoker.invokeTestMethod(TestInvoker.java:173)
at org.testng.internal.MethodRunner.runInSequence(MethodRunner.java:46)
at org.testng.internal.TestInvoker$MethodInvocationAgent.invoke(TestInvoker.java:824)
at org.testng.internal.TestInvoker.invokeTestMethods(TestInvoker.java:146)
at org.testng.internal.TestMethodWorker.invokeTestMethods(TestMethodWorker.java:146)
at org.testng.internal.TestMethodWorker.run(TestMethodWorker.java:128)
at java.base/java.util.ArrayList.forEach(ArrayList.java:1596)
at org.testng.TestRunner.privateRun(TestRunner.java:794)
at org.testng.TestRunner.run(TestRunner.java:596)
at org.testng.SuiteRunner.runTest(SuiteRunner.java:377)
at org.testng.SuiteRunner.runSequentially(SuiteRunner.java:371)
at org.testng.SuiteRunner.privateRun(SuiteRunner.java:332)
at org.testng.SuiteRunner.run(SuiteRunner.java:276)
at org.testng.SuiteRunnerWorker.runSuite(SuiteRunnerWorker.java:53)
at org.testng.SuiteRunnerWorker.run(SuiteRunnerWorker.java:96)
at org.testng.TestNG.runSuitesSequentially(TestNG.java:1212)
at org.testng.TestNG.runSuitesLocally(TestNG.java:1134)
at org.testng.TestNG.runSuites(TestNG.java:1063)
at org.testng.TestNG.run(TestNG.java:1031)
at org.testng.remote.AbstractRemoteTestNG.run(AbstractRemoteTestNG.java:115)
at org.testng.remote.RemoteTestNG.initAndRun(RemoteTestNG.java:293)
at org.testng.remote.RemoteTestNG.main(RemoteTestNG.java:91)
Caused by: com.qa.pages.TestGeneratorPage$FlowAbortException: Flow aborted: Validate published rule and navigate to Data Testing page.
at com.qa.pages.TestGeneratorPage.executeStep(TestGeneratorPage.java:124)
at com.qa.pages.TestGeneratorPage.clickOnPublishedRule(TestGeneratorPage.java:897)
at com.qa.pages.TestGeneratorPage.executeStep(TestGeneratorPage.java:103)
... 28 more
Caused by: java.lang.RuntimeException: Status did not change from Submitted/Running after retries
at com.qa.pages.TestGeneratorPage.validateRuleInstanceID(TestGeneratorPage.java:1117)
at com.qa.pages.TestGeneratorPage.lambda$60(TestGeneratorPage.java:946)
at com.qa.pages.TestGeneratorPage.executeStep(TestGeneratorPage.java:103)
... 30 more
]]>
            </full-stacktrace>
          </exception> <!-- com.qa.pages.TestGeneratorPage$FlowAbortException -->
          <reporter-output>
          </reporter-output>
        </test-method> <!-- createRuleUsingDynamicTemplate -->
        <test-method signature="createRuleUsingImportTemplate(java.lang.String,java.lang.String,java.lang.String,java.lang.String,java.lang.String,java.lang.String,java.lang.String)[pri:0, instance:com.qa.tests.TestGeneratorTest@6b2ea799]" started-at="2026-01-29T18:54:23 IST" name="createRuleUsingImportTemplate" data-provider="ruleDataForImportTemplate" finished-at="2026-01-29T18:58:10 IST" duration-ms="226251" status="FAIL">
          <params>
            <param index="0">
              <value>
                <![CDATA[checksum]]>
              </value>
            </param>
            <param index="1">
              <value>
                <![CDATA[Compare Record Counts - Import SQL]]>
              </value>
            </param>
            <param index="2">
              <value>
                <![CDATA[Test_Generator-WIP]]>
              </value>
            </param>
            <param index="3">
              <value>
                <![CDATA[7-4-0]]>
              </value>
            </param>
            <param index="4">
              <value>
                <![CDATA[Database]]>
              </value>
            </param>
            <param index="5">
              <value>
                <![CDATA[Mysql-with-jdbc-SysConn]]>
              </value>
            </param>
            <param index="6">
              <value>
                <![CDATA[Mysql-with-jdbc-UserConn]]>
              </value>
            </param>
          </params>
          <exception class="com.qa.pages.TestGeneratorPage$FlowAbortException">
            <message>
              <![CDATA[Flow aborted: Click On Published Rule]]>
            </message>
            <full-stacktrace>
              <![CDATA[com.qa.pages.TestGeneratorPage$FlowAbortException: Flow aborted: Click On Published Rule
at com.qa.pages.TestGeneratorPage.executeStep(TestGeneratorPage.java:124)
at com.qa.pages.TestGeneratorPage.createRuleUsingDefaultImportTemplate(TestGeneratorPage.java:274)
at com.qa.tests.TestGeneratorTest.createRuleUsingImportTemplate(TestGeneratorTest.java:101)
at java.base/jdk.internal.reflect.DirectMethodHandleAccessor.invoke(DirectMethodHandleAccessor.java:103)
at java.base/java.lang.reflect.Method.invoke(Method.java:580)
at org.testng.internal.MethodInvocationHelper.invokeMethod(MethodInvocationHelper.java:133)
at org.testng.internal.TestInvoker.invokeMethod(TestInvoker.java:598)
at org.testng.internal.TestInvoker.invokeTestMethod(TestInvoker.java:173)
at org.testng.internal.MethodRunner.runInSequence(MethodRunner.java:46)
at org.testng.internal.TestInvoker$MethodInvocationAgent.invoke(TestInvoker.java:824)
at org.testng.internal.TestInvoker.invokeTestMethods(TestInvoker.java:146)
at org.testng.internal.TestMethodWorker.invokeTestMethods(TestMethodWorker.java:146)
at org.testng.internal.TestMethodWorker.run(TestMethodWorker.java:128)
at java.base/java.util.ArrayList.forEach(ArrayList.java:1596)
at org.testng.TestRunner.privateRun(TestRunner.java:794)
at org.testng.TestRunner.run(TestRunner.java:596)
at org.testng.SuiteRunner.runTest(SuiteRunner.java:377)
at org.testng.SuiteRunner.runSequentially(SuiteRunner.java:371)
at org.testng.SuiteRunner.privateRun(SuiteRunner.java:332)
at org.testng.SuiteRunner.run(SuiteRunner.java:276)
at org.testng.SuiteRunnerWorker.runSuite(SuiteRunnerWorker.java:53)
at org.testng.SuiteRunnerWorker.run(SuiteRunnerWorker.java:96)
at org.testng.TestNG.runSuitesSequentially(TestNG.java:1212)
at org.testng.TestNG.runSuitesLocally(TestNG.java:1134)
at org.testng.TestNG.runSuites(TestNG.java:1063)
at org.testng.TestNG.run(TestNG.java:1031)
at org.testng.remote.AbstractRemoteTestNG.run(AbstractRemoteTestNG.java:115)
at org.testng.remote.RemoteTestNG.initAndRun(RemoteTestNG.java:293)
at org.testng.remote.RemoteTestNG.main(RemoteTestNG.java:91)
Caused by: com.qa.pages.TestGeneratorPage$FlowAbortException: Flow aborted: Validate published rule and navigate to Data Testing page.
at com.qa.pages.TestGeneratorPage.executeStep(TestGeneratorPage.java:124)
at com.qa.pages.TestGeneratorPage.clickOnPublishedRule(TestGeneratorPage.java:897)
at com.qa.pages.TestGeneratorPage.executeStep(TestGeneratorPage.java:103)
... 28 more
Caused by: org.openqa.selenium.TimeoutException: Expected condition failed: waiting for presence of element located by: By.xpath: //*[@placeholder='Enter rule name'] (tried for 30 second(s) with 500 milliseconds interval)
at org.openqa.selenium.support.ui.WebDriverWait.timeoutException(WebDriverWait.java:84)
at org.openqa.selenium.support.ui.FluentWait.until(FluentWait.java:228)
at com.qa.pages.TestGeneratorPage.lambda$60(TestGeneratorPage.java:926)
at com.qa.pages.TestGeneratorPage.executeStep(TestGeneratorPage.java:103)
... 30 more
Caused by: org.openqa.selenium.NoSuchElementException: no such element: Unable to locate element: {"method":"xpath","selector":"//*[@placeholder='Enter rule name']"}
  (Session info: chrome=144.0.7559.110)
For documentation on this error, please visit: https://www.selenium.dev/documentation/webdriver/troubleshooting/errors#nosuchelementexception
Build info: version: '4.38.0', revision: '6b412e825c*'
System info: os.name: 'Windows 11', os.arch: 'amd64', os.version: '10.0', java.version: '21.0.3'
Driver info: org.openqa.selenium.chrome.ChromeDriver
Command: [68cd77ba0f637031d56444ee9005900d, findElement {using=xpath, value=//*[@placeholder='Enter rule name']}]
Capabilities {acceptInsecureCerts: true, browserName: chrome, browserVersion: 144.0.7559.110, chrome: {chromedriverVersion: 144.0.7559.109 (6a8d5e49388..., userDataDir: C:\Users\ASHWIN~1\AppData\L...}, fedcm:accounts: true, goog:chromeOptions: {debuggerAddress: localhost:50067}, goog:processID: 336812, networkConnectionEnabled: false, pageLoadStrategy: normal, platformName: windows, proxy: Proxy(), se:cdp: ws://localhost:50067/devtoo..., se:cdpVersion: 144.0.7559.110, setWindowRect: true, strictFileInteractability: false, timeouts: {implicit: 0, pageLoad: 300000, script: 30000}, unhandledPromptBehavior: dismiss and notify, webauthn:extension:credBlob: true, webauthn:extension:largeBlob: true, webauthn:extension:minPinLength: true, webauthn:extension:prf: true, webauthn:virtualAuthenticators: true}
Session ID: 68cd77ba0f637031d56444ee9005900d
at java.base/jdk.internal.reflect.DirectConstructorHandleAccessor.newInstance(DirectConstructorHandleAccessor.java:62)
at java.base/java.lang.reflect.Constructor.newInstanceWithCaller(Constructor.java:502)
at java.base/java.lang.reflect.Constructor.newInstance(Constructor.java:486)
at org.openqa.selenium.remote.ErrorCodec.decode(ErrorCodec.java:167)
at org.openqa.selenium.remote.codec.w3c.W3CHttpResponseCodec.decode(W3CHttpResponseCodec.java:138)
at org.openqa.selenium.remote.codec.w3c.W3CHttpResponseCodec.decode(W3CHttpResponseCodec.java:50)
at org.openqa.selenium.remote.HttpCommandExecutor.execute(HttpCommandExecutor.java:215)
at org.openqa.selenium.remote.service.DriverCommandExecutor.invokeExecute(DriverCommandExecutor.java:216)
at org.openqa.selenium.remote.service.DriverCommandExecutor.execute(DriverCommandExecutor.java:174)
at org.openqa.selenium.remote.RemoteWebDriver.execute(RemoteWebDriver.java:557)
at org.openqa.selenium.remote.ElementLocation$ElementFinder$2.findElement(ElementLocation.java:165)
at org.openqa.selenium.remote.ElementLocation.findElement(ElementLocation.java:59)
at org.openqa.selenium.remote.RemoteWebDriver.findElement(RemoteWebDriver.java:380)
at org.openqa.selenium.remote.RemoteWebDriver.findElement(RemoteWebDriver.java:374)
at org.openqa.selenium.support.ui.ExpectedConditions$6.apply(ExpectedConditions.java:174)
at org.openqa.selenium.support.ui.ExpectedConditions$6.apply(ExpectedConditions.java:171)
at org.openqa.selenium.support.ui.FluentWait.until(FluentWait.java:203)
... 32 more
]]>
            </full-stacktrace>
          </exception> <!-- com.qa.pages.TestGeneratorPage$FlowAbortException -->
          <reporter-output>
          </reporter-output>
        </test-method> <!-- createRuleUsingImportTemplate -->
        <test-method signature="createRuleUsingImportTemplate(java.lang.String,java.lang.String,java.lang.String,java.lang.String,java.lang.String,java.lang.String,java.lang.String)[pri:0, instance:com.qa.tests.TestGeneratorTest@6b2ea799]" started-at="2026-01-29T18:58:10 IST" name="createRuleUsingImportTemplate" data-provider="ruleDataForImportTemplate" finished-at="2026-01-29T18:59:19 IST" duration-ms="68738" status="FAIL">
          <params>
            <param index="0">
              <value>
                <![CDATA[recon]]>
              </value>
            </param>
            <param index="1">
              <value>
                <![CDATA[Diff and Expression based on Column Position - Import SQL]]>
              </value>
            </param>
            <param index="2">
              <value>
                <![CDATA[Test_Generator-WIP]]>
              </value>
            </param>
            <param index="3">
              <value>
                <![CDATA[7-4-0]]>
              </value>
            </param>
            <param index="4">
              <value>
                <![CDATA[Database]]>
              </value>
            </param>
            <param index="5">
              <value>
                <![CDATA[Mysql-with-jdbc-SysConn]]>
              </value>
            </param>
            <param index="6">
              <value>
                <![CDATA[Mysql-with-jdbc-UserConn]]>
              </value>
            </param>
          </params>
          <exception class="com.qa.pages.TestGeneratorPage$FlowAbortException">
            <message>
              <![CDATA[Flow aborted: Click Generate]]>
            </message>
            <full-stacktrace>
              <![CDATA[com.qa.pages.TestGeneratorPage$FlowAbortException: Flow aborted: Click Generate
at com.qa.pages.TestGeneratorPage.executeStep(TestGeneratorPage.java:124)
at com.qa.pages.TestGeneratorPage.createRuleUsingDefaultImportTemplate(TestGeneratorPage.java:260)
at com.qa.tests.TestGeneratorTest.createRuleUsingImportTemplate(TestGeneratorTest.java:101)
at java.base/jdk.internal.reflect.DirectMethodHandleAccessor.invoke(DirectMethodHandleAccessor.java:103)
at java.base/java.lang.reflect.Method.invoke(Method.java:580)
at org.testng.internal.MethodInvocationHelper.invokeMethod(MethodInvocationHelper.java:133)
at org.testng.internal.TestInvoker.invokeMethod(TestInvoker.java:598)
at org.testng.internal.TestInvoker.invokeTestMethod(TestInvoker.java:173)
at org.testng.internal.MethodRunner.runInSequence(MethodRunner.java:46)
at org.testng.internal.TestInvoker$MethodInvocationAgent.invoke(TestInvoker.java:824)
at org.testng.internal.TestInvoker.invokeTestMethods(TestInvoker.java:146)
at org.testng.internal.TestMethodWorker.invokeTestMethods(TestMethodWorker.java:146)
at org.testng.internal.TestMethodWorker.run(TestMethodWorker.java:128)
at java.base/java.util.ArrayList.forEach(ArrayList.java:1596)
at org.testng.TestRunner.privateRun(TestRunner.java:794)
at org.testng.TestRunner.run(TestRunner.java:596)
at org.testng.SuiteRunner.runTest(SuiteRunner.java:377)
at org.testng.SuiteRunner.runSequentially(SuiteRunner.java:371)
at org.testng.SuiteRunner.privateRun(SuiteRunner.java:332)
at org.testng.SuiteRunner.run(SuiteRunner.java:276)
at org.testng.SuiteRunnerWorker.runSuite(SuiteRunnerWorker.java:53)
at org.testng.SuiteRunnerWorker.run(SuiteRunnerWorker.java:96)
at org.testng.TestNG.runSuitesSequentially(TestNG.java:1212)
at org.testng.TestNG.runSuitesLocally(TestNG.java:1134)
at org.testng.TestNG.runSuites(TestNG.java:1063)
at org.testng.TestNG.run(TestNG.java:1031)
at org.testng.remote.AbstractRemoteTestNG.run(AbstractRemoteTestNG.java:115)
at org.testng.remote.RemoteTestNG.initAndRun(RemoteTestNG.java:293)
at org.testng.remote.RemoteTestNG.main(RemoteTestNG.java:91)
Caused by: java.lang.RuntimeException: java.lang.Exception: {"code":"ConstraintViolation","messages":[{"fieldName":"input.schemaName","violation":"Schema name 'public' is not found in the system."}]} | 
at com.qa.pages.TestGeneratorPage.executeStep(TestGeneratorPage.java:108)
... 28 more
]]>
            </full-stacktrace>
          </exception> <!-- com.qa.pages.TestGeneratorPage$FlowAbortException -->
          <reporter-output>
          </reporter-output>
        </test-method> <!-- createRuleUsingImportTemplate -->
        <test-method signature="createRuleUsingImportTemplate(java.lang.String,java.lang.String,java.lang.String,java.lang.String,java.lang.String,java.lang.String,java.lang.String)[pri:0, instance:com.qa.tests.TestGeneratorTest@6b2ea799]" started-at="2026-01-29T18:59:19 IST" name="createRuleUsingImportTemplate" data-provider="ruleDataForImportTemplate" finished-at="2026-01-29T19:00:19 IST" duration-ms="59851" status="FAIL">
          <params>
            <param index="0">
              <value>
                <![CDATA[validation]]>
              </value>
            </param>
            <param index="1">
              <value>
                <![CDATA[Data Validation - Import SQL]]>
              </value>
            </param>
            <param index="2">
              <value>
                <![CDATA[Test_Generator-WIP]]>
              </value>
            </param>
            <param index="3">
              <value>
                <![CDATA[7-4-0]]>
              </value>
            </param>
            <param index="4">
              <value>
                <![CDATA[Database]]>
              </value>
            </param>
            <param index="5">
              <value>
                <![CDATA[Mysql-with-jdbc-SysConn]]>
              </value>
            </param>
            <param index="6">
              <value>
                <![CDATA[Mysql-with-jdbc-SysConn]]>
              </value>
            </param>
          </params>
          <exception class="com.qa.pages.TestGeneratorPage$FlowAbortException">
            <message>
              <![CDATA[Flow aborted: Click Generate]]>
            </message>
            <full-stacktrace>
              <![CDATA[com.qa.pages.TestGeneratorPage$FlowAbortException: Flow aborted: Click Generate
at com.qa.pages.TestGeneratorPage.executeStep(TestGeneratorPage.java:124)
at com.qa.pages.TestGeneratorPage.createRuleUsingDefaultImportTemplate(TestGeneratorPage.java:260)
at com.qa.tests.TestGeneratorTest.createRuleUsingImportTemplate(TestGeneratorTest.java:101)
at java.base/jdk.internal.reflect.DirectMethodHandleAccessor.invoke(DirectMethodHandleAccessor.java:103)
at java.base/java.lang.reflect.Method.invoke(Method.java:580)
at org.testng.internal.MethodInvocationHelper.invokeMethod(MethodInvocationHelper.java:133)
at org.testng.internal.TestInvoker.invokeMethod(TestInvoker.java:598)
at org.testng.internal.TestInvoker.invokeTestMethod(TestInvoker.java:173)
at org.testng.internal.MethodRunner.runInSequence(MethodRunner.java:46)
at org.testng.internal.TestInvoker$MethodInvocationAgent.invoke(TestInvoker.java:824)
at org.testng.internal.TestInvoker.invokeTestMethods(TestInvoker.java:146)
at org.testng.internal.TestMethodWorker.invokeTestMethods(TestMethodWorker.java:146)
at org.testng.internal.TestMethodWorker.run(TestMethodWorker.java:128)
at java.base/java.util.ArrayList.forEach(ArrayList.java:1596)
at org.testng.TestRunner.privateRun(TestRunner.java:794)
at org.testng.TestRunner.run(TestRunner.java:596)
at org.testng.SuiteRunner.runTest(SuiteRunner.java:377)
at org.testng.SuiteRunner.runSequentially(SuiteRunner.java:371)
at org.testng.SuiteRunner.privateRun(SuiteRunner.java:332)
at org.testng.SuiteRunner.run(SuiteRunner.java:276)
at org.testng.SuiteRunnerWorker.runSuite(SuiteRunnerWorker.java:53)
at org.testng.SuiteRunnerWorker.run(SuiteRunnerWorker.java:96)
at org.testng.TestNG.runSuitesSequentially(TestNG.java:1212)
at org.testng.TestNG.runSuitesLocally(TestNG.java:1134)
at org.testng.TestNG.runSuites(TestNG.java:1063)
at org.testng.TestNG.run(TestNG.java:1031)
at org.testng.remote.AbstractRemoteTestNG.run(AbstractRemoteTestNG.java:115)
at org.testng.remote.RemoteTestNG.initAndRun(RemoteTestNG.java:293)
at org.testng.remote.RemoteTestNG.main(RemoteTestNG.java:91)
Caused by: java.lang.RuntimeException: Schema name 'public' is not found in the system. | 
at com.qa.pages.TestGeneratorPage.executeStep(TestGeneratorPage.java:108)
... 28 more
]]>
            </full-stacktrace>
          </exception> <!-- com.qa.pages.TestGeneratorPage$FlowAbortException -->
          <reporter-output>
          </reporter-output>
        </test-method> <!-- createRuleUsingImportTemplate -->
        <test-method signature="createRuleUsingImportTemplate(java.lang.String,java.lang.String,java.lang.String,java.lang.String,java.lang.String,java.lang.String,java.lang.String)[pri:0, instance:com.qa.tests.TestGeneratorTest@6b2ea799]" started-at="2026-01-29T19:00:19 IST" name="createRuleUsingImportTemplate" data-provider="ruleDataForImportTemplate" finished-at="2026-01-29T19:01:19 IST" duration-ms="59566" status="FAIL">
          <params>
            <param index="0">
              <value>
                <![CDATA[pushdown]]>
              </value>
            </param>
            <param index="1">
              <value>
                <![CDATA[Data Pushdown Validation - Import SQL]]>
              </value>
            </param>
            <param index="2">
              <value>
                <![CDATA[Test_Generator-WIP]]>
              </value>
            </param>
            <param index="3">
              <value>
                <![CDATA[7-4-0]]>
              </value>
            </param>
            <param index="4">
              <value>
                <![CDATA[Database]]>
              </value>
            </param>
            <param index="5">
              <value>
                <![CDATA[Mysql-with-jdbc-SysConn]]>
              </value>
            </param>
            <param index="6">
              <value>
                <![CDATA[Mysql-with-jdbc-SysConn]]>
              </value>
            </param>
          </params>
          <exception class="com.qa.pages.TestGeneratorPage$FlowAbortException">
            <message>
              <![CDATA[Flow aborted: Click Generate]]>
            </message>
            <full-stacktrace>
              <![CDATA[com.qa.pages.TestGeneratorPage$FlowAbortException: Flow aborted: Click Generate
at com.qa.pages.TestGeneratorPage.executeStep(TestGeneratorPage.java:124)
at com.qa.pages.TestGeneratorPage.createRuleUsingDefaultImportTemplate(TestGeneratorPage.java:260)
at com.qa.tests.TestGeneratorTest.createRuleUsingImportTemplate(TestGeneratorTest.java:101)
at java.base/jdk.internal.reflect.DirectMethodHandleAccessor.invoke(DirectMethodHandleAccessor.java:103)
at java.base/java.lang.reflect.Method.invoke(Method.java:580)
at org.testng.internal.MethodInvocationHelper.invokeMethod(MethodInvocationHelper.java:133)
at org.testng.internal.TestInvoker.invokeMethod(TestInvoker.java:598)
at org.testng.internal.TestInvoker.invokeTestMethod(TestInvoker.java:173)
at org.testng.internal.MethodRunner.runInSequence(MethodRunner.java:46)
at org.testng.internal.TestInvoker$MethodInvocationAgent.invoke(TestInvoker.java:824)
at org.testng.internal.TestInvoker.invokeTestMethods(TestInvoker.java:146)
at org.testng.internal.TestMethodWorker.invokeTestMethods(TestMethodWorker.java:146)
at org.testng.internal.TestMethodWorker.run(TestMethodWorker.java:128)
at java.base/java.util.ArrayList.forEach(ArrayList.java:1596)
at org.testng.TestRunner.privateRun(TestRunner.java:794)
at org.testng.TestRunner.run(TestRunner.java:596)
at org.testng.SuiteRunner.runTest(SuiteRunner.java:377)
at org.testng.SuiteRunner.runSequentially(SuiteRunner.java:371)
at org.testng.SuiteRunner.privateRun(SuiteRunner.java:332)
at org.testng.SuiteRunner.run(SuiteRunner.java:276)
at org.testng.SuiteRunnerWorker.runSuite(SuiteRunnerWorker.java:53)
at org.testng.SuiteRunnerWorker.run(SuiteRunnerWorker.java:96)
at org.testng.TestNG.runSuitesSequentially(TestNG.java:1212)
at org.testng.TestNG.runSuitesLocally(TestNG.java:1134)
at org.testng.TestNG.runSuites(TestNG.java:1063)
at org.testng.TestNG.run(TestNG.java:1031)
at org.testng.remote.AbstractRemoteTestNG.run(AbstractRemoteTestNG.java:115)
at org.testng.remote.RemoteTestNG.initAndRun(RemoteTestNG.java:293)
at org.testng.remote.RemoteTestNG.main(RemoteTestNG.java:91)
Caused by: java.lang.RuntimeException: Schema name 'public' is not found in the system. | 
at com.qa.pages.TestGeneratorPage.executeStep(TestGeneratorPage.java:108)
... 28 more
]]>
            </full-stacktrace>
          </exception> <!-- com.qa.pages.TestGeneratorPage$FlowAbortException -->
          <reporter-output>
          </reporter-output>
        </test-method> <!-- createRuleUsingImportTemplate -->
        <test-method signature="createRuleUsingImportTemplate(java.lang.String,java.lang.String,java.lang.String,java.lang.String,java.lang.String,java.lang.String,java.lang.String)[pri:0, instance:com.qa.tests.TestGeneratorTest@6b2ea799]" started-at="2026-01-29T19:01:19 IST" name="createRuleUsingImportTemplate" data-provider="ruleDataForImportTemplate" finished-at="2026-01-29T19:04:22 IST" duration-ms="182952" status="PASS">
          <params>
            <param index="0">
              <value>
                <![CDATA[checksum]]>
              </value>
            </param>
            <param index="1">
              <value>
                <![CDATA[Compare Record Counts - Import SQL]]>
              </value>
            </param>
            <param index="2">
              <value>
                <![CDATA[Test_Generator-WIP]]>
              </value>
            </param>
            <param index="3">
              <value>
                <![CDATA[7-4-0]]>
              </value>
            </param>
            <param index="4">
              <value>
                <![CDATA[Cloud Data Warehouse]]>
              </value>
            </param>
            <param index="5">
              <value>
                <![CDATA[Redshift-without-jdbc-SysConn]]>
              </value>
            </param>
            <param index="6">
              <value>
                <![CDATA[Redshift-without-jdbc-UserConn]]>
              </value>
            </param>
          </params>
          <reporter-output>
          </reporter-output>
        </test-method> <!-- createRuleUsingImportTemplate -->
        <test-method signature="createRuleUsingImportTemplate(java.lang.String,java.lang.String,java.lang.String,java.lang.String,java.lang.String,java.lang.String,java.lang.String)[pri:0, instance:com.qa.tests.TestGeneratorTest@6b2ea799]" started-at="2026-01-29T19:04:22 IST" name="createRuleUsingImportTemplate" data-provider="ruleDataForImportTemplate" finished-at="2026-01-29T19:08:47 IST" duration-ms="264735" status="PASS">
          <params>
            <param index="0">
              <value>
                <![CDATA[recon]]>
              </value>
            </param>
            <param index="1">
              <value>
                <![CDATA[Diff and Expression based on Column Position - Import SQL]]>
              </value>
            </param>
            <param index="2">
              <value>
                <![CDATA[Test_Generator-WIP]]>
              </value>
            </param>
            <param index="3">
              <value>
                <![CDATA[7-4-0]]>
              </value>
            </param>
            <param index="4">
              <value>
                <![CDATA[Cloud Data Warehouse]]>
              </value>
            </param>
            <param index="5">
              <value>
                <![CDATA[Redshift-without-jdbc-SysConn]]>
              </value>
            </param>
            <param index="6">
              <value>
                <![CDATA[Redshift-without-jdbc-UserConn]]>
              </value>
            </param>
          </params>
          <reporter-output>
          </reporter-output>
        </test-method> <!-- createRuleUsingImportTemplate -->
        <test-method signature="createRuleUsingImportTemplate(java.lang.String,java.lang.String,java.lang.String,java.lang.String,java.lang.String,java.lang.String,java.lang.String)[pri:0, instance:com.qa.tests.TestGeneratorTest@6b2ea799]" started-at="2026-01-29T19:08:47 IST" name="createRuleUsingImportTemplate" data-provider="ruleDataForImportTemplate" finished-at="2026-01-29T19:12:17 IST" duration-ms="210861" status="PASS">
          <params>
            <param index="0">
              <value>
                <![CDATA[validation]]>
              </value>
            </param>
            <param index="1">
              <value>
                <![CDATA[Data Validation - Import SQL]]>
              </value>
            </param>
            <param index="2">
              <value>
                <![CDATA[Test_Generator-WIP]]>
              </value>
            </param>
            <param index="3">
              <value>
                <![CDATA[7-4-0]]>
              </value>
            </param>
            <param index="4">
              <value>
                <![CDATA[Cloud Data Warehouse]]>
              </value>
            </param>
            <param index="5">
              <value>
                <![CDATA[Redshift-without-jdbc-SysConn]]>
              </value>
            </param>
            <param index="6">
              <value>
                <![CDATA[Redshift-without-jdbc-SysConn]]>
              </value>
            </param>
          </params>
          <reporter-output>
          </reporter-output>
        </test-method> <!-- createRuleUsingImportTemplate -->
        <test-method signature="createRuleUsingImportTemplate(java.lang.String,java.lang.String,java.lang.String,java.lang.String,java.lang.String,java.lang.String,java.lang.String)[pri:0, instance:com.qa.tests.TestGeneratorTest@6b2ea799]" started-at="2026-01-29T19:12:17 IST" name="createRuleUsingImportTemplate" data-provider="ruleDataForImportTemplate" finished-at="2026-01-29T19:15:03 IST" duration-ms="165117" status="PASS">
          <params>
            <param index="0">
              <value>
                <![CDATA[pushdown]]>
              </value>
            </param>
            <param index="1">
              <value>
                <![CDATA[Data Pushdown Validation - Import SQL]]>
              </value>
            </param>
            <param index="2">
              <value>
                <![CDATA[Test_Generator-WIP]]>
              </value>
            </param>
            <param index="3">
              <value>
                <![CDATA[7-4-0]]>
              </value>
            </param>
            <param index="4">
              <value>
                <![CDATA[Cloud Data Warehouse]]>
              </value>
            </param>
            <param index="5">
              <value>
                <![CDATA[Redshift-without-jdbc-SysConn]]>
              </value>
            </param>
            <param index="6">
              <value>
                <![CDATA[Redshift-without-jdbc-SysConn]]>
              </value>
            </param>
          </params>
          <reporter-output>
          </reporter-output>
        </test-method> <!-- createRuleUsingImportTemplate -->
        <test-method signature="createRuleUsingImportTemplate(java.lang.String,java.lang.String,java.lang.String,java.lang.String,java.lang.String,java.lang.String,java.lang.String)[pri:0, instance:com.qa.tests.TestGeneratorTest@6b2ea799]" started-at="2026-01-29T19:15:03 IST" name="createRuleUsingImportTemplate" data-provider="ruleDataForImportTemplate" finished-at="2026-01-29T19:18:03 IST" duration-ms="180839" status="PASS">
          <params>
            <param index="0">
              <value>
                <![CDATA[checksum]]>
              </value>
            </param>
            <param index="1">
              <value>
                <![CDATA[Compare Record Counts - Import SQL]]>
              </value>
            </param>
            <param index="2">
              <value>
                <![CDATA[Test_Generator-WIP]]>
              </value>
            </param>
            <param index="3">
              <value>
                <![CDATA[7-4-0]]>
              </value>
            </param>
            <param index="4">
              <value>
                <![CDATA[File]]>
              </value>
            </param>
            <param index="5">
              <value>
                <![CDATA[FlatFileSQL-S3-AWS-IAM-SysConn]]>
              </value>
            </param>
            <param index="6">
              <value>
                <![CDATA[FlatFileSQL-S3-AWS-IAM-UserConn]]>
              </value>
            </param>
          </params>
          <reporter-output>
          </reporter-output>
        </test-method> <!-- createRuleUsingImportTemplate -->
        <test-method signature="createRuleUsingImportTemplate(java.lang.String,java.lang.String,java.lang.String,java.lang.String,java.lang.String,java.lang.String,java.lang.String)[pri:0, instance:com.qa.tests.TestGeneratorTest@6b2ea799]" started-at="2026-01-29T19:18:03 IST" name="createRuleUsingImportTemplate" data-provider="ruleDataForImportTemplate" finished-at="2026-01-29T19:21:21 IST" duration-ms="197898" status="PASS">
          <params>
            <param index="0">
              <value>
                <![CDATA[recon]]>
              </value>
            </param>
            <param index="1">
              <value>
                <![CDATA[Diff and Expression based on Column Position - Import SQL]]>
              </value>
            </param>
            <param index="2">
              <value>
                <![CDATA[Test_Generator-WIP]]>
              </value>
            </param>
            <param index="3">
              <value>
                <![CDATA[7-4-0]]>
              </value>
            </param>
            <param index="4">
              <value>
                <![CDATA[File]]>
              </value>
            </param>
            <param index="5">
              <value>
                <![CDATA[FlatFileSQL-S3-AWS-IAM-SysConn]]>
              </value>
            </param>
            <param index="6">
              <value>
                <![CDATA[FlatFileSQL-S3-AWS-IAM-UserConn]]>
              </value>
            </param>
          </params>
          <reporter-output>
          </reporter-output>
        </test-method> <!-- createRuleUsingImportTemplate -->
        <test-method signature="createRuleUsingImportTemplate(java.lang.String,java.lang.String,java.lang.String,java.lang.String,java.lang.String,java.lang.String,java.lang.String)[pri:0, instance:com.qa.tests.TestGeneratorTest@6b2ea799]" started-at="2026-01-29T19:21:21 IST" name="createRuleUsingImportTemplate" data-provider="ruleDataForImportTemplate" finished-at="2026-01-29T19:24:04 IST" duration-ms="162894" status="PASS">
          <params>
            <param index="0">
              <value>
                <![CDATA[validation]]>
              </value>
            </param>
            <param index="1">
              <value>
                <![CDATA[Data Validation - Import SQL]]>
              </value>
            </param>
            <param index="2">
              <value>
                <![CDATA[Test_Generator-WIP]]>
              </value>
            </param>
            <param index="3">
              <value>
                <![CDATA[7-4-0]]>
              </value>
            </param>
            <param index="4">
              <value>
                <![CDATA[File]]>
              </value>
            </param>
            <param index="5">
              <value>
                <![CDATA[FlatFileSQL-S3-AWS-IAM-SysConn]]>
              </value>
            </param>
            <param index="6">
              <value>
                <![CDATA[FlatFileSQL-S3-AWS-IAM-SysConn]]>
              </value>
            </param>
          </params>
          <reporter-output>
          </reporter-output>
        </test-method> <!-- createRuleUsingImportTemplate -->
        <test-method signature="createRuleUsingImportTemplate(java.lang.String,java.lang.String,java.lang.String,java.lang.String,java.lang.String,java.lang.String,java.lang.String)[pri:0, instance:com.qa.tests.TestGeneratorTest@6b2ea799]" started-at="2026-01-29T19:24:04 IST" name="createRuleUsingImportTemplate" data-provider="ruleDataForImportTemplate" finished-at="2026-01-29T19:26:45 IST" duration-ms="161242" status="PASS">
          <params>
            <param index="0">
              <value>
                <![CDATA[pushdown]]>
              </value>
            </param>
            <param index="1">
              <value>
                <![CDATA[Data Pushdown Validation - Import SQL]]>
              </value>
            </param>
            <param index="2">
              <value>
                <![CDATA[Test_Generator-WIP]]>
              </value>
            </param>
            <param index="3">
              <value>
                <![CDATA[7-4-0]]>
              </value>
            </param>
            <param index="4">
              <value>
                <![CDATA[File]]>
              </value>
            </param>
            <param index="5">
              <value>
                <![CDATA[FlatFileSQL-S3-AWS-IAM-SysConn]]>
              </value>
            </param>
            <param index="6">
              <value>
                <![CDATA[FlatFileSQL-S3-AWS-IAM-SysConn]]>
              </value>
            </param>
          </params>
          <reporter-output>
          </reporter-output>
        </test-method> <!-- createRuleUsingImportTemplate -->
        <test-method signature="createWorkflowUsingDefaultDynamicTemplate(java.lang.String,java.lang.String,java.lang.String,java.lang.String,java.lang.String,java.lang.String,java.lang.String,java.lang.String,java.lang.String)[pri:0, instance:com.qa.tests.TestGeneratorTest@6b2ea799]" started-at="2026-01-29T19:26:45 IST" name="createWorkflowUsingDefaultDynamicTemplate" data-provider="ruleDataForWorkflowCreation" finished-at="2026-01-29T19:29:20 IST" duration-ms="154457" status="PASS">
          <params>
            <param index="0">
              <value>
                <![CDATA[checksum]]>
              </value>
            </param>
            <param index="1">
              <value>
                <![CDATA[Compare Record Counts - Dynamic SQL]]>
              </value>
            </param>
            <param index="2">
              <value>
                <![CDATA[Test_Generator-WIP]]>
              </value>
            </param>
            <param index="3">
              <value>
                <![CDATA[AD-Workflow]]>
              </value>
            </param>
            <param index="4">
              <value>
                <![CDATA[Database]]>
              </value>
            </param>
            <param index="5">
              <value>
                <![CDATA[Mysql-with-jdbc-SysConn]]>
              </value>
            </param>
            <param index="6">
              <value>
                <![CDATA[Mysql-with-jdbc-UserConn]]>
              </value>
            </param>
            <param index="7">
              <value>
                <![CDATA[icedq]]>
              </value>
            </param>
            <param index="8">
              <value>
                <![CDATA[staff]]>
              </value>
            </param>
          </params>
          <reporter-output>
          </reporter-output>
        </test-method> <!-- createWorkflowUsingDefaultDynamicTemplate -->
      </class> <!-- com.qa.tests.TestGeneratorTest -->
    </test> <!-- Test Generator Page Tests -->
    <test started-at="2026-01-29T19:29:20 IST" name="Template Page Tests" finished-at="2026-01-29T19:45:17 IST" duration-ms="957042">
      <class name="com.qa.tests.TemplatePageTest">
        <test-method is-config="true" signature="startSuite()[pri:0, instance:com.qa.tests.TemplatePageTest@7c7a06ec]" started-at="2026-01-29T18:24:35 IST" name="startSuite" finished-at="2026-01-29T18:24:39 IST" duration-ms="4449" status="PASS">
          <reporter-output>
          </reporter-output>
        </test-method> <!-- startSuite -->
        <test-method signature="createTemplateUsingDynamicTemplate(java.lang.String,java.lang.String,java.lang.String,java.lang.String,java.lang.String)[pri:0, instance:com.qa.tests.TemplatePageTest@7c7a06ec]" started-at="2026-01-29T19:29:20 IST" name="createTemplateUsingDynamicTemplate" data-provider="createTemplate" finished-at="2026-01-29T19:30:23 IST" duration-ms="63007" status="PASS">
          <params>
            <param index="0">
              <value>
                <![CDATA[Dynamic]]>
              </value>
            </param>
            <param index="1">
              <value>
                <![CDATA[Checksum]]>
              </value>
            </param>
            <param index="2">
              <value>
                <![CDATA[Compare Record Counts - Dynamic SQL]]>
              </value>
            </param>
            <param index="3">
              <value>
                <![CDATA[My Checksum template - using dynamic template]]>
              </value>
            </param>
            <param index="4">
              <value>
                <![CDATA[My dynamic template]]>
              </value>
            </param>
          </params>
          <reporter-output>
          </reporter-output>
        </test-method> <!-- createTemplateUsingDynamicTemplate -->
        <test-method signature="createTemplateUsingDynamicTemplate(java.lang.String,java.lang.String,java.lang.String,java.lang.String,java.lang.String)[pri:0, instance:com.qa.tests.TemplatePageTest@7c7a06ec]" started-at="2026-01-29T19:30:23 IST" name="createTemplateUsingDynamicTemplate" data-provider="createTemplate" finished-at="2026-01-29T19:30:56 IST" duration-ms="33099" status="PASS">
          <params>
            <param index="0">
              <value>
                <![CDATA[Dynamic]]>
              </value>
            </param>
            <param index="1">
              <value>
                <![CDATA[Recon]]>
              </value>
            </param>
            <param index="2">
              <value>
                <![CDATA[Specify Column for Diff - Full Data Compare Dynamic SQL]]>
              </value>
            </param>
            <param index="3">
              <value>
                <![CDATA[My Recon template - using dynamic template]]>
              </value>
            </param>
            <param index="4">
              <value>
                <![CDATA[My dynamic template]]>
              </value>
            </param>
          </params>
          <reporter-output>
          </reporter-output>
        </test-method> <!-- createTemplateUsingDynamicTemplate -->
        <test-method signature="createTemplateUsingDynamicTemplate(java.lang.String,java.lang.String,java.lang.String,java.lang.String,java.lang.String)[pri:0, instance:com.qa.tests.TemplatePageTest@7c7a06ec]" started-at="2026-01-29T19:30:56 IST" name="createTemplateUsingDynamicTemplate" data-provider="createTemplate" finished-at="2026-01-29T19:31:28 IST" duration-ms="31655" status="PASS">
          <params>
            <param index="0">
              <value>
                <![CDATA[Dynamic]]>
              </value>
            </param>
            <param index="1">
              <value>
                <![CDATA[Validation]]>
              </value>
            </param>
            <param index="2">
              <value>
                <![CDATA[Data Validation - Dynamic SQL]]>
              </value>
            </param>
            <param index="3">
              <value>
                <![CDATA[My Validation template - using dynamic template]]>
              </value>
            </param>
            <param index="4">
              <value>
                <![CDATA[My dynamic template]]>
              </value>
            </param>
          </params>
          <reporter-output>
          </reporter-output>
        </test-method> <!-- createTemplateUsingDynamicTemplate -->
        <test-method signature="createTemplateUsingDynamicTemplate(java.lang.String,java.lang.String,java.lang.String,java.lang.String,java.lang.String)[pri:0, instance:com.qa.tests.TemplatePageTest@7c7a06ec]" started-at="2026-01-29T19:31:28 IST" name="createTemplateUsingDynamicTemplate" data-provider="createTemplate" finished-at="2026-01-29T19:31:58 IST" duration-ms="30141" status="PASS">
          <params>
            <param index="0">
              <value>
                <![CDATA[Dynamic]]>
              </value>
            </param>
            <param index="1">
              <value>
                <![CDATA[Pushdown]]>
              </value>
            </param>
            <param index="2">
              <value>
                <![CDATA[Data Pushdown Validation - Dynamic SQL]]>
              </value>
            </param>
            <param index="3">
              <value>
                <![CDATA[My Pushdown template - using dynamic template]]>
              </value>
            </param>
            <param index="4">
              <value>
                <![CDATA[My dynamic template]]>
              </value>
            </param>
          </params>
          <reporter-output>
          </reporter-output>
        </test-method> <!-- createTemplateUsingDynamicTemplate -->
        <test-method signature="createTemplateUsingDynamicTemplate(java.lang.String,java.lang.String,java.lang.String,java.lang.String,java.lang.String)[pri:0, instance:com.qa.tests.TemplatePageTest@7c7a06ec]" started-at="2026-01-29T19:31:58 IST" name="createTemplateUsingDynamicTemplate" data-provider="createTemplate" finished-at="2026-01-29T19:32:29 IST" duration-ms="30755" status="PASS">
          <params>
            <param index="0">
              <value>
                <![CDATA[Import]]>
              </value>
            </param>
            <param index="1">
              <value>
                <![CDATA[Checksum]]>
              </value>
            </param>
            <param index="2">
              <value>
                <![CDATA[Compare Record Counts - Import SQL]]>
              </value>
            </param>
            <param index="3">
              <value>
                <![CDATA[My Checksum template - using import template]]>
              </value>
            </param>
            <param index="4">
              <value>
                <![CDATA[My import template]]>
              </value>
            </param>
          </params>
          <reporter-output>
          </reporter-output>
        </test-method> <!-- createTemplateUsingDynamicTemplate -->
        <test-method signature="createTemplateUsingDynamicTemplate(java.lang.String,java.lang.String,java.lang.String,java.lang.String,java.lang.String)[pri:0, instance:com.qa.tests.TemplatePageTest@7c7a06ec]" started-at="2026-01-29T19:32:29 IST" name="createTemplateUsingDynamicTemplate" data-provider="createTemplate" finished-at="2026-01-29T19:33:01 IST" duration-ms="31934" status="PASS">
          <params>
            <param index="0">
              <value>
                <![CDATA[Import]]>
              </value>
            </param>
            <param index="1">
              <value>
                <![CDATA[Recon]]>
              </value>
            </param>
            <param index="2">
              <value>
                <![CDATA[Diff and Expression based on Column Position - Import SQL]]>
              </value>
            </param>
            <param index="3">
              <value>
                <![CDATA[My Recon template - using import template]]>
              </value>
            </param>
            <param index="4">
              <value>
                <![CDATA[My import template]]>
              </value>
            </param>
          </params>
          <reporter-output>
          </reporter-output>
        </test-method> <!-- createTemplateUsingDynamicTemplate -->
        <test-method signature="createTemplateUsingDynamicTemplate(java.lang.String,java.lang.String,java.lang.String,java.lang.String,java.lang.String)[pri:0, instance:com.qa.tests.TemplatePageTest@7c7a06ec]" started-at="2026-01-29T19:33:01 IST" name="createTemplateUsingDynamicTemplate" data-provider="createTemplate" finished-at="2026-01-29T19:33:31 IST" duration-ms="29984" status="PASS">
          <params>
            <param index="0">
              <value>
                <![CDATA[Import]]>
              </value>
            </param>
            <param index="1">
              <value>
                <![CDATA[Validation]]>
              </value>
            </param>
            <param index="2">
              <value>
                <![CDATA[Data Validation - Import SQL]]>
              </value>
            </param>
            <param index="3">
              <value>
                <![CDATA[My Validation template - using import template]]>
              </value>
            </param>
            <param index="4">
              <value>
                <![CDATA[My import template]]>
              </value>
            </param>
          </params>
          <reporter-output>
          </reporter-output>
        </test-method> <!-- createTemplateUsingDynamicTemplate -->
        <test-method signature="createTemplateUsingDynamicTemplate(java.lang.String,java.lang.String,java.lang.String,java.lang.String,java.lang.String)[pri:0, instance:com.qa.tests.TemplatePageTest@7c7a06ec]" started-at="2026-01-29T19:33:31 IST" name="createTemplateUsingDynamicTemplate" data-provider="createTemplate" finished-at="2026-01-29T19:34:00 IST" duration-ms="29098" status="PASS">
          <params>
            <param index="0">
              <value>
                <![CDATA[Import]]>
              </value>
            </param>
            <param index="1">
              <value>
                <![CDATA[Pushdown]]>
              </value>
            </param>
            <param index="2">
              <value>
                <![CDATA[Data Pushdown Validation - Import SQL]]>
              </value>
            </param>
            <param index="3">
              <value>
                <![CDATA[My Pushdown template - using import template]]>
              </value>
            </param>
            <param index="4">
              <value>
                <![CDATA[My import template]]>
              </value>
            </param>
          </params>
          <reporter-output>
          </reporter-output>
        </test-method> <!-- createTemplateUsingDynamicTemplate -->
        <test-method signature="createTemplateUsingDynamicTemplate(java.lang.String,java.lang.String,java.lang.String,java.lang.String,java.lang.String)[pri:0, instance:com.qa.tests.TemplatePageTest@7c7a06ec]" started-at="2026-01-29T19:34:00 IST" name="createTemplateUsingDynamicTemplate" data-provider="createTemplate" finished-at="2026-01-29T19:34:33 IST" duration-ms="33144" status="PASS">
          <params>
            <param index="0">
              <value>
                <![CDATA[Dynamic]]>
              </value>
            </param>
            <param index="1">
              <value>
                <![CDATA[Checksum]]>
              </value>
            </param>
            <param index="2">
              <value>
                <![CDATA[Compare Record Counts - Dynamic SQL]]>
              </value>
            </param>
            <param index="3">
              <value>
                <![CDATA[My Checksum template - using dynamic template To delete]]>
              </value>
            </param>
            <param index="4">
              <value>
                <![CDATA[My dynamic template  To delete]]>
              </value>
            </param>
          </params>
          <reporter-output>
          </reporter-output>
        </test-method> <!-- createTemplateUsingDynamicTemplate -->
        <test-method signature="createTemplateUsingDynamicTemplate(java.lang.String,java.lang.String,java.lang.String,java.lang.String,java.lang.String)[pri:0, instance:com.qa.tests.TemplatePageTest@7c7a06ec]" started-at="2026-01-29T19:34:33 IST" name="createTemplateUsingDynamicTemplate" data-provider="createTemplate" finished-at="2026-01-29T19:35:05 IST" duration-ms="32194" status="PASS">
          <params>
            <param index="0">
              <value>
                <![CDATA[Dynamic]]>
              </value>
            </param>
            <param index="1">
              <value>
                <![CDATA[Recon]]>
              </value>
            </param>
            <param index="2">
              <value>
                <![CDATA[Specify Column for Diff - Full Data Compare Dynamic SQL]]>
              </value>
            </param>
            <param index="3">
              <value>
                <![CDATA[My Recon template - using dynamic template  To delete]]>
              </value>
            </param>
            <param index="4">
              <value>
                <![CDATA[My dynamic template  To delete]]>
              </value>
            </param>
          </params>
          <reporter-output>
          </reporter-output>
        </test-method> <!-- createTemplateUsingDynamicTemplate -->
        <test-method signature="createTemplateUsingDynamicTemplate(java.lang.String,java.lang.String,java.lang.String,java.lang.String,java.lang.String)[pri:0, instance:com.qa.tests.TemplatePageTest@7c7a06ec]" started-at="2026-01-29T19:35:05 IST" name="createTemplateUsingDynamicTemplate" data-provider="createTemplate" finished-at="2026-01-29T19:35:36 IST" duration-ms="30739" status="PASS">
          <params>
            <param index="0">
              <value>
                <![CDATA[Dynamic]]>
              </value>
            </param>
            <param index="1">
              <value>
                <![CDATA[Validation]]>
              </value>
            </param>
            <param index="2">
              <value>
                <![CDATA[Data Validation - Dynamic SQL]]>
              </value>
            </param>
            <param index="3">
              <value>
                <![CDATA[My Validation template - using dynamic template  To delete]]>
              </value>
            </param>
            <param index="4">
              <value>
                <![CDATA[My dynamic template  To delete]]>
              </value>
            </param>
          </params>
          <reporter-output>
          </reporter-output>
        </test-method> <!-- createTemplateUsingDynamicTemplate -->
        <test-method signature="createTemplateUsingDynamicTemplate(java.lang.String,java.lang.String,java.lang.String,java.lang.String,java.lang.String)[pri:0, instance:com.qa.tests.TemplatePageTest@7c7a06ec]" started-at="2026-01-29T19:35:36 IST" name="createTemplateUsingDynamicTemplate" data-provider="createTemplate" finished-at="2026-01-29T19:36:10 IST" duration-ms="33576" status="PASS">
          <params>
            <param index="0">
              <value>
                <![CDATA[Import]]>
              </value>
            </param>
            <param index="1">
              <value>
                <![CDATA[Validation]]>
              </value>
            </param>
            <param index="2">
              <value>
                <![CDATA[Data Validation - Import SQL]]>
              </value>
            </param>
            <param index="3">
              <value>
                <![CDATA[My Validation template - using import template  To delete]]>
              </value>
            </param>
            <param index="4">
              <value>
                <![CDATA[My import template  To delete]]>
              </value>
            </param>
          </params>
          <reporter-output>
          </reporter-output>
        </test-method> <!-- createTemplateUsingDynamicTemplate -->
        <test-method signature="createTemplateUsingDynamicTemplate(java.lang.String,java.lang.String,java.lang.String,java.lang.String,java.lang.String)[pri:0, instance:com.qa.tests.TemplatePageTest@7c7a06ec]" started-at="2026-01-29T19:36:10 IST" name="createTemplateUsingDynamicTemplate" data-provider="createTemplate" finished-at="2026-01-29T19:36:47 IST" duration-ms="37181" status="PASS">
          <params>
            <param index="0">
              <value>
                <![CDATA[Import]]>
              </value>
            </param>
            <param index="1">
              <value>
                <![CDATA[Pushdown]]>
              </value>
            </param>
            <param index="2">
              <value>
                <![CDATA[Data Pushdown Validation - Import SQL]]>
              </value>
            </param>
            <param index="3">
              <value>
                <![CDATA[My Pushdown template - using import template  To delete]]>
              </value>
            </param>
            <param index="4">
              <value>
                <![CDATA[My import template  To delete]]>
              </value>
            </param>
          </params>
          <reporter-output>
          </reporter-output>
        </test-method> <!-- createTemplateUsingDynamicTemplate -->
        <test-method signature="updateTemplateUsingExistingTemplate(java.lang.String,java.lang.String,java.lang.String,java.lang.String,java.lang.String)[pri:0, instance:com.qa.tests.TemplatePageTest@7c7a06ec]" started-at="2026-01-29T19:36:47 IST" name="updateTemplateUsingExistingTemplate" data-provider="updateTemplate" finished-at="2026-01-29T19:37:05 IST" duration-ms="18454" status="PASS">
          <params>
            <param index="0">
              <value>
                <![CDATA[Dynamic]]>
              </value>
            </param>
            <param index="1">
              <value>
                <![CDATA[Checksum]]>
              </value>
            </param>
            <param index="2">
              <value>
                <![CDATA[My Checksum template - using dynamic template]]>
              </value>
            </param>
            <param index="3">
              <value>
                <![CDATA[My Checksum template - using dynamic template_Updated]]>
              </value>
            </param>
            <param index="4">
              <value>
                <![CDATA[My dynamic template_Updated]]>
              </value>
            </param>
          </params>
          <reporter-output>
          </reporter-output>
        </test-method> <!-- updateTemplateUsingExistingTemplate -->
        <test-method signature="updateTemplateUsingExistingTemplate(java.lang.String,java.lang.String,java.lang.String,java.lang.String,java.lang.String)[pri:0, instance:com.qa.tests.TemplatePageTest@7c7a06ec]" started-at="2026-01-29T19:37:05 IST" name="updateTemplateUsingExistingTemplate" data-provider="updateTemplate" finished-at="2026-01-29T19:37:23 IST" duration-ms="17756" status="PASS">
          <params>
            <param index="0">
              <value>
                <![CDATA[Dynamic]]>
              </value>
            </param>
            <param index="1">
              <value>
                <![CDATA[Recon]]>
              </value>
            </param>
            <param index="2">
              <value>
                <![CDATA[My Recon template - using dynamic template]]>
              </value>
            </param>
            <param index="3">
              <value>
                <![CDATA[My Recon template - using dynamic template_Updated]]>
              </value>
            </param>
            <param index="4">
              <value>
                <![CDATA[My dynamic template_Updated]]>
              </value>
            </param>
          </params>
          <reporter-output>
          </reporter-output>
        </test-method> <!-- updateTemplateUsingExistingTemplate -->
        <test-method signature="updateTemplateUsingExistingTemplate(java.lang.String,java.lang.String,java.lang.String,java.lang.String,java.lang.String)[pri:0, instance:com.qa.tests.TemplatePageTest@7c7a06ec]" started-at="2026-01-29T19:37:23 IST" name="updateTemplateUsingExistingTemplate" data-provider="updateTemplate" finished-at="2026-01-29T19:37:43 IST" duration-ms="20130" status="PASS">
          <params>
            <param index="0">
              <value>
                <![CDATA[Dynamic]]>
              </value>
            </param>
            <param index="1">
              <value>
                <![CDATA[Validation]]>
              </value>
            </param>
            <param index="2">
              <value>
                <![CDATA[My Validation template - using dynamic template]]>
              </value>
            </param>
            <param index="3">
              <value>
                <![CDATA[My Validation template - using dynamic template_Updated]]>
              </value>
            </param>
            <param index="4">
              <value>
                <![CDATA[My dynamic template_Updated]]>
              </value>
            </param>
          </params>
          <reporter-output>
          </reporter-output>
        </test-method> <!-- updateTemplateUsingExistingTemplate -->
        <test-method signature="updateTemplateUsingExistingTemplate(java.lang.String,java.lang.String,java.lang.String,java.lang.String,java.lang.String)[pri:0, instance:com.qa.tests.TemplatePageTest@7c7a06ec]" started-at="2026-01-29T19:37:43 IST" name="updateTemplateUsingExistingTemplate" data-provider="updateTemplate" finished-at="2026-01-29T19:38:00 IST" duration-ms="16360" status="PASS">
          <params>
            <param index="0">
              <value>
                <![CDATA[Dynamic]]>
              </value>
            </param>
            <param index="1">
              <value>
                <![CDATA[Pushdown]]>
              </value>
            </param>
            <param index="2">
              <value>
                <![CDATA[My Pushdown template - using dynamic template]]>
              </value>
            </param>
            <param index="3">
              <value>
                <![CDATA[My Pushdown template - using dynamic template_Updated]]>
              </value>
            </param>
            <param index="4">
              <value>
                <![CDATA[My dynamic template_Updated]]>
              </value>
            </param>
          </params>
          <reporter-output>
          </reporter-output>
        </test-method> <!-- updateTemplateUsingExistingTemplate -->
        <test-method signature="updateTemplateUsingExistingTemplate(java.lang.String,java.lang.String,java.lang.String,java.lang.String,java.lang.String)[pri:0, instance:com.qa.tests.TemplatePageTest@7c7a06ec]" started-at="2026-01-29T19:38:00 IST" name="updateTemplateUsingExistingTemplate" data-provider="updateTemplate" finished-at="2026-01-29T19:38:32 IST" duration-ms="32668" status="PASS">
          <params>
            <param index="0">
              <value>
                <![CDATA[Import]]>
              </value>
            </param>
            <param index="1">
              <value>
                <![CDATA[Checksum]]>
              </value>
            </param>
            <param index="2">
              <value>
                <![CDATA[My Checksum template - using import template]]>
              </value>
            </param>
            <param index="3">
              <value>
                <![CDATA[My Checksum template - using import template_Updated]]>
              </value>
            </param>
            <param index="4">
              <value>
                <![CDATA[My import template_Updated]]>
              </value>
            </param>
          </params>
          <reporter-output>
          </reporter-output>
        </test-method> <!-- updateTemplateUsingExistingTemplate -->
        <test-method signature="updateTemplateUsingExistingTemplate(java.lang.String,java.lang.String,java.lang.String,java.lang.String,java.lang.String)[pri:0, instance:com.qa.tests.TemplatePageTest@7c7a06ec]" started-at="2026-01-29T19:38:32 IST" name="updateTemplateUsingExistingTemplate" data-provider="updateTemplate" finished-at="2026-01-29T19:38:48 IST" duration-ms="15979" status="PASS">
          <params>
            <param index="0">
              <value>
                <![CDATA[Import]]>
              </value>
            </param>
            <param index="1">
              <value>
                <![CDATA[Recon]]>
              </value>
            </param>
            <param index="2">
              <value>
                <![CDATA[My Recon template - using import template]]>
              </value>
            </param>
            <param index="3">
              <value>
                <![CDATA[My Recon template - using import template_Updated]]>
              </value>
            </param>
            <param index="4">
              <value>
                <![CDATA[My import template_Updated]]>
              </value>
            </param>
          </params>
          <reporter-output>
          </reporter-output>
        </test-method> <!-- updateTemplateUsingExistingTemplate -->
        <test-method signature="updateTemplateUsingExistingTemplate(java.lang.String,java.lang.String,java.lang.String,java.lang.String,java.lang.String)[pri:0, instance:com.qa.tests.TemplatePageTest@7c7a06ec]" started-at="2026-01-29T19:38:48 IST" name="updateTemplateUsingExistingTemplate" data-provider="updateTemplate" finished-at="2026-01-29T19:39:06 IST" duration-ms="17841" status="PASS">
          <params>
            <param index="0">
              <value>
                <![CDATA[Import]]>
              </value>
            </param>
            <param index="1">
              <value>
                <![CDATA[Validation]]>
              </value>
            </param>
            <param index="2">
              <value>
                <![CDATA[My Validation template - using import template]]>
              </value>
            </param>
            <param index="3">
              <value>
                <![CDATA[My Validation template - using import template_Updated]]>
              </value>
            </param>
            <param index="4">
              <value>
                <![CDATA[My import template_Updated]]>
              </value>
            </param>
          </params>
          <reporter-output>
          </reporter-output>
        </test-method> <!-- updateTemplateUsingExistingTemplate -->
        <test-method signature="updateTemplateUsingExistingTemplate(java.lang.String,java.lang.String,java.lang.String,java.lang.String,java.lang.String)[pri:0, instance:com.qa.tests.TemplatePageTest@7c7a06ec]" started-at="2026-01-29T19:39:06 IST" name="updateTemplateUsingExistingTemplate" data-provider="updateTemplate" finished-at="2026-01-29T19:39:26 IST" duration-ms="20048" status="PASS">
          <params>
            <param index="0">
              <value>
                <![CDATA[Import]]>
              </value>
            </param>
            <param index="1">
              <value>
                <![CDATA[Pushdown]]>
              </value>
            </param>
            <param index="2">
              <value>
                <![CDATA[My Pushdown template - using import template]]>
              </value>
            </param>
            <param index="3">
              <value>
                <![CDATA[My Pushdown template - using import template_Updated]]>
              </value>
            </param>
            <param index="4">
              <value>
                <![CDATA[My import template_Updated]]>
              </value>
            </param>
          </params>
          <reporter-output>
          </reporter-output>
        </test-method> <!-- updateTemplateUsingExistingTemplate -->
        <test-method signature="deleteTemplateUsingExistingTemplateFromList(java.lang.String,java.lang.String,java.lang.String)[pri:0, instance:com.qa.tests.TemplatePageTest@7c7a06ec]" started-at="2026-01-29T19:39:26 IST" name="deleteTemplateUsingExistingTemplateFromList" data-provider="deleteTemplateListingPage" finished-at="2026-01-29T19:39:36 IST" duration-ms="9561" status="PASS">
          <params>
            <param index="0">
              <value>
                <![CDATA[Dynamic]]>
              </value>
            </param>
            <param index="1">
              <value>
                <![CDATA[Checksum]]>
              </value>
            </param>
            <param index="2">
              <value>
                <![CDATA[My Checksum template - using dynamic template_Updated]]>
              </value>
            </param>
          </params>
          <reporter-output>
          </reporter-output>
        </test-method> <!-- deleteTemplateUsingExistingTemplateFromList -->
        <test-method signature="deleteTemplateUsingExistingTemplateFromList(java.lang.String,java.lang.String,java.lang.String)[pri:0, instance:com.qa.tests.TemplatePageTest@7c7a06ec]" started-at="2026-01-29T19:39:36 IST" name="deleteTemplateUsingExistingTemplateFromList" data-provider="deleteTemplateListingPage" finished-at="2026-01-29T19:39:45 IST" duration-ms="9708" status="PASS">
          <params>
            <param index="0">
              <value>
                <![CDATA[Dynamic]]>
              </value>
            </param>
            <param index="1">
              <value>
                <![CDATA[Recon]]>
              </value>
            </param>
            <param index="2">
              <value>
                <![CDATA[My Recon template - using dynamic template_Updated]]>
              </value>
            </param>
          </params>
          <reporter-output>
          </reporter-output>
        </test-method> <!-- deleteTemplateUsingExistingTemplateFromList -->
        <test-method signature="deleteTemplateUsingExistingTemplateFromList(java.lang.String,java.lang.String,java.lang.String)[pri:0, instance:com.qa.tests.TemplatePageTest@7c7a06ec]" started-at="2026-01-29T19:39:45 IST" name="deleteTemplateUsingExistingTemplateFromList" data-provider="deleteTemplateListingPage" finished-at="2026-01-29T19:39:55 IST" duration-ms="9109" status="PASS">
          <params>
            <param index="0">
              <value>
                <![CDATA[Dynamic]]>
              </value>
            </param>
            <param index="1">
              <value>
                <![CDATA[Validation]]>
              </value>
            </param>
            <param index="2">
              <value>
                <![CDATA[My Validation template - using dynamic template_Updated]]>
              </value>
            </param>
          </params>
          <reporter-output>
          </reporter-output>
        </test-method> <!-- deleteTemplateUsingExistingTemplateFromList -->
        <test-method signature="deleteTemplateUsingExistingTemplateFromList(java.lang.String,java.lang.String,java.lang.String)[pri:0, instance:com.qa.tests.TemplatePageTest@7c7a06ec]" started-at="2026-01-29T19:39:55 IST" name="deleteTemplateUsingExistingTemplateFromList" data-provider="deleteTemplateListingPage" finished-at="2026-01-29T19:40:04 IST" duration-ms="9109" status="PASS">
          <params>
            <param index="0">
              <value>
                <![CDATA[Dynamic]]>
              </value>
            </param>
            <param index="1">
              <value>
                <![CDATA[Pushdown]]>
              </value>
            </param>
            <param index="2">
              <value>
                <![CDATA[My Pushdown template - using dynamic template_Updated]]>
              </value>
            </param>
          </params>
          <reporter-output>
          </reporter-output>
        </test-method> <!-- deleteTemplateUsingExistingTemplateFromList -->
        <test-method signature="deleteTemplateUsingExistingTemplateFromList(java.lang.String,java.lang.String,java.lang.String)[pri:0, instance:com.qa.tests.TemplatePageTest@7c7a06ec]" started-at="2026-01-29T19:40:04 IST" name="deleteTemplateUsingExistingTemplateFromList" data-provider="deleteTemplateListingPage" finished-at="2026-01-29T19:40:13 IST" duration-ms="9242" status="PASS">
          <params>
            <param index="0">
              <value>
                <![CDATA[Import]]>
              </value>
            </param>
            <param index="1">
              <value>
                <![CDATA[Checksum]]>
              </value>
            </param>
            <param index="2">
              <value>
                <![CDATA[My Checksum template - using import template_Updated]]>
              </value>
            </param>
          </params>
          <reporter-output>
          </reporter-output>
        </test-method> <!-- deleteTemplateUsingExistingTemplateFromList -->
        <test-method signature="deleteTemplateUsingExistingTemplateFromList(java.lang.String,java.lang.String,java.lang.String)[pri:0, instance:com.qa.tests.TemplatePageTest@7c7a06ec]" started-at="2026-01-29T19:40:13 IST" name="deleteTemplateUsingExistingTemplateFromList" data-provider="deleteTemplateListingPage" finished-at="2026-01-29T19:40:22 IST" duration-ms="8690" status="PASS">
          <params>
            <param index="0">
              <value>
                <![CDATA[Import]]>
              </value>
            </param>
            <param index="1">
              <value>
                <![CDATA[Recon]]>
              </value>
            </param>
            <param index="2">
              <value>
                <![CDATA[My Recon template - using import template_Updated]]>
              </value>
            </param>
          </params>
          <reporter-output>
          </reporter-output>
        </test-method> <!-- deleteTemplateUsingExistingTemplateFromList -->
        <test-method signature="deleteTemplateUsingExistingTemplateFromList(java.lang.String,java.lang.String,java.lang.String)[pri:0, instance:com.qa.tests.TemplatePageTest@7c7a06ec]" started-at="2026-01-29T19:40:22 IST" name="deleteTemplateUsingExistingTemplateFromList" data-provider="deleteTemplateListingPage" finished-at="2026-01-29T19:40:31 IST" duration-ms="9838" status="PASS">
          <params>
            <param index="0">
              <value>
                <![CDATA[Import]]>
              </value>
            </param>
            <param index="1">
              <value>
                <![CDATA[Validation]]>
              </value>
            </param>
            <param index="2">
              <value>
                <![CDATA[My Validation template - using import template_Updated]]>
              </value>
            </param>
          </params>
          <reporter-output>
          </reporter-output>
        </test-method> <!-- deleteTemplateUsingExistingTemplateFromList -->
        <test-method signature="deleteTemplateUsingExistingTemplateFromList(java.lang.String,java.lang.String,java.lang.String)[pri:0, instance:com.qa.tests.TemplatePageTest@7c7a06ec]" started-at="2026-01-29T19:40:31 IST" name="deleteTemplateUsingExistingTemplateFromList" data-provider="deleteTemplateListingPage" finished-at="2026-01-29T19:40:40 IST" duration-ms="8791" status="PASS">
          <params>
            <param index="0">
              <value>
                <![CDATA[Import]]>
              </value>
            </param>
            <param index="1">
              <value>
                <![CDATA[Pushdown]]>
              </value>
            </param>
            <param index="2">
              <value>
                <![CDATA[My Pushdown template - using import template_Updated]]>
              </value>
            </param>
          </params>
          <reporter-output>
          </reporter-output>
        </test-method> <!-- deleteTemplateUsingExistingTemplateFromList -->
        <test-method signature="deleteTemplateUsingExistingTemplateFromDetails(java.lang.String,java.lang.String,java.lang.String)[pri:0, instance:com.qa.tests.TemplatePageTest@7c7a06ec]" started-at="2026-01-29T19:40:40 IST" name="deleteTemplateUsingExistingTemplateFromDetails" data-provider="deleteTemplateDetailsPage" finished-at="2026-01-29T19:41:39 IST" duration-ms="59024" status="PASS">
          <params>
            <param index="0">
              <value>
                <![CDATA[Dynamic]]>
              </value>
            </param>
            <param index="1">
              <value>
                <![CDATA[Checksum]]>
              </value>
            </param>
            <param index="2">
              <value>
                <![CDATA[My Checksum template - using dynamic template To delete]]>
              </value>
            </param>
          </params>
          <reporter-output>
          </reporter-output>
        </test-method> <!-- deleteTemplateUsingExistingTemplateFromDetails -->
        <test-method signature="deleteTemplateUsingExistingTemplateFromDetails(java.lang.String,java.lang.String,java.lang.String)[pri:0, instance:com.qa.tests.TemplatePageTest@7c7a06ec]" started-at="2026-01-29T19:41:39 IST" name="deleteTemplateUsingExistingTemplateFromDetails" data-provider="deleteTemplateDetailsPage" finished-at="2026-01-29T19:42:34 IST" duration-ms="54470" status="PASS">
          <params>
            <param index="0">
              <value>
                <![CDATA[Dynamic]]>
              </value>
            </param>
            <param index="1">
              <value>
                <![CDATA[Recon]]>
              </value>
            </param>
            <param index="2">
              <value>
                <![CDATA[My Recon template - using dynamic template  To delete]]>
              </value>
            </param>
          </params>
          <reporter-output>
          </reporter-output>
        </test-method> <!-- deleteTemplateUsingExistingTemplateFromDetails -->
        <test-method signature="deleteTemplateUsingExistingTemplateFromDetails(java.lang.String,java.lang.String,java.lang.String)[pri:0, instance:com.qa.tests.TemplatePageTest@7c7a06ec]" started-at="2026-01-29T19:42:34 IST" name="deleteTemplateUsingExistingTemplateFromDetails" data-provider="deleteTemplateDetailsPage" finished-at="2026-01-29T19:43:28 IST" duration-ms="54629" status="PASS">
          <params>
            <param index="0">
              <value>
                <![CDATA[Dynamic]]>
              </value>
            </param>
            <param index="1">
              <value>
                <![CDATA[Validation]]>
              </value>
            </param>
            <param index="2">
              <value>
                <![CDATA[My Validation template - using dynamic template  To delete]]>
              </value>
            </param>
          </params>
          <reporter-output>
          </reporter-output>
        </test-method> <!-- deleteTemplateUsingExistingTemplateFromDetails -->
        <test-method signature="deleteTemplateUsingExistingTemplateFromDetails(java.lang.String,java.lang.String,java.lang.String)[pri:0, instance:com.qa.tests.TemplatePageTest@7c7a06ec]" started-at="2026-01-29T19:43:28 IST" name="deleteTemplateUsingExistingTemplateFromDetails" data-provider="deleteTemplateDetailsPage" finished-at="2026-01-29T19:44:23 IST" duration-ms="54440" status="PASS">
          <params>
            <param index="0">
              <value>
                <![CDATA[Import]]>
              </value>
            </param>
            <param index="1">
              <value>
                <![CDATA[Validation]]>
              </value>
            </param>
            <param index="2">
              <value>
                <![CDATA[My Validation template - using import template  To delete]]>
              </value>
            </param>
          </params>
          <reporter-output>
          </reporter-output>
        </test-method> <!-- deleteTemplateUsingExistingTemplateFromDetails -->
        <test-method signature="deleteTemplateUsingExistingTemplateFromDetails(java.lang.String,java.lang.String,java.lang.String)[pri:0, instance:com.qa.tests.TemplatePageTest@7c7a06ec]" started-at="2026-01-29T19:44:23 IST" name="deleteTemplateUsingExistingTemplateFromDetails" data-provider="deleteTemplateDetailsPage" finished-at="2026-01-29T19:45:17 IST" duration-ms="54433" status="PASS">
          <params>
            <param index="0">
              <value>
                <![CDATA[Import]]>
              </value>
            </param>
            <param index="1">
              <value>
                <![CDATA[Pushdown]]>
              </value>
            </param>
            <param index="2">
              <value>
                <![CDATA[My Pushdown template - using import template  To delete]]>
              </value>
            </param>
          </params>
          <reporter-output>
          </reporter-output>
        </test-method> <!-- deleteTemplateUsingExistingTemplateFromDetails -->
        <test-method is-config="true" signature="endSuite()[pri:0, instance:com.qa.tests.TemplatePageTest@7c7a06ec]" started-at="2026-01-29T19:45:17 IST" name="endSuite" finished-at="2026-01-29T19:45:30 IST" duration-ms="12513" status="PASS">
          <reporter-output>
          </reporter-output>
        </test-method> <!-- endSuite -->
      </class> <!-- com.qa.tests.TemplatePageTest -->
    </test> <!-- Template Page Tests -->
  </suite> <!-- Suite -->
</testng-results>
