<?xml version="1.0" encoding="UTF-8"?>
<testng-results ignored="2" total="18" passed="13" failed="3" skipped="0">
  <reporter-output>
  </reporter-output>
  <suite started-at="2025-11-10T17:32:36 IST" name="Suite" finished-at="2025-11-10T17:41:01 IST" duration-ms="504893">
    <groups>
    </groups>
    <test started-at="2025-11-10T17:32:36 IST" name="Test" finished-at="2025-11-10T17:41:01 IST" duration-ms="504893">
      <class name="tests.LoginTest">
        <test-method is-config="true" signature="launchBrowser()[pri:0, instance:tests.LoginTest@1b11ef33]" started-at="2025-11-10T17:32:30 IST" name="launchBrowser" finished-at="2025-11-10T17:32:36 IST" duration-ms="6030" status="PASS">
          <reporter-output>
          </reporter-output>
        </test-method> <!-- launchBrowser -->
        <test-method signature="selectTestGeneratorModule()[pri:0, instance:tests.LoginTest@1b11ef33]" started-at="2025-11-10T17:32:36 IST" name="selectTestGeneratorModule" finished-at="2025-11-10T17:32:36 IST" duration-ms="23" status="FAIL">
          <exception class="org.openqa.selenium.NoSuchElementException">
            <message>
              <![CDATA[no such element: Unable to locate element: {"method":"xpath","selector":"//*[contains(text(),'Test Generator')]"}
  (Session info: chrome=142.0.7444.134)
For documentation on this error, please visit: https://www.selenium.dev/documentation/webdriver/troubleshooting/errors#nosuchelementexception
Build info: version: '4.36.0', revision: '6d115cfd87'
System info: os.name: 'Windows 11', os.arch: 'amd64', os.version: '10.0', java.version: '21.0.3'
Driver info: org.openqa.selenium.chrome.ChromeDriver
Command: [ff9b3a96747bf49fd0ec16117f8580f4, findElement {using=xpath, value=//*[contains(text(),'Test Generator')]}]
Capabilities {acceptInsecureCerts: true, browserName: chrome, browserVersion: 142.0.7444.134, chrome: {chromedriverVersion: 142.0.7444.61 (9884f628acbc..., userDataDir: C:\Users\ASHWIN~1\AppData\L...}, fedcm:accounts: true, goog:chromeOptions: {debuggerAddress: localhost:64954}, goog:processID: 62204, networkConnectionEnabled: false, pageLoadStrategy: normal, platformName: windows, proxy: Proxy(), se:cdp: ws://localhost:64954/devtoo..., se:cdpVersion: 142.0.7444.134, setWindowRect: true, strictFileInteractability: false, timeouts: {implicit: 0, pageLoad: 300000, script: 30000}, unhandledPromptBehavior: dismiss and notify, webauthn:extension:credBlob: true, webauthn:extension:largeBlob: true, webauthn:extension:minPinLength: true, webauthn:extension:prf: true, webauthn:virtualAuthenticators: true}
Session ID: ff9b3a96747bf49fd0ec16117f8580f4]]>
            </message>
            <full-stacktrace>
              <![CDATA[org.openqa.selenium.NoSuchElementException: no such element: Unable to locate element: {"method":"xpath","selector":"//*[contains(text(),'Test Generator')]"}
  (Session info: chrome=142.0.7444.134)
For documentation on this error, please visit: https://www.selenium.dev/documentation/webdriver/troubleshooting/errors#nosuchelementexception
Build info: version: '4.36.0', revision: '6d115cfd87'
System info: os.name: 'Windows 11', os.arch: 'amd64', os.version: '10.0', java.version: '21.0.3'
Driver info: org.openqa.selenium.chrome.ChromeDriver
Command: [ff9b3a96747bf49fd0ec16117f8580f4, findElement {using=xpath, value=//*[contains(text(),'Test Generator')]}]
Capabilities {acceptInsecureCerts: true, browserName: chrome, browserVersion: 142.0.7444.134, chrome: {chromedriverVersion: 142.0.7444.61 (9884f628acbc..., userDataDir: C:\Users\ASHWIN~1\AppData\L...}, fedcm:accounts: true, goog:chromeOptions: {debuggerAddress: localhost:64954}, goog:processID: 62204, networkConnectionEnabled: false, pageLoadStrategy: normal, platformName: windows, proxy: Proxy(), se:cdp: ws://localhost:64954/devtoo..., se:cdpVersion: 142.0.7444.134, setWindowRect: true, strictFileInteractability: false, timeouts: {implicit: 0, pageLoad: 300000, script: 30000}, unhandledPromptBehavior: dismiss and notify, webauthn:extension:credBlob: true, webauthn:extension:largeBlob: true, webauthn:extension:minPinLength: true, webauthn:extension:prf: true, webauthn:virtualAuthenticators: true}
Session ID: ff9b3a96747bf49fd0ec16117f8580f4
at java.base/jdk.internal.reflect.DirectConstructorHandleAccessor.newInstance(DirectConstructorHandleAccessor.java:62)
at java.base/java.lang.reflect.Constructor.newInstanceWithCaller(Constructor.java:502)
at java.base/java.lang.reflect.Constructor.newInstance(Constructor.java:486)
at org.openqa.selenium.remote.ErrorCodec.decode(ErrorCodec.java:167)
at org.openqa.selenium.remote.codec.w3c.W3CHttpResponseCodec.decode(W3CHttpResponseCodec.java:138)
at org.openqa.selenium.remote.codec.w3c.W3CHttpResponseCodec.decode(W3CHttpResponseCodec.java:50)
at org.openqa.selenium.remote.HttpCommandExecutor.execute(HttpCommandExecutor.java:215)
at org.openqa.selenium.remote.service.DriverCommandExecutor.invokeExecute(DriverCommandExecutor.java:216)
at org.openqa.selenium.remote.service.DriverCommandExecutor.execute(DriverCommandExecutor.java:174)
at org.openqa.selenium.remote.RemoteWebDriver.execute(RemoteWebDriver.java:557)
at org.openqa.selenium.remote.ElementLocation$ElementFinder$2.findElement(ElementLocation.java:165)
at org.openqa.selenium.remote.ElementLocation.findElement(ElementLocation.java:59)
at org.openqa.selenium.remote.RemoteWebDriver.findElement(RemoteWebDriver.java:380)
at org.openqa.selenium.remote.RemoteWebDriver.findElement(RemoteWebDriver.java:374)
at tests.LoginTest.selectTestGeneratorModule(LoginTest.java:34)
at java.base/jdk.internal.reflect.DirectMethodHandleAccessor.invoke(DirectMethodHandleAccessor.java:103)
at java.base/java.lang.reflect.Method.invoke(Method.java:580)
at org.testng.internal.MethodInvocationHelper.invokeMethod(MethodInvocationHelper.java:133)
at org.testng.internal.TestInvoker.invokeMethod(TestInvoker.java:598)
at org.testng.internal.TestInvoker.invokeTestMethod(TestInvoker.java:173)
at org.testng.internal.MethodRunner.runInSequence(MethodRunner.java:46)
at org.testng.internal.TestInvoker$MethodInvocationAgent.invoke(TestInvoker.java:824)
at org.testng.internal.TestInvoker.invokeTestMethods(TestInvoker.java:146)
at org.testng.internal.TestMethodWorker.invokeTestMethods(TestMethodWorker.java:146)
at org.testng.internal.TestMethodWorker.run(TestMethodWorker.java:128)
at java.base/java.util.ArrayList.forEach(ArrayList.java:1596)
at org.testng.TestRunner.privateRun(TestRunner.java:794)
at org.testng.TestRunner.run(TestRunner.java:596)
at org.testng.SuiteRunner.runTest(SuiteRunner.java:377)
at org.testng.SuiteRunner.runSequentially(SuiteRunner.java:371)
at org.testng.SuiteRunner.privateRun(SuiteRunner.java:332)
at org.testng.SuiteRunner.run(SuiteRunner.java:276)
at org.testng.SuiteRunnerWorker.runSuite(SuiteRunnerWorker.java:53)
at org.testng.SuiteRunnerWorker.run(SuiteRunnerWorker.java:96)
at org.testng.TestNG.runSuitesSequentially(TestNG.java:1212)
at org.testng.TestNG.runSuitesLocally(TestNG.java:1134)
at org.testng.TestNG.runSuites(TestNG.java:1063)
at org.testng.TestNG.run(TestNG.java:1031)
at org.testng.remote.AbstractRemoteTestNG.run(AbstractRemoteTestNG.java:115)
at org.testng.remote.RemoteTestNG.initAndRun(RemoteTestNG.java:293)
at org.testng.remote.RemoteTestNG.main(RemoteTestNG.java:91)
]]>
            </full-stacktrace>
          </exception> <!-- org.openqa.selenium.NoSuchElementException -->
          <reporter-output>
          </reporter-output>
        </test-method> <!-- selectTestGeneratorModule -->
        <test-method signature="validateLoginPage()[pri:0, instance:tests.LoginTest@1b11ef33]" started-at="2025-11-10T17:32:36 IST" name="validateLoginPage" finished-at="2025-11-10T17:32:37 IST" duration-ms="1221" status="PASS">
          <reporter-output>
          </reporter-output>
        </test-method> <!-- validateLoginPage -->
        <test-method signature="testValidLogin()[pri:0, instance:tests.LoginTest@1b11ef33]" started-at="2025-11-10T17:32:37 IST" name="testValidLogin" finished-at="2025-11-10T17:32:38 IST" depends-on-methods="tests.LoginTest.validateLoginPage" duration-ms="308" status="PASS">
          <reporter-output>
          </reporter-output>
        </test-method> <!-- testValidLogin -->
      </class> <!-- tests.LoginTest -->
      <class name="tests.HomePageTest">
        <test-method signature="homePageValidation()[pri:0, instance:tests.HomePageTest@1a69561c]" started-at="2025-11-10T17:32:38 IST" name="homePageValidation" finished-at="2025-11-10T17:32:44 IST" duration-ms="5866" status="PASS">
          <reporter-output>
          </reporter-output>
        </test-method> <!-- homePageValidation -->
      </class> <!-- tests.HomePageTest -->
      <class name="tests.TestGeneratorTest">
        <test-method signature="selectTestGenrator()[pri:1, instance:tests.TestGeneratorTest@59aa20b3]" started-at="2025-11-10T17:32:44 IST" name="selectTestGenrator" finished-at="2025-11-10T17:33:11 IST" duration-ms="27124" status="PASS">
          <reporter-output>
          </reporter-output>
        </test-method> <!-- selectTestGenrator -->
        <test-method signature="selectChecksum()[pri:2, instance:tests.TestGeneratorTest@59aa20b3]" started-at="2025-11-10T17:33:11 IST" name="selectChecksum" finished-at="2025-11-10T17:33:16 IST" duration-ms="5137" status="PASS">
          <reporter-output>
          </reporter-output>
        </test-method> <!-- selectChecksum -->
        <test-method signature="clickSearchField()[pri:3, instance:tests.TestGeneratorTest@59aa20b3]" started-at="2025-11-10T17:33:16 IST" name="clickSearchField" finished-at="2025-11-10T17:33:20 IST" duration-ms="4012" status="PASS">
          <reporter-output>
          </reporter-output>
        </test-method> <!-- clickSearchField -->
        <test-method signature="selectTemplate()[pri:4, instance:tests.TestGeneratorTest@59aa20b3]" started-at="2025-11-10T17:33:20 IST" name="selectTemplate" finished-at="2025-11-10T17:33:57 IST" duration-ms="36937" status="PASS">
          <reporter-output>
          </reporter-output>
        </test-method> <!-- selectTemplate -->
        <test-method signature="clickOnWorkspace()[pri:5, instance:tests.TestGeneratorTest@59aa20b3]" started-at="2025-11-10T17:33:57 IST" name="clickOnWorkspace" finished-at="2025-11-10T17:35:13 IST" duration-ms="76333" status="FAIL">
          <exception class="org.openqa.selenium.TimeoutException">
            <message>
              <![CDATA[Expected condition failed: waiting for visibility of element located by By.xpath: //input[@class='e-input-filter e-input e-lib e-keyboard'] (tried for 10 second(s) with 500 milliseconds interval)
Build info: version: '4.36.0', revision: '6d115cfd87'
System info: os.name: 'Windows 11', os.arch: 'amd64', os.version: '10.0', java.version: '21.0.3'
Driver info: org.openqa.selenium.chrome.ChromeDriver
Capabilities {acceptInsecureCerts: true, browserName: chrome, browserVersion: 142.0.7444.134, chrome: {chromedriverVersion: 142.0.7444.61 (9884f628acbc..., userDataDir: C:\Users\ASHWIN~1\AppData\L...}, fedcm:accounts: true, goog:chromeOptions: {debuggerAddress: localhost:64954}, goog:processID: 62204, networkConnectionEnabled: false, pageLoadStrategy: normal, platformName: windows, proxy: Proxy(), se:cdp: ws://localhost:64954/devtoo..., se:cdpVersion: 142.0.7444.134, setWindowRect: true, strictFileInteractability: false, timeouts: {implicit: 0, pageLoad: 300000, script: 30000}, unhandledPromptBehavior: dismiss and notify, webauthn:extension:credBlob: true, webauthn:extension:largeBlob: true, webauthn:extension:minPinLength: true, webauthn:extension:prf: true, webauthn:virtualAuthenticators: true}
Session ID: ff9b3a96747bf49fd0ec16117f8580f4]]>
            </message>
            <full-stacktrace>
              <![CDATA[org.openqa.selenium.TimeoutException: Expected condition failed: waiting for visibility of element located by By.xpath: //input[@class='e-input-filter e-input e-lib e-keyboard'] (tried for 10 second(s) with 500 milliseconds interval)
Build info: version: '4.36.0', revision: '6d115cfd87'
System info: os.name: 'Windows 11', os.arch: 'amd64', os.version: '10.0', java.version: '21.0.3'
Driver info: org.openqa.selenium.chrome.ChromeDriver
Capabilities {acceptInsecureCerts: true, browserName: chrome, browserVersion: 142.0.7444.134, chrome: {chromedriverVersion: 142.0.7444.61 (9884f628acbc..., userDataDir: C:\Users\ASHWIN~1\AppData\L...}, fedcm:accounts: true, goog:chromeOptions: {debuggerAddress: localhost:64954}, goog:processID: 62204, networkConnectionEnabled: false, pageLoadStrategy: normal, platformName: windows, proxy: Proxy(), se:cdp: ws://localhost:64954/devtoo..., se:cdpVersion: 142.0.7444.134, setWindowRect: true, strictFileInteractability: false, timeouts: {implicit: 0, pageLoad: 300000, script: 30000}, unhandledPromptBehavior: dismiss and notify, webauthn:extension:credBlob: true, webauthn:extension:largeBlob: true, webauthn:extension:minPinLength: true, webauthn:extension:prf: true, webauthn:virtualAuthenticators: true}
Session ID: ff9b3a96747bf49fd0ec16117f8580f4
at org.openqa.selenium.support.ui.WebDriverWait.timeoutException(WebDriverWait.java:84)
at org.openqa.selenium.support.ui.FluentWait.until(FluentWait.java:228)
at utils.PageUtil.sendkeysToElement(PageUtil.java:150)
at pages.TestGeneratorPage.clickOnWorkspaceField123(TestGeneratorPage.java:130)
at tests.TestGeneratorTest.clickOnWorkspace(TestGeneratorTest.java:62)
at java.base/jdk.internal.reflect.DirectMethodHandleAccessor.invoke(DirectMethodHandleAccessor.java:103)
at java.base/java.lang.reflect.Method.invoke(Method.java:580)
at org.testng.internal.MethodInvocationHelper.invokeMethod(MethodInvocationHelper.java:133)
at org.testng.internal.TestInvoker.invokeMethod(TestInvoker.java:598)
at org.testng.internal.TestInvoker.invokeTestMethod(TestInvoker.java:173)
at org.testng.internal.MethodRunner.runInSequence(MethodRunner.java:46)
at org.testng.internal.TestInvoker$MethodInvocationAgent.invoke(TestInvoker.java:824)
at org.testng.internal.TestInvoker.invokeTestMethods(TestInvoker.java:146)
at org.testng.internal.TestMethodWorker.invokeTestMethods(TestMethodWorker.java:146)
at org.testng.internal.TestMethodWorker.run(TestMethodWorker.java:128)
at java.base/java.util.ArrayList.forEach(ArrayList.java:1596)
at org.testng.TestRunner.privateRun(TestRunner.java:794)
at org.testng.TestRunner.run(TestRunner.java:596)
at org.testng.SuiteRunner.runTest(SuiteRunner.java:377)
at org.testng.SuiteRunner.runSequentially(SuiteRunner.java:371)
at org.testng.SuiteRunner.privateRun(SuiteRunner.java:332)
at org.testng.SuiteRunner.run(SuiteRunner.java:276)
at org.testng.SuiteRunnerWorker.runSuite(SuiteRunnerWorker.java:53)
at org.testng.SuiteRunnerWorker.run(SuiteRunnerWorker.java:96)
at org.testng.TestNG.runSuitesSequentially(TestNG.java:1212)
at org.testng.TestNG.runSuitesLocally(TestNG.java:1134)
at org.testng.TestNG.runSuites(TestNG.java:1063)
at org.testng.TestNG.run(TestNG.java:1031)
at org.testng.remote.AbstractRemoteTestNG.run(AbstractRemoteTestNG.java:115)
at org.testng.remote.RemoteTestNG.initAndRun(RemoteTestNG.java:293)
at org.testng.remote.RemoteTestNG.main(RemoteTestNG.java:91)
]]>
            </full-stacktrace>
          </exception> <!-- org.openqa.selenium.TimeoutException -->
          <reporter-output>
          </reporter-output>
        </test-method> <!-- clickOnWorkspace -->
        <test-method signature="clickOnFolderFiled()[pri:6, instance:tests.TestGeneratorTest@59aa20b3]" started-at="2025-11-10T17:35:13 IST" name="clickOnFolderFiled" finished-at="2025-11-10T17:36:14 IST" duration-ms="60995" status="FAIL">
          <exception class="org.openqa.selenium.TimeoutException">
            <message>
              <![CDATA[Expected condition failed: waiting for visibility of element located by By.xpath: //div[@class='dropdown__search-group e-input-group']/input[@id='searchFolder'] (tried for 10 second(s) with 500 milliseconds interval)
Build info: version: '4.36.0', revision: '6d115cfd87'
System info: os.name: 'Windows 11', os.arch: 'amd64', os.version: '10.0', java.version: '21.0.3'
Driver info: org.openqa.selenium.chrome.ChromeDriver
Capabilities {acceptInsecureCerts: true, browserName: chrome, browserVersion: 142.0.7444.134, chrome: {chromedriverVersion: 142.0.7444.61 (9884f628acbc..., userDataDir: C:\Users\ASHWIN~1\AppData\L...}, fedcm:accounts: true, goog:chromeOptions: {debuggerAddress: localhost:64954}, goog:processID: 62204, networkConnectionEnabled: false, pageLoadStrategy: normal, platformName: windows, proxy: Proxy(), se:cdp: ws://localhost:64954/devtoo..., se:cdpVersion: 142.0.7444.134, setWindowRect: true, strictFileInteractability: false, timeouts: {implicit: 0, pageLoad: 300000, script: 30000}, unhandledPromptBehavior: dismiss and notify, webauthn:extension:credBlob: true, webauthn:extension:largeBlob: true, webauthn:extension:minPinLength: true, webauthn:extension:prf: true, webauthn:virtualAuthenticators: true}
Session ID: ff9b3a96747bf49fd0ec16117f8580f4]]>
            </message>
            <full-stacktrace>
              <![CDATA[org.openqa.selenium.TimeoutException: Expected condition failed: waiting for visibility of element located by By.xpath: //div[@class='dropdown__search-group e-input-group']/input[@id='searchFolder'] (tried for 10 second(s) with 500 milliseconds interval)
Build info: version: '4.36.0', revision: '6d115cfd87'
System info: os.name: 'Windows 11', os.arch: 'amd64', os.version: '10.0', java.version: '21.0.3'
Driver info: org.openqa.selenium.chrome.ChromeDriver
Capabilities {acceptInsecureCerts: true, browserName: chrome, browserVersion: 142.0.7444.134, chrome: {chromedriverVersion: 142.0.7444.61 (9884f628acbc..., userDataDir: C:\Users\ASHWIN~1\AppData\L...}, fedcm:accounts: true, goog:chromeOptions: {debuggerAddress: localhost:64954}, goog:processID: 62204, networkConnectionEnabled: false, pageLoadStrategy: normal, platformName: windows, proxy: Proxy(), se:cdp: ws://localhost:64954/devtoo..., se:cdpVersion: 142.0.7444.134, setWindowRect: true, strictFileInteractability: false, timeouts: {implicit: 0, pageLoad: 300000, script: 30000}, unhandledPromptBehavior: dismiss and notify, webauthn:extension:credBlob: true, webauthn:extension:largeBlob: true, webauthn:extension:minPinLength: true, webauthn:extension:prf: true, webauthn:virtualAuthenticators: true}
Session ID: ff9b3a96747bf49fd0ec16117f8580f4
at org.openqa.selenium.support.ui.WebDriverWait.timeoutException(WebDriverWait.java:84)
at org.openqa.selenium.support.ui.FluentWait.until(FluentWait.java:228)
at utils.PageUtil.sendkeysToElement(PageUtil.java:150)
at pages.TestGeneratorPage.clickOnFolderField(TestGeneratorPage.java:180)
at tests.TestGeneratorTest.clickOnFolderFiled(TestGeneratorTest.java:73)
at java.base/jdk.internal.reflect.DirectMethodHandleAccessor.invoke(DirectMethodHandleAccessor.java:103)
at java.base/java.lang.reflect.Method.invoke(Method.java:580)
at org.testng.internal.MethodInvocationHelper.invokeMethod(MethodInvocationHelper.java:133)
at org.testng.internal.TestInvoker.invokeMethod(TestInvoker.java:598)
at org.testng.internal.TestInvoker.invokeTestMethod(TestInvoker.java:173)
at org.testng.internal.MethodRunner.runInSequence(MethodRunner.java:46)
at org.testng.internal.TestInvoker$MethodInvocationAgent.invoke(TestInvoker.java:824)
at org.testng.internal.TestInvoker.invokeTestMethods(TestInvoker.java:146)
at org.testng.internal.TestMethodWorker.invokeTestMethods(TestMethodWorker.java:146)
at org.testng.internal.TestMethodWorker.run(TestMethodWorker.java:128)
at java.base/java.util.ArrayList.forEach(ArrayList.java:1596)
at org.testng.TestRunner.privateRun(TestRunner.java:794)
at org.testng.TestRunner.run(TestRunner.java:596)
at org.testng.SuiteRunner.runTest(SuiteRunner.java:377)
at org.testng.SuiteRunner.runSequentially(SuiteRunner.java:371)
at org.testng.SuiteRunner.privateRun(SuiteRunner.java:332)
at org.testng.SuiteRunner.run(SuiteRunner.java:276)
at org.testng.SuiteRunnerWorker.runSuite(SuiteRunnerWorker.java:53)
at org.testng.SuiteRunnerWorker.run(SuiteRunnerWorker.java:96)
at org.testng.TestNG.runSuitesSequentially(TestNG.java:1212)
at org.testng.TestNG.runSuitesLocally(TestNG.java:1134)
at org.testng.TestNG.runSuites(TestNG.java:1063)
at org.testng.TestNG.run(TestNG.java:1031)
at org.testng.remote.AbstractRemoteTestNG.run(AbstractRemoteTestNG.java:115)
at org.testng.remote.RemoteTestNG.initAndRun(RemoteTestNG.java:293)
at org.testng.remote.RemoteTestNG.main(RemoteTestNG.java:91)
]]>
            </full-stacktrace>
          </exception> <!-- org.openqa.selenium.TimeoutException -->
          <reporter-output>
          </reporter-output>
        </test-method> <!-- clickOnFolderFiled -->
        <test-method signature="clickOnworkspaceNextbtn()[pri:7, instance:tests.TestGeneratorTest@59aa20b3]" started-at="2025-11-10T17:36:14 IST" name="clickOnworkspaceNextbtn" finished-at="2025-11-10T17:36:55 IST" duration-ms="40712" status="PASS">
          <reporter-output>
          </reporter-output>
        </test-method> <!-- clickOnworkspaceNextbtn -->
        <test-method signature="clickOnmetadataNextbtn()[pri:8, instance:tests.TestGeneratorTest@59aa20b3]" started-at="2025-11-10T17:36:55 IST" name="clickOnmetadataNextbtn" finished-at="2025-11-10T17:37:36 IST" duration-ms="41062" status="PASS">
          <reporter-output>
          </reporter-output>
        </test-method> <!-- clickOnmetadataNextbtn -->
        <test-method signature="clickOnCheckmetadataNextbtn()[pri:9, instance:tests.TestGeneratorTest@59aa20b3]" started-at="2025-11-10T17:37:36 IST" name="clickOnCheckmetadataNextbtn" finished-at="2025-11-10T17:38:17 IST" duration-ms="41095" status="PASS">
          <reporter-output>
          </reporter-output>
        </test-method> <!-- clickOnCheckmetadataNextbtn -->
        <test-method signature="clickOnRulemetadataNextbtn()[pri:9, instance:tests.TestGeneratorTest@59aa20b3]" started-at="2025-11-10T17:38:17 IST" name="clickOnRulemetadataNextbtn" finished-at="2025-11-10T17:38:58 IST" duration-ms="40948" status="PASS">
          <reporter-output>
          </reporter-output>
        </test-method> <!-- clickOnRulemetadataNextbtn -->
        <test-method signature="clickOnNotificationNextbtn()[pri:10, instance:tests.TestGeneratorTest@59aa20b3]" started-at="2025-11-10T17:38:58 IST" name="clickOnNotificationNextbtn" finished-at="2025-11-10T17:39:39 IST" duration-ms="40948" status="PASS">
          <reporter-output>
          </reporter-output>
        </test-method> <!-- clickOnNotificationNextbtn -->
        <test-method signature="selectConnecton()[pri:10, instance:tests.TestGeneratorTest@59aa20b3]" started-at="2025-11-10T17:39:39 IST" name="selectConnecton" finished-at="2025-11-10T17:41:01 IST" duration-ms="82115" status="PASS">
          <reporter-output>
          </reporter-output>
        </test-method> <!-- selectConnecton -->
      </class> <!-- tests.TestGeneratorTest -->
    </test> <!-- Test -->
  </suite> <!-- Suite -->
</testng-results>
