<?xml version="1.0" encoding="UTF-8"?>
<testng-results ignored="3" total="40" passed="37" failed="0" skipped="0">
  <reporter-output>
  </reporter-output>
  <suite started-at="2026-02-02T16:08:40 IST" name="Suite" finished-at="2026-02-02T16:19:40 IST" duration-ms="660067">
    <groups>
    </groups>
    <test started-at="2026-02-02T16:08:40 IST" name="Login Tests" finished-at="2026-02-02T16:08:43 IST" duration-ms="2669">
      <class name="com.qa.tests.LoginTest">
        <test-method signature="validateLoginPage()[pri:0, instance:com.qa.tests.LoginTest@436813f3]" started-at="2026-02-02T16:08:40 IST" name="validateLoginPage" finished-at="2026-02-02T16:08:41 IST" duration-ms="677" status="PASS">
          <reporter-output>
          </reporter-output>
        </test-method> <!-- validateLoginPage -->
        <test-method signature="Login()[pri:0, instance:com.qa.tests.LoginTest@436813f3]" started-at="2026-02-02T16:08:41 IST" name="Login" finished-at="2026-02-02T16:08:43 IST" duration-ms="1965" status="PASS">
          <reporter-output>
          </reporter-output>
        </test-method> <!-- Login -->
      </class> <!-- com.qa.tests.LoginTest -->
    </test> <!-- Login Tests -->
    <test started-at="2026-02-02T16:08:43 IST" name="Home Page Tests" finished-at="2026-02-02T16:08:44 IST" duration-ms="545">
      <class name="com.qa.tests.HomePageTest">
        <test-method signature="validateHomePage()[pri:0, instance:com.qa.tests.HomePageTest@14cd1699]" started-at="2026-02-02T16:08:43 IST" name="validateHomePage" finished-at="2026-02-02T16:08:44 IST" duration-ms="543" status="PASS">
          <reporter-output>
          </reporter-output>
        </test-method> <!-- validateHomePage -->
      </class> <!-- com.qa.tests.HomePageTest -->
    </test> <!-- Home Page Tests -->
    <test started-at="2026-02-02T16:08:44 IST" name="Test Generator Page Tests" finished-at="2026-02-02T16:08:44 IST" duration-ms="1">
    </test> <!-- Test Generator Page Tests -->
    <test started-at="2026-02-02T16:08:44 IST" name="Template Page Tests" finished-at="2026-02-02T16:19:40 IST" duration-ms="656472">
      <class name="com.qa.tests.TemplatePageTest">
        <test-method is-config="true" signature="startSuite()[pri:0, instance:com.qa.tests.TemplatePageTest@c730b35]" started-at="2026-02-02T16:08:33 IST" name="startSuite" finished-at="2026-02-02T16:08:40 IST" duration-ms="6762" status="PASS">
          <reporter-output>
          </reporter-output>
        </test-method> <!-- startSuite -->
        <test-method signature="createTemplateUsingDynamicTemplate(java.lang.String,java.lang.String,java.lang.String,java.lang.String,java.lang.String)[pri:0, instance:com.qa.tests.TemplatePageTest@c730b35]" started-at="2026-02-02T16:08:44 IST" name="createTemplateUsingDynamicTemplate" data-provider="createTemplate" finished-at="2026-02-02T16:09:16 IST" duration-ms="31427" status="PASS">
          <params>
            <param index="0">
              <value>
                <![CDATA[Dynamic]]>
              </value>
            </param>
            <param index="1">
              <value>
                <![CDATA[Checksum]]>
              </value>
            </param>
            <param index="2">
              <value>
                <![CDATA[Compare Record Counts - Dynamic SQL]]>
              </value>
            </param>
            <param index="3">
              <value>
                <![CDATA[My Checksum template - using dynamic template]]>
              </value>
            </param>
            <param index="4">
              <value>
                <![CDATA[My dynamic template]]>
              </value>
            </param>
          </params>
          <reporter-output>
          </reporter-output>
        </test-method> <!-- createTemplateUsingDynamicTemplate -->
        <test-method signature="createTemplateUsingDynamicTemplate(java.lang.String,java.lang.String,java.lang.String,java.lang.String,java.lang.String)[pri:0, instance:com.qa.tests.TemplatePageTest@c730b35]" started-at="2026-02-02T16:09:16 IST" name="createTemplateUsingDynamicTemplate" data-provider="createTemplate" finished-at="2026-02-02T16:09:48 IST" duration-ms="32396" status="PASS">
          <params>
            <param index="0">
              <value>
                <![CDATA[Dynamic]]>
              </value>
            </param>
            <param index="1">
              <value>
                <![CDATA[Recon]]>
              </value>
            </param>
            <param index="2">
              <value>
                <![CDATA[Specify Column for Diff - Full Data Compare Dynamic SQL]]>
              </value>
            </param>
            <param index="3">
              <value>
                <![CDATA[My Recon template - using dynamic template]]>
              </value>
            </param>
            <param index="4">
              <value>
                <![CDATA[My dynamic template]]>
              </value>
            </param>
          </params>
          <reporter-output>
          </reporter-output>
        </test-method> <!-- createTemplateUsingDynamicTemplate -->
        <test-method signature="createTemplateUsingDynamicTemplate(java.lang.String,java.lang.String,java.lang.String,java.lang.String,java.lang.String)[pri:0, instance:com.qa.tests.TemplatePageTest@c730b35]" started-at="2026-02-02T16:09:48 IST" name="createTemplateUsingDynamicTemplate" data-provider="createTemplate" finished-at="2026-02-02T16:10:17 IST" duration-ms="28453" status="PASS">
          <params>
            <param index="0">
              <value>
                <![CDATA[Dynamic]]>
              </value>
            </param>
            <param index="1">
              <value>
                <![CDATA[Validation]]>
              </value>
            </param>
            <param index="2">
              <value>
                <![CDATA[Data Validation - Dynamic SQL]]>
              </value>
            </param>
            <param index="3">
              <value>
                <![CDATA[My Validation template - using dynamic template]]>
              </value>
            </param>
            <param index="4">
              <value>
                <![CDATA[My dynamic template]]>
              </value>
            </param>
          </params>
          <reporter-output>
          </reporter-output>
        </test-method> <!-- createTemplateUsingDynamicTemplate -->
        <test-method signature="createTemplateUsingDynamicTemplate(java.lang.String,java.lang.String,java.lang.String,java.lang.String,java.lang.String)[pri:0, instance:com.qa.tests.TemplatePageTest@c730b35]" started-at="2026-02-02T16:10:17 IST" name="createTemplateUsingDynamicTemplate" data-provider="createTemplate" finished-at="2026-02-02T16:10:48 IST" duration-ms="31361" status="PASS">
          <params>
            <param index="0">
              <value>
                <![CDATA[Dynamic]]>
              </value>
            </param>
            <param index="1">
              <value>
                <![CDATA[Pushdown]]>
              </value>
            </param>
            <param index="2">
              <value>
                <![CDATA[Data Pushdown Validation - Dynamic SQL]]>
              </value>
            </param>
            <param index="3">
              <value>
                <![CDATA[My Pushdown template - using dynamic template]]>
              </value>
            </param>
            <param index="4">
              <value>
                <![CDATA[My dynamic template]]>
              </value>
            </param>
          </params>
          <reporter-output>
          </reporter-output>
        </test-method> <!-- createTemplateUsingDynamicTemplate -->
        <test-method signature="createTemplateUsingDynamicTemplate(java.lang.String,java.lang.String,java.lang.String,java.lang.String,java.lang.String)[pri:0, instance:com.qa.tests.TemplatePageTest@c730b35]" started-at="2026-02-02T16:10:48 IST" name="createTemplateUsingDynamicTemplate" data-provider="createTemplate" finished-at="2026-02-02T16:11:20 IST" duration-ms="32192" status="PASS">
          <params>
            <param index="0">
              <value>
                <![CDATA[Import]]>
              </value>
            </param>
            <param index="1">
              <value>
                <![CDATA[Checksum]]>
              </value>
            </param>
            <param index="2">
              <value>
                <![CDATA[Compare Record Counts - Import SQL]]>
              </value>
            </param>
            <param index="3">
              <value>
                <![CDATA[My Checksum template - using import template]]>
              </value>
            </param>
            <param index="4">
              <value>
                <![CDATA[My import template]]>
              </value>
            </param>
          </params>
          <reporter-output>
          </reporter-output>
        </test-method> <!-- createTemplateUsingDynamicTemplate -->
        <test-method signature="createTemplateUsingDynamicTemplate(java.lang.String,java.lang.String,java.lang.String,java.lang.String,java.lang.String)[pri:0, instance:com.qa.tests.TemplatePageTest@c730b35]" started-at="2026-02-02T16:11:20 IST" name="createTemplateUsingDynamicTemplate" data-provider="createTemplate" finished-at="2026-02-02T16:11:53 IST" duration-ms="32506" status="PASS">
          <params>
            <param index="0">
              <value>
                <![CDATA[Import]]>
              </value>
            </param>
            <param index="1">
              <value>
                <![CDATA[Recon]]>
              </value>
            </param>
            <param index="2">
              <value>
                <![CDATA[Diff and Expression based on Column Position - Import SQL]]>
              </value>
            </param>
            <param index="3">
              <value>
                <![CDATA[My Recon template - using import template]]>
              </value>
            </param>
            <param index="4">
              <value>
                <![CDATA[My import template]]>
              </value>
            </param>
          </params>
          <reporter-output>
          </reporter-output>
        </test-method> <!-- createTemplateUsingDynamicTemplate -->
        <test-method signature="createTemplateUsingDynamicTemplate(java.lang.String,java.lang.String,java.lang.String,java.lang.String,java.lang.String)[pri:0, instance:com.qa.tests.TemplatePageTest@c730b35]" started-at="2026-02-02T16:11:53 IST" name="createTemplateUsingDynamicTemplate" data-provider="createTemplate" finished-at="2026-02-02T16:12:21 IST" duration-ms="28542" status="PASS">
          <params>
            <param index="0">
              <value>
                <![CDATA[Import]]>
              </value>
            </param>
            <param index="1">
              <value>
                <![CDATA[Validation]]>
              </value>
            </param>
            <param index="2">
              <value>
                <![CDATA[Data Validation - Import SQL]]>
              </value>
            </param>
            <param index="3">
              <value>
                <![CDATA[My Validation template - using import template]]>
              </value>
            </param>
            <param index="4">
              <value>
                <![CDATA[My import template]]>
              </value>
            </param>
          </params>
          <reporter-output>
          </reporter-output>
        </test-method> <!-- createTemplateUsingDynamicTemplate -->
        <test-method signature="createTemplateUsingDynamicTemplate(java.lang.String,java.lang.String,java.lang.String,java.lang.String,java.lang.String)[pri:0, instance:com.qa.tests.TemplatePageTest@c730b35]" started-at="2026-02-02T16:12:21 IST" name="createTemplateUsingDynamicTemplate" data-provider="createTemplate" finished-at="2026-02-02T16:12:51 IST" duration-ms="29946" status="PASS">
          <params>
            <param index="0">
              <value>
                <![CDATA[Import]]>
              </value>
            </param>
            <param index="1">
              <value>
                <![CDATA[Pushdown]]>
              </value>
            </param>
            <param index="2">
              <value>
                <![CDATA[Data Pushdown Validation - Import SQL]]>
              </value>
            </param>
            <param index="3">
              <value>
                <![CDATA[My Pushdown template - using import template]]>
              </value>
            </param>
            <param index="4">
              <value>
                <![CDATA[My import template]]>
              </value>
            </param>
          </params>
          <reporter-output>
          </reporter-output>
        </test-method> <!-- createTemplateUsingDynamicTemplate -->
        <test-method signature="createTemplateUsingDynamicTemplate(java.lang.String,java.lang.String,java.lang.String,java.lang.String,java.lang.String)[pri:0, instance:com.qa.tests.TemplatePageTest@c730b35]" started-at="2026-02-02T16:12:51 IST" name="createTemplateUsingDynamicTemplate" data-provider="createTemplate" finished-at="2026-02-02T16:13:22 IST" duration-ms="30807" status="PASS">
          <params>
            <param index="0">
              <value>
                <![CDATA[Dynamic]]>
              </value>
            </param>
            <param index="1">
              <value>
                <![CDATA[Checksum]]>
              </value>
            </param>
            <param index="2">
              <value>
                <![CDATA[Compare Record Counts - Dynamic SQL]]>
              </value>
            </param>
            <param index="3">
              <value>
                <![CDATA[My Checksum template - To delete]]>
              </value>
            </param>
            <param index="4">
              <value>
                <![CDATA[My dynamic template  To delete]]>
              </value>
            </param>
          </params>
          <reporter-output>
          </reporter-output>
        </test-method> <!-- createTemplateUsingDynamicTemplate -->
        <test-method signature="createTemplateUsingDynamicTemplate(java.lang.String,java.lang.String,java.lang.String,java.lang.String,java.lang.String)[pri:0, instance:com.qa.tests.TemplatePageTest@c730b35]" started-at="2026-02-02T16:13:22 IST" name="createTemplateUsingDynamicTemplate" data-provider="createTemplate" finished-at="2026-02-02T16:13:58 IST" duration-ms="35944" status="PASS">
          <params>
            <param index="0">
              <value>
                <![CDATA[Dynamic]]>
              </value>
            </param>
            <param index="1">
              <value>
                <![CDATA[Recon]]>
              </value>
            </param>
            <param index="2">
              <value>
                <![CDATA[Specify Column for Diff - Full Data Compare Dynamic SQL]]>
              </value>
            </param>
            <param index="3">
              <value>
                <![CDATA[My Recon template - To delete]]>
              </value>
            </param>
            <param index="4">
              <value>
                <![CDATA[My dynamic template  To delete]]>
              </value>
            </param>
          </params>
          <reporter-output>
          </reporter-output>
        </test-method> <!-- createTemplateUsingDynamicTemplate -->
        <test-method signature="createTemplateUsingDynamicTemplate(java.lang.String,java.lang.String,java.lang.String,java.lang.String,java.lang.String)[pri:0, instance:com.qa.tests.TemplatePageTest@c730b35]" started-at="2026-02-02T16:13:58 IST" name="createTemplateUsingDynamicTemplate" data-provider="createTemplate" finished-at="2026-02-02T16:14:27 IST" duration-ms="29153" status="PASS">
          <params>
            <param index="0">
              <value>
                <![CDATA[Dynamic]]>
              </value>
            </param>
            <param index="1">
              <value>
                <![CDATA[Validation]]>
              </value>
            </param>
            <param index="2">
              <value>
                <![CDATA[Data Validation - Dynamic SQL]]>
              </value>
            </param>
            <param index="3">
              <value>
                <![CDATA[My Validation template - To delete]]>
              </value>
            </param>
            <param index="4">
              <value>
                <![CDATA[My dynamic template  To delete]]>
              </value>
            </param>
          </params>
          <reporter-output>
          </reporter-output>
        </test-method> <!-- createTemplateUsingDynamicTemplate -->
        <test-method signature="createTemplateUsingDynamicTemplate(java.lang.String,java.lang.String,java.lang.String,java.lang.String,java.lang.String)[pri:0, instance:com.qa.tests.TemplatePageTest@c730b35]" started-at="2026-02-02T16:14:27 IST" name="createTemplateUsingDynamicTemplate" data-provider="createTemplate" finished-at="2026-02-02T16:14:56 IST" duration-ms="28788" status="PASS">
          <params>
            <param index="0">
              <value>
                <![CDATA[Import]]>
              </value>
            </param>
            <param index="1">
              <value>
                <![CDATA[Validation]]>
              </value>
            </param>
            <param index="2">
              <value>
                <![CDATA[Data Validation - Import SQL]]>
              </value>
            </param>
            <param index="3">
              <value>
                <![CDATA[My Validation 01 template - To delete]]>
              </value>
            </param>
            <param index="4">
              <value>
                <![CDATA[My import template  To delete]]>
              </value>
            </param>
          </params>
          <reporter-output>
          </reporter-output>
        </test-method> <!-- createTemplateUsingDynamicTemplate -->
        <test-method signature="createTemplateUsingDynamicTemplate(java.lang.String,java.lang.String,java.lang.String,java.lang.String,java.lang.String)[pri:0, instance:com.qa.tests.TemplatePageTest@c730b35]" started-at="2026-02-02T16:14:56 IST" name="createTemplateUsingDynamicTemplate" data-provider="createTemplate" finished-at="2026-02-02T16:15:25 IST" duration-ms="28692" status="PASS">
          <params>
            <param index="0">
              <value>
                <![CDATA[Import]]>
              </value>
            </param>
            <param index="1">
              <value>
                <![CDATA[Pushdown]]>
              </value>
            </param>
            <param index="2">
              <value>
                <![CDATA[Data Pushdown Validation - Import SQL]]>
              </value>
            </param>
            <param index="3">
              <value>
                <![CDATA[My Pushdown template - To delete]]>
              </value>
            </param>
            <param index="4">
              <value>
                <![CDATA[My import template  To delete]]>
              </value>
            </param>
          </params>
          <reporter-output>
          </reporter-output>
        </test-method> <!-- createTemplateUsingDynamicTemplate -->
        <test-method signature="updateTemplateUsingExistingTemplate(java.lang.String,java.lang.String,java.lang.String,java.lang.String,java.lang.String)[pri:0, instance:com.qa.tests.TemplatePageTest@c730b35]" started-at="2026-02-02T16:15:25 IST" name="updateTemplateUsingExistingTemplate" data-provider="updateTemplate" finished-at="2026-02-02T16:15:41 IST" duration-ms="16037" status="PASS">
          <params>
            <param index="0">
              <value>
                <![CDATA[Dynamic]]>
              </value>
            </param>
            <param index="1">
              <value>
                <![CDATA[Checksum]]>
              </value>
            </param>
            <param index="2">
              <value>
                <![CDATA[My Checksum template - using dynamic template]]>
              </value>
            </param>
            <param index="3">
              <value>
                <![CDATA[My Checksum template - using dynamic template_Updated]]>
              </value>
            </param>
            <param index="4">
              <value>
                <![CDATA[My dynamic template_Updated]]>
              </value>
            </param>
          </params>
          <reporter-output>
          </reporter-output>
        </test-method> <!-- updateTemplateUsingExistingTemplate -->
        <test-method signature="updateTemplateUsingExistingTemplate(java.lang.String,java.lang.String,java.lang.String,java.lang.String,java.lang.String)[pri:0, instance:com.qa.tests.TemplatePageTest@c730b35]" started-at="2026-02-02T16:15:41 IST" name="updateTemplateUsingExistingTemplate" data-provider="updateTemplate" finished-at="2026-02-02T16:15:57 IST" duration-ms="16314" status="PASS">
          <params>
            <param index="0">
              <value>
                <![CDATA[Dynamic]]>
              </value>
            </param>
            <param index="1">
              <value>
                <![CDATA[Recon]]>
              </value>
            </param>
            <param index="2">
              <value>
                <![CDATA[My Recon template - using dynamic template]]>
              </value>
            </param>
            <param index="3">
              <value>
                <![CDATA[My Recon template - using dynamic template_Updated]]>
              </value>
            </param>
            <param index="4">
              <value>
                <![CDATA[My dynamic template_Updated]]>
              </value>
            </param>
          </params>
          <reporter-output>
          </reporter-output>
        </test-method> <!-- updateTemplateUsingExistingTemplate -->
        <test-method signature="updateTemplateUsingExistingTemplate(java.lang.String,java.lang.String,java.lang.String,java.lang.String,java.lang.String)[pri:0, instance:com.qa.tests.TemplatePageTest@c730b35]" started-at="2026-02-02T16:15:57 IST" name="updateTemplateUsingExistingTemplate" data-provider="updateTemplate" finished-at="2026-02-02T16:16:13 IST" duration-ms="16043" status="PASS">
          <params>
            <param index="0">
              <value>
                <![CDATA[Dynamic]]>
              </value>
            </param>
            <param index="1">
              <value>
                <![CDATA[Validation]]>
              </value>
            </param>
            <param index="2">
              <value>
                <![CDATA[My Validation template - using dynamic template]]>
              </value>
            </param>
            <param index="3">
              <value>
                <![CDATA[My Validation template - using dynamic template_Updated]]>
              </value>
            </param>
            <param index="4">
              <value>
                <![CDATA[My dynamic template_Updated]]>
              </value>
            </param>
          </params>
          <reporter-output>
          </reporter-output>
        </test-method> <!-- updateTemplateUsingExistingTemplate -->
        <test-method signature="updateTemplateUsingExistingTemplate(java.lang.String,java.lang.String,java.lang.String,java.lang.String,java.lang.String)[pri:0, instance:com.qa.tests.TemplatePageTest@c730b35]" started-at="2026-02-02T16:16:13 IST" name="updateTemplateUsingExistingTemplate" data-provider="updateTemplate" finished-at="2026-02-02T16:16:30 IST" duration-ms="16755" status="PASS">
          <params>
            <param index="0">
              <value>
                <![CDATA[Dynamic]]>
              </value>
            </param>
            <param index="1">
              <value>
                <![CDATA[Pushdown]]>
              </value>
            </param>
            <param index="2">
              <value>
                <![CDATA[My Pushdown template - using dynamic template]]>
              </value>
            </param>
            <param index="3">
              <value>
                <![CDATA[My Pushdown template - using dynamic template_Updated]]>
              </value>
            </param>
            <param index="4">
              <value>
                <![CDATA[My dynamic template_Updated]]>
              </value>
            </param>
          </params>
          <reporter-output>
          </reporter-output>
        </test-method> <!-- updateTemplateUsingExistingTemplate -->
        <test-method signature="updateTemplateUsingExistingTemplate(java.lang.String,java.lang.String,java.lang.String,java.lang.String,java.lang.String)[pri:0, instance:com.qa.tests.TemplatePageTest@c730b35]" started-at="2026-02-02T16:16:30 IST" name="updateTemplateUsingExistingTemplate" data-provider="updateTemplate" finished-at="2026-02-02T16:16:47 IST" duration-ms="16815" status="PASS">
          <params>
            <param index="0">
              <value>
                <![CDATA[Import]]>
              </value>
            </param>
            <param index="1">
              <value>
                <![CDATA[Checksum]]>
              </value>
            </param>
            <param index="2">
              <value>
                <![CDATA[My Checksum template - using import template]]>
              </value>
            </param>
            <param index="3">
              <value>
                <![CDATA[My Checksum template - using import template_Updated]]>
              </value>
            </param>
            <param index="4">
              <value>
                <![CDATA[My import template_Updated]]>
              </value>
            </param>
          </params>
          <reporter-output>
          </reporter-output>
        </test-method> <!-- updateTemplateUsingExistingTemplate -->
        <test-method signature="updateTemplateUsingExistingTemplate(java.lang.String,java.lang.String,java.lang.String,java.lang.String,java.lang.String)[pri:0, instance:com.qa.tests.TemplatePageTest@c730b35]" started-at="2026-02-02T16:16:47 IST" name="updateTemplateUsingExistingTemplate" data-provider="updateTemplate" finished-at="2026-02-02T16:17:03 IST" duration-ms="16123" status="PASS">
          <params>
            <param index="0">
              <value>
                <![CDATA[Import]]>
              </value>
            </param>
            <param index="1">
              <value>
                <![CDATA[Recon]]>
              </value>
            </param>
            <param index="2">
              <value>
                <![CDATA[My Recon template - using import template]]>
              </value>
            </param>
            <param index="3">
              <value>
                <![CDATA[My Recon template - using import template_Updated]]>
              </value>
            </param>
            <param index="4">
              <value>
                <![CDATA[My import template_Updated]]>
              </value>
            </param>
          </params>
          <reporter-output>
          </reporter-output>
        </test-method> <!-- updateTemplateUsingExistingTemplate -->
        <test-method signature="updateTemplateUsingExistingTemplate(java.lang.String,java.lang.String,java.lang.String,java.lang.String,java.lang.String)[pri:0, instance:com.qa.tests.TemplatePageTest@c730b35]" started-at="2026-02-02T16:17:03 IST" name="updateTemplateUsingExistingTemplate" data-provider="updateTemplate" finished-at="2026-02-02T16:17:19 IST" duration-ms="16228" status="PASS">
          <params>
            <param index="0">
              <value>
                <![CDATA[Import]]>
              </value>
            </param>
            <param index="1">
              <value>
                <![CDATA[Validation]]>
              </value>
            </param>
            <param index="2">
              <value>
                <![CDATA[My Validation template - using import template]]>
              </value>
            </param>
            <param index="3">
              <value>
                <![CDATA[My Validation template - using import template_Updated]]>
              </value>
            </param>
            <param index="4">
              <value>
                <![CDATA[My import template_Updated]]>
              </value>
            </param>
          </params>
          <reporter-output>
          </reporter-output>
        </test-method> <!-- updateTemplateUsingExistingTemplate -->
        <test-method signature="updateTemplateUsingExistingTemplate(java.lang.String,java.lang.String,java.lang.String,java.lang.String,java.lang.String)[pri:0, instance:com.qa.tests.TemplatePageTest@c730b35]" started-at="2026-02-02T16:17:19 IST" name="updateTemplateUsingExistingTemplate" data-provider="updateTemplate" finished-at="2026-02-02T16:17:35 IST" duration-ms="16344" status="PASS">
          <params>
            <param index="0">
              <value>
                <![CDATA[Import]]>
              </value>
            </param>
            <param index="1">
              <value>
                <![CDATA[Pushdown]]>
              </value>
            </param>
            <param index="2">
              <value>
                <![CDATA[My Pushdown template - using import template]]>
              </value>
            </param>
            <param index="3">
              <value>
                <![CDATA[My Pushdown template - using import template_Updated]]>
              </value>
            </param>
            <param index="4">
              <value>
                <![CDATA[My import template_Updated]]>
              </value>
            </param>
          </params>
          <reporter-output>
          </reporter-output>
        </test-method> <!-- updateTemplateUsingExistingTemplate -->
        <test-method signature="deleteTemplateUsingExistingTemplateFromList(java.lang.String,java.lang.String,java.lang.String)[pri:0, instance:com.qa.tests.TemplatePageTest@c730b35]" started-at="2026-02-02T16:17:35 IST" name="deleteTemplateUsingExistingTemplateFromList" data-provider="deleteTemplateListingPage" finished-at="2026-02-02T16:17:44 IST" duration-ms="9092" status="PASS">
          <params>
            <param index="0">
              <value>
                <![CDATA[Dynamic]]>
              </value>
            </param>
            <param index="1">
              <value>
                <![CDATA[Checksum]]>
              </value>
            </param>
            <param index="2">
              <value>
                <![CDATA[My Checksum template - using dynamic template_Updated]]>
              </value>
            </param>
          </params>
          <reporter-output>
          </reporter-output>
        </test-method> <!-- deleteTemplateUsingExistingTemplateFromList -->
        <test-method signature="deleteTemplateUsingExistingTemplateFromList(java.lang.String,java.lang.String,java.lang.String)[pri:0, instance:com.qa.tests.TemplatePageTest@c730b35]" started-at="2026-02-02T16:17:44 IST" name="deleteTemplateUsingExistingTemplateFromList" data-provider="deleteTemplateListingPage" finished-at="2026-02-02T16:17:53 IST" duration-ms="8574" status="PASS">
          <params>
            <param index="0">
              <value>
                <![CDATA[Dynamic]]>
              </value>
            </param>
            <param index="1">
              <value>
                <![CDATA[Recon]]>
              </value>
            </param>
            <param index="2">
              <value>
                <![CDATA[My Recon template - using dynamic template_Updated]]>
              </value>
            </param>
          </params>
          <reporter-output>
          </reporter-output>
        </test-method> <!-- deleteTemplateUsingExistingTemplateFromList -->
        <test-method signature="deleteTemplateUsingExistingTemplateFromList(java.lang.String,java.lang.String,java.lang.String)[pri:0, instance:com.qa.tests.TemplatePageTest@c730b35]" started-at="2026-02-02T16:17:53 IST" name="deleteTemplateUsingExistingTemplateFromList" data-provider="deleteTemplateListingPage" finished-at="2026-02-02T16:18:02 IST" duration-ms="8605" status="PASS">
          <params>
            <param index="0">
              <value>
                <![CDATA[Dynamic]]>
              </value>
            </param>
            <param index="1">
              <value>
                <![CDATA[Validation]]>
              </value>
            </param>
            <param index="2">
              <value>
                <![CDATA[My Validation template - using dynamic template_Updated]]>
              </value>
            </param>
          </params>
          <reporter-output>
          </reporter-output>
        </test-method> <!-- deleteTemplateUsingExistingTemplateFromList -->
        <test-method signature="deleteTemplateUsingExistingTemplateFromList(java.lang.String,java.lang.String,java.lang.String)[pri:0, instance:com.qa.tests.TemplatePageTest@c730b35]" started-at="2026-02-02T16:18:02 IST" name="deleteTemplateUsingExistingTemplateFromList" data-provider="deleteTemplateListingPage" finished-at="2026-02-02T16:18:10 IST" duration-ms="8598" status="PASS">
          <params>
            <param index="0">
              <value>
                <![CDATA[Dynamic]]>
              </value>
            </param>
            <param index="1">
              <value>
                <![CDATA[Pushdown]]>
              </value>
            </param>
            <param index="2">
              <value>
                <![CDATA[My Pushdown template - using dynamic template_Updated]]>
              </value>
            </param>
          </params>
          <reporter-output>
          </reporter-output>
        </test-method> <!-- deleteTemplateUsingExistingTemplateFromList -->
        <test-method signature="deleteTemplateUsingExistingTemplateFromList(java.lang.String,java.lang.String,java.lang.String)[pri:0, instance:com.qa.tests.TemplatePageTest@c730b35]" started-at="2026-02-02T16:18:10 IST" name="deleteTemplateUsingExistingTemplateFromList" data-provider="deleteTemplateListingPage" finished-at="2026-02-02T16:18:19 IST" duration-ms="8898" status="PASS">
          <params>
            <param index="0">
              <value>
                <![CDATA[Import]]>
              </value>
            </param>
            <param index="1">
              <value>
                <![CDATA[Checksum]]>
              </value>
            </param>
            <param index="2">
              <value>
                <![CDATA[My Checksum template - using import template_Updated]]>
              </value>
            </param>
          </params>
          <reporter-output>
          </reporter-output>
        </test-method> <!-- deleteTemplateUsingExistingTemplateFromList -->
        <test-method signature="deleteTemplateUsingExistingTemplateFromList(java.lang.String,java.lang.String,java.lang.String)[pri:0, instance:com.qa.tests.TemplatePageTest@c730b35]" started-at="2026-02-02T16:18:19 IST" name="deleteTemplateUsingExistingTemplateFromList" data-provider="deleteTemplateListingPage" finished-at="2026-02-02T16:18:28 IST" duration-ms="9117" status="PASS">
          <params>
            <param index="0">
              <value>
                <![CDATA[Import]]>
              </value>
            </param>
            <param index="1">
              <value>
                <![CDATA[Recon]]>
              </value>
            </param>
            <param index="2">
              <value>
                <![CDATA[My Recon template - using import template_Updated]]>
              </value>
            </param>
          </params>
          <reporter-output>
          </reporter-output>
        </test-method> <!-- deleteTemplateUsingExistingTemplateFromList -->
        <test-method signature="deleteTemplateUsingExistingTemplateFromList(java.lang.String,java.lang.String,java.lang.String)[pri:0, instance:com.qa.tests.TemplatePageTest@c730b35]" started-at="2026-02-02T16:18:28 IST" name="deleteTemplateUsingExistingTemplateFromList" data-provider="deleteTemplateListingPage" finished-at="2026-02-02T16:18:37 IST" duration-ms="9081" status="PASS">
          <params>
            <param index="0">
              <value>
                <![CDATA[Import]]>
              </value>
            </param>
            <param index="1">
              <value>
                <![CDATA[Validation]]>
              </value>
            </param>
            <param index="2">
              <value>
                <![CDATA[My Validation template - using import template_Updated]]>
              </value>
            </param>
          </params>
          <reporter-output>
          </reporter-output>
        </test-method> <!-- deleteTemplateUsingExistingTemplateFromList -->
        <test-method signature="deleteTemplateUsingExistingTemplateFromList(java.lang.String,java.lang.String,java.lang.String)[pri:0, instance:com.qa.tests.TemplatePageTest@c730b35]" started-at="2026-02-02T16:18:37 IST" name="deleteTemplateUsingExistingTemplateFromList" data-provider="deleteTemplateListingPage" finished-at="2026-02-02T16:18:46 IST" duration-ms="9146" status="PASS">
          <params>
            <param index="0">
              <value>
                <![CDATA[Import]]>
              </value>
            </param>
            <param index="1">
              <value>
                <![CDATA[Pushdown]]>
              </value>
            </param>
            <param index="2">
              <value>
                <![CDATA[My Pushdown template - using import template_Updated]]>
              </value>
            </param>
          </params>
          <reporter-output>
          </reporter-output>
        </test-method> <!-- deleteTemplateUsingExistingTemplateFromList -->
        <test-method signature="deleteTemplateUsingExistingTemplateFromDetails(java.lang.String,java.lang.String,java.lang.String)[pri:0, instance:com.qa.tests.TemplatePageTest@c730b35]" started-at="2026-02-02T16:18:47 IST" name="deleteTemplateUsingExistingTemplateFromDetails" data-provider="deleteTemplateDetailsPage" finished-at="2026-02-02T16:18:56 IST" duration-ms="9709" status="PASS">
          <params>
            <param index="0">
              <value>
                <![CDATA[Dynamic]]>
              </value>
            </param>
            <param index="1">
              <value>
                <![CDATA[Checksum]]>
              </value>
            </param>
            <param index="2">
              <value>
                <![CDATA[My Checksum template - To delete]]>
              </value>
            </param>
          </params>
          <reporter-output>
          </reporter-output>
        </test-method> <!-- deleteTemplateUsingExistingTemplateFromDetails -->
        <test-method signature="deleteTemplateUsingExistingTemplateFromDetails(java.lang.String,java.lang.String,java.lang.String)[pri:0, instance:com.qa.tests.TemplatePageTest@c730b35]" started-at="2026-02-02T16:18:56 IST" name="deleteTemplateUsingExistingTemplateFromDetails" data-provider="deleteTemplateDetailsPage" finished-at="2026-02-02T16:19:05 IST" duration-ms="9091" status="PASS">
          <params>
            <param index="0">
              <value>
                <![CDATA[Dynamic]]>
              </value>
            </param>
            <param index="1">
              <value>
                <![CDATA[Recon]]>
              </value>
            </param>
            <param index="2">
              <value>
                <![CDATA[My Recon template - To delete]]>
              </value>
            </param>
          </params>
          <reporter-output>
          </reporter-output>
        </test-method> <!-- deleteTemplateUsingExistingTemplateFromDetails -->
        <test-method signature="deleteTemplateUsingExistingTemplateFromDetails(java.lang.String,java.lang.String,java.lang.String)[pri:0, instance:com.qa.tests.TemplatePageTest@c730b35]" started-at="2026-02-02T16:19:05 IST" name="deleteTemplateUsingExistingTemplateFromDetails" data-provider="deleteTemplateDetailsPage" finished-at="2026-02-02T16:19:16 IST" duration-ms="10422" status="PASS">
          <params>
            <param index="0">
              <value>
                <![CDATA[Dynamic]]>
              </value>
            </param>
            <param index="1">
              <value>
                <![CDATA[Validation]]>
              </value>
            </param>
            <param index="2">
              <value>
                <![CDATA[My Validation template - To delete]]>
              </value>
            </param>
          </params>
          <reporter-output>
          </reporter-output>
        </test-method> <!-- deleteTemplateUsingExistingTemplateFromDetails -->
        <test-method signature="deleteTemplateUsingExistingTemplateFromDetails(java.lang.String,java.lang.String,java.lang.String)[pri:0, instance:com.qa.tests.TemplatePageTest@c730b35]" started-at="2026-02-02T16:19:16 IST" name="deleteTemplateUsingExistingTemplateFromDetails" data-provider="deleteTemplateDetailsPage" finished-at="2026-02-02T16:19:28 IST" duration-ms="12695" status="PASS">
          <params>
            <param index="0">
              <value>
                <![CDATA[Import]]>
              </value>
            </param>
            <param index="1">
              <value>
                <![CDATA[Validation]]>
              </value>
            </param>
            <param index="2">
              <value>
                <![CDATA[My Validation 01 template - To delete]]>
              </value>
            </param>
          </params>
          <reporter-output>
          </reporter-output>
        </test-method> <!-- deleteTemplateUsingExistingTemplateFromDetails -->
        <test-method signature="deleteTemplateUsingExistingTemplateFromDetails(java.lang.String,java.lang.String,java.lang.String)[pri:0, instance:com.qa.tests.TemplatePageTest@c730b35]" started-at="2026-02-02T16:19:28 IST" name="deleteTemplateUsingExistingTemplateFromDetails" data-provider="deleteTemplateDetailsPage" finished-at="2026-02-02T16:19:40 IST" duration-ms="11800" status="PASS">
          <params>
            <param index="0">
              <value>
                <![CDATA[Import]]>
              </value>
            </param>
            <param index="1">
              <value>
                <![CDATA[Pushdown]]>
              </value>
            </param>
            <param index="2">
              <value>
                <![CDATA[My Pushdown template - To delete]]>
              </value>
            </param>
          </params>
          <reporter-output>
          </reporter-output>
        </test-method> <!-- deleteTemplateUsingExistingTemplateFromDetails -->
        <test-method is-config="true" signature="endSuite()[pri:0, instance:com.qa.tests.TemplatePageTest@c730b35]" started-at="2026-02-02T16:19:40 IST" name="endSuite" finished-at="2026-02-02T16:19:49 IST" duration-ms="8709" status="PASS">
          <reporter-output>
          </reporter-output>
        </test-method> <!-- endSuite -->
      </class> <!-- com.qa.tests.TemplatePageTest -->
    </test> <!-- Template Page Tests -->
  </suite> <!-- Suite -->
</testng-results>
