<?xml version="1.0" encoding="UTF-8"?>
<testng-results ignored="2" total="6" passed="3" failed="1" skipped="0">
  <reporter-output>
  </reporter-output>
  <suite started-at="2025-12-30T19:44:48 IST" name="Suite" finished-at="2025-12-30T19:46:58 IST" duration-ms="129503">
    <groups>
    </groups>
    <test started-at="2025-12-30T19:44:48 IST" name="Login Tests" finished-at="2025-12-30T19:44:51 IST" duration-ms="2652">
      <class name="com.qa.tests.LoginTest">
        <test-method signature="validateLoginPage()[pri:0, instance:com.qa.tests.LoginTest@436813f3]" started-at="2025-12-30T19:44:48 IST" name="validateLoginPage" finished-at="2025-12-30T19:44:49 IST" duration-ms="598" status="PASS">
          <reporter-output>
          </reporter-output>
        </test-method> <!-- validateLoginPage -->
        <test-method signature="Login()[pri:0, instance:com.qa.tests.LoginTest@436813f3]" started-at="2025-12-30T19:44:49 IST" name="Login" finished-at="2025-12-30T19:44:51 IST" duration-ms="2029" status="PASS">
          <reporter-output>
          </reporter-output>
        </test-method> <!-- Login -->
      </class> <!-- com.qa.tests.LoginTest -->
    </test> <!-- Login Tests -->
    <test started-at="2025-12-30T19:44:51 IST" name="Home Page Tests" finished-at="2025-12-30T19:44:52 IST" duration-ms="577">
      <class name="com.qa.tests.HomePageTest">
        <test-method signature="validateHomePage()[pri:0, instance:com.qa.tests.HomePageTest@14cd1699]" started-at="2025-12-30T19:44:51 IST" name="validateHomePage" finished-at="2025-12-30T19:44:52 IST" duration-ms="575" status="PASS">
          <reporter-output>
          </reporter-output>
        </test-method> <!-- validateHomePage -->
      </class> <!-- com.qa.tests.HomePageTest -->
    </test> <!-- Home Page Tests -->
    <test started-at="2025-12-30T19:44:52 IST" name="Test Generator Page Tests" finished-at="2025-12-30T19:46:58 IST" duration-ms="125905">
      <class name="com.qa.tests.TestGeneratorTest">
        <test-method is-config="true" signature="startSuite()[pri:0, instance:com.qa.tests.TestGeneratorTest@6b2ea799]" started-at="2025-12-30T19:44:44 IST" name="startSuite" finished-at="2025-12-30T19:44:48 IST" duration-ms="4020" status="PASS">
          <reporter-output>
          </reporter-output>
        </test-method> <!-- startSuite -->
        <test-method signature="createWorkflowUsingDefaultDynamicTemplate(java.lang.String,java.lang.String,java.lang.String,java.lang.String,java.lang.String,java.lang.String,java.lang.String,java.lang.String,java.lang.String)[pri:0, instance:com.qa.tests.TestGeneratorTest@6b2ea799]" started-at="2025-12-30T19:44:52 IST" name="createWorkflowUsingDefaultDynamicTemplate" data-provider="ruleDataForWorkflowCreation" finished-at="2025-12-30T19:46:57 IST" duration-ms="125056" status="FAIL">
          <params>
            <param index="0">
              <value>
                <![CDATA[checksum]]>
              </value>
            </param>
            <param index="1">
              <value>
                <![CDATA[Compare Record Counts - Dynamic SQL]]>
              </value>
            </param>
            <param index="2">
              <value>
                <![CDATA[Test_Generator-WIP]]>
              </value>
            </param>
            <param index="3">
              <value>
                <![CDATA[AD-Workflow]]>
              </value>
            </param>
            <param index="4">
              <value>
                <![CDATA[Database]]>
              </value>
            </param>
            <param index="5">
              <value>
                <![CDATA[Postgresql-without-jdbc-SysConn]]>
              </value>
            </param>
            <param index="6">
              <value>
                <![CDATA[Postgresql-without-jdbc-UserConn]]>
              </value>
            </param>
            <param index="7">
              <value>
                <![CDATA[public]]>
              </value>
            </param>
            <param index="8">
              <value>
                <![CDATA[staff]]>
              </value>
            </param>
          </params>
          <exception class="com.qa.pages.TestGeneratorPage$FlowAbortException">
            <message>
              <![CDATA[Flow aborted: Click On Published Rule]]>
            </message>
            <full-stacktrace>
              <![CDATA[com.qa.pages.TestGeneratorPage$FlowAbortException: Flow aborted: Click On Published Rule
at com.qa.pages.TestGeneratorPage.executeStep(TestGeneratorPage.java:121)
at com.qa.pages.TestGeneratorPage.createWorkflowUsingDefaultDynamicTemplate(TestGeneratorPage.java:341)
at com.qa.tests.TestGeneratorTest.createWorkflowUsingDefaultDynamicTemplate(TestGeneratorTest.java:69)
at java.base/jdk.internal.reflect.DirectMethodHandleAccessor.invoke(DirectMethodHandleAccessor.java:103)
at java.base/java.lang.reflect.Method.invoke(Method.java:580)
at org.testng.internal.MethodInvocationHelper.invokeMethod(MethodInvocationHelper.java:133)
at org.testng.internal.TestInvoker.invokeMethod(TestInvoker.java:598)
at org.testng.internal.TestInvoker.invokeTestMethod(TestInvoker.java:173)
at org.testng.internal.MethodRunner.runInSequence(MethodRunner.java:46)
at org.testng.internal.TestInvoker$MethodInvocationAgent.invoke(TestInvoker.java:824)
at org.testng.internal.TestInvoker.invokeTestMethods(TestInvoker.java:146)
at org.testng.internal.TestMethodWorker.invokeTestMethods(TestMethodWorker.java:146)
at org.testng.internal.TestMethodWorker.run(TestMethodWorker.java:128)
at java.base/java.util.ArrayList.forEach(ArrayList.java:1596)
at org.testng.TestRunner.privateRun(TestRunner.java:794)
at org.testng.TestRunner.run(TestRunner.java:596)
at org.testng.SuiteRunner.runTest(SuiteRunner.java:377)
at org.testng.SuiteRunner.runSequentially(SuiteRunner.java:371)
at org.testng.SuiteRunner.privateRun(SuiteRunner.java:332)
at org.testng.SuiteRunner.run(SuiteRunner.java:276)
at org.testng.SuiteRunnerWorker.runSuite(SuiteRunnerWorker.java:53)
at org.testng.SuiteRunnerWorker.run(SuiteRunnerWorker.java:96)
at org.testng.TestNG.runSuitesSequentially(TestNG.java:1212)
at org.testng.TestNG.runSuitesLocally(TestNG.java:1134)
at org.testng.TestNG.runSuites(TestNG.java:1063)
at org.testng.TestNG.run(TestNG.java:1031)
at org.testng.remote.AbstractRemoteTestNG.run(AbstractRemoteTestNG.java:115)
at org.testng.remote.RemoteTestNG.initAndRun(RemoteTestNG.java:293)
at org.testng.remote.RemoteTestNG.main(RemoteTestNG.java:91)
Caused by: com.qa.pages.TestGeneratorPage$FlowAbortException: Flow aborted: Validate published rule and navigate to Data Testing page.
at com.qa.pages.TestGeneratorPage.executeStep(TestGeneratorPage.java:121)
at com.qa.pages.TestGeneratorPage.clickOnPublishedWorkflow(TestGeneratorPage.java:961)
at com.qa.pages.TestGeneratorPage.executeStep(TestGeneratorPage.java:100)
... 28 more
Caused by: java.lang.RuntimeException: Status did not change from Submitted/Running after retries
at com.qa.pages.TestGeneratorPage.validateWorkflowInstanceID(TestGeneratorPage.java:1159)
at com.qa.pages.TestGeneratorPage.lambda$63(TestGeneratorPage.java:1019)
at com.qa.pages.TestGeneratorPage.executeStep(TestGeneratorPage.java:100)
... 30 more
]]>
            </full-stacktrace>
          </exception> <!-- com.qa.pages.TestGeneratorPage$FlowAbortException -->
          <reporter-output>
          </reporter-output>
        </test-method> <!-- createWorkflowUsingDefaultDynamicTemplate -->
        <test-method is-config="true" signature="endSuite()[pri:0, instance:com.qa.tests.TestGeneratorTest@6b2ea799]" started-at="2025-12-30T19:46:58 IST" name="endSuite" finished-at="2025-12-30T19:47:06 IST" duration-ms="8082" status="PASS">
          <reporter-output>
          </reporter-output>
        </test-method> <!-- endSuite -->
      </class> <!-- com.qa.tests.TestGeneratorTest -->
    </test> <!-- Test Generator Page Tests -->
  </suite> <!-- Suite -->
</testng-results>
