<?xml version="1.0" encoding="UTF-8"?>
<!-- Generated by org.testng.reporters.JUnitReportReporter -->
<testsuite hostname="TORANA-L106" failures="0" tests="18" name="com.qa.tests.TestGeneratorTest" time="1945.442" errors="18" timestamp="2026-02-24T13:15:13 IST" skipped="0">
  <testcase classname="com.qa.tests.TestGeneratorTest" name="createRuleUsingImportTemplate" time="104.110">
    <error message="Flow aborted: Click On Published Rule" type="com.qa.pages.TestGeneratorPage$FlowAbortException">
      <![CDATA[com.qa.pages.TestGeneratorPage$FlowAbortException: Flow aborted: Click On Published Rule
at com.qa.pages.TestGeneratorPage.executeStep(TestGeneratorPage.java:126)
at com.qa.pages.TestGeneratorPage.createRuleUsingDefaultImportTemplate(TestGeneratorPage.java:276)
at com.qa.tests.TestGeneratorTest.createRuleUsingImportTemplate(TestGeneratorTest.java:131)
at java.base/jdk.internal.reflect.DirectMethodHandleAccessor.invoke(DirectMethodHandleAccessor.java:103)
at java.base/java.lang.reflect.Method.invoke(Method.java:580)
at org.testng.internal.MethodInvocationHelper.invokeMethod(MethodInvocationHelper.java:133)
at org.testng.internal.TestInvoker.invokeMethod(TestInvoker.java:598)
at org.testng.internal.TestInvoker.invokeTestMethod(TestInvoker.java:173)
at org.testng.internal.MethodRunner.runInSequence(MethodRunner.java:46)
at org.testng.internal.TestInvoker$MethodInvocationAgent.invoke(TestInvoker.java:824)
at org.testng.internal.TestInvoker.invokeTestMethods(TestInvoker.java:146)
at org.testng.internal.TestMethodWorker.invokeTestMethods(TestMethodWorker.java:146)
at org.testng.internal.TestMethodWorker.run(TestMethodWorker.java:128)
at java.base/java.util.ArrayList.forEach(ArrayList.java:1596)
at org.testng.TestRunner.privateRun(TestRunner.java:794)
at org.testng.TestRunner.run(TestRunner.java:596)
at org.testng.SuiteRunner.runTest(SuiteRunner.java:377)
at org.testng.SuiteRunner.runSequentially(SuiteRunner.java:371)
at org.testng.SuiteRunner.privateRun(SuiteRunner.java:332)
at org.testng.SuiteRunner.run(SuiteRunner.java:276)
at org.testng.SuiteRunnerWorker.runSuite(SuiteRunnerWorker.java:53)
at org.testng.SuiteRunnerWorker.run(SuiteRunnerWorker.java:96)
at org.testng.TestNG.runSuitesSequentially(TestNG.java:1212)
at org.testng.TestNG.runSuitesLocally(TestNG.java:1134)
at org.testng.TestNG.runSuites(TestNG.java:1063)
at org.testng.TestNG.run(TestNG.java:1031)
at org.testng.remote.AbstractRemoteTestNG.run(AbstractRemoteTestNG.java:115)
at org.testng.remote.RemoteTestNG.initAndRun(RemoteTestNG.java:293)
at org.testng.remote.RemoteTestNG.main(RemoteTestNG.java:91)
Caused by: com.qa.pages.TestGeneratorPage$FlowAbortException: Flow aborted: Validate published rule and navigate to Data Testing page.
at com.qa.pages.TestGeneratorPage.executeStep(TestGeneratorPage.java:126)
at com.qa.pages.TestGeneratorPage.clickOnPublishedRule(TestGeneratorPage.java:1030)
at com.qa.pages.TestGeneratorPage.executeStep(TestGeneratorPage.java:105)
... 28 more
Caused by: org.openqa.selenium.TimeoutException: Expected condition failed: waiting for presence of element located by: By.xpath: //*[@placeholder='Enter rule name'] (tried for 30 second(s) with 500 milliseconds interval)
at org.openqa.selenium.support.ui.WebDriverWait.timeoutException(WebDriverWait.java:84)
at org.openqa.selenium.support.ui.FluentWait.until(FluentWait.java:228)
at com.qa.pages.TestGeneratorPage.lambda$80(TestGeneratorPage.java:1059)
at com.qa.pages.TestGeneratorPage.executeStep(TestGeneratorPage.java:105)
... 30 more
Caused by: org.openqa.selenium.NoSuchElementException: no such element: Unable to locate element: {"method":"xpath","selector":"//*[@placeholder='Enter rule name']"}
  (Session info: chrome=145.0.7632.110)
For documentation on this error, please visit: https://www.selenium.dev/documentation/webdriver/troubleshooting/errors#nosuchelementexception
Build info: version: '4.38.0', revision: '6b412e825c*'
System info: os.name: 'Windows 11', os.arch: 'amd64', os.version: '10.0', java.version: '21.0.3'
Driver info: org.openqa.selenium.chrome.ChromeDriver
Command: [25c5a869a669d7990c9d764b053c1522, findElement {using=xpath, value=//*[@placeholder='Enter rule name']}]
Capabilities {acceptInsecureCerts: true, browserName: chrome, browserVersion: 145.0.7632.110, chrome: {chromedriverVersion: 145.0.7632.77 (da516187054a..., userDataDir: C:\Users\ASHWIN~1\AppData\L...}, fedcm:accounts: true, goog:chromeOptions: {debuggerAddress: localhost:59864}, goog:processID: 224028, networkConnectionEnabled: false, pageLoadStrategy: normal, platformName: windows, proxy: Proxy(), se:cdp: ws://localhost:59864/devtoo..., se:cdpVersion: 145.0.7632.110, setWindowRect: true, strictFileInteractability: false, timeouts: {implicit: 0, pageLoad: 300000, script: 30000}, unhandledPromptBehavior: dismiss and notify, webauthn:extension:credBlob: true, webauthn:extension:largeBlob: true, webauthn:extension:minPinLength: true, webauthn:extension:prf: true, webauthn:virtualAuthenticators: true}
Session ID: 25c5a869a669d7990c9d764b053c1522
at java.base/jdk.internal.reflect.DirectConstructorHandleAccessor.newInstance(DirectConstructorHandleAccessor.java:62)
at java.base/java.lang.reflect.Constructor.newInstanceWithCaller(Constructor.java:502)
at java.base/java.lang.reflect.Constructor.newInstance(Constructor.java:486)
at org.openqa.selenium.remote.ErrorCodec.decode(ErrorCodec.java:167)
at org.openqa.selenium.remote.codec.w3c.W3CHttpResponseCodec.decode(W3CHttpResponseCodec.java:138)
at org.openqa.selenium.remote.codec.w3c.W3CHttpResponseCodec.decode(W3CHttpResponseCodec.java:50)
at org.openqa.selenium.remote.HttpCommandExecutor.execute(HttpCommandExecutor.java:215)
at org.openqa.selenium.remote.service.DriverCommandExecutor.invokeExecute(DriverCommandExecutor.java:216)
at org.openqa.selenium.remote.service.DriverCommandExecutor.execute(DriverCommandExecutor.java:174)
at org.openqa.selenium.remote.RemoteWebDriver.execute(RemoteWebDriver.java:557)
at org.openqa.selenium.remote.ElementLocation$ElementFinder$2.findElement(ElementLocation.java:165)
at org.openqa.selenium.remote.ElementLocation.findElement(ElementLocation.java:59)
at org.openqa.selenium.remote.RemoteWebDriver.findElement(RemoteWebDriver.java:380)
at org.openqa.selenium.remote.RemoteWebDriver.findElement(RemoteWebDriver.java:374)
at org.openqa.selenium.support.ui.ExpectedConditions$6.apply(ExpectedConditions.java:174)
at org.openqa.selenium.support.ui.ExpectedConditions$6.apply(ExpectedConditions.java:171)
at org.openqa.selenium.support.ui.FluentWait.until(FluentWait.java:203)
... 32 more
]]>
    </error>
  </testcase> <!-- createRuleUsingImportTemplate -->
  <system-out/>
  <testcase classname="com.qa.tests.TestGeneratorTest" name="createRuleUsingImportTemplate" time="47.616">
    <error message="Flow aborted: Upload Files for Rule Type: pushdown" type="com.qa.pages.TestGeneratorPage$FlowAbortException">
      <![CDATA[com.qa.pages.TestGeneratorPage$FlowAbortException: Flow aborted: Upload Files for Rule Type: pushdown
at com.qa.pages.TestGeneratorPage.executeStep(TestGeneratorPage.java:126)
at com.qa.pages.TestGeneratorPage.createRuleUsingDefaultImportTemplate(TestGeneratorPage.java:254)
at com.qa.tests.TestGeneratorTest.createRuleUsingImportTemplate(TestGeneratorTest.java:135)
at java.base/jdk.internal.reflect.DirectMethodHandleAccessor.invoke(DirectMethodHandleAccessor.java:103)
at java.base/java.lang.reflect.Method.invoke(Method.java:580)
at org.testng.internal.MethodInvocationHelper.invokeMethod(MethodInvocationHelper.java:133)
at org.testng.internal.TestInvoker.invokeMethod(TestInvoker.java:598)
at org.testng.internal.TestInvoker.invokeTestMethod(TestInvoker.java:173)
at org.testng.internal.MethodRunner.runInSequence(MethodRunner.java:46)
at org.testng.internal.TestInvoker$MethodInvocationAgent.invoke(TestInvoker.java:824)
at org.testng.internal.TestInvoker.invokeTestMethods(TestInvoker.java:146)
at org.testng.internal.TestMethodWorker.invokeTestMethods(TestMethodWorker.java:146)
at org.testng.internal.TestMethodWorker.run(TestMethodWorker.java:128)
at java.base/java.util.ArrayList.forEach(ArrayList.java:1596)
at org.testng.TestRunner.privateRun(TestRunner.java:794)
at org.testng.TestRunner.run(TestRunner.java:596)
at org.testng.SuiteRunner.runTest(SuiteRunner.java:377)
at org.testng.SuiteRunner.runSequentially(SuiteRunner.java:371)
at org.testng.SuiteRunner.privateRun(SuiteRunner.java:332)
at org.testng.SuiteRunner.run(SuiteRunner.java:276)
at org.testng.SuiteRunnerWorker.runSuite(SuiteRunnerWorker.java:53)
at org.testng.SuiteRunnerWorker.run(SuiteRunnerWorker.java:96)
at org.testng.TestNG.runSuitesSequentially(TestNG.java:1212)
at org.testng.TestNG.runSuitesLocally(TestNG.java:1134)
at org.testng.TestNG.runSuites(TestNG.java:1063)
at org.testng.TestNG.run(TestNG.java:1031)
at org.testng.remote.AbstractRemoteTestNG.run(AbstractRemoteTestNG.java:115)
at org.testng.remote.RemoteTestNG.initAndRun(RemoteTestNG.java:293)
at org.testng.remote.RemoteTestNG.main(RemoteTestNG.java:91)
Caused by: java.lang.RuntimeException: File upload failed: no such element: Unable to locate element: {"method":"css selector","selector":"input[type='file'][name='UploadFiles']"}
  (Session info: chrome=145.0.7632.110)
For documentation on this error, please visit: https://www.selenium.dev/documentation/webdriver/troubleshooting/errors#nosuchelementexception
Build info: version: '4.38.0', revision: '6b412e825c*'
System info: os.name: 'Windows 11', os.arch: 'amd64', os.version: '10.0', java.version: '21.0.3'
Driver info: org.openqa.selenium.chrome.ChromeDriver
Command: [25c5a869a669d7990c9d764b053c1522, findElement {using=css selector, value=input[type='file'][name='UploadFiles']}]
Capabilities {acceptInsecureCerts: true, browserName: chrome, browserVersion: 145.0.7632.110, chrome: {chromedriverVersion: 145.0.7632.77 (da516187054a..., userDataDir: C:\Users\ASHWIN~1\AppData\L...}, fedcm:accounts: true, goog:chromeOptions: {debuggerAddress: localhost:59864}, goog:processID: 224028, networkConnectionEnabled: false, pageLoadStrategy: normal, platformName: windows, proxy: Proxy(), se:cdp: ws://localhost:59864/devtoo..., se:cdpVersion: 145.0.7632.110, setWindowRect: true, strictFileInteractability: false, timeouts: {implicit: 0, pageLoad: 300000, script: 30000}, unhandledPromptBehavior: dismiss and notify, webauthn:extension:credBlob: true, webauthn:extension:largeBlob: true, webauthn:extension:minPinLength: true, webauthn:extension:prf: true, webauthn:virtualAuthenticators: true}
Session ID: 25c5a869a669d7990c9d764b053c1522
at com.qa.utils.PageUtil.uploadFile(PageUtil.java:288)
at com.qa.pages.TestGeneratorPage.uploadingFiles(TestGeneratorPage.java:863)
at com.qa.pages.TestGeneratorPage.uploadFileByRuleAndConnection(TestGeneratorPage.java:437)
at com.qa.pages.TestGeneratorPage.lambda$32(TestGeneratorPage.java:255)
at com.qa.pages.TestGeneratorPage.executeStep(TestGeneratorPage.java:105)
... 28 more
]]>
    </error>
  </testcase> <!-- createRuleUsingImportTemplate -->
  <system-out/>
  <testcase classname="com.qa.tests.TestGeneratorTest" name="createRuleUsingImportTemplate" time="130.907">
    <error message="Flow aborted: Click On Published Rule" type="com.qa.pages.TestGeneratorPage$FlowAbortException">
      <![CDATA[com.qa.pages.TestGeneratorPage$FlowAbortException: Flow aborted: Click On Published Rule
at com.qa.pages.TestGeneratorPage.executeStep(TestGeneratorPage.java:126)
at com.qa.pages.TestGeneratorPage.createRuleUsingDefaultImportTemplate(TestGeneratorPage.java:276)
at com.qa.tests.TestGeneratorTest.createRuleUsingImportTemplate(TestGeneratorTest.java:135)
at java.base/jdk.internal.reflect.DirectMethodHandleAccessor.invoke(DirectMethodHandleAccessor.java:103)
at java.base/java.lang.reflect.Method.invoke(Method.java:580)
at org.testng.internal.MethodInvocationHelper.invokeMethod(MethodInvocationHelper.java:133)
at org.testng.internal.TestInvoker.invokeMethod(TestInvoker.java:598)
at org.testng.internal.TestInvoker.invokeTestMethod(TestInvoker.java:173)
at org.testng.internal.MethodRunner.runInSequence(MethodRunner.java:46)
at org.testng.internal.TestInvoker$MethodInvocationAgent.invoke(TestInvoker.java:824)
at org.testng.internal.TestInvoker.invokeTestMethods(TestInvoker.java:146)
at org.testng.internal.TestMethodWorker.invokeTestMethods(TestMethodWorker.java:146)
at org.testng.internal.TestMethodWorker.run(TestMethodWorker.java:128)
at java.base/java.util.ArrayList.forEach(ArrayList.java:1596)
at org.testng.TestRunner.privateRun(TestRunner.java:794)
at org.testng.TestRunner.run(TestRunner.java:596)
at org.testng.SuiteRunner.runTest(SuiteRunner.java:377)
at org.testng.SuiteRunner.runSequentially(SuiteRunner.java:371)
at org.testng.SuiteRunner.privateRun(SuiteRunner.java:332)
at org.testng.SuiteRunner.run(SuiteRunner.java:276)
at org.testng.SuiteRunnerWorker.runSuite(SuiteRunnerWorker.java:53)
at org.testng.SuiteRunnerWorker.run(SuiteRunnerWorker.java:96)
at org.testng.TestNG.runSuitesSequentially(TestNG.java:1212)
at org.testng.TestNG.runSuitesLocally(TestNG.java:1134)
at org.testng.TestNG.runSuites(TestNG.java:1063)
at org.testng.TestNG.run(TestNG.java:1031)
at org.testng.remote.AbstractRemoteTestNG.run(AbstractRemoteTestNG.java:115)
at org.testng.remote.RemoteTestNG.initAndRun(RemoteTestNG.java:293)
at org.testng.remote.RemoteTestNG.main(RemoteTestNG.java:91)
Caused by: com.qa.pages.TestGeneratorPage$FlowAbortException: Flow aborted: Validate published rule and navigate to Data Testing page.
at com.qa.pages.TestGeneratorPage.executeStep(TestGeneratorPage.java:126)
at com.qa.pages.TestGeneratorPage.clickOnPublishedRule(TestGeneratorPage.java:1030)
at com.qa.pages.TestGeneratorPage.executeStep(TestGeneratorPage.java:105)
... 28 more
Caused by: java.lang.RuntimeException: Status did not change from Submitted/Running after retries
at com.qa.pages.TestGeneratorPage.validateRuleInstanceID(TestGeneratorPage.java:1259)
at com.qa.pages.TestGeneratorPage.lambda$80(TestGeneratorPage.java:1079)
at com.qa.pages.TestGeneratorPage.executeStep(TestGeneratorPage.java:105)
... 30 more
]]>
    </error>
  </testcase> <!-- createRuleUsingImportTemplate -->
  <system-out/>
  <testcase classname="com.qa.tests.TestGeneratorTest" name="createRuleUsingImportTemplate" time="105.767">
    <error message="Flow aborted: Click On Published Rule" type="com.qa.pages.TestGeneratorPage$FlowAbortException">
      <![CDATA[com.qa.pages.TestGeneratorPage$FlowAbortException: Flow aborted: Click On Published Rule
at com.qa.pages.TestGeneratorPage.executeStep(TestGeneratorPage.java:126)
at com.qa.pages.TestGeneratorPage.createRuleUsingDefaultImportTemplate(TestGeneratorPage.java:276)
at com.qa.tests.TestGeneratorTest.createRuleUsingImportTemplate(TestGeneratorTest.java:133)
at java.base/jdk.internal.reflect.DirectMethodHandleAccessor.invoke(DirectMethodHandleAccessor.java:103)
at java.base/java.lang.reflect.Method.invoke(Method.java:580)
at org.testng.internal.MethodInvocationHelper.invokeMethod(MethodInvocationHelper.java:133)
at org.testng.internal.TestInvoker.invokeMethod(TestInvoker.java:598)
at org.testng.internal.TestInvoker.invokeTestMethod(TestInvoker.java:173)
at org.testng.internal.MethodRunner.runInSequence(MethodRunner.java:46)
at org.testng.internal.TestInvoker$MethodInvocationAgent.invoke(TestInvoker.java:824)
at org.testng.internal.TestInvoker.invokeTestMethods(TestInvoker.java:146)
at org.testng.internal.TestMethodWorker.invokeTestMethods(TestMethodWorker.java:146)
at org.testng.internal.TestMethodWorker.run(TestMethodWorker.java:128)
at java.base/java.util.ArrayList.forEach(ArrayList.java:1596)
at org.testng.TestRunner.privateRun(TestRunner.java:794)
at org.testng.TestRunner.run(TestRunner.java:596)
at org.testng.SuiteRunner.runTest(SuiteRunner.java:377)
at org.testng.SuiteRunner.runSequentially(SuiteRunner.java:371)
at org.testng.SuiteRunner.privateRun(SuiteRunner.java:332)
at org.testng.SuiteRunner.run(SuiteRunner.java:276)
at org.testng.SuiteRunnerWorker.runSuite(SuiteRunnerWorker.java:53)
at org.testng.SuiteRunnerWorker.run(SuiteRunnerWorker.java:96)
at org.testng.TestNG.runSuitesSequentially(TestNG.java:1212)
at org.testng.TestNG.runSuitesLocally(TestNG.java:1134)
at org.testng.TestNG.runSuites(TestNG.java:1063)
at org.testng.TestNG.run(TestNG.java:1031)
at org.testng.remote.AbstractRemoteTestNG.run(AbstractRemoteTestNG.java:115)
at org.testng.remote.RemoteTestNG.initAndRun(RemoteTestNG.java:293)
at org.testng.remote.RemoteTestNG.main(RemoteTestNG.java:91)
Caused by: com.qa.pages.TestGeneratorPage$FlowAbortException: Flow aborted: Validate published rule and navigate to Data Testing page.
at com.qa.pages.TestGeneratorPage.executeStep(TestGeneratorPage.java:126)
at com.qa.pages.TestGeneratorPage.clickOnPublishedRule(TestGeneratorPage.java:1030)
at com.qa.pages.TestGeneratorPage.executeStep(TestGeneratorPage.java:105)
... 28 more
Caused by: org.openqa.selenium.TimeoutException: Expected condition failed: waiting for presence of element located by: By.xpath: //*[@placeholder='Enter rule name'] (tried for 30 second(s) with 500 milliseconds interval)
at org.openqa.selenium.support.ui.WebDriverWait.timeoutException(WebDriverWait.java:84)
at org.openqa.selenium.support.ui.FluentWait.until(FluentWait.java:228)
at com.qa.pages.TestGeneratorPage.lambda$80(TestGeneratorPage.java:1059)
at com.qa.pages.TestGeneratorPage.executeStep(TestGeneratorPage.java:105)
... 30 more
Caused by: org.openqa.selenium.NoSuchElementException: no such element: Unable to locate element: {"method":"xpath","selector":"//*[@placeholder='Enter rule name']"}
  (Session info: chrome=145.0.7632.110)
For documentation on this error, please visit: https://www.selenium.dev/documentation/webdriver/troubleshooting/errors#nosuchelementexception
Build info: version: '4.38.0', revision: '6b412e825c*'
System info: os.name: 'Windows 11', os.arch: 'amd64', os.version: '10.0', java.version: '21.0.3'
Driver info: org.openqa.selenium.chrome.ChromeDriver
Command: [25c5a869a669d7990c9d764b053c1522, findElement {using=xpath, value=//*[@placeholder='Enter rule name']}]
Capabilities {acceptInsecureCerts: true, browserName: chrome, browserVersion: 145.0.7632.110, chrome: {chromedriverVersion: 145.0.7632.77 (da516187054a..., userDataDir: C:\Users\ASHWIN~1\AppData\L...}, fedcm:accounts: true, goog:chromeOptions: {debuggerAddress: localhost:59864}, goog:processID: 224028, networkConnectionEnabled: false, pageLoadStrategy: normal, platformName: windows, proxy: Proxy(), se:cdp: ws://localhost:59864/devtoo..., se:cdpVersion: 145.0.7632.110, setWindowRect: true, strictFileInteractability: false, timeouts: {implicit: 0, pageLoad: 300000, script: 30000}, unhandledPromptBehavior: dismiss and notify, webauthn:extension:credBlob: true, webauthn:extension:largeBlob: true, webauthn:extension:minPinLength: true, webauthn:extension:prf: true, webauthn:virtualAuthenticators: true}
Session ID: 25c5a869a669d7990c9d764b053c1522
at java.base/jdk.internal.reflect.DirectConstructorHandleAccessor.newInstance(DirectConstructorHandleAccessor.java:62)
at java.base/java.lang.reflect.Constructor.newInstanceWithCaller(Constructor.java:502)
at java.base/java.lang.reflect.Constructor.newInstance(Constructor.java:486)
at org.openqa.selenium.remote.ErrorCodec.decode(ErrorCodec.java:167)
at org.openqa.selenium.remote.codec.w3c.W3CHttpResponseCodec.decode(W3CHttpResponseCodec.java:138)
at org.openqa.selenium.remote.codec.w3c.W3CHttpResponseCodec.decode(W3CHttpResponseCodec.java:50)
at org.openqa.selenium.remote.HttpCommandExecutor.execute(HttpCommandExecutor.java:215)
at org.openqa.selenium.remote.service.DriverCommandExecutor.invokeExecute(DriverCommandExecutor.java:216)
at org.openqa.selenium.remote.service.DriverCommandExecutor.execute(DriverCommandExecutor.java:174)
at org.openqa.selenium.remote.RemoteWebDriver.execute(RemoteWebDriver.java:557)
at org.openqa.selenium.remote.ElementLocation$ElementFinder$2.findElement(ElementLocation.java:165)
at org.openqa.selenium.remote.ElementLocation.findElement(ElementLocation.java:59)
at org.openqa.selenium.remote.RemoteWebDriver.findElement(RemoteWebDriver.java:380)
at org.openqa.selenium.remote.RemoteWebDriver.findElement(RemoteWebDriver.java:374)
at org.openqa.selenium.support.ui.ExpectedConditions$6.apply(ExpectedConditions.java:174)
at org.openqa.selenium.support.ui.ExpectedConditions$6.apply(ExpectedConditions.java:171)
at org.openqa.selenium.support.ui.FluentWait.until(FluentWait.java:203)
... 32 more
]]>
    </error>
  </testcase> <!-- createRuleUsingImportTemplate -->
  <system-out/>
  <testcase classname="com.qa.tests.TestGeneratorTest" name="existingWorkflowUsingDefaultDynamicTemplate" time="138.615">
    <error message="Flow aborted: Click On Published Rule" type="com.qa.pages.TestGeneratorPage$FlowAbortException">
      <![CDATA[com.qa.pages.TestGeneratorPage$FlowAbortException: Flow aborted: Click On Published Rule
at com.qa.pages.TestGeneratorPage.executeStep(TestGeneratorPage.java:126)
at com.qa.pages.TestGeneratorPage.existingWorkflowUsingDefaultDynamicTemplate(TestGeneratorPage.java:418)
at com.qa.tests.TestGeneratorTest.existingWorkflowUsingDefaultDynamicTemplate(TestGeneratorTest.java:101)
at java.base/jdk.internal.reflect.DirectMethodHandleAccessor.invoke(DirectMethodHandleAccessor.java:103)
at java.base/java.lang.reflect.Method.invoke(Method.java:580)
at org.testng.internal.MethodInvocationHelper.invokeMethod(MethodInvocationHelper.java:133)
at org.testng.internal.TestInvoker.invokeMethod(TestInvoker.java:598)
at org.testng.internal.TestInvoker.invokeTestMethod(TestInvoker.java:173)
at org.testng.internal.MethodRunner.runInSequence(MethodRunner.java:46)
at org.testng.internal.TestInvoker$MethodInvocationAgent.invoke(TestInvoker.java:824)
at org.testng.internal.TestInvoker.invokeTestMethods(TestInvoker.java:146)
at org.testng.internal.TestMethodWorker.invokeTestMethods(TestMethodWorker.java:146)
at org.testng.internal.TestMethodWorker.run(TestMethodWorker.java:128)
at java.base/java.util.ArrayList.forEach(ArrayList.java:1596)
at org.testng.TestRunner.privateRun(TestRunner.java:794)
at org.testng.TestRunner.run(TestRunner.java:596)
at org.testng.SuiteRunner.runTest(SuiteRunner.java:377)
at org.testng.SuiteRunner.runSequentially(SuiteRunner.java:371)
at org.testng.SuiteRunner.privateRun(SuiteRunner.java:332)
at org.testng.SuiteRunner.run(SuiteRunner.java:276)
at org.testng.SuiteRunnerWorker.runSuite(SuiteRunnerWorker.java:53)
at org.testng.SuiteRunnerWorker.run(SuiteRunnerWorker.java:96)
at org.testng.TestNG.runSuitesSequentially(TestNG.java:1212)
at org.testng.TestNG.runSuitesLocally(TestNG.java:1134)
at org.testng.TestNG.runSuites(TestNG.java:1063)
at org.testng.TestNG.run(TestNG.java:1031)
at org.testng.remote.AbstractRemoteTestNG.run(AbstractRemoteTestNG.java:115)
at org.testng.remote.RemoteTestNG.initAndRun(RemoteTestNG.java:293)
at org.testng.remote.RemoteTestNG.main(RemoteTestNG.java:91)
Caused by: com.qa.pages.TestGeneratorPage$FlowAbortException: Flow aborted: Validate published rule and navigate to Data Testing page.
at com.qa.pages.TestGeneratorPage.executeStep(TestGeneratorPage.java:126)
at com.qa.pages.TestGeneratorPage.clickOnPublishedWorkflow(TestGeneratorPage.java:1093)
at com.qa.pages.TestGeneratorPage.executeStep(TestGeneratorPage.java:105)
... 28 more
Caused by: org.openqa.selenium.TimeoutException: Expected condition failed: waiting for presence of element located by: By.id: inputWorkflowName (tried for 30 second(s) with 500 milliseconds interval)
at org.openqa.selenium.support.ui.WebDriverWait.timeoutException(WebDriverWait.java:84)
at org.openqa.selenium.support.ui.FluentWait.until(FluentWait.java:228)
at com.qa.pages.TestGeneratorPage.lambda$83(TestGeneratorPage.java:1125)
at com.qa.pages.TestGeneratorPage.executeStep(TestGeneratorPage.java:105)
... 30 more
Caused by: org.openqa.selenium.NoSuchElementException: no such element: Unable to locate element: {"method":"css selector","selector":"#inputWorkflowName"}
  (Session info: chrome=145.0.7632.110)
For documentation on this error, please visit: https://www.selenium.dev/documentation/webdriver/troubleshooting/errors#nosuchelementexception
Build info: version: '4.38.0', revision: '6b412e825c*'
System info: os.name: 'Windows 11', os.arch: 'amd64', os.version: '10.0', java.version: '21.0.3'
Driver info: org.openqa.selenium.chrome.ChromeDriver
Command: [25c5a869a669d7990c9d764b053c1522, findElement {using=id, value=inputWorkflowName}]
Capabilities {acceptInsecureCerts: true, browserName: chrome, browserVersion: 145.0.7632.110, chrome: {chromedriverVersion: 145.0.7632.77 (da516187054a..., userDataDir: C:\Users\ASHWIN~1\AppData\L...}, fedcm:accounts: true, goog:chromeOptions: {debuggerAddress: localhost:59864}, goog:processID: 224028, networkConnectionEnabled: false, pageLoadStrategy: normal, platformName: windows, proxy: Proxy(), se:cdp: ws://localhost:59864/devtoo..., se:cdpVersion: 145.0.7632.110, setWindowRect: true, strictFileInteractability: false, timeouts: {implicit: 0, pageLoad: 300000, script: 30000}, unhandledPromptBehavior: dismiss and notify, webauthn:extension:credBlob: true, webauthn:extension:largeBlob: true, webauthn:extension:minPinLength: true, webauthn:extension:prf: true, webauthn:virtualAuthenticators: true}
Session ID: 25c5a869a669d7990c9d764b053c1522
at java.base/jdk.internal.reflect.DirectConstructorHandleAccessor.newInstance(DirectConstructorHandleAccessor.java:62)
at java.base/java.lang.reflect.Constructor.newInstanceWithCaller(Constructor.java:502)
at java.base/java.lang.reflect.Constructor.newInstance(Constructor.java:486)
at org.openqa.selenium.remote.ErrorCodec.decode(ErrorCodec.java:167)
at org.openqa.selenium.remote.codec.w3c.W3CHttpResponseCodec.decode(W3CHttpResponseCodec.java:138)
at org.openqa.selenium.remote.codec.w3c.W3CHttpResponseCodec.decode(W3CHttpResponseCodec.java:50)
at org.openqa.selenium.remote.HttpCommandExecutor.execute(HttpCommandExecutor.java:215)
at org.openqa.selenium.remote.service.DriverCommandExecutor.invokeExecute(DriverCommandExecutor.java:216)
at org.openqa.selenium.remote.service.DriverCommandExecutor.execute(DriverCommandExecutor.java:174)
at org.openqa.selenium.remote.RemoteWebDriver.execute(RemoteWebDriver.java:557)
at org.openqa.selenium.remote.ElementLocation$ElementFinder$2.findElement(ElementLocation.java:165)
at org.openqa.selenium.remote.ElementLocation.findElement(ElementLocation.java:59)
at org.openqa.selenium.remote.RemoteWebDriver.findElement(RemoteWebDriver.java:380)
at org.openqa.selenium.remote.RemoteWebDriver.findElement(RemoteWebDriver.java:374)
at org.openqa.selenium.support.ui.ExpectedConditions$6.apply(ExpectedConditions.java:174)
at org.openqa.selenium.support.ui.ExpectedConditions$6.apply(ExpectedConditions.java:171)
at org.openqa.selenium.support.ui.FluentWait.until(FluentWait.java:203)
... 32 more
]]>
    </error>
  </testcase> <!-- existingWorkflowUsingDefaultDynamicTemplate -->
  <system-out/>
  <testcase classname="com.qa.tests.TestGeneratorTest" name="createRuleUsingImportTemplate" time="120.623">
    <error message="Flow aborted: Click On Published Rule" type="com.qa.pages.TestGeneratorPage$FlowAbortException">
      <![CDATA[com.qa.pages.TestGeneratorPage$FlowAbortException: Flow aborted: Click On Published Rule
at com.qa.pages.TestGeneratorPage.executeStep(TestGeneratorPage.java:126)
at com.qa.pages.TestGeneratorPage.createRuleUsingDefaultImportTemplate(TestGeneratorPage.java:276)
at com.qa.tests.TestGeneratorTest.createRuleUsingImportTemplate(TestGeneratorTest.java:135)
at java.base/jdk.internal.reflect.DirectMethodHandleAccessor.invoke(DirectMethodHandleAccessor.java:103)
at java.base/java.lang.reflect.Method.invoke(Method.java:580)
at org.testng.internal.MethodInvocationHelper.invokeMethod(MethodInvocationHelper.java:133)
at org.testng.internal.TestInvoker.invokeMethod(TestInvoker.java:598)
at org.testng.internal.TestInvoker.invokeTestMethod(TestInvoker.java:173)
at org.testng.internal.MethodRunner.runInSequence(MethodRunner.java:46)
at org.testng.internal.TestInvoker$MethodInvocationAgent.invoke(TestInvoker.java:824)
at org.testng.internal.TestInvoker.invokeTestMethods(TestInvoker.java:146)
at org.testng.internal.TestMethodWorker.invokeTestMethods(TestMethodWorker.java:146)
at org.testng.internal.TestMethodWorker.run(TestMethodWorker.java:128)
at java.base/java.util.ArrayList.forEach(ArrayList.java:1596)
at org.testng.TestRunner.privateRun(TestRunner.java:794)
at org.testng.TestRunner.run(TestRunner.java:596)
at org.testng.SuiteRunner.runTest(SuiteRunner.java:377)
at org.testng.SuiteRunner.runSequentially(SuiteRunner.java:371)
at org.testng.SuiteRunner.privateRun(SuiteRunner.java:332)
at org.testng.SuiteRunner.run(SuiteRunner.java:276)
at org.testng.SuiteRunnerWorker.runSuite(SuiteRunnerWorker.java:53)
at org.testng.SuiteRunnerWorker.run(SuiteRunnerWorker.java:96)
at org.testng.TestNG.runSuitesSequentially(TestNG.java:1212)
at org.testng.TestNG.runSuitesLocally(TestNG.java:1134)
at org.testng.TestNG.runSuites(TestNG.java:1063)
at org.testng.TestNG.run(TestNG.java:1031)
at org.testng.remote.AbstractRemoteTestNG.run(AbstractRemoteTestNG.java:115)
at org.testng.remote.RemoteTestNG.initAndRun(RemoteTestNG.java:293)
at org.testng.remote.RemoteTestNG.main(RemoteTestNG.java:91)
Caused by: com.qa.pages.TestGeneratorPage$FlowAbortException: Flow aborted: Validate published rule and navigate to Data Testing page.
at com.qa.pages.TestGeneratorPage.executeStep(TestGeneratorPage.java:126)
at com.qa.pages.TestGeneratorPage.clickOnPublishedRule(TestGeneratorPage.java:1030)
at com.qa.pages.TestGeneratorPage.executeStep(TestGeneratorPage.java:105)
... 28 more
Caused by: org.openqa.selenium.TimeoutException: Expected condition failed: waiting for presence of element located by: By.xpath: //*[@placeholder='Enter rule name'] (tried for 30 second(s) with 500 milliseconds interval)
at org.openqa.selenium.support.ui.WebDriverWait.timeoutException(WebDriverWait.java:84)
at org.openqa.selenium.support.ui.FluentWait.until(FluentWait.java:228)
at com.qa.pages.TestGeneratorPage.lambda$80(TestGeneratorPage.java:1059)
at com.qa.pages.TestGeneratorPage.executeStep(TestGeneratorPage.java:105)
... 30 more
Caused by: org.openqa.selenium.NoSuchElementException: no such element: Unable to locate element: {"method":"xpath","selector":"//*[@placeholder='Enter rule name']"}
  (Session info: chrome=145.0.7632.110)
For documentation on this error, please visit: https://www.selenium.dev/documentation/webdriver/troubleshooting/errors#nosuchelementexception
Build info: version: '4.38.0', revision: '6b412e825c*'
System info: os.name: 'Windows 11', os.arch: 'amd64', os.version: '10.0', java.version: '21.0.3'
Driver info: org.openqa.selenium.chrome.ChromeDriver
Command: [25c5a869a669d7990c9d764b053c1522, findElement {using=xpath, value=//*[@placeholder='Enter rule name']}]
Capabilities {acceptInsecureCerts: true, browserName: chrome, browserVersion: 145.0.7632.110, chrome: {chromedriverVersion: 145.0.7632.77 (da516187054a..., userDataDir: C:\Users\ASHWIN~1\AppData\L...}, fedcm:accounts: true, goog:chromeOptions: {debuggerAddress: localhost:59864}, goog:processID: 224028, networkConnectionEnabled: false, pageLoadStrategy: normal, platformName: windows, proxy: Proxy(), se:cdp: ws://localhost:59864/devtoo..., se:cdpVersion: 145.0.7632.110, setWindowRect: true, strictFileInteractability: false, timeouts: {implicit: 0, pageLoad: 300000, script: 30000}, unhandledPromptBehavior: dismiss and notify, webauthn:extension:credBlob: true, webauthn:extension:largeBlob: true, webauthn:extension:minPinLength: true, webauthn:extension:prf: true, webauthn:virtualAuthenticators: true}
Session ID: 25c5a869a669d7990c9d764b053c1522
at java.base/jdk.internal.reflect.DirectConstructorHandleAccessor.newInstance(DirectConstructorHandleAccessor.java:62)
at java.base/java.lang.reflect.Constructor.newInstanceWithCaller(Constructor.java:502)
at java.base/java.lang.reflect.Constructor.newInstance(Constructor.java:486)
at org.openqa.selenium.remote.ErrorCodec.decode(ErrorCodec.java:167)
at org.openqa.selenium.remote.codec.w3c.W3CHttpResponseCodec.decode(W3CHttpResponseCodec.java:138)
at org.openqa.selenium.remote.codec.w3c.W3CHttpResponseCodec.decode(W3CHttpResponseCodec.java:50)
at org.openqa.selenium.remote.HttpCommandExecutor.execute(HttpCommandExecutor.java:215)
at org.openqa.selenium.remote.service.DriverCommandExecutor.invokeExecute(DriverCommandExecutor.java:216)
at org.openqa.selenium.remote.service.DriverCommandExecutor.execute(DriverCommandExecutor.java:174)
at org.openqa.selenium.remote.RemoteWebDriver.execute(RemoteWebDriver.java:557)
at org.openqa.selenium.remote.ElementLocation$ElementFinder$2.findElement(ElementLocation.java:165)
at org.openqa.selenium.remote.ElementLocation.findElement(ElementLocation.java:59)
at org.openqa.selenium.remote.RemoteWebDriver.findElement(RemoteWebDriver.java:380)
at org.openqa.selenium.remote.RemoteWebDriver.findElement(RemoteWebDriver.java:374)
at org.openqa.selenium.support.ui.ExpectedConditions$6.apply(ExpectedConditions.java:174)
at org.openqa.selenium.support.ui.ExpectedConditions$6.apply(ExpectedConditions.java:171)
at org.openqa.selenium.support.ui.FluentWait.until(FluentWait.java:203)
... 32 more
]]>
    </error>
  </testcase> <!-- createRuleUsingImportTemplate -->
  <system-out/>
  <testcase classname="com.qa.tests.TestGeneratorTest" name="createRuleUsingImportTemplate" time="99.952">
    <error message="Flow aborted: Click On Published Rule" type="com.qa.pages.TestGeneratorPage$FlowAbortException">
      <![CDATA[com.qa.pages.TestGeneratorPage$FlowAbortException: Flow aborted: Click On Published Rule
at com.qa.pages.TestGeneratorPage.executeStep(TestGeneratorPage.java:126)
at com.qa.pages.TestGeneratorPage.createRuleUsingDefaultImportTemplate(TestGeneratorPage.java:276)
at com.qa.tests.TestGeneratorTest.createRuleUsingImportTemplate(TestGeneratorTest.java:131)
at java.base/jdk.internal.reflect.DirectMethodHandleAccessor.invoke(DirectMethodHandleAccessor.java:103)
at java.base/java.lang.reflect.Method.invoke(Method.java:580)
at org.testng.internal.MethodInvocationHelper.invokeMethod(MethodInvocationHelper.java:133)
at org.testng.internal.TestInvoker.invokeMethod(TestInvoker.java:598)
at org.testng.internal.TestInvoker.invokeTestMethod(TestInvoker.java:173)
at org.testng.internal.MethodRunner.runInSequence(MethodRunner.java:46)
at org.testng.internal.TestInvoker$MethodInvocationAgent.invoke(TestInvoker.java:824)
at org.testng.internal.TestInvoker.invokeTestMethods(TestInvoker.java:146)
at org.testng.internal.TestMethodWorker.invokeTestMethods(TestMethodWorker.java:146)
at org.testng.internal.TestMethodWorker.run(TestMethodWorker.java:128)
at java.base/java.util.ArrayList.forEach(ArrayList.java:1596)
at org.testng.TestRunner.privateRun(TestRunner.java:794)
at org.testng.TestRunner.run(TestRunner.java:596)
at org.testng.SuiteRunner.runTest(SuiteRunner.java:377)
at org.testng.SuiteRunner.runSequentially(SuiteRunner.java:371)
at org.testng.SuiteRunner.privateRun(SuiteRunner.java:332)
at org.testng.SuiteRunner.run(SuiteRunner.java:276)
at org.testng.SuiteRunnerWorker.runSuite(SuiteRunnerWorker.java:53)
at org.testng.SuiteRunnerWorker.run(SuiteRunnerWorker.java:96)
at org.testng.TestNG.runSuitesSequentially(TestNG.java:1212)
at org.testng.TestNG.runSuitesLocally(TestNG.java:1134)
at org.testng.TestNG.runSuites(TestNG.java:1063)
at org.testng.TestNG.run(TestNG.java:1031)
at org.testng.remote.AbstractRemoteTestNG.run(AbstractRemoteTestNG.java:115)
at org.testng.remote.RemoteTestNG.initAndRun(RemoteTestNG.java:293)
at org.testng.remote.RemoteTestNG.main(RemoteTestNG.java:91)
Caused by: com.qa.pages.TestGeneratorPage$FlowAbortException: Flow aborted: Validate published rule and navigate to Data Testing page.
at com.qa.pages.TestGeneratorPage.executeStep(TestGeneratorPage.java:126)
at com.qa.pages.TestGeneratorPage.clickOnPublishedRule(TestGeneratorPage.java:1030)
at com.qa.pages.TestGeneratorPage.executeStep(TestGeneratorPage.java:105)
... 28 more
Caused by: org.openqa.selenium.TimeoutException: Expected condition failed: waiting for presence of element located by: By.xpath: //*[@placeholder='Enter rule name'] (tried for 30 second(s) with 500 milliseconds interval)
at org.openqa.selenium.support.ui.WebDriverWait.timeoutException(WebDriverWait.java:84)
at org.openqa.selenium.support.ui.FluentWait.until(FluentWait.java:228)
at com.qa.pages.TestGeneratorPage.lambda$80(TestGeneratorPage.java:1059)
at com.qa.pages.TestGeneratorPage.executeStep(TestGeneratorPage.java:105)
... 30 more
Caused by: org.openqa.selenium.NoSuchElementException: no such element: Unable to locate element: {"method":"xpath","selector":"//*[@placeholder='Enter rule name']"}
  (Session info: chrome=145.0.7632.110)
For documentation on this error, please visit: https://www.selenium.dev/documentation/webdriver/troubleshooting/errors#nosuchelementexception
Build info: version: '4.38.0', revision: '6b412e825c*'
System info: os.name: 'Windows 11', os.arch: 'amd64', os.version: '10.0', java.version: '21.0.3'
Driver info: org.openqa.selenium.chrome.ChromeDriver
Command: [25c5a869a669d7990c9d764b053c1522, findElement {using=xpath, value=//*[@placeholder='Enter rule name']}]
Capabilities {acceptInsecureCerts: true, browserName: chrome, browserVersion: 145.0.7632.110, chrome: {chromedriverVersion: 145.0.7632.77 (da516187054a..., userDataDir: C:\Users\ASHWIN~1\AppData\L...}, fedcm:accounts: true, goog:chromeOptions: {debuggerAddress: localhost:59864}, goog:processID: 224028, networkConnectionEnabled: false, pageLoadStrategy: normal, platformName: windows, proxy: Proxy(), se:cdp: ws://localhost:59864/devtoo..., se:cdpVersion: 145.0.7632.110, setWindowRect: true, strictFileInteractability: false, timeouts: {implicit: 0, pageLoad: 300000, script: 30000}, unhandledPromptBehavior: dismiss and notify, webauthn:extension:credBlob: true, webauthn:extension:largeBlob: true, webauthn:extension:minPinLength: true, webauthn:extension:prf: true, webauthn:virtualAuthenticators: true}
Session ID: 25c5a869a669d7990c9d764b053c1522
at java.base/jdk.internal.reflect.DirectConstructorHandleAccessor.newInstance(DirectConstructorHandleAccessor.java:62)
at java.base/java.lang.reflect.Constructor.newInstanceWithCaller(Constructor.java:502)
at java.base/java.lang.reflect.Constructor.newInstance(Constructor.java:486)
at org.openqa.selenium.remote.ErrorCodec.decode(ErrorCodec.java:167)
at org.openqa.selenium.remote.codec.w3c.W3CHttpResponseCodec.decode(W3CHttpResponseCodec.java:138)
at org.openqa.selenium.remote.codec.w3c.W3CHttpResponseCodec.decode(W3CHttpResponseCodec.java:50)
at org.openqa.selenium.remote.HttpCommandExecutor.execute(HttpCommandExecutor.java:215)
at org.openqa.selenium.remote.service.DriverCommandExecutor.invokeExecute(DriverCommandExecutor.java:216)
at org.openqa.selenium.remote.service.DriverCommandExecutor.execute(DriverCommandExecutor.java:174)
at org.openqa.selenium.remote.RemoteWebDriver.execute(RemoteWebDriver.java:557)
at org.openqa.selenium.remote.ElementLocation$ElementFinder$2.findElement(ElementLocation.java:165)
at org.openqa.selenium.remote.ElementLocation.findElement(ElementLocation.java:59)
at org.openqa.selenium.remote.RemoteWebDriver.findElement(RemoteWebDriver.java:380)
at org.openqa.selenium.remote.RemoteWebDriver.findElement(RemoteWebDriver.java:374)
at org.openqa.selenium.support.ui.ExpectedConditions$6.apply(ExpectedConditions.java:174)
at org.openqa.selenium.support.ui.ExpectedConditions$6.apply(ExpectedConditions.java:171)
at org.openqa.selenium.support.ui.FluentWait.until(FluentWait.java:203)
... 32 more
]]>
    </error>
  </testcase> <!-- createRuleUsingImportTemplate -->
  <system-out/>
  <testcase classname="com.qa.tests.TestGeneratorTest" name="createRuleUsingImportTemplate" time="152.330">
    <error message="Flow aborted: Click On Published Rule" type="com.qa.pages.TestGeneratorPage$FlowAbortException">
      <![CDATA[com.qa.pages.TestGeneratorPage$FlowAbortException: Flow aborted: Click On Published Rule
at com.qa.pages.TestGeneratorPage.executeStep(TestGeneratorPage.java:126)
at com.qa.pages.TestGeneratorPage.createRuleUsingDefaultImportTemplate(TestGeneratorPage.java:276)
at com.qa.tests.TestGeneratorTest.createRuleUsingImportTemplate(TestGeneratorTest.java:133)
at java.base/jdk.internal.reflect.DirectMethodHandleAccessor.invoke(DirectMethodHandleAccessor.java:103)
at java.base/java.lang.reflect.Method.invoke(Method.java:580)
at org.testng.internal.MethodInvocationHelper.invokeMethod(MethodInvocationHelper.java:133)
at org.testng.internal.TestInvoker.invokeMethod(TestInvoker.java:598)
at org.testng.internal.TestInvoker.invokeTestMethod(TestInvoker.java:173)
at org.testng.internal.MethodRunner.runInSequence(MethodRunner.java:46)
at org.testng.internal.TestInvoker$MethodInvocationAgent.invoke(TestInvoker.java:824)
at org.testng.internal.TestInvoker.invokeTestMethods(TestInvoker.java:146)
at org.testng.internal.TestMethodWorker.invokeTestMethods(TestMethodWorker.java:146)
at org.testng.internal.TestMethodWorker.run(TestMethodWorker.java:128)
at java.base/java.util.ArrayList.forEach(ArrayList.java:1596)
at org.testng.TestRunner.privateRun(TestRunner.java:794)
at org.testng.TestRunner.run(TestRunner.java:596)
at org.testng.SuiteRunner.runTest(SuiteRunner.java:377)
at org.testng.SuiteRunner.runSequentially(SuiteRunner.java:371)
at org.testng.SuiteRunner.privateRun(SuiteRunner.java:332)
at org.testng.SuiteRunner.run(SuiteRunner.java:276)
at org.testng.SuiteRunnerWorker.runSuite(SuiteRunnerWorker.java:53)
at org.testng.SuiteRunnerWorker.run(SuiteRunnerWorker.java:96)
at org.testng.TestNG.runSuitesSequentially(TestNG.java:1212)
at org.testng.TestNG.runSuitesLocally(TestNG.java:1134)
at org.testng.TestNG.runSuites(TestNG.java:1063)
at org.testng.TestNG.run(TestNG.java:1031)
at org.testng.remote.AbstractRemoteTestNG.run(AbstractRemoteTestNG.java:115)
at org.testng.remote.RemoteTestNG.initAndRun(RemoteTestNG.java:293)
at org.testng.remote.RemoteTestNG.main(RemoteTestNG.java:91)
Caused by: com.qa.pages.TestGeneratorPage$FlowAbortException: Flow aborted: Validate published rule and navigate to Data Testing page.
at com.qa.pages.TestGeneratorPage.executeStep(TestGeneratorPage.java:126)
at com.qa.pages.TestGeneratorPage.clickOnPublishedRule(TestGeneratorPage.java:1030)
at com.qa.pages.TestGeneratorPage.executeStep(TestGeneratorPage.java:105)
... 28 more
Caused by: java.lang.RuntimeException: Status did not change from Submitted/Running after retries
at com.qa.pages.TestGeneratorPage.validateRuleInstanceID(TestGeneratorPage.java:1259)
at com.qa.pages.TestGeneratorPage.lambda$80(TestGeneratorPage.java:1079)
at com.qa.pages.TestGeneratorPage.executeStep(TestGeneratorPage.java:105)
... 30 more
]]>
    </error>
  </testcase> <!-- createRuleUsingImportTemplate -->
  <system-out/>
  <testcase classname="com.qa.tests.TestGeneratorTest" name="createRuleUsingImportTemplate" time="52.504">
    <error message="Flow aborted: Upload Files for Rule Type: checksum" type="com.qa.pages.TestGeneratorPage$FlowAbortException">
      <![CDATA[com.qa.pages.TestGeneratorPage$FlowAbortException: Flow aborted: Upload Files for Rule Type: checksum
at com.qa.pages.TestGeneratorPage.executeStep(TestGeneratorPage.java:126)
at com.qa.pages.TestGeneratorPage.createRuleUsingDefaultImportTemplate(TestGeneratorPage.java:254)
at com.qa.tests.TestGeneratorTest.createRuleUsingImportTemplate(TestGeneratorTest.java:135)
at java.base/jdk.internal.reflect.DirectMethodHandleAccessor.invoke(DirectMethodHandleAccessor.java:103)
at java.base/java.lang.reflect.Method.invoke(Method.java:580)
at org.testng.internal.MethodInvocationHelper.invokeMethod(MethodInvocationHelper.java:133)
at org.testng.internal.TestInvoker.invokeMethod(TestInvoker.java:598)
at org.testng.internal.TestInvoker.invokeTestMethod(TestInvoker.java:173)
at org.testng.internal.MethodRunner.runInSequence(MethodRunner.java:46)
at org.testng.internal.TestInvoker$MethodInvocationAgent.invoke(TestInvoker.java:824)
at org.testng.internal.TestInvoker.invokeTestMethods(TestInvoker.java:146)
at org.testng.internal.TestMethodWorker.invokeTestMethods(TestMethodWorker.java:146)
at org.testng.internal.TestMethodWorker.run(TestMethodWorker.java:128)
at java.base/java.util.ArrayList.forEach(ArrayList.java:1596)
at org.testng.TestRunner.privateRun(TestRunner.java:794)
at org.testng.TestRunner.run(TestRunner.java:596)
at org.testng.SuiteRunner.runTest(SuiteRunner.java:377)
at org.testng.SuiteRunner.runSequentially(SuiteRunner.java:371)
at org.testng.SuiteRunner.privateRun(SuiteRunner.java:332)
at org.testng.SuiteRunner.run(SuiteRunner.java:276)
at org.testng.SuiteRunnerWorker.runSuite(SuiteRunnerWorker.java:53)
at org.testng.SuiteRunnerWorker.run(SuiteRunnerWorker.java:96)
at org.testng.TestNG.runSuitesSequentially(TestNG.java:1212)
at org.testng.TestNG.runSuitesLocally(TestNG.java:1134)
at org.testng.TestNG.runSuites(TestNG.java:1063)
at org.testng.TestNG.run(TestNG.java:1031)
at org.testng.remote.AbstractRemoteTestNG.run(AbstractRemoteTestNG.java:115)
at org.testng.remote.RemoteTestNG.initAndRun(RemoteTestNG.java:293)
at org.testng.remote.RemoteTestNG.main(RemoteTestNG.java:91)
Caused by: java.lang.RuntimeException: File upload failed: no such element: Unable to locate element: {"method":"css selector","selector":"input[type='file'][name='UploadFiles']"}
  (Session info: chrome=145.0.7632.110)
For documentation on this error, please visit: https://www.selenium.dev/documentation/webdriver/troubleshooting/errors#nosuchelementexception
Build info: version: '4.38.0', revision: '6b412e825c*'
System info: os.name: 'Windows 11', os.arch: 'amd64', os.version: '10.0', java.version: '21.0.3'
Driver info: org.openqa.selenium.chrome.ChromeDriver
Command: [25c5a869a669d7990c9d764b053c1522, findElement {using=css selector, value=input[type='file'][name='UploadFiles']}]
Capabilities {acceptInsecureCerts: true, browserName: chrome, browserVersion: 145.0.7632.110, chrome: {chromedriverVersion: 145.0.7632.77 (da516187054a..., userDataDir: C:\Users\ASHWIN~1\AppData\L...}, fedcm:accounts: true, goog:chromeOptions: {debuggerAddress: localhost:59864}, goog:processID: 224028, networkConnectionEnabled: false, pageLoadStrategy: normal, platformName: windows, proxy: Proxy(), se:cdp: ws://localhost:59864/devtoo..., se:cdpVersion: 145.0.7632.110, setWindowRect: true, strictFileInteractability: false, timeouts: {implicit: 0, pageLoad: 300000, script: 30000}, unhandledPromptBehavior: dismiss and notify, webauthn:extension:credBlob: true, webauthn:extension:largeBlob: true, webauthn:extension:minPinLength: true, webauthn:extension:prf: true, webauthn:virtualAuthenticators: true}
Session ID: 25c5a869a669d7990c9d764b053c1522
at com.qa.utils.PageUtil.uploadFile(PageUtil.java:288)
at com.qa.pages.TestGeneratorPage.uploadingFiles(TestGeneratorPage.java:863)
at com.qa.pages.TestGeneratorPage.uploadFileByRuleAndConnection(TestGeneratorPage.java:437)
at com.qa.pages.TestGeneratorPage.lambda$32(TestGeneratorPage.java:255)
at com.qa.pages.TestGeneratorPage.executeStep(TestGeneratorPage.java:105)
... 28 more
]]>
    </error>
  </testcase> <!-- createRuleUsingImportTemplate -->
  <system-out/>
  <testcase classname="com.qa.tests.TestGeneratorTest" name="createRuleUsingImportTemplate" time="119.197">
    <error message="Flow aborted: Click On Published Rule" type="com.qa.pages.TestGeneratorPage$FlowAbortException">
      <![CDATA[com.qa.pages.TestGeneratorPage$FlowAbortException: Flow aborted: Click On Published Rule
at com.qa.pages.TestGeneratorPage.executeStep(TestGeneratorPage.java:126)
at com.qa.pages.TestGeneratorPage.createRuleUsingDefaultImportTemplate(TestGeneratorPage.java:276)
at com.qa.tests.TestGeneratorTest.createRuleUsingImportTemplate(TestGeneratorTest.java:131)
at java.base/jdk.internal.reflect.DirectMethodHandleAccessor.invoke(DirectMethodHandleAccessor.java:103)
at java.base/java.lang.reflect.Method.invoke(Method.java:580)
at org.testng.internal.MethodInvocationHelper.invokeMethod(MethodInvocationHelper.java:133)
at org.testng.internal.TestInvoker.invokeMethod(TestInvoker.java:598)
at org.testng.internal.TestInvoker.invokeTestMethod(TestInvoker.java:173)
at org.testng.internal.MethodRunner.runInSequence(MethodRunner.java:46)
at org.testng.internal.TestInvoker$MethodInvocationAgent.invoke(TestInvoker.java:824)
at org.testng.internal.TestInvoker.invokeTestMethods(TestInvoker.java:146)
at org.testng.internal.TestMethodWorker.invokeTestMethods(TestMethodWorker.java:146)
at org.testng.internal.TestMethodWorker.run(TestMethodWorker.java:128)
at java.base/java.util.ArrayList.forEach(ArrayList.java:1596)
at org.testng.TestRunner.privateRun(TestRunner.java:794)
at org.testng.TestRunner.run(TestRunner.java:596)
at org.testng.SuiteRunner.runTest(SuiteRunner.java:377)
at org.testng.SuiteRunner.runSequentially(SuiteRunner.java:371)
at org.testng.SuiteRunner.privateRun(SuiteRunner.java:332)
at org.testng.SuiteRunner.run(SuiteRunner.java:276)
at org.testng.SuiteRunnerWorker.runSuite(SuiteRunnerWorker.java:53)
at org.testng.SuiteRunnerWorker.run(SuiteRunnerWorker.java:96)
at org.testng.TestNG.runSuitesSequentially(TestNG.java:1212)
at org.testng.TestNG.runSuitesLocally(TestNG.java:1134)
at org.testng.TestNG.runSuites(TestNG.java:1063)
at org.testng.TestNG.run(TestNG.java:1031)
at org.testng.remote.AbstractRemoteTestNG.run(AbstractRemoteTestNG.java:115)
at org.testng.remote.RemoteTestNG.initAndRun(RemoteTestNG.java:293)
at org.testng.remote.RemoteTestNG.main(RemoteTestNG.java:91)
Caused by: com.qa.pages.TestGeneratorPage$FlowAbortException: Flow aborted: Validate published rule and navigate to Data Testing page.
at com.qa.pages.TestGeneratorPage.executeStep(TestGeneratorPage.java:126)
at com.qa.pages.TestGeneratorPage.clickOnPublishedRule(TestGeneratorPage.java:1030)
at com.qa.pages.TestGeneratorPage.executeStep(TestGeneratorPage.java:105)
... 28 more
Caused by: java.lang.RuntimeException: Status did not change from Submitted/Running after retries
at com.qa.pages.TestGeneratorPage.validateRuleInstanceID(TestGeneratorPage.java:1259)
at com.qa.pages.TestGeneratorPage.lambda$80(TestGeneratorPage.java:1079)
at com.qa.pages.TestGeneratorPage.executeStep(TestGeneratorPage.java:105)
... 30 more
]]>
    </error>
  </testcase> <!-- createRuleUsingImportTemplate -->
  <system-out/>
  <testcase classname="com.qa.tests.TestGeneratorTest" name="createRuleUsingImportTemplate" time="142.846">
    <error message="Flow aborted: Click On Published Rule" type="com.qa.pages.TestGeneratorPage$FlowAbortException">
      <![CDATA[com.qa.pages.TestGeneratorPage$FlowAbortException: Flow aborted: Click On Published Rule
at com.qa.pages.TestGeneratorPage.executeStep(TestGeneratorPage.java:126)
at com.qa.pages.TestGeneratorPage.createRuleUsingDefaultImportTemplate(TestGeneratorPage.java:276)
at com.qa.tests.TestGeneratorTest.createRuleUsingImportTemplate(TestGeneratorTest.java:135)
at java.base/jdk.internal.reflect.DirectMethodHandleAccessor.invoke(DirectMethodHandleAccessor.java:103)
at java.base/java.lang.reflect.Method.invoke(Method.java:580)
at org.testng.internal.MethodInvocationHelper.invokeMethod(MethodInvocationHelper.java:133)
at org.testng.internal.TestInvoker.invokeMethod(TestInvoker.java:598)
at org.testng.internal.TestInvoker.invokeTestMethod(TestInvoker.java:173)
at org.testng.internal.MethodRunner.runInSequence(MethodRunner.java:46)
at org.testng.internal.TestInvoker$MethodInvocationAgent.invoke(TestInvoker.java:824)
at org.testng.internal.TestInvoker.invokeTestMethods(TestInvoker.java:146)
at org.testng.internal.TestMethodWorker.invokeTestMethods(TestMethodWorker.java:146)
at org.testng.internal.TestMethodWorker.run(TestMethodWorker.java:128)
at java.base/java.util.ArrayList.forEach(ArrayList.java:1596)
at org.testng.TestRunner.privateRun(TestRunner.java:794)
at org.testng.TestRunner.run(TestRunner.java:596)
at org.testng.SuiteRunner.runTest(SuiteRunner.java:377)
at org.testng.SuiteRunner.runSequentially(SuiteRunner.java:371)
at org.testng.SuiteRunner.privateRun(SuiteRunner.java:332)
at org.testng.SuiteRunner.run(SuiteRunner.java:276)
at org.testng.SuiteRunnerWorker.runSuite(SuiteRunnerWorker.java:53)
at org.testng.SuiteRunnerWorker.run(SuiteRunnerWorker.java:96)
at org.testng.TestNG.runSuitesSequentially(TestNG.java:1212)
at org.testng.TestNG.runSuitesLocally(TestNG.java:1134)
at org.testng.TestNG.runSuites(TestNG.java:1063)
at org.testng.TestNG.run(TestNG.java:1031)
at org.testng.remote.AbstractRemoteTestNG.run(AbstractRemoteTestNG.java:115)
at org.testng.remote.RemoteTestNG.initAndRun(RemoteTestNG.java:293)
at org.testng.remote.RemoteTestNG.main(RemoteTestNG.java:91)
Caused by: com.qa.pages.TestGeneratorPage$FlowAbortException: Flow aborted: Validate published rule and navigate to Data Testing page.
at com.qa.pages.TestGeneratorPage.executeStep(TestGeneratorPage.java:126)
at com.qa.pages.TestGeneratorPage.clickOnPublishedRule(TestGeneratorPage.java:1030)
at com.qa.pages.TestGeneratorPage.executeStep(TestGeneratorPage.java:105)
... 28 more
Caused by: org.openqa.selenium.TimeoutException: Expected condition failed: waiting for presence of element located by: By.xpath: //*[@placeholder='Enter rule name'] (tried for 30 second(s) with 500 milliseconds interval)
at org.openqa.selenium.support.ui.WebDriverWait.timeoutException(WebDriverWait.java:84)
at org.openqa.selenium.support.ui.FluentWait.until(FluentWait.java:228)
at com.qa.pages.TestGeneratorPage.lambda$80(TestGeneratorPage.java:1059)
at com.qa.pages.TestGeneratorPage.executeStep(TestGeneratorPage.java:105)
... 30 more
Caused by: org.openqa.selenium.NoSuchElementException: no such element: Unable to locate element: {"method":"xpath","selector":"//*[@placeholder='Enter rule name']"}
  (Session info: chrome=145.0.7632.110)
For documentation on this error, please visit: https://www.selenium.dev/documentation/webdriver/troubleshooting/errors#nosuchelementexception
Build info: version: '4.38.0', revision: '6b412e825c*'
System info: os.name: 'Windows 11', os.arch: 'amd64', os.version: '10.0', java.version: '21.0.3'
Driver info: org.openqa.selenium.chrome.ChromeDriver
Command: [25c5a869a669d7990c9d764b053c1522, findElement {using=xpath, value=//*[@placeholder='Enter rule name']}]
Capabilities {acceptInsecureCerts: true, browserName: chrome, browserVersion: 145.0.7632.110, chrome: {chromedriverVersion: 145.0.7632.77 (da516187054a..., userDataDir: C:\Users\ASHWIN~1\AppData\L...}, fedcm:accounts: true, goog:chromeOptions: {debuggerAddress: localhost:59864}, goog:processID: 224028, networkConnectionEnabled: false, pageLoadStrategy: normal, platformName: windows, proxy: Proxy(), se:cdp: ws://localhost:59864/devtoo..., se:cdpVersion: 145.0.7632.110, setWindowRect: true, strictFileInteractability: false, timeouts: {implicit: 0, pageLoad: 300000, script: 30000}, unhandledPromptBehavior: dismiss and notify, webauthn:extension:credBlob: true, webauthn:extension:largeBlob: true, webauthn:extension:minPinLength: true, webauthn:extension:prf: true, webauthn:virtualAuthenticators: true}
Session ID: 25c5a869a669d7990c9d764b053c1522
at java.base/jdk.internal.reflect.DirectConstructorHandleAccessor.newInstance(DirectConstructorHandleAccessor.java:62)
at java.base/java.lang.reflect.Constructor.newInstanceWithCaller(Constructor.java:502)
at java.base/java.lang.reflect.Constructor.newInstance(Constructor.java:486)
at org.openqa.selenium.remote.ErrorCodec.decode(ErrorCodec.java:167)
at org.openqa.selenium.remote.codec.w3c.W3CHttpResponseCodec.decode(W3CHttpResponseCodec.java:138)
at org.openqa.selenium.remote.codec.w3c.W3CHttpResponseCodec.decode(W3CHttpResponseCodec.java:50)
at org.openqa.selenium.remote.HttpCommandExecutor.execute(HttpCommandExecutor.java:215)
at org.openqa.selenium.remote.service.DriverCommandExecutor.invokeExecute(DriverCommandExecutor.java:216)
at org.openqa.selenium.remote.service.DriverCommandExecutor.execute(DriverCommandExecutor.java:174)
at org.openqa.selenium.remote.RemoteWebDriver.execute(RemoteWebDriver.java:557)
at org.openqa.selenium.remote.ElementLocation$ElementFinder$2.findElement(ElementLocation.java:165)
at org.openqa.selenium.remote.ElementLocation.findElement(ElementLocation.java:59)
at org.openqa.selenium.remote.RemoteWebDriver.findElement(RemoteWebDriver.java:380)
at org.openqa.selenium.remote.RemoteWebDriver.findElement(RemoteWebDriver.java:374)
at org.openqa.selenium.support.ui.ExpectedConditions$6.apply(ExpectedConditions.java:174)
at org.openqa.selenium.support.ui.ExpectedConditions$6.apply(ExpectedConditions.java:171)
at org.openqa.selenium.support.ui.FluentWait.until(FluentWait.java:203)
... 32 more
]]>
    </error>
  </testcase> <!-- createRuleUsingImportTemplate -->
  <system-out/>
  <testcase classname="com.qa.tests.TestGeneratorTest" name="createRuleUsingImportTemplate" time="52.190">
    <error message="Flow aborted: Upload Files for Rule Type: recon" type="com.qa.pages.TestGeneratorPage$FlowAbortException">
      <![CDATA[com.qa.pages.TestGeneratorPage$FlowAbortException: Flow aborted: Upload Files for Rule Type: recon
at com.qa.pages.TestGeneratorPage.executeStep(TestGeneratorPage.java:126)
at com.qa.pages.TestGeneratorPage.createRuleUsingDefaultImportTemplate(TestGeneratorPage.java:254)
at com.qa.tests.TestGeneratorTest.createRuleUsingImportTemplate(TestGeneratorTest.java:135)
at java.base/jdk.internal.reflect.DirectMethodHandleAccessor.invoke(DirectMethodHandleAccessor.java:103)
at java.base/java.lang.reflect.Method.invoke(Method.java:580)
at org.testng.internal.MethodInvocationHelper.invokeMethod(MethodInvocationHelper.java:133)
at org.testng.internal.TestInvoker.invokeMethod(TestInvoker.java:598)
at org.testng.internal.TestInvoker.invokeTestMethod(TestInvoker.java:173)
at org.testng.internal.MethodRunner.runInSequence(MethodRunner.java:46)
at org.testng.internal.TestInvoker$MethodInvocationAgent.invoke(TestInvoker.java:824)
at org.testng.internal.TestInvoker.invokeTestMethods(TestInvoker.java:146)
at org.testng.internal.TestMethodWorker.invokeTestMethods(TestMethodWorker.java:146)
at org.testng.internal.TestMethodWorker.run(TestMethodWorker.java:128)
at java.base/java.util.ArrayList.forEach(ArrayList.java:1596)
at org.testng.TestRunner.privateRun(TestRunner.java:794)
at org.testng.TestRunner.run(TestRunner.java:596)
at org.testng.SuiteRunner.runTest(SuiteRunner.java:377)
at org.testng.SuiteRunner.runSequentially(SuiteRunner.java:371)
at org.testng.SuiteRunner.privateRun(SuiteRunner.java:332)
at org.testng.SuiteRunner.run(SuiteRunner.java:276)
at org.testng.SuiteRunnerWorker.runSuite(SuiteRunnerWorker.java:53)
at org.testng.SuiteRunnerWorker.run(SuiteRunnerWorker.java:96)
at org.testng.TestNG.runSuitesSequentially(TestNG.java:1212)
at org.testng.TestNG.runSuitesLocally(TestNG.java:1134)
at org.testng.TestNG.runSuites(TestNG.java:1063)
at org.testng.TestNG.run(TestNG.java:1031)
at org.testng.remote.AbstractRemoteTestNG.run(AbstractRemoteTestNG.java:115)
at org.testng.remote.RemoteTestNG.initAndRun(RemoteTestNG.java:293)
at org.testng.remote.RemoteTestNG.main(RemoteTestNG.java:91)
Caused by: java.lang.RuntimeException: File upload failed: no such element: Unable to locate element: {"method":"css selector","selector":"input[type='file'][name='UploadFiles']"}
  (Session info: chrome=145.0.7632.110)
For documentation on this error, please visit: https://www.selenium.dev/documentation/webdriver/troubleshooting/errors#nosuchelementexception
Build info: version: '4.38.0', revision: '6b412e825c*'
System info: os.name: 'Windows 11', os.arch: 'amd64', os.version: '10.0', java.version: '21.0.3'
Driver info: org.openqa.selenium.chrome.ChromeDriver
Command: [25c5a869a669d7990c9d764b053c1522, findElement {using=css selector, value=input[type='file'][name='UploadFiles']}]
Capabilities {acceptInsecureCerts: true, browserName: chrome, browserVersion: 145.0.7632.110, chrome: {chromedriverVersion: 145.0.7632.77 (da516187054a..., userDataDir: C:\Users\ASHWIN~1\AppData\L...}, fedcm:accounts: true, goog:chromeOptions: {debuggerAddress: localhost:59864}, goog:processID: 224028, networkConnectionEnabled: false, pageLoadStrategy: normal, platformName: windows, proxy: Proxy(), se:cdp: ws://localhost:59864/devtoo..., se:cdpVersion: 145.0.7632.110, setWindowRect: true, strictFileInteractability: false, timeouts: {implicit: 0, pageLoad: 300000, script: 30000}, unhandledPromptBehavior: dismiss and notify, webauthn:extension:credBlob: true, webauthn:extension:largeBlob: true, webauthn:extension:minPinLength: true, webauthn:extension:prf: true, webauthn:virtualAuthenticators: true}
Session ID: 25c5a869a669d7990c9d764b053c1522
at com.qa.utils.PageUtil.uploadFile(PageUtil.java:288)
at com.qa.pages.TestGeneratorPage.uploadingFiles(TestGeneratorPage.java:863)
at com.qa.pages.TestGeneratorPage.uploadFileByRuleAndConnection(TestGeneratorPage.java:437)
at com.qa.pages.TestGeneratorPage.lambda$32(TestGeneratorPage.java:255)
at com.qa.pages.TestGeneratorPage.executeStep(TestGeneratorPage.java:105)
... 28 more
]]>
    </error>
  </testcase> <!-- createRuleUsingImportTemplate -->
  <system-out/>
  <testcase classname="com.qa.tests.TestGeneratorTest" name="createRuleUsingImportTemplate" time="137.620">
    <error message="Flow aborted: Click On Published Rule" type="com.qa.pages.TestGeneratorPage$FlowAbortException">
      <![CDATA[com.qa.pages.TestGeneratorPage$FlowAbortException: Flow aborted: Click On Published Rule
at com.qa.pages.TestGeneratorPage.executeStep(TestGeneratorPage.java:126)
at com.qa.pages.TestGeneratorPage.createRuleUsingDefaultImportTemplate(TestGeneratorPage.java:276)
at com.qa.tests.TestGeneratorTest.createRuleUsingImportTemplate(TestGeneratorTest.java:133)
at java.base/jdk.internal.reflect.DirectMethodHandleAccessor.invoke(DirectMethodHandleAccessor.java:103)
at java.base/java.lang.reflect.Method.invoke(Method.java:580)
at org.testng.internal.MethodInvocationHelper.invokeMethod(MethodInvocationHelper.java:133)
at org.testng.internal.TestInvoker.invokeMethod(TestInvoker.java:598)
at org.testng.internal.TestInvoker.invokeTestMethod(TestInvoker.java:173)
at org.testng.internal.MethodRunner.runInSequence(MethodRunner.java:46)
at org.testng.internal.TestInvoker$MethodInvocationAgent.invoke(TestInvoker.java:824)
at org.testng.internal.TestInvoker.invokeTestMethods(TestInvoker.java:146)
at org.testng.internal.TestMethodWorker.invokeTestMethods(TestMethodWorker.java:146)
at org.testng.internal.TestMethodWorker.run(TestMethodWorker.java:128)
at java.base/java.util.ArrayList.forEach(ArrayList.java:1596)
at org.testng.TestRunner.privateRun(TestRunner.java:794)
at org.testng.TestRunner.run(TestRunner.java:596)
at org.testng.SuiteRunner.runTest(SuiteRunner.java:377)
at org.testng.SuiteRunner.runSequentially(SuiteRunner.java:371)
at org.testng.SuiteRunner.privateRun(SuiteRunner.java:332)
at org.testng.SuiteRunner.run(SuiteRunner.java:276)
at org.testng.SuiteRunnerWorker.runSuite(SuiteRunnerWorker.java:53)
at org.testng.SuiteRunnerWorker.run(SuiteRunnerWorker.java:96)
at org.testng.TestNG.runSuitesSequentially(TestNG.java:1212)
at org.testng.TestNG.runSuitesLocally(TestNG.java:1134)
at org.testng.TestNG.runSuites(TestNG.java:1063)
at org.testng.TestNG.run(TestNG.java:1031)
at org.testng.remote.AbstractRemoteTestNG.run(AbstractRemoteTestNG.java:115)
at org.testng.remote.RemoteTestNG.initAndRun(RemoteTestNG.java:293)
at org.testng.remote.RemoteTestNG.main(RemoteTestNG.java:91)
Caused by: com.qa.pages.TestGeneratorPage$FlowAbortException: Flow aborted: Validate published rule and navigate to Data Testing page.
at com.qa.pages.TestGeneratorPage.executeStep(TestGeneratorPage.java:126)
at com.qa.pages.TestGeneratorPage.clickOnPublishedRule(TestGeneratorPage.java:1030)
at com.qa.pages.TestGeneratorPage.executeStep(TestGeneratorPage.java:105)
... 28 more
Caused by: java.lang.RuntimeException: Status did not change from Submitted/Running after retries
at com.qa.pages.TestGeneratorPage.validateRuleInstanceID(TestGeneratorPage.java:1259)
at com.qa.pages.TestGeneratorPage.lambda$80(TestGeneratorPage.java:1079)
at com.qa.pages.TestGeneratorPage.executeStep(TestGeneratorPage.java:105)
... 30 more
]]>
    </error>
  </testcase> <!-- createRuleUsingImportTemplate -->
  <system-out/>
  <testcase classname="com.qa.tests.TestGeneratorTest" name="createRuleUsingImportTemplate" time="206.377">
    <error message="Flow aborted: Click On Published Rule" type="com.qa.pages.TestGeneratorPage$FlowAbortException">
      <![CDATA[com.qa.pages.TestGeneratorPage$FlowAbortException: Flow aborted: Click On Published Rule
at com.qa.pages.TestGeneratorPage.executeStep(TestGeneratorPage.java:126)
at com.qa.pages.TestGeneratorPage.createRuleUsingDefaultImportTemplate(TestGeneratorPage.java:276)
at com.qa.tests.TestGeneratorTest.createRuleUsingImportTemplate(TestGeneratorTest.java:135)
at java.base/jdk.internal.reflect.DirectMethodHandleAccessor.invoke(DirectMethodHandleAccessor.java:103)
at java.base/java.lang.reflect.Method.invoke(Method.java:580)
at org.testng.internal.MethodInvocationHelper.invokeMethod(MethodInvocationHelper.java:133)
at org.testng.internal.TestInvoker.invokeMethod(TestInvoker.java:598)
at org.testng.internal.TestInvoker.invokeTestMethod(TestInvoker.java:173)
at org.testng.internal.MethodRunner.runInSequence(MethodRunner.java:46)
at org.testng.internal.TestInvoker$MethodInvocationAgent.invoke(TestInvoker.java:824)
at org.testng.internal.TestInvoker.invokeTestMethods(TestInvoker.java:146)
at org.testng.internal.TestMethodWorker.invokeTestMethods(TestMethodWorker.java:146)
at org.testng.internal.TestMethodWorker.run(TestMethodWorker.java:128)
at java.base/java.util.ArrayList.forEach(ArrayList.java:1596)
at org.testng.TestRunner.privateRun(TestRunner.java:794)
at org.testng.TestRunner.run(TestRunner.java:596)
at org.testng.SuiteRunner.runTest(SuiteRunner.java:377)
at org.testng.SuiteRunner.runSequentially(SuiteRunner.java:371)
at org.testng.SuiteRunner.privateRun(SuiteRunner.java:332)
at org.testng.SuiteRunner.run(SuiteRunner.java:276)
at org.testng.SuiteRunnerWorker.runSuite(SuiteRunnerWorker.java:53)
at org.testng.SuiteRunnerWorker.run(SuiteRunnerWorker.java:96)
at org.testng.TestNG.runSuitesSequentially(TestNG.java:1212)
at org.testng.TestNG.runSuitesLocally(TestNG.java:1134)
at org.testng.TestNG.runSuites(TestNG.java:1063)
at org.testng.TestNG.run(TestNG.java:1031)
at org.testng.remote.AbstractRemoteTestNG.run(AbstractRemoteTestNG.java:115)
at org.testng.remote.RemoteTestNG.initAndRun(RemoteTestNG.java:293)
at org.testng.remote.RemoteTestNG.main(RemoteTestNG.java:91)
Caused by: com.qa.pages.TestGeneratorPage$FlowAbortException: Flow aborted: Validate published rule and navigate to Data Testing page.
at com.qa.pages.TestGeneratorPage.executeStep(TestGeneratorPage.java:126)
at com.qa.pages.TestGeneratorPage.clickOnPublishedRule(TestGeneratorPage.java:1030)
at com.qa.pages.TestGeneratorPage.executeStep(TestGeneratorPage.java:105)
... 28 more
Caused by: java.lang.RuntimeException: Status did not change from Submitted/Running after retries
at com.qa.pages.TestGeneratorPage.validateRuleInstanceID(TestGeneratorPage.java:1259)
at com.qa.pages.TestGeneratorPage.lambda$80(TestGeneratorPage.java:1079)
at com.qa.pages.TestGeneratorPage.executeStep(TestGeneratorPage.java:105)
... 30 more
]]>
    </error>
  </testcase> <!-- createRuleUsingImportTemplate -->
  <system-out/>
  <testcase classname="com.qa.tests.TestGeneratorTest" name="createRuleUsingImportTemplate" time="42.081">
    <error message="Flow aborted: Select Target Dataset for Import: Cloud Data Warehouse/Redshift-without-jdbc-UserConn" type="com.qa.pages.TestGeneratorPage$FlowAbortException">
      <![CDATA[com.qa.pages.TestGeneratorPage$FlowAbortException: Flow aborted: Select Target Dataset for Import: Cloud Data Warehouse/Redshift-without-jdbc-UserConn
at com.qa.pages.TestGeneratorPage.executeStep(TestGeneratorPage.java:126)
at com.qa.pages.TestGeneratorPage.createRuleUsingDefaultImportTemplate(TestGeneratorPage.java:246)
at com.qa.tests.TestGeneratorTest.createRuleUsingImportTemplate(TestGeneratorTest.java:133)
at java.base/jdk.internal.reflect.DirectMethodHandleAccessor.invoke(DirectMethodHandleAccessor.java:103)
at java.base/java.lang.reflect.Method.invoke(Method.java:580)
at org.testng.internal.MethodInvocationHelper.invokeMethod(MethodInvocationHelper.java:133)
at org.testng.internal.TestInvoker.invokeMethod(TestInvoker.java:598)
at org.testng.internal.TestInvoker.invokeTestMethod(TestInvoker.java:173)
at org.testng.internal.MethodRunner.runInSequence(MethodRunner.java:46)
at org.testng.internal.TestInvoker$MethodInvocationAgent.invoke(TestInvoker.java:824)
at org.testng.internal.TestInvoker.invokeTestMethods(TestInvoker.java:146)
at org.testng.internal.TestMethodWorker.invokeTestMethods(TestMethodWorker.java:146)
at org.testng.internal.TestMethodWorker.run(TestMethodWorker.java:128)
at java.base/java.util.ArrayList.forEach(ArrayList.java:1596)
at org.testng.TestRunner.privateRun(TestRunner.java:794)
at org.testng.TestRunner.run(TestRunner.java:596)
at org.testng.SuiteRunner.runTest(SuiteRunner.java:377)
at org.testng.SuiteRunner.runSequentially(SuiteRunner.java:371)
at org.testng.SuiteRunner.privateRun(SuiteRunner.java:332)
at org.testng.SuiteRunner.run(SuiteRunner.java:276)
at org.testng.SuiteRunnerWorker.runSuite(SuiteRunnerWorker.java:53)
at org.testng.SuiteRunnerWorker.run(SuiteRunnerWorker.java:96)
at org.testng.TestNG.runSuitesSequentially(TestNG.java:1212)
at org.testng.TestNG.runSuitesLocally(TestNG.java:1134)
at org.testng.TestNG.runSuites(TestNG.java:1063)
at org.testng.TestNG.run(TestNG.java:1031)
at org.testng.remote.AbstractRemoteTestNG.run(AbstractRemoteTestNG.java:115)
at org.testng.remote.RemoteTestNG.initAndRun(RemoteTestNG.java:293)
at org.testng.remote.RemoteTestNG.main(RemoteTestNG.java:91)
Caused by: org.openqa.selenium.ElementNotInteractableException: element not interactable
  (Session info: chrome=145.0.7632.110)
Build info: version: '4.38.0', revision: '6b412e825c*'
System info: os.name: 'Windows 11', os.arch: 'amd64', os.version: '10.0', java.version: '21.0.3'
Driver info: org.openqa.selenium.chrome.ChromeDriver
Command: [25c5a869a669d7990c9d764b053c1522, sendKeysToElement {id=f.CBDD71DDF0EB75177728CC3B3F3BD040.d.9FAA9B9C27B43BBA59002A8F420FE260.e.2436, value=[Ljava.lang.CharSequence;@4515ab2}]
Capabilities {acceptInsecureCerts: true, browserName: chrome, browserVersion: 145.0.7632.110, chrome: {chromedriverVersion: 145.0.7632.77 (da516187054a..., userDataDir: C:\Users\ASHWIN~1\AppData\L...}, fedcm:accounts: true, goog:chromeOptions: {debuggerAddress: localhost:59864}, goog:processID: 224028, networkConnectionEnabled: false, pageLoadStrategy: normal, platformName: windows, proxy: Proxy(), se:cdp: ws://localhost:59864/devtoo..., se:cdpVersion: 145.0.7632.110, setWindowRect: true, strictFileInteractability: false, timeouts: {implicit: 0, pageLoad: 300000, script: 30000}, unhandledPromptBehavior: dismiss and notify, webauthn:extension:credBlob: true, webauthn:extension:largeBlob: true, webauthn:extension:minPinLength: true, webauthn:extension:prf: true, webauthn:virtualAuthenticators: true}
Element: [[ChromeDriver: chrome on windows (25c5a869a669d7990c9d764b053c1522)] -> xpath: //*[@placeholder='Select connection']/following::div[contains(@class,'e-popup')]//input[@type='text']]
Session ID: 25c5a869a669d7990c9d764b053c1522
at java.base/jdk.internal.reflect.DirectConstructorHandleAccessor.newInstance(DirectConstructorHandleAccessor.java:62)
at java.base/java.lang.reflect.Constructor.newInstanceWithCaller(Constructor.java:502)
at java.base/java.lang.reflect.Constructor.newInstance(Constructor.java:486)
at org.openqa.selenium.remote.ErrorCodec.decode(ErrorCodec.java:167)
at org.openqa.selenium.remote.codec.w3c.W3CHttpResponseCodec.decode(W3CHttpResponseCodec.java:138)
at org.openqa.selenium.remote.codec.w3c.W3CHttpResponseCodec.decode(W3CHttpResponseCodec.java:50)
at org.openqa.selenium.remote.HttpCommandExecutor.execute(HttpCommandExecutor.java:215)
at org.openqa.selenium.remote.service.DriverCommandExecutor.invokeExecute(DriverCommandExecutor.java:216)
at org.openqa.selenium.remote.service.DriverCommandExecutor.execute(DriverCommandExecutor.java:174)
at org.openqa.selenium.remote.RemoteWebDriver.execute(RemoteWebDriver.java:557)
at org.openqa.selenium.remote.RemoteWebElement.execute(RemoteWebElement.java:223)
at org.openqa.selenium.remote.RemoteWebElement.sendKeys(RemoteWebElement.java:110)
at com.qa.utils.PageUtil.sendkeysToElement(PageUtil.java:170)
at com.qa.pages.TestGeneratorPage.selectionTargetDatasetForImport(TestGeneratorPage.java:852)
at com.qa.pages.TestGeneratorPage.lambda$30(TestGeneratorPage.java:247)
at com.qa.pages.TestGeneratorPage.executeStep(TestGeneratorPage.java:105)
... 28 more
]]>
    </error>
  </testcase> <!-- createRuleUsingImportTemplate -->
  <system-out/>
  <testcase classname="com.qa.tests.TestGeneratorTest" name="createRuleUsingImportTemplate" time="101.350">
    <error message="Flow aborted: Click On Published Rule" type="com.qa.pages.TestGeneratorPage$FlowAbortException">
      <![CDATA[com.qa.pages.TestGeneratorPage$FlowAbortException: Flow aborted: Click On Published Rule
at com.qa.pages.TestGeneratorPage.executeStep(TestGeneratorPage.java:126)
at com.qa.pages.TestGeneratorPage.createRuleUsingDefaultImportTemplate(TestGeneratorPage.java:276)
at com.qa.tests.TestGeneratorTest.createRuleUsingImportTemplate(TestGeneratorTest.java:131)
at java.base/jdk.internal.reflect.DirectMethodHandleAccessor.invoke(DirectMethodHandleAccessor.java:103)
at java.base/java.lang.reflect.Method.invoke(Method.java:580)
at org.testng.internal.MethodInvocationHelper.invokeMethod(MethodInvocationHelper.java:133)
at org.testng.internal.TestInvoker.invokeMethod(TestInvoker.java:598)
at org.testng.internal.TestInvoker.invokeTestMethod(TestInvoker.java:173)
at org.testng.internal.MethodRunner.runInSequence(MethodRunner.java:46)
at org.testng.internal.TestInvoker$MethodInvocationAgent.invoke(TestInvoker.java:824)
at org.testng.internal.TestInvoker.invokeTestMethods(TestInvoker.java:146)
at org.testng.internal.TestMethodWorker.invokeTestMethods(TestMethodWorker.java:146)
at org.testng.internal.TestMethodWorker.run(TestMethodWorker.java:128)
at java.base/java.util.ArrayList.forEach(ArrayList.java:1596)
at org.testng.TestRunner.privateRun(TestRunner.java:794)
at org.testng.TestRunner.run(TestRunner.java:596)
at org.testng.SuiteRunner.runTest(SuiteRunner.java:377)
at org.testng.SuiteRunner.runSequentially(SuiteRunner.java:371)
at org.testng.SuiteRunner.privateRun(SuiteRunner.java:332)
at org.testng.SuiteRunner.run(SuiteRunner.java:276)
at org.testng.SuiteRunnerWorker.runSuite(SuiteRunnerWorker.java:53)
at org.testng.SuiteRunnerWorker.run(SuiteRunnerWorker.java:96)
at org.testng.TestNG.runSuitesSequentially(TestNG.java:1212)
at org.testng.TestNG.runSuitesLocally(TestNG.java:1134)
at org.testng.TestNG.runSuites(TestNG.java:1063)
at org.testng.TestNG.run(TestNG.java:1031)
at org.testng.remote.AbstractRemoteTestNG.run(AbstractRemoteTestNG.java:115)
at org.testng.remote.RemoteTestNG.initAndRun(RemoteTestNG.java:293)
at org.testng.remote.RemoteTestNG.main(RemoteTestNG.java:91)
Caused by: com.qa.pages.TestGeneratorPage$FlowAbortException: Flow aborted: Validate published rule and navigate to Data Testing page.
at com.qa.pages.TestGeneratorPage.executeStep(TestGeneratorPage.java:126)
at com.qa.pages.TestGeneratorPage.clickOnPublishedRule(TestGeneratorPage.java:1030)
at com.qa.pages.TestGeneratorPage.executeStep(TestGeneratorPage.java:105)
... 28 more
Caused by: org.openqa.selenium.TimeoutException: Expected condition failed: waiting for presence of element located by: By.xpath: //*[@placeholder='Enter rule name'] (tried for 30 second(s) with 500 milliseconds interval)
at org.openqa.selenium.support.ui.WebDriverWait.timeoutException(WebDriverWait.java:84)
at org.openqa.selenium.support.ui.FluentWait.until(FluentWait.java:228)
at com.qa.pages.TestGeneratorPage.lambda$80(TestGeneratorPage.java:1059)
at com.qa.pages.TestGeneratorPage.executeStep(TestGeneratorPage.java:105)
... 30 more
Caused by: org.openqa.selenium.NoSuchElementException: no such element: Unable to locate element: {"method":"xpath","selector":"//*[@placeholder='Enter rule name']"}
  (Session info: chrome=145.0.7632.110)
For documentation on this error, please visit: https://www.selenium.dev/documentation/webdriver/troubleshooting/errors#nosuchelementexception
Build info: version: '4.38.0', revision: '6b412e825c*'
System info: os.name: 'Windows 11', os.arch: 'amd64', os.version: '10.0', java.version: '21.0.3'
Driver info: org.openqa.selenium.chrome.ChromeDriver
Command: [25c5a869a669d7990c9d764b053c1522, findElement {using=xpath, value=//*[@placeholder='Enter rule name']}]
Capabilities {acceptInsecureCerts: true, browserName: chrome, browserVersion: 145.0.7632.110, chrome: {chromedriverVersion: 145.0.7632.77 (da516187054a..., userDataDir: C:\Users\ASHWIN~1\AppData\L...}, fedcm:accounts: true, goog:chromeOptions: {debuggerAddress: localhost:59864}, goog:processID: 224028, networkConnectionEnabled: false, pageLoadStrategy: normal, platformName: windows, proxy: Proxy(), se:cdp: ws://localhost:59864/devtoo..., se:cdpVersion: 145.0.7632.110, setWindowRect: true, strictFileInteractability: false, timeouts: {implicit: 0, pageLoad: 300000, script: 30000}, unhandledPromptBehavior: dismiss and notify, webauthn:extension:credBlob: true, webauthn:extension:largeBlob: true, webauthn:extension:minPinLength: true, webauthn:extension:prf: true, webauthn:virtualAuthenticators: true}
Session ID: 25c5a869a669d7990c9d764b053c1522
at java.base/jdk.internal.reflect.DirectConstructorHandleAccessor.newInstance(DirectConstructorHandleAccessor.java:62)
at java.base/java.lang.reflect.Constructor.newInstanceWithCaller(Constructor.java:502)
at java.base/java.lang.reflect.Constructor.newInstance(Constructor.java:486)
at org.openqa.selenium.remote.ErrorCodec.decode(ErrorCodec.java:167)
at org.openqa.selenium.remote.codec.w3c.W3CHttpResponseCodec.decode(W3CHttpResponseCodec.java:138)
at org.openqa.selenium.remote.codec.w3c.W3CHttpResponseCodec.decode(W3CHttpResponseCodec.java:50)
at org.openqa.selenium.remote.HttpCommandExecutor.execute(HttpCommandExecutor.java:215)
at org.openqa.selenium.remote.service.DriverCommandExecutor.invokeExecute(DriverCommandExecutor.java:216)
at org.openqa.selenium.remote.service.DriverCommandExecutor.execute(DriverCommandExecutor.java:174)
at org.openqa.selenium.remote.RemoteWebDriver.execute(RemoteWebDriver.java:557)
at org.openqa.selenium.remote.ElementLocation$ElementFinder$2.findElement(ElementLocation.java:165)
at org.openqa.selenium.remote.ElementLocation.findElement(ElementLocation.java:59)
at org.openqa.selenium.remote.RemoteWebDriver.findElement(RemoteWebDriver.java:380)
at org.openqa.selenium.remote.RemoteWebDriver.findElement(RemoteWebDriver.java:374)
at org.openqa.selenium.support.ui.ExpectedConditions$6.apply(ExpectedConditions.java:174)
at org.openqa.selenium.support.ui.ExpectedConditions$6.apply(ExpectedConditions.java:171)
at org.openqa.selenium.support.ui.FluentWait.until(FluentWait.java:203)
... 32 more
]]>
    </error>
  </testcase> <!-- createRuleUsingImportTemplate -->
  <system-out/>
  <testcase classname="com.qa.tests.TestGeneratorTest" name="createWorkflowUsingDefaultDynamicTemplate" time="142.673">
    <error message="Flow aborted: Click On Published Rule" type="com.qa.pages.TestGeneratorPage$FlowAbortException">
      <![CDATA[com.qa.pages.TestGeneratorPage$FlowAbortException: Flow aborted: Click On Published Rule
at com.qa.pages.TestGeneratorPage.executeStep(TestGeneratorPage.java:126)
at com.qa.pages.TestGeneratorPage.createWorkflowUsingDefaultDynamicTemplate(TestGeneratorPage.java:347)
at com.qa.tests.TestGeneratorTest.createWorkflowUsingDefaultDynamicTemplate(TestGeneratorTest.java:71)
at java.base/jdk.internal.reflect.DirectMethodHandleAccessor.invoke(DirectMethodHandleAccessor.java:103)
at java.base/java.lang.reflect.Method.invoke(Method.java:580)
at org.testng.internal.MethodInvocationHelper.invokeMethod(MethodInvocationHelper.java:133)
at org.testng.internal.TestInvoker.invokeMethod(TestInvoker.java:598)
at org.testng.internal.TestInvoker.invokeTestMethod(TestInvoker.java:173)
at org.testng.internal.MethodRunner.runInSequence(MethodRunner.java:46)
at org.testng.internal.TestInvoker$MethodInvocationAgent.invoke(TestInvoker.java:824)
at org.testng.internal.TestInvoker.invokeTestMethods(TestInvoker.java:146)
at org.testng.internal.TestMethodWorker.invokeTestMethods(TestMethodWorker.java:146)
at org.testng.internal.TestMethodWorker.run(TestMethodWorker.java:128)
at java.base/java.util.ArrayList.forEach(ArrayList.java:1596)
at org.testng.TestRunner.privateRun(TestRunner.java:794)
at org.testng.TestRunner.run(TestRunner.java:596)
at org.testng.SuiteRunner.runTest(SuiteRunner.java:377)
at org.testng.SuiteRunner.runSequentially(SuiteRunner.java:371)
at org.testng.SuiteRunner.privateRun(SuiteRunner.java:332)
at org.testng.SuiteRunner.run(SuiteRunner.java:276)
at org.testng.SuiteRunnerWorker.runSuite(SuiteRunnerWorker.java:53)
at org.testng.SuiteRunnerWorker.run(SuiteRunnerWorker.java:96)
at org.testng.TestNG.runSuitesSequentially(TestNG.java:1212)
at org.testng.TestNG.runSuitesLocally(TestNG.java:1134)
at org.testng.TestNG.runSuites(TestNG.java:1063)
at org.testng.TestNG.run(TestNG.java:1031)
at org.testng.remote.AbstractRemoteTestNG.run(AbstractRemoteTestNG.java:115)
at org.testng.remote.RemoteTestNG.initAndRun(RemoteTestNG.java:293)
at org.testng.remote.RemoteTestNG.main(RemoteTestNG.java:91)
Caused by: com.qa.pages.TestGeneratorPage$FlowAbortException: Flow aborted: Validate published rule and navigate to Data Testing page.
at com.qa.pages.TestGeneratorPage.executeStep(TestGeneratorPage.java:126)
at com.qa.pages.TestGeneratorPage.clickOnPublishedWorkflow(TestGeneratorPage.java:1093)
at com.qa.pages.TestGeneratorPage.executeStep(TestGeneratorPage.java:105)
... 28 more
Caused by: java.lang.RuntimeException: Status did not change from Submitted/Running after retries
at com.qa.pages.TestGeneratorPage.validateWorkflowInstanceID(TestGeneratorPage.java:1304)
at com.qa.pages.TestGeneratorPage.lambda$83(TestGeneratorPage.java:1145)
at com.qa.pages.TestGeneratorPage.executeStep(TestGeneratorPage.java:105)
... 30 more
]]>
    </error>
  </testcase> <!-- createWorkflowUsingDefaultDynamicTemplate -->
  <system-out/>
  <testcase classname="com.qa.tests.TestGeneratorTest" name="createRuleUsingImportTemplate" time="48.684">
    <error message="Flow aborted: Upload Files for Rule Type: validation" type="com.qa.pages.TestGeneratorPage$FlowAbortException">
      <![CDATA[com.qa.pages.TestGeneratorPage$FlowAbortException: Flow aborted: Upload Files for Rule Type: validation
at com.qa.pages.TestGeneratorPage.executeStep(TestGeneratorPage.java:126)
at com.qa.pages.TestGeneratorPage.createRuleUsingDefaultImportTemplate(TestGeneratorPage.java:254)
at com.qa.tests.TestGeneratorTest.createRuleUsingImportTemplate(TestGeneratorTest.java:135)
at java.base/jdk.internal.reflect.DirectMethodHandleAccessor.invoke(DirectMethodHandleAccessor.java:103)
at java.base/java.lang.reflect.Method.invoke(Method.java:580)
at org.testng.internal.MethodInvocationHelper.invokeMethod(MethodInvocationHelper.java:133)
at org.testng.internal.TestInvoker.invokeMethod(TestInvoker.java:598)
at org.testng.internal.TestInvoker.invokeTestMethod(TestInvoker.java:173)
at org.testng.internal.MethodRunner.runInSequence(MethodRunner.java:46)
at org.testng.internal.TestInvoker$MethodInvocationAgent.invoke(TestInvoker.java:824)
at org.testng.internal.TestInvoker.invokeTestMethods(TestInvoker.java:146)
at org.testng.internal.TestMethodWorker.invokeTestMethods(TestMethodWorker.java:146)
at org.testng.internal.TestMethodWorker.run(TestMethodWorker.java:128)
at java.base/java.util.ArrayList.forEach(ArrayList.java:1596)
at org.testng.TestRunner.privateRun(TestRunner.java:794)
at org.testng.TestRunner.run(TestRunner.java:596)
at org.testng.SuiteRunner.runTest(SuiteRunner.java:377)
at org.testng.SuiteRunner.runSequentially(SuiteRunner.java:371)
at org.testng.SuiteRunner.privateRun(SuiteRunner.java:332)
at org.testng.SuiteRunner.run(SuiteRunner.java:276)
at org.testng.SuiteRunnerWorker.runSuite(SuiteRunnerWorker.java:53)
at org.testng.SuiteRunnerWorker.run(SuiteRunnerWorker.java:96)
at org.testng.TestNG.runSuitesSequentially(TestNG.java:1212)
at org.testng.TestNG.runSuitesLocally(TestNG.java:1134)
at org.testng.TestNG.runSuites(TestNG.java:1063)
at org.testng.TestNG.run(TestNG.java:1031)
at org.testng.remote.AbstractRemoteTestNG.run(AbstractRemoteTestNG.java:115)
at org.testng.remote.RemoteTestNG.initAndRun(RemoteTestNG.java:293)
at org.testng.remote.RemoteTestNG.main(RemoteTestNG.java:91)
Caused by: java.lang.RuntimeException: File upload failed: no such element: Unable to locate element: {"method":"css selector","selector":"input[type='file'][name='UploadFiles']"}
  (Session info: chrome=145.0.7632.110)
For documentation on this error, please visit: https://www.selenium.dev/documentation/webdriver/troubleshooting/errors#nosuchelementexception
Build info: version: '4.38.0', revision: '6b412e825c*'
System info: os.name: 'Windows 11', os.arch: 'amd64', os.version: '10.0', java.version: '21.0.3'
Driver info: org.openqa.selenium.chrome.ChromeDriver
Command: [25c5a869a669d7990c9d764b053c1522, findElement {using=css selector, value=input[type='file'][name='UploadFiles']}]
Capabilities {acceptInsecureCerts: true, browserName: chrome, browserVersion: 145.0.7632.110, chrome: {chromedriverVersion: 145.0.7632.77 (da516187054a..., userDataDir: C:\Users\ASHWIN~1\AppData\L...}, fedcm:accounts: true, goog:chromeOptions: {debuggerAddress: localhost:59864}, goog:processID: 224028, networkConnectionEnabled: false, pageLoadStrategy: normal, platformName: windows, proxy: Proxy(), se:cdp: ws://localhost:59864/devtoo..., se:cdpVersion: 145.0.7632.110, setWindowRect: true, strictFileInteractability: false, timeouts: {implicit: 0, pageLoad: 300000, script: 30000}, unhandledPromptBehavior: dismiss and notify, webauthn:extension:credBlob: true, webauthn:extension:largeBlob: true, webauthn:extension:minPinLength: true, webauthn:extension:prf: true, webauthn:virtualAuthenticators: true}
Session ID: 25c5a869a669d7990c9d764b053c1522
at com.qa.utils.PageUtil.uploadFile(PageUtil.java:288)
at com.qa.pages.TestGeneratorPage.uploadingFiles(TestGeneratorPage.java:863)
at com.qa.pages.TestGeneratorPage.uploadFileByRuleAndConnection(TestGeneratorPage.java:437)
at com.qa.pages.TestGeneratorPage.lambda$32(TestGeneratorPage.java:255)
at com.qa.pages.TestGeneratorPage.executeStep(TestGeneratorPage.java:105)
... 28 more
]]>
    </error>
  </testcase> <!-- createRuleUsingImportTemplate -->
  <system-out/>
</testsuite> <!-- com.qa.tests.TestGeneratorTest -->
