<?xml version="1.0" encoding="UTF-8"?>
<!-- Generated by org.testng.reporters.JUnitReportReporter -->
<testsuite hostname="TORANA-L106" failures="0" tests="34" name="com.qa.tests.Test123" time="2146.316" errors="0" timestamp="2026-04-30T15:58:44 IST" skipped="0">
  <testcase classname="com.qa.tests.Test123" name="createTemplate" time="99.897"/>
  <system-out/>
  <testcase classname="com.qa.tests.Test123" name="deleteTemplateFromListingPage" time="25.159"/>
  <system-out/>
  <testcase classname="com.qa.tests.Test123" name="createTemplate" time="100.208"/>
  <system-out/>
  <testcase classname="com.qa.tests.Test123" name="createTemplate" time="100.083"/>
  <system-out/>
  <testcase classname="com.qa.tests.Test123" name="createTemplate" time="100.868"/>
  <system-out/>
  <testcase classname="com.qa.tests.Test123" name="deleteTemplateFromListingPage" time="25.281"/>
  <system-out/>
  <testcase classname="com.qa.tests.Test123" name="deleteTemplateFromDetailsPage" time="30.825"/>
  <system-out/>
  <testcase classname="com.qa.tests.Test123" name="deleteTemplateFromDetailsPage" time="31.320"/>
  <system-out/>
  <testcase classname="com.qa.tests.Test123" name="deleteTemplateFromListingPage" time="25.439"/>
  <system-out/>
  <testcase classname="com.qa.tests.Test123" name="deleteTemplateFromDetailsPage" time="31.740"/>
  <system-out/>
  <testcase classname="com.qa.tests.Test123" name="createTemplate" time="100.586"/>
  <system-out/>
  <testcase classname="com.qa.tests.Test123" name="deleteTemplateFromListingPage" time="24.999"/>
  <system-out/>
  <testcase classname="com.qa.tests.Test123" name="updateTemplate" time="61.537"/>
  <system-out/>
  <testcase classname="com.qa.tests.Test123" name="createTemplate" time="100.389"/>
  <system-out/>
  <testcase classname="com.qa.tests.Test123" name="deleteTemplateFromListingPage" time="24.916"/>
  <system-out/>
  <testcase classname="com.qa.tests.Test123" name="createTemplate" time="99.780"/>
  <system-out/>
  <testcase classname="com.qa.tests.Test123" name="createTemplate" time="99.589"/>
  <system-out/>
  <testcase classname="com.qa.tests.Test123" name="createTemplate" time="100.022"/>
  <system-out/>
  <testcase classname="com.qa.tests.Test123" name="deleteTemplateFromDetailsPage" time="30.854"/>
  <system-out/>
  <testcase classname="com.qa.tests.Test123" name="deleteTemplateFromListingPage" time="25.026"/>
  <system-out/>
  <testcase classname="com.qa.tests.Test123" name="createTemplate" time="99.662"/>
  <system-out/>
  <testcase classname="com.qa.tests.Test123" name="updateTemplate" time="61.875"/>
  <system-out/>
  <testcase classname="com.qa.tests.Test123" name="updateTemplate" time="60.476"/>
  <system-out/>
  <testcase classname="com.qa.tests.Test123" name="updateTemplate" time="60.469"/>
  <system-out/>
  <testcase classname="com.qa.tests.Test123" name="createTemplate" time="99.756"/>
  <system-out/>
  <testcase classname="com.qa.tests.Test123" name="updateTemplate" time="61.374"/>
  <system-out/>
  <testcase classname="com.qa.tests.Test123" name="updateTemplate" time="61.282"/>
  <system-out/>
  <testcase classname="com.qa.tests.Test123" name="deleteTemplateFromListingPage" time="25.088"/>
  <system-out/>
  <testcase classname="com.qa.tests.Test123" name="createTemplate" time="100.252"/>
  <system-out/>
  <testcase classname="com.qa.tests.Test123" name="deleteTemplateFromListingPage" time="24.915"/>
  <system-out/>
  <testcase classname="com.qa.tests.Test123" name="updateTemplate" time="59.901"/>
  <system-out/>
  <testcase classname="com.qa.tests.Test123" name="deleteTemplateFromDetailsPage" time="31.043"/>
  <system-out/>
  <testcase classname="com.qa.tests.Test123" name="createTemplate" time="101.737"/>
  <system-out/>
  <testcase classname="com.qa.tests.Test123" name="updateTemplate" time="59.968"/>
  <system-out/>
</testsuite> <!-- com.qa.tests.Test123 -->
