<?xml version="1.0" encoding="UTF-8"?>
<!-- Generated by org.testng.reporters.JUnitReportReporter -->
<testsuite hostname="TORANA-L106" failures="0" tests="2" name="com.qa.tests.LoginTest" time="6.053" errors="0" timestamp="2025-11-19T16:15:01 IST" skipped="0">
  <testcase classname="com.qa.tests.LoginTest" name="validateLoginPage" time="3.275"/>
  <system-out/>
  <testcase classname="com.qa.tests.LoginTest" name="testValidLogin" time="2.778"/>
  <system-out/>
</testsuite> <!-- com.qa.tests.LoginTest -->
