<?xml version="1.0" encoding="UTF-8"?>
<!-- Generated by org.testng.reporters.JUnitReportReporter -->
<testsuite hostname="TORANA-L106" failures="0" tests="16" name="com.qa.tests.TemplatePageTest" time="321.691" errors="0" timestamp="2026-01-27T14:58:39 IST" skipped="0">
  <testcase classname="com.qa.tests.TemplatePageTest" name="updateTemplateUsingExistingTemplate" time="17.784"/>
  <system-out/>
  <testcase classname="com.qa.tests.TemplatePageTest" name="updateTemplateUsingExistingTemplate" time="26.469"/>
  <system-out/>
  <testcase classname="com.qa.tests.TemplatePageTest" name="deleteTemplateUsingExistingTemplateFromList" time="31.642"/>
  <system-out/>
  <testcase classname="com.qa.tests.TemplatePageTest" name="deleteTemplateUsingExistingTemplateFromList" time="18.513"/>
  <system-out/>
  <testcase classname="com.qa.tests.TemplatePageTest" name="deleteTemplateUsingExistingTemplateFromList" time="13.961"/>
  <system-out/>
  <testcase classname="com.qa.tests.TemplatePageTest" name="updateTemplateUsingExistingTemplate" time="22.418"/>
  <system-out/>
  <testcase classname="com.qa.tests.TemplatePageTest" name="updateTemplateUsingExistingTemplate" time="18.602"/>
  <system-out/>
  <testcase classname="com.qa.tests.TemplatePageTest" name="deleteTemplateUsingExistingTemplateFromList" time="8.453"/>
  <system-out/>
  <testcase classname="com.qa.tests.TemplatePageTest" name="deleteTemplateUsingExistingTemplateFromList" time="17.851"/>
  <system-out/>
  <testcase classname="com.qa.tests.TemplatePageTest" name="deleteTemplateUsingExistingTemplateFromList" time="10.099"/>
  <system-out/>
  <testcase classname="com.qa.tests.TemplatePageTest" name="deleteTemplateUsingExistingTemplateFromList" time="10.194"/>
  <system-out/>
  <testcase classname="com.qa.tests.TemplatePageTest" name="updateTemplateUsingExistingTemplate" time="26.637"/>
  <system-out/>
  <testcase classname="com.qa.tests.TemplatePageTest" name="updateTemplateUsingExistingTemplate" time="30.108"/>
  <system-out/>
  <testcase classname="com.qa.tests.TemplatePageTest" name="deleteTemplateUsingExistingTemplateFromList" time="10.752"/>
  <system-out/>
  <testcase classname="com.qa.tests.TemplatePageTest" name="updateTemplateUsingExistingTemplate" time="31.193"/>
  <system-out/>
  <testcase classname="com.qa.tests.TemplatePageTest" name="updateTemplateUsingExistingTemplate" time="27.015"/>
  <system-out/>
</testsuite> <!-- com.qa.tests.TemplatePageTest -->
