<?xml version="1.0" encoding="UTF-8"?>
<!-- Generated by org.testng.reporters.JUnitReportReporter -->
<testsuite hostname="TORANA-L106" failures="0" tests="34" name="com.qa.tests.TemplatePageTest" time="655.694" errors="0" timestamp="2026-02-02T16:19:49 IST" skipped="0">
  <testcase classname="com.qa.tests.TemplatePageTest" name="createTemplateUsingDynamicTemplate" time="35.944"/>
  <system-out/>
  <testcase classname="com.qa.tests.TemplatePageTest" name="createTemplateUsingDynamicTemplate" time="32.396"/>
  <system-out/>
  <testcase classname="com.qa.tests.TemplatePageTest" name="deleteTemplateUsingExistingTemplateFromDetails" time="12.695"/>
  <system-out/>
  <testcase classname="com.qa.tests.TemplatePageTest" name="updateTemplateUsingExistingTemplate" time="16.815"/>
  <system-out/>
  <testcase classname="com.qa.tests.TemplatePageTest" name="deleteTemplateUsingExistingTemplateFromDetails" time="10.422"/>
  <system-out/>
  <testcase classname="com.qa.tests.TemplatePageTest" name="deleteTemplateUsingExistingTemplateFromList" time="9.117"/>
  <system-out/>
  <testcase classname="com.qa.tests.TemplatePageTest" name="createTemplateUsingDynamicTemplate" time="30.807"/>
  <system-out/>
  <testcase classname="com.qa.tests.TemplatePageTest" name="updateTemplateUsingExistingTemplate" time="16.314"/>
  <system-out/>
  <testcase classname="com.qa.tests.TemplatePageTest" name="createTemplateUsingDynamicTemplate" time="28.788"/>
  <system-out/>
  <testcase classname="com.qa.tests.TemplatePageTest" name="updateTemplateUsingExistingTemplate" time="16.344"/>
  <system-out/>
  <testcase classname="com.qa.tests.TemplatePageTest" name="deleteTemplateUsingExistingTemplateFromDetails" time="9.709"/>
  <system-out/>
  <testcase classname="com.qa.tests.TemplatePageTest" name="deleteTemplateUsingExistingTemplateFromDetails" time="9.091"/>
  <system-out/>
  <testcase classname="com.qa.tests.TemplatePageTest" name="createTemplateUsingDynamicTemplate" time="31.427"/>
  <system-out/>
  <testcase classname="com.qa.tests.TemplatePageTest" name="updateTemplateUsingExistingTemplate" time="16.123"/>
  <system-out/>
  <testcase classname="com.qa.tests.TemplatePageTest" name="createTemplateUsingDynamicTemplate" time="32.506"/>
  <system-out/>
  <testcase classname="com.qa.tests.TemplatePageTest" name="createTemplateUsingDynamicTemplate" time="28.453"/>
  <system-out/>
  <testcase classname="com.qa.tests.TemplatePageTest" name="updateTemplateUsingExistingTemplate" time="16.228"/>
  <system-out/>
  <testcase classname="com.qa.tests.TemplatePageTest" name="updateTemplateUsingExistingTemplate" time="16.037"/>
  <system-out/>
  <testcase classname="com.qa.tests.TemplatePageTest" name="deleteTemplateUsingExistingTemplateFromList" time="8.598"/>
  <system-out/>
  <testcase classname="com.qa.tests.TemplatePageTest" name="deleteTemplateUsingExistingTemplateFromList" time="9.092"/>
  <system-out/>
  <testcase classname="com.qa.tests.TemplatePageTest" name="deleteTemplateUsingExistingTemplateFromList" time="8.574"/>
  <system-out/>
  <testcase classname="com.qa.tests.TemplatePageTest" name="deleteTemplateUsingExistingTemplateFromList" time="8.898"/>
  <system-out/>
  <testcase classname="com.qa.tests.TemplatePageTest" name="deleteTemplateUsingExistingTemplateFromList" time="9.146"/>
  <system-out/>
  <testcase classname="com.qa.tests.TemplatePageTest" name="updateTemplateUsingExistingTemplate" time="16.755"/>
  <system-out/>
  <testcase classname="com.qa.tests.TemplatePageTest" name="createTemplateUsingDynamicTemplate" time="32.192"/>
  <system-out/>
  <testcase classname="com.qa.tests.TemplatePageTest" name="createTemplateUsingDynamicTemplate" time="28.692"/>
  <system-out/>
  <testcase classname="com.qa.tests.TemplatePageTest" name="deleteTemplateUsingExistingTemplateFromList" time="8.605"/>
  <system-out/>
  <testcase classname="com.qa.tests.TemplatePageTest" name="deleteTemplateUsingExistingTemplateFromList" time="9.081"/>
  <system-out/>
  <testcase classname="com.qa.tests.TemplatePageTest" name="createTemplateUsingDynamicTemplate" time="28.542"/>
  <system-out/>
  <testcase classname="com.qa.tests.TemplatePageTest" name="createTemplateUsingDynamicTemplate" time="29.153"/>
  <system-out/>
  <testcase classname="com.qa.tests.TemplatePageTest" name="createTemplateUsingDynamicTemplate" time="29.946"/>
  <system-out/>
  <testcase classname="com.qa.tests.TemplatePageTest" name="updateTemplateUsingExistingTemplate" time="16.043"/>
  <system-out/>
  <testcase classname="com.qa.tests.TemplatePageTest" name="createTemplateUsingDynamicTemplate" time="31.361"/>
  <system-out/>
  <testcase classname="com.qa.tests.TemplatePageTest" name="deleteTemplateUsingExistingTemplateFromDetails" time="11.800"/>
  <system-out/>
</testsuite> <!-- com.qa.tests.TemplatePageTest -->
