<?xml version="1.0" encoding="UTF-8"?>
<!-- Generated by org.testng.reporters.JUnitReportReporter -->
<testsuite hostname="TORANA-L106" failures="0" tests="3" name="tests.LoginTest" time="35.750" errors="0" timestamp="2025-11-11T16:35:42 IST" skipped="0">
  <testcase classname="tests.LoginTest" name="selectTestGeneratorModule" time="31.295"/>
  <system-out/>
  <testcase classname="tests.LoginTest" name="testValidLogin" time="1.812"/>
  <system-out/>
  <testcase classname="tests.LoginTest" name="validateLoginPage" time="2.643"/>
  <system-out/>
</testsuite> <!-- tests.LoginTest -->
