<?xml version="1.0" encoding="UTF-8"?>
<!-- Generated by org.testng.reporters.JUnitReportReporter -->
<testsuite hostname="TORANA-L106" failures="0" tests="2" name="com.qa.tests.LoginTest" time="3.488" errors="0" timestamp="2025-11-14T15:37:10 IST" skipped="0">
  <testcase classname="com.qa.tests.LoginTest" name="validateLoginPage" time="1.151"/>
  <system-out/>
  <testcase classname="com.qa.tests.LoginTest" name="testValidLogin" time="2.337"/>
  <system-out/>
</testsuite> <!-- com.qa.tests.LoginTest -->
